This file contains any messages produced by compilers while
running configure, to aid debugging if configure makes a mistake.

It was created by EXIF library configure 0.6.19, which was
generated by GNU Autoconf 2.64.  Invocation command line was

  $ ./configure --host=mipsel-linux --build=x86_64-linux-gnu --enable-shared --enable-static --prefix= --disable-docs --disable-rpath --disable-nls --without-libiconv-prefix --without-libintl-prefix

## --------- ##
## Platform. ##
## --------- ##

hostname = vicente-P5K-E
uname -m = x86_64
uname -r = 3.2.0-47-generic
uname -s = Linux
uname -v = #72-Ubuntu SMP Mon Jun 3 17:53:49 UTC 2013

/usr/bin/uname -p = unknown
/bin/uname -X     = unknown

/bin/arch              = unknown
/usr/bin/arch -k       = unknown
/usr/convex/getsysinfo = unknown
/usr/bin/hostinfo      = unknown
/bin/machine           = unknown
/usr/bin/oslevel       = unknown
/bin/universe          = unknown

PATH: /home/vicente/tomato/release/tools
PATH: /home/vicente/tomato/release/tools
PATH: /home/vicente/tomato/release/tools
PATH: /home/vicente/tomato/release/tools
PATH: /opt/brcm/hndtools-mipsel-uclibc/bin
PATH: /opt/brcm/hndtools-mipsel-linux/bin
PATH: /usr/lib/lightdm/lightdm
PATH: /usr/local/sbin
PATH: /usr/local/bin
PATH: /usr/sbin
PATH: /usr/bin
PATH: /sbin
PATH: /bin
PATH: /usr/games


## ----------- ##
## Core tests. ##
## ----------- ##

configure:2311: checking for a BSD-compatible install
configure:2379: result: /usr/bin/install -c
configure:2390: checking whether build environment is sane
configure:2440: result: yes
configure:2489: checking for mipsel-linux-strip
configure:2516: result: mipsel-uclibc-strip -R .note -R .comment
configure:2581: checking for a thread-safe mkdir -p
configure:2620: result: /bin/mkdir -p
configure:2633: checking for gawk
configure:2649: found /usr/bin/gawk
configure:2660: result: gawk
configure:2671: checking whether make sets $(MAKE)
configure:2693: result: yes
configure:2774: checking whether to enable maintainer-specific portions of Makefiles
configure:2783: result: no
configure:2821: checking for POSIX sh $() command substitution
configure:2825: result: yes
configure:2896: checking for mipsel-linux-gcc
configure:2923: result: mipsel-uclibc-gcc
configure:3192: checking for C compiler version
configure:3201: mipsel-uclibc-gcc --version >&5
mipsel-uclibc-gcc (GCC) 4.2.4
Copyright (C) 2007 Free Software Foundation, Inc.
This is free software; see the source for copying conditions.  There is NO
warranty; not even for MERCHANTABILITY or FITNESS FOR A PARTICULAR PURPOSE.

configure:3212: $? = 0
configure:3201: mipsel-uclibc-gcc -v >&5
Using built-in specs.
Target: mipsel-linux-uclibc
Configured with: /home/fedork/tomato/toolchain/build_dir/toolchain-mipsel_gcc4.2.4/gcc-4.2.4/configure --prefix=/opt/brcm/hndtools-mipsel-uclibc-4.2.4 --build=i486-linux-gnu --host=i486-linux-gnu --target=mipsel-linux-uclibc --with-gnu-ld --enable-target-optspace --disable-libgomp --disable-libmudflap --disable-multilib --disable-nls --disable-__cxa_atexit --enable-libssp --enable-languages=c,c++ --enable-shared --enable-threads --enable-tls
Thread model: posix
gcc version 4.2.4
configure:3212: $? = 0
configure:3201: mipsel-uclibc-gcc -V >&5
mipsel-uclibc-gcc: '-V' option must have argument
configure:3212: $? = 1
configure:3201: mipsel-uclibc-gcc -qversion >&5
mipsel-uclibc-gcc: unrecognized option '-qversion'
mipsel-uclibc-gcc: no input files
configure:3212: $? = 1
configure:3234: checking for C compiler default output file name
configure:3256: mipsel-uclibc-gcc -Os -Wall -DLINUX26 -DCONFIG_BCMWL5 -pipe -DBCMWPA2 -funit-at-a-time -Wno-pointer-sign -mtune=mips32 -mips32   -fPIC -ffunction-sections -fdata-sections  -fPIC -ffunction-sections -fdata-sections -Wl,--gc-sections conftest.c  >&5
configure:3260: $? = 0
configure:3297: result: a.out
configure:3313: checking whether the C compiler works
configure:3341: result: yes
configure:3348: checking whether we are cross compiling
configure:3350: result: yes
configure:3353: checking for suffix of executables
configure:3360: mipsel-uclibc-gcc -o conftest -Os -Wall -DLINUX26 -DCONFIG_BCMWL5 -pipe -DBCMWPA2 -funit-at-a-time -Wno-pointer-sign -mtune=mips32 -mips32   -fPIC -ffunction-sections -fdata-sections  -fPIC -ffunction-sections -fdata-sections -Wl,--gc-sections conftest.c  >&5
configure:3364: $? = 0
configure:3386: result: 
configure:3392: checking for suffix of object files
configure:3414: mipsel-uclibc-gcc -c -Os -Wall -DLINUX26 -DCONFIG_BCMWL5 -pipe -DBCMWPA2 -funit-at-a-time -Wno-pointer-sign -mtune=mips32 -mips32   -fPIC -ffunction-sections -fdata-sections  conftest.c >&5
configure:3418: $? = 0
configure:3439: result: o
configure:3443: checking whether we are using the GNU C compiler
configure:3462: mipsel-uclibc-gcc -c -Os -Wall -DLINUX26 -DCONFIG_BCMWL5 -pipe -DBCMWPA2 -funit-at-a-time -Wno-pointer-sign -mtune=mips32 -mips32   -fPIC -ffunction-sections -fdata-sections  conftest.c >&5
configure:3462: $? = 0
configure:3471: result: yes
configure:3480: checking whether mipsel-uclibc-gcc accepts -g
configure:3500: mipsel-uclibc-gcc -c -g  conftest.c >&5
configure:3500: $? = 0
configure:3541: result: yes
configure:3558: checking for mipsel-uclibc-gcc option to accept ISO C89
configure:3622: mipsel-uclibc-gcc  -c -Os -Wall -DLINUX26 -DCONFIG_BCMWL5 -pipe -DBCMWPA2 -funit-at-a-time -Wno-pointer-sign -mtune=mips32 -mips32   -fPIC -ffunction-sections -fdata-sections  conftest.c >&5
configure:3622: $? = 0
configure:3635: result: none needed
configure:3666: checking for style of include used by make
configure:3694: result: GNU
configure:3719: checking dependency style of mipsel-uclibc-gcc
configure:3829: result: gcc3
configure:3845: checking for an ANSI C-conforming const
configure:3910: mipsel-uclibc-gcc -c -Os -Wall -DLINUX26 -DCONFIG_BCMWL5 -pipe -DBCMWPA2 -funit-at-a-time -Wno-pointer-sign -mtune=mips32 -mips32   -fPIC -ffunction-sections -fdata-sections  conftest.c >&5
conftest.c: In function 'main':
conftest.c:40: warning: 't' is used uninitialized in this function
conftest.c:56: warning: 'b' is used uninitialized in this function
conftest.c:62: warning: 'cs[0]' is used uninitialized in this function
configure:3910: $? = 0
configure:3917: result: yes
configure:3925: checking for inline
configure:3941: mipsel-uclibc-gcc -c -Os -Wall -DLINUX26 -DCONFIG_BCMWL5 -pipe -DBCMWPA2 -funit-at-a-time -Wno-pointer-sign -mtune=mips32 -mips32   -fPIC -ffunction-sections -fdata-sections  conftest.c >&5
configure:3941: $? = 0
configure:3949: result: inline
configure:3996: checking build system type
configure:4010: result: x86_64-pc-linux-gnu
configure:4030: checking host system type
configure:4043: result: mipsel-unknown-linux-gnu
configure:4063: checking for a sed that does not truncate output
configure:4127: result: /bin/sed
configure:4145: checking for grep that handles long lines and -e
configure:4203: result: /bin/grep
configure:4208: checking for egrep
configure:4270: result: /bin/grep -E
configure:4275: checking for fgrep
configure:4337: result: /bin/grep -F
configure:4372: checking for ld used by mipsel-uclibc-gcc
configure:4439: result: mipsel-uclibc-ld
configure:4446: checking if the linker (mipsel-uclibc-ld) is GNU ld
configure:4461: result: yes
configure:4473: checking for BSD- or MS-compatible name lister (nm)
configure:4522: result: mipsel-uclibc-nm
configure:4640: checking the name lister (mipsel-uclibc-nm) interface
configure:4647: mipsel-uclibc-gcc -c -Os -Wall -DLINUX26 -DCONFIG_BCMWL5 -pipe -DBCMWPA2 -funit-at-a-time -Wno-pointer-sign -mtune=mips32 -mips32   -fPIC -ffunction-sections -fdata-sections  conftest.c >&5
configure:4650: mipsel-uclibc-nm "conftest.o"
configure:4653: output
00000000 B some_variable
configure:4660: result: BSD nm
configure:4663: checking whether ln -s works
configure:4667: result: yes
configure:4675: checking the maximum length of command line arguments
configure:4795: result: 3458764513820540925
configure:4812: checking whether the shell understands some XSI constructs
configure:4822: result: yes
configure:4826: checking whether the shell understands "+="
configure:4832: result: yes
configure:4867: checking for mipsel-uclibc-ld option to reload object files
configure:4874: result: -r
configure:4903: checking for mipsel-linux-objdump
configure:4919: found /opt/brcm/hndtools-mipsel-uclibc/bin/mipsel-linux-objdump
configure:4930: result: mipsel-linux-objdump
configure:5002: checking how to recognize dependent libraries
configure:5198: result: pass_all
configure:5218: checking for mipsel-linux-ar
configure:5245: result: mipsel-uclibc-ar
configure:5323: checking for mipsel-linux-strip
configure:5350: result: mipsel-uclibc-strip -R .note -R .comment
configure:5422: checking for mipsel-linux-ranlib
configure:5449: result: mipsel-uclibc-ranlib
configure:5579: checking command to parse mipsel-uclibc-nm output from mipsel-uclibc-gcc object
configure:5697: mipsel-uclibc-gcc -c -Os -Wall -DLINUX26 -DCONFIG_BCMWL5 -pipe -DBCMWPA2 -funit-at-a-time -Wno-pointer-sign -mtune=mips32 -mips32   -fPIC -ffunction-sections -fdata-sections  conftest.c >&5
configure:5700: $? = 0
configure:5704: mipsel-uclibc-nm conftest.o \| sed -n -e 's/^.*[	 ]\([ABCDGIRSTW][ABCDGIRSTW]*\)[	 ][	 ]*\([_A-Za-z][_A-Za-z0-9]*\)$/\1 \2 \2/p' \> conftest.nm
configure:5707: $? = 0
configure:5761: mipsel-uclibc-gcc -o conftest -Os -Wall -DLINUX26 -DCONFIG_BCMWL5 -pipe -DBCMWPA2 -funit-at-a-time -Wno-pointer-sign -mtune=mips32 -mips32   -fPIC -ffunction-sections -fdata-sections  -fPIC -ffunction-sections -fdata-sections -Wl,--gc-sections conftest.c conftstm.o >&5
configure:5764: $? = 0
configure:5802: result: ok
configure:6610: checking how to run the C preprocessor
configure:6641: mipsel-uclibc-gcc -E  conftest.c
configure:6641: $? = 0
configure:6655: mipsel-uclibc-gcc -E  conftest.c
conftest.c:11:28: error: ac_nonexistent.h: No such file or directory
configure:6655: $? = 1
configure: failed program was:
| /* confdefs.h */
| #define PACKAGE_NAME "EXIF library"
| #define PACKAGE_TARNAME "libexif"
| #define PACKAGE_VERSION "0.6.19"
| #define PACKAGE_STRING "EXIF library 0.6.19"
| #define PACKAGE_BUGREPORT "libexif-devel@lists.sourceforge.net"
| #define PACKAGE_URL ""
| #define PACKAGE "libexif"
| #define VERSION "0.6.19"
| /* end confdefs.h.  */
| #include <ac_nonexistent.h>
configure:6680: result: mipsel-uclibc-gcc -E
configure:6700: mipsel-uclibc-gcc -E  conftest.c
configure:6700: $? = 0
configure:6714: mipsel-uclibc-gcc -E  conftest.c
conftest.c:11:28: error: ac_nonexistent.h: No such file or directory
configure:6714: $? = 1
configure: failed program was:
| /* confdefs.h */
| #define PACKAGE_NAME "EXIF library"
| #define PACKAGE_TARNAME "libexif"
| #define PACKAGE_VERSION "0.6.19"
| #define PACKAGE_STRING "EXIF library 0.6.19"
| #define PACKAGE_BUGREPORT "libexif-devel@lists.sourceforge.net"
| #define PACKAGE_URL ""
| #define PACKAGE "libexif"
| #define VERSION "0.6.19"
| /* end confdefs.h.  */
| #include <ac_nonexistent.h>
configure:6743: checking for ANSI C header files
configure:6763: mipsel-uclibc-gcc -c -Os -Wall -DLINUX26 -DCONFIG_BCMWL5 -pipe -DBCMWPA2 -funit-at-a-time -Wno-pointer-sign -mtune=mips32 -mips32   -fPIC -ffunction-sections -fdata-sections  conftest.c >&5
configure:6763: $? = 0
configure:6847: result: yes
configure:6860: checking for sys/types.h
configure:6860: mipsel-uclibc-gcc -c -Os -Wall -DLINUX26 -DCONFIG_BCMWL5 -pipe -DBCMWPA2 -funit-at-a-time -Wno-pointer-sign -mtune=mips32 -mips32   -fPIC -ffunction-sections -fdata-sections  conftest.c >&5
configure:6860: $? = 0
configure:6860: result: yes
configure:6860: checking for sys/stat.h
configure:6860: mipsel-uclibc-gcc -c -Os -Wall -DLINUX26 -DCONFIG_BCMWL5 -pipe -DBCMWPA2 -funit-at-a-time -Wno-pointer-sign -mtune=mips32 -mips32   -fPIC -ffunction-sections -fdata-sections  conftest.c >&5
configure:6860: $? = 0
configure:6860: result: yes
configure:6860: checking for stdlib.h
configure:6860: mipsel-uclibc-gcc -c -Os -Wall -DLINUX26 -DCONFIG_BCMWL5 -pipe -DBCMWPA2 -funit-at-a-time -Wno-pointer-sign -mtune=mips32 -mips32   -fPIC -ffunction-sections -fdata-sections  conftest.c >&5
configure:6860: $? = 0
configure:6860: result: yes
configure:6860: checking for string.h
configure:6860: mipsel-uclibc-gcc -c -Os -Wall -DLINUX26 -DCONFIG_BCMWL5 -pipe -DBCMWPA2 -funit-at-a-time -Wno-pointer-sign -mtune=mips32 -mips32   -fPIC -ffunction-sections -fdata-sections  conftest.c >&5
configure:6860: $? = 0
configure:6860: result: yes
configure:6860: checking for memory.h
configure:6860: mipsel-uclibc-gcc -c -Os -Wall -DLINUX26 -DCONFIG_BCMWL5 -pipe -DBCMWPA2 -funit-at-a-time -Wno-pointer-sign -mtune=mips32 -mips32   -fPIC -ffunction-sections -fdata-sections  conftest.c >&5
configure:6860: $? = 0
configure:6860: result: yes
configure:6860: checking for strings.h
configure:6860: mipsel-uclibc-gcc -c -Os -Wall -DLINUX26 -DCONFIG_BCMWL5 -pipe -DBCMWPA2 -funit-at-a-time -Wno-pointer-sign -mtune=mips32 -mips32   -fPIC -ffunction-sections -fdata-sections  conftest.c >&5
configure:6860: $? = 0
configure:6860: result: yes
configure:6860: checking for inttypes.h
configure:6860: mipsel-uclibc-gcc -c -Os -Wall -DLINUX26 -DCONFIG_BCMWL5 -pipe -DBCMWPA2 -funit-at-a-time -Wno-pointer-sign -mtune=mips32 -mips32   -fPIC -ffunction-sections -fdata-sections  conftest.c >&5
configure:6860: $? = 0
configure:6860: result: yes
configure:6860: checking for stdint.h
configure:6860: mipsel-uclibc-gcc -c -Os -Wall -DLINUX26 -DCONFIG_BCMWL5 -pipe -DBCMWPA2 -funit-at-a-time -Wno-pointer-sign -mtune=mips32 -mips32   -fPIC -ffunction-sections -fdata-sections  conftest.c >&5
configure:6860: $? = 0
configure:6860: result: yes
configure:6860: checking for unistd.h
configure:6860: mipsel-uclibc-gcc -c -Os -Wall -DLINUX26 -DCONFIG_BCMWL5 -pipe -DBCMWPA2 -funit-at-a-time -Wno-pointer-sign -mtune=mips32 -mips32   -fPIC -ffunction-sections -fdata-sections  conftest.c >&5
configure:6860: $? = 0
configure:6860: result: yes
configure:6875: checking for dlfcn.h
configure:6875: mipsel-uclibc-gcc -c -Os -Wall -DLINUX26 -DCONFIG_BCMWL5 -pipe -DBCMWPA2 -funit-at-a-time -Wno-pointer-sign -mtune=mips32 -mips32   -fPIC -ffunction-sections -fdata-sections  conftest.c >&5
configure:6875: $? = 0
configure:6875: result: yes
configure:7059: checking for objdir
configure:7074: result: .libs
configure:7370: checking if mipsel-uclibc-gcc supports -fno-rtti -fno-exceptions
configure:7388: mipsel-uclibc-gcc -c -Os -Wall -DLINUX26 -DCONFIG_BCMWL5 -pipe -DBCMWPA2 -funit-at-a-time -Wno-pointer-sign -mtune=mips32 -mips32   -fPIC -ffunction-sections -fdata-sections  -fno-rtti -fno-exceptions conftest.c >&5
cc1: warning: command line option "-fno-rtti" is valid for C++/ObjC++ but not for C
configure:7392: $? = 0
configure:7405: result: no
configure:7425: checking for mipsel-uclibc-gcc option to produce PIC
configure:7697: result: -fPIC -DPIC
configure:7709: checking if mipsel-uclibc-gcc PIC flag -fPIC -DPIC works
configure:7727: mipsel-uclibc-gcc -c -Os -Wall -DLINUX26 -DCONFIG_BCMWL5 -pipe -DBCMWPA2 -funit-at-a-time -Wno-pointer-sign -mtune=mips32 -mips32   -fPIC -ffunction-sections -fdata-sections  -fPIC -DPIC -DPIC conftest.c >&5
configure:7731: $? = 0
configure:7744: result: yes
configure:7768: checking if mipsel-uclibc-gcc static flag -static works
configure:7796: result: yes
configure:7811: checking if mipsel-uclibc-gcc supports -c -o file.o
configure:7832: mipsel-uclibc-gcc -c -Os -Wall -DLINUX26 -DCONFIG_BCMWL5 -pipe -DBCMWPA2 -funit-at-a-time -Wno-pointer-sign -mtune=mips32 -mips32   -fPIC -ffunction-sections -fdata-sections  -o out/conftest2.o conftest.c >&5
configure:7836: $? = 0
configure:7858: result: yes
configure:7866: checking if mipsel-uclibc-gcc supports -c -o file.o
configure:7913: result: yes
configure:7946: checking whether the mipsel-uclibc-gcc linker (mipsel-uclibc-ld) supports shared libraries
configure:8933: result: yes
configure:8970: checking whether -lc should be explicitly linked in
configure:8975: mipsel-uclibc-gcc -c -Os -Wall -DLINUX26 -DCONFIG_BCMWL5 -pipe -DBCMWPA2 -funit-at-a-time -Wno-pointer-sign -mtune=mips32 -mips32   -fPIC -ffunction-sections -fdata-sections  conftest.c >&5
configure:8978: $? = 0
configure:8993: mipsel-uclibc-gcc -shared conftest.o  -v -Wl,-soname -Wl,conftest -o conftest 2\>\&1 \| /bin/grep  -lc  \>/dev/null 2\>\&1
configure:8996: $? = 0
configure:9008: result: no
configure:9172: checking dynamic linker characteristics
configure:9605: mipsel-uclibc-gcc -o conftest -Os -Wall -DLINUX26 -DCONFIG_BCMWL5 -pipe -DBCMWPA2 -funit-at-a-time -Wno-pointer-sign -mtune=mips32 -mips32   -fPIC -ffunction-sections -fdata-sections  -fPIC -ffunction-sections -fdata-sections -Wl,--gc-sections -Wl,-rpath -Wl,/foo conftest.c  >&5
configure:9605: $? = 0
configure:9845: result: GNU/Linux ld.so
configure:9947: checking how to hardcode library paths into programs
configure:9972: result: immediate
configure:10492: checking whether stripping libraries is possible
configure:10497: result: yes
configure:10532: checking if libtool supports shared libraries
configure:10534: result: yes
configure:10537: checking whether to build shared libraries
configure:10558: result: yes
configure:10561: checking whether to build static libraries
configure:10565: result: yes
configure:10620: checking for uint8_t in stdint.h
configure:10633: result: yes
configure:10802: checking for math functions in libm
configure:10815: mipsel-uclibc-gcc -o conftest -Os -Wall -DLINUX26 -DCONFIG_BCMWL5 -pipe -DBCMWPA2 -funit-at-a-time -Wno-pointer-sign -mtune=mips32 -mips32   -fPIC -ffunction-sections -fdata-sections  -fPIC -ffunction-sections -fdata-sections -Wl,--gc-sections conftest.c  -lm >&5
configure:10815: $? = 0
configure:10816: result: yes
configure:10856: checking whether to build any docs
configure:10869: result: no
configure:10890: checking main docdir
configure:10902: result: ${prefix}/share/doc (FHS style)
configure:10914: checking package docdir
configure:10925: result: ${prefix}/share/doc/libexif (default style)
configure:10934: checking for dot
configure:10965: result: false
configure:10975: checking for doxygen
configure:11006: result: false
configure:11066: checking whether to create internal code docs
configure:11068: result: no
configure:11098: checking whether NLS is requested
configure:11107: result: no
configure:11145: checking for msgfmt
configure:11176: result: /usr/bin/msgfmt
configure:11185: checking for gmsgfmt
configure:11216: result: /usr/bin/msgfmt
configure:11256: checking for xgettext
configure:11287: result: /usr/bin/xgettext
configure:11327: checking for msgmerge
configure:11357: result: /usr/bin/msgmerge
configure:11413: checking for po/Makevars requiring hack
configure:11420: result: no
configure:11465: checking for ld used by GCC
configure:11529: result: mipsel-uclibc-ld
configure:11536: checking if the linker (mipsel-uclibc-ld) is GNU ld
configure:11549: result: yes
configure:11555: checking for shared library run path origin
configure:11568: result: done
configure:11984: checking whether NLS is requested
configure:11993: result: no
configure:12618: checking whether to use NLS
configure:12620: result: no
configure:12721: checking for iconv
configure:12743: mipsel-uclibc-gcc -o conftest -Os -Wall -DLINUX26 -DCONFIG_BCMWL5 -pipe -DBCMWPA2 -funit-at-a-time -Wno-pointer-sign -mtune=mips32 -mips32   -fPIC -ffunction-sections -fdata-sections  -fPIC -ffunction-sections -fdata-sections -Wl,--gc-sections conftest.c  -lm >&5
conftest.c:24:19: error: iconv.h: No such file or directory
conftest.c: In function 'main':
conftest.c:28: error: 'iconv_t' undeclared (first use in this function)
conftest.c:28: error: (Each undeclared identifier is reported only once
conftest.c:28: error: for each function it appears in.)
conftest.c:28: error: expected ';' before 'cd'
conftest.c:29: warning: implicit declaration of function 'iconv'
conftest.c:29: error: 'cd' undeclared (first use in this function)
conftest.c:30: warning: implicit declaration of function 'iconv_close'
configure:12743: $? = 1
configure: failed program was:
| /* confdefs.h */
| #define PACKAGE_NAME "EXIF library"
| #define PACKAGE_TARNAME "libexif"
| #define PACKAGE_VERSION "0.6.19"
| #define PACKAGE_STRING "EXIF library 0.6.19"
| #define PACKAGE_BUGREPORT "libexif-devel@lists.sourceforge.net"
| #define PACKAGE_URL ""
| #define PACKAGE "libexif"
| #define VERSION "0.6.19"
| #define STDC_HEADERS 1
| #define HAVE_SYS_TYPES_H 1
| #define HAVE_SYS_STAT_H 1
| #define HAVE_STDLIB_H 1
| #define HAVE_STRING_H 1
| #define HAVE_MEMORY_H 1
| #define HAVE_STRINGS_H 1
| #define HAVE_INTTYPES_H 1
| #define HAVE_STDINT_H 1
| #define HAVE_UNISTD_H 1
| #define HAVE_DLFCN_H 1
| #define LT_OBJDIR ".libs/"
| /* end confdefs.h.  */
| #include <stdlib.h>
| #include <iconv.h>
| int
| main ()
| {
| iconv_t cd = iconv_open("","");
|        iconv(cd,NULL,NULL,NULL,NULL);
|        iconv_close(cd);
|   ;
|   return 0;
| }
configure:12765: mipsel-uclibc-gcc -o conftest -Os -Wall -DLINUX26 -DCONFIG_BCMWL5 -pipe -DBCMWPA2 -funit-at-a-time -Wno-pointer-sign -mtune=mips32 -mips32   -fPIC -ffunction-sections -fdata-sections  -fPIC -ffunction-sections -fdata-sections -Wl,--gc-sections conftest.c  -lm -liconv >&5
conftest.c:24:19: error: iconv.h: No such file or directory
conftest.c: In function 'main':
conftest.c:28: error: 'iconv_t' undeclared (first use in this function)
conftest.c:28: error: (Each undeclared identifier is reported only once
conftest.c:28: error: for each function it appears in.)
conftest.c:28: error: expected ';' before 'cd'
conftest.c:29: warning: implicit declaration of function 'iconv'
conftest.c:29: error: 'cd' undeclared (first use in this function)
conftest.c:30: warning: implicit declaration of function 'iconv_close'
configure:12765: $? = 1
configure: failed program was:
| /* confdefs.h */
| #define PACKAGE_NAME "EXIF library"
| #define PACKAGE_TARNAME "libexif"
| #define PACKAGE_VERSION "0.6.19"
| #define PACKAGE_STRING "EXIF library 0.6.19"
| #define PACKAGE_BUGREPORT "libexif-devel@lists.sourceforge.net"
| #define PACKAGE_URL ""
| #define PACKAGE "libexif"
| #define VERSION "0.6.19"
| #define STDC_HEADERS 1
| #define HAVE_SYS_TYPES_H 1
| #define HAVE_SYS_STAT_H 1
| #define HAVE_STDLIB_H 1
| #define HAVE_STRING_H 1
| #define HAVE_MEMORY_H 1
| #define HAVE_STRINGS_H 1
| #define HAVE_INTTYPES_H 1
| #define HAVE_STDINT_H 1
| #define HAVE_UNISTD_H 1
| #define HAVE_DLFCN_H 1
| #define LT_OBJDIR ".libs/"
| /* end confdefs.h.  */
| #include <stdlib.h>
| #include <iconv.h>
| int
| main ()
| {
| iconv_t cd = iconv_open("","");
|          iconv(cd,NULL,NULL,NULL,NULL);
|          iconv_close(cd);
|   ;
|   return 0;
| }
configure:12775: result: no, consider installing GNU libiconv
configure:12882: checking for localtime_r
configure:12882: mipsel-uclibc-gcc -o conftest -Os -Wall -DLINUX26 -DCONFIG_BCMWL5 -pipe -DBCMWPA2 -funit-at-a-time -Wno-pointer-sign -mtune=mips32 -mips32   -fPIC -ffunction-sections -fdata-sections  -fPIC -ffunction-sections -fdata-sections -Wl,--gc-sections conftest.c  -lm >&5
configure:12882: $? = 0
configure:12882: result: yes
configure:13052: creating ./config.status

## ---------------------- ##
## Running config.status. ##
## ---------------------- ##

This file was extended by EXIF library config.status 0.6.19, which was
generated by GNU Autoconf 2.64.  Invocation command line was

  CONFIG_FILES    = 
  CONFIG_HEADERS  = 
  CONFIG_LINKS    = 
  CONFIG_COMMANDS = 
  $ ./config.status 

on vicente-P5K-E

config.status:1122: creating po/Makefile.in
config.status:1230: WARNING:  'po/Makefile.in.in' seems to ignore the --datarootdir setting
config.status:1122: creating Makefile
config.status:1122: creating libexif.spec
config.status:1122: creating libexif/Makefile
config.status:1122: creating test/Makefile
config.status:1122: creating test/nls/Makefile
config.status:1122: creating m4m/Makefile
config.status:1122: creating doc/Makefile
config.status:1122: creating doc/Doxyfile
config.status:1122: creating doc/Doxyfile-internals
config.status:1122: creating libexif.pc
config.status:1122: creating libexif-uninstalled.pc
config.status:1122: creating binary/Makefile
config.status:1122: creating contrib/Makefile
config.status:1122: creating contrib/examples/Makefile
config.status:1122: creating config.h
config.status:1294: config.h is unchanged
config.status:1342: executing depfiles commands
config.status:1342: executing libtool commands
config.status:1342: executing default-1 commands

## ---------------- ##
## Cache variables. ##
## ---------------- ##

ac_cv_build=x86_64-pc-linux-gnu
ac_cv_c_compiler_gnu=yes
ac_cv_c_const=yes
ac_cv_c_inline=inline
ac_cv_env_CC_set=set
ac_cv_env_CC_value=mipsel-uclibc-gcc
ac_cv_env_CFLAGS_set=set
ac_cv_env_CFLAGS_value='-Os -Wall -DLINUX26 -DCONFIG_BCMWL5 -pipe -DBCMWPA2 -funit-at-a-time -Wno-pointer-sign -mtune=mips32 -mips32   -fPIC -ffunction-sections -fdata-sections'
ac_cv_env_CPPFLAGS_set=
ac_cv_env_CPPFLAGS_value=
ac_cv_env_CPP_set=
ac_cv_env_CPP_value=
ac_cv_env_LDFLAGS_set=set
ac_cv_env_LDFLAGS_value='-fPIC -ffunction-sections -fdata-sections -Wl,--gc-sections'
ac_cv_env_LIBS_set=
ac_cv_env_LIBS_value=
ac_cv_env_build_alias_set=set
ac_cv_env_build_alias_value=x86_64-linux-gnu
ac_cv_env_host_alias_set=set
ac_cv_env_host_alias_value=mipsel-linux
ac_cv_env_target_alias_set=
ac_cv_env_target_alias_value=
ac_cv_func_localtime_r=yes
ac_cv_func_malloc_0_nonnull=yes
ac_cv_header_dlfcn_h=yes
ac_cv_header_inttypes_h=yes
ac_cv_header_memory_h=yes
ac_cv_header_stdc=yes
ac_cv_header_stdint_h=yes
ac_cv_header_stdlib_h=yes
ac_cv_header_string_h=yes
ac_cv_header_strings_h=yes
ac_cv_header_sys_stat_h=yes
ac_cv_header_sys_types_h=yes
ac_cv_header_unistd_h=yes
ac_cv_host=mipsel-unknown-linux-gnu
ac_cv_objext=o
ac_cv_path_DOT=false
ac_cv_path_DOXYGEN=false
ac_cv_path_EGREP='/bin/grep -E'
ac_cv_path_FGREP='/bin/grep -F'
ac_cv_path_GMSGFMT=/usr/bin/msgfmt
ac_cv_path_GREP=/bin/grep
ac_cv_path_MSGFMT=/usr/bin/msgfmt
ac_cv_path_MSGMERGE=/usr/bin/msgmerge
ac_cv_path_SED=/bin/sed
ac_cv_path_XGETTEXT=/usr/bin/xgettext
ac_cv_path_install='/usr/bin/install -c'
ac_cv_path_mkdir=/bin/mkdir
ac_cv_prog_AR=mipsel-uclibc-ar
ac_cv_prog_AWK=gawk
ac_cv_prog_CC=mipsel-uclibc-gcc
ac_cv_prog_CPP='mipsel-uclibc-gcc -E'
ac_cv_prog_OBJDUMP=mipsel-linux-objdump
ac_cv_prog_RANLIB=mipsel-uclibc-ranlib
ac_cv_prog_STRIP='mipsel-uclibc-strip -R .note -R .comment'
ac_cv_prog_cc_c89=
ac_cv_prog_cc_g=yes
ac_cv_prog_make_make_set=yes
ac_cv_type_uint8_t=yes
acl_cv_hardcode_direct=no
acl_cv_hardcode_libdir_flag_spec='${wl}-rpath ${wl}$libdir'
acl_cv_hardcode_libdir_separator=
acl_cv_hardcode_minus_L=no
acl_cv_libext=a
acl_cv_path_LD=mipsel-uclibc-ld
acl_cv_prog_gnu_ld=yes
acl_cv_rpath=done
acl_cv_shlibext=so
acl_cv_wl=-Wl,
am_cv_CC_dependencies_compiler_type=gcc3
am_cv_func_iconv='no, consider installing GNU libiconv'
am_cv_lib_iconv=no
lt_cv_deplibs_check_method=pass_all
lt_cv_file_magic_cmd='$MAGIC_CMD'
lt_cv_file_magic_test_file=
lt_cv_ld_reload_flag=-r
lt_cv_nm_interface='BSD nm'
lt_cv_objdir=.libs
lt_cv_path_LD=mipsel-uclibc-ld
lt_cv_path_NM=mipsel-uclibc-nm
lt_cv_prog_compiler_c_o=yes
lt_cv_prog_compiler_pic_works=yes
lt_cv_prog_compiler_rtti_exceptions=no
lt_cv_prog_compiler_static_works=yes
lt_cv_prog_gnu_ld=yes
lt_cv_sys_global_symbol_pipe='sed -n -e '\''s/^.*[	 ]\([ABCDGIRSTW][ABCDGIRSTW]*\)[	 ][	 ]*\([_A-Za-z][_A-Za-z0-9]*\)$/\1 \2 \2/p'\'''
lt_cv_sys_global_symbol_to_c_name_address='sed -n -e '\''s/^: \([^ ]*\) $/  {\"\1\", (void *) 0},/p'\'' -e '\''s/^[ABCDGIRSTW]* \([^ ]*\) \([^ ]*\)$/  {"\2", (void *) \&\2},/p'\'''
lt_cv_sys_global_symbol_to_c_name_address_lib_prefix='sed -n -e '\''s/^: \([^ ]*\) $/  {\"\1\", (void *) 0},/p'\'' -e '\''s/^[ABCDGIRSTW]* \([^ ]*\) \(lib[^ ]*\)$/  {"\2", (void *) \&\2},/p'\'' -e '\''s/^[ABCDGIRSTW]* \([^ ]*\) \([^ ]*\)$/  {"lib\2", (void *) \&\2},/p'\'''
lt_cv_sys_global_symbol_to_cdecl='sed -n -e '\''s/^T .* \(.*\)$/extern int \1();/p'\'' -e '\''s/^[ABCDGIRSTW]* .* \(.*\)$/extern char \1;/p'\'''
lt_cv_sys_max_cmd_len=3458764513820540925

## ----------------- ##
## Output variables. ##
## ----------------- ##

ACLOCAL='${SHELL} /home/vicente/tomato/release/src/router/libexif/missing --run aclocal-1.11'
AMDEPBACKSLASH='\'
AMDEP_FALSE='#'
AMDEP_TRUE=''
AMTAR='${SHELL} /home/vicente/tomato/release/src/router/libexif/missing --run tar'
AM_CPPFLAGS=' -DGETTEXT_PACKAGE=\"libexif-12\" -DLOCALEDIR=\"$(datadir)/locale\" -I$(top_srcdir) -I$(top_builddir) -g -Wall -Wmissing-declarations -Wmissing-prototypes'
AM_LDFLAGS='-fPIC -ffunction-sections -fdata-sections -Wl,--gc-sections -g -Wall'
AR='mipsel-uclibc-ar'
AUTOCONF='${SHELL} /home/vicente/tomato/release/src/router/libexif/missing --run autoconf'
AUTOHEADER='${SHELL} /home/vicente/tomato/release/src/router/libexif/missing --run autoheader'
AUTOMAKE='${SHELL} /home/vicente/tomato/release/src/router/libexif/missing --run automake-1.11'
AWK='gawk'
BUILD_DOCS_FALSE=''
BUILD_DOCS_TRUE='#'
CC='mipsel-uclibc-gcc'
CCDEPMODE='depmode=gcc3'
CFLAGS='-Os -Wall -DLINUX26 -DCONFIG_BCMWL5 -pipe -DBCMWPA2 -funit-at-a-time -Wno-pointer-sign -mtune=mips32 -mips32   -fPIC -ffunction-sections -fdata-sections'
CPP='mipsel-uclibc-gcc -E'
CPPFLAGS=''
CYGPATH_W='echo'
DEFS='-DHAVE_CONFIG_H'
DEPDIR='.deps'
DOT='false'
DOXYGEN='false'
DOXYGEN_OUTPUT_DIR='doxygen-output'
DSYMUTIL=''
DUMPBIN=''
ECHO_C=''
ECHO_N='-n'
ECHO_T=''
EGREP='/bin/grep -E'
ENABLE_INTERNAL_DOCS_FALSE=''
ENABLE_INTERNAL_DOCS_TRUE='#'
EXEEXT=''
FGREP='/bin/grep -F'
GETTEXT_PACKAGE='libexif-12'
GMSGFMT='/usr/bin/msgfmt'
GREP='/bin/grep'
HAVE_DOT='NO'
HAVE_DOT_FALSE=''
HAVE_DOT_TRUE='#'
HAVE_DOXYGEN_FALSE=''
HAVE_DOXYGEN_TRUE='#'
HTML_APIDOC_DIR='libexif-api.html'
HTML_APIDOC_INTERNALS_DIR='libexif-internals.html'
INSTALL_DATA='${INSTALL} -m 644'
INSTALL_PROGRAM='${INSTALL}'
INSTALL_SCRIPT='${INSTALL}'
INSTALL_STRIP_PROGRAM='$(install_sh) -c -s'
INTLLIBS=''
LD='mipsel-uclibc-ld'
LDFLAGS='-fPIC -ffunction-sections -fdata-sections -Wl,--gc-sections'
LIBEXIF_AGE='3'
LIBEXIF_CURRENT='15'
LIBEXIF_CURRENT_MIN='12'
LIBEXIF_REVISION='1'
LIBEXIF_VERSION_INFO='15:1:3'
LIBICONV=''
LIBINTL=''
LIBOBJS=''
LIBS=' -lm'
LIBTOOL='$(SHELL) $(top_builddir)/libtool'
LIPO=''
LN_S='ln -s'
LTLIBICONV=''
LTLIBINTL=''
LTLIBOBJS=''
MAINT='#'
MAINTAINER_MODE_FALSE=''
MAINTAINER_MODE_TRUE='#'
MAKEINFO='${SHELL} /home/vicente/tomato/release/src/router/libexif/missing --run makeinfo'
MKDIR_P='/bin/mkdir -p'
MKINSTALLDIRS='$(top_builddir)/./mkinstalldirs'
MSGFMT='/usr/bin/msgfmt'
MSGMERGE='/usr/bin/msgmerge'
NM='mipsel-uclibc-nm'
NMEDIT=''
OBJDUMP='mipsel-linux-objdump'
OBJEXT='o'
OTOOL64=''
OTOOL=''
PACKAGE='libexif'
PACKAGE_BUGREPORT='libexif-devel@lists.sourceforge.net'
PACKAGE_NAME='EXIF library'
PACKAGE_STRING='EXIF library 0.6.19'
PACKAGE_TARNAME='libexif'
PACKAGE_URL=''
PACKAGE_VERSION='0.6.19'
PATH_SEPARATOR=':'
POSUB=''
RANLIB='mipsel-uclibc-ranlib'
SED='/bin/sed'
SET_MAKE=''
SHELL='/bin/sh'
SHIP_BINARIES_FALSE=''
SHIP_BINARIES_TRUE='#'
STRIP='mipsel-uclibc-strip -R .note -R .comment'
USE_NLS='no'
VERSION='0.6.19'
XGETTEXT='/usr/bin/xgettext'
ac_ct_CC=''
ac_ct_DUMPBIN=''
am__EXEEXT_FALSE=''
am__EXEEXT_TRUE='#'
am__fastdepCC_FALSE='#'
am__fastdepCC_TRUE=''
am__include='include'
am__isrc=''
am__leading_dot='.'
am__quote=''
am__tar='${AMTAR} chof - "$$tardir"'
am__untar='${AMTAR} xf -'
bindir='${exec_prefix}/bin'
build='x86_64-pc-linux-gnu'
build_alias='x86_64-linux-gnu'
build_cpu='x86_64'
build_os='linux-gnu'
build_vendor='pc'
datadir='${datarootdir}'
datarootdir='${prefix}/share'
docdir='${prefix}/share/doc/libexif'
dvidir='${docdir}'
exec_prefix='${prefix}'
host='mipsel-unknown-linux-gnu'
host_alias='mipsel-linux'
host_cpu='mipsel'
host_os='linux-gnu'
host_vendor='unknown'
htmldir='${docdir}'
includedir='${prefix}/include'
infodir='${datarootdir}/info'
install_sh='${SHELL} /home/vicente/tomato/release/src/router/libexif/install-sh'
libdir='${exec_prefix}/lib'
libexecdir='${exec_prefix}/libexec'
localedir='$(datadir)/locale'
localstatedir='${prefix}/var'
lt_ECHO='echo'
mandir='${datarootdir}/man'
mkdir_p='/bin/mkdir -p'
oldincludedir='/usr/include'
pdfdir='${docdir}'
prefix=''
program_transform_name='s,x,x,'
psdir='${docdir}'
sbindir='${exec_prefix}/sbin'
sharedstatedir='${prefix}/com'
sysconfdir='${prefix}/etc'
target_alias=''

## ----------- ##
## confdefs.h. ##
## ----------- ##

/* confdefs.h */
#define PACKAGE_NAME "EXIF library"
#define PACKAGE_TARNAME "libexif"
#define PACKAGE_VERSION "0.6.19"
#define PACKAGE_STRING "EXIF library 0.6.19"
#define PACKAGE_BUGREPORT "libexif-devel@lists.sourceforge.net"
#define PACKAGE_URL ""
#define PACKAGE "libexif"
#define VERSION "0.6.19"
#define STDC_HEADERS 1
#define HAVE_SYS_TYPES_H 1
#define HAVE_SYS_STAT_H 1
#define HAVE_STDLIB_H 1
#define HAVE_STRING_H 1
#define HAVE_MEMORY_H 1
#define HAVE_STRINGS_H 1
#define HAVE_INTTYPES_H 1
#define HAVE_STDINT_H 1
#define HAVE_UNISTD_H 1
#define HAVE_DLFCN_H 1
#define LT_OBJDIR ".libs/"
#define HAVE_LOCALTIME_R 1

configure: exit 0
