This file contains any messages produced by compilers while
running configure, to aid debugging if configure makes a mistake.

It was created by libffi configure 3.0.10rc0, which was
generated by GNU Autoconf 2.65.  Invocation command line was

  $ /raid1/tomato/tomato.git/release.ar.wp/src-rt/router/python/Modules/_ctypes/libffi/configure --host=mipsel-linux --build=x86_64-linux-gnu

## --------- ##
## Platform. ##
## --------- ##

hostname = hhlinux1
uname -m = x86_64
uname -r = 3.2.0-34-generic
uname -s = Linux
uname -v = #53-Ubuntu SMP Thu Nov 15 10:48:16 UTC 2012

/usr/bin/uname -p = unknown
/bin/uname -X     = unknown

/bin/arch              = unknown
/usr/bin/arch -k       = unknown
/usr/convex/getsysinfo = unknown
/usr/bin/hostinfo      = unknown
/bin/machine           = unknown
/usr/bin/oslevel       = unknown
/bin/universe          = unknown

PATH: /raid1/tomato/tomato.git.115AC/release.ar.wp/tools
PATH: /raid1/tomato/tomato.git.115AC/release.ar.wp/tools
PATH: /raid1/tomato/tomato.git.115AC/release.ar.wp/tools
PATH: /opt/brcm/hndtools-mipsel-uclibc/bin
PATH: /opt/brcm/hndtools-mipsel-linux/bin
PATH: /opt/brcm/hndtools-mipsel-uclibc/bin
PATH: /opt/brcm/hndtools-mipsel-linux/bin
PATH: /usr/local/sbin
PATH: /usr/local/bin
PATH: /usr/sbin
PATH: /usr/bin
PATH: /sbin
PATH: /bin
PATH: /usr/games
PATH: /usr/lib/jvm/default-java


## ----------- ##
## Core tests. ##
## ----------- ##

configure:2596: checking build system type
configure:2610: result: x86_64-pc-linux-gnu
configure:2630: checking host system type
configure:2643: result: mipsel-unknown-linux-gnu
configure:2663: checking target system type
configure:2676: result: mipsel-unknown-linux-gnu
configure:2723: checking for a BSD-compatible install
configure:2791: result: /usr/bin/install -c
configure:2802: checking whether build environment is sane
configure:2852: result: yes
configure:2901: checking for mipsel-linux-strip
configure:2928: result: mipsel-uclibc-strip -R .note -R .comment
configure:2993: checking for a thread-safe mkdir -p
configure:3032: result: /bin/mkdir -p
configure:3045: checking for gawk
configure:3061: found /usr/bin/gawk
configure:3072: result: gawk
configure:3083: checking whether make sets $(MAKE)
configure:3105: result: yes
configure:3201: checking for mipsel-linux-gcc
configure:3228: result: mipsel-uclibc-gcc
configure:3497: checking for C compiler version
configure:3506: mipsel-uclibc-gcc --version >&5
mipsel-uclibc-gcc (GCC) 4.2.4
Copyright (C) 2007 Free Software Foundation, Inc.
This is free software; see the source for copying conditions.  There is NO
warranty; not even for MERCHANTABILITY or FITNESS FOR A PARTICULAR PURPOSE.

configure:3517: $? = 0
configure:3506: mipsel-uclibc-gcc -v >&5
Using built-in specs.
Target: mipsel-linux-uclibc
Configured with: /home/shibby/openwrt/tomato.toolchain/t/build_dir/toolchain-mipsel_gcc4.2.4/gcc-4.2.4/configure --prefix=/opt/brcm/hndtools-mipsel-uclibc-4.2.4 --build=x86_64-linux-gnu --host=x86_64-linux-gnu --target=mipsel-linux-uclibc --with-gnu-ld --enable-target-optspace --disable-libgomp --disable-libmudflap --disable-multilib --disable-nls --disable-__cxa_atexit --enable-libssp --enable-languages=c,c++ --enable-shared --enable-threads --enable-tls
Thread model: posix
gcc version 4.2.4
configure:3517: $? = 0
configure:3506: mipsel-uclibc-gcc -V >&5
mipsel-uclibc-gcc: '-V' option must have argument
configure:3517: $? = 1
configure:3506: mipsel-uclibc-gcc -qversion >&5
mipsel-uclibc-gcc: unrecognized option '-qversion'
mipsel-uclibc-gcc: no input files
configure:3517: $? = 1
configure:3537: checking whether the C compiler works
configure:3559: mipsel-uclibc-gcc    conftest.c  >&5
configure:3563: $? = 0
configure:3612: result: yes
configure:3615: checking for C compiler default output file name
configure:3617: result: a.out
configure:3623: checking for suffix of executables
configure:3630: mipsel-uclibc-gcc -o conftest    conftest.c  >&5
configure:3634: $? = 0
configure:3656: result: 
configure:3678: checking whether we are cross compiling
configure:3716: result: yes
configure:3721: checking for suffix of object files
configure:3743: mipsel-uclibc-gcc -c   conftest.c >&5
configure:3747: $? = 0
configure:3768: result: o
configure:3772: checking whether we are using the GNU C compiler
configure:3791: mipsel-uclibc-gcc -c   conftest.c >&5
configure:3791: $? = 0
configure:3800: result: yes
configure:3809: checking whether mipsel-uclibc-gcc accepts -g
configure:3829: mipsel-uclibc-gcc -c -g  conftest.c >&5
configure:3829: $? = 0
configure:3870: result: yes
configure:3887: checking for mipsel-uclibc-gcc option to accept ISO C89
configure:3951: mipsel-uclibc-gcc  -c   conftest.c >&5
configure:3951: $? = 0
configure:3964: result: none needed
configure:3995: checking for style of include used by make
configure:4023: result: GNU
configure:4048: checking dependency style of mipsel-uclibc-gcc
configure:4158: result: gcc3
configure:4187: checking dependency style of mipsel-uclibc-gcc
configure:4295: result: gcc3
configure:4311: checking whether mipsel-uclibc-gcc and cc understand -c and -o together
configure:4342: mipsel-uclibc-gcc -c conftest.c -o conftest2.o >&5
configure:4346: $? = 0
configure:4352: mipsel-uclibc-gcc -c conftest.c -o conftest2.o >&5
configure:4356: $? = 0
configure:4367: cc -c conftest.c >&5
configure:4371: $? = 0
configure:4379: cc -c conftest.c -o conftest2.o >&5
configure:4383: $? = 0
configure:4389: cc -c conftest.c -o conftest2.o >&5
configure:4393: $? = 0
configure:4411: result: yes
configure:4461: checking for a sed that does not truncate output
configure:4525: result: /bin/sed
configure:4543: checking for grep that handles long lines and -e
configure:4601: result: /bin/grep
configure:4606: checking for egrep
configure:4668: result: /bin/grep -E
configure:4673: checking for fgrep
configure:4735: result: /bin/grep -F
configure:4770: checking for ld used by mipsel-uclibc-gcc
configure:4837: result: mipsel-uclibc-ld
configure:4844: checking if the linker (mipsel-uclibc-ld) is GNU ld
configure:4859: result: yes
configure:4871: checking for BSD- or MS-compatible name lister (nm)
configure:4920: result: mipsel-uclibc-nm
configure:5038: checking the name lister (mipsel-uclibc-nm) interface
configure:5045: mipsel-uclibc-gcc -c   conftest.c >&5
configure:5048: mipsel-uclibc-nm "conftest.o"
configure:5051: output
00000000 B some_variable
configure:5058: result: BSD nm
configure:5061: checking whether ln -s works
configure:5065: result: yes
configure:5073: checking the maximum length of command line arguments
configure:5193: result: 3458764513820540925
configure:5210: checking whether the shell understands some XSI constructs
configure:5220: result: yes
configure:5224: checking whether the shell understands "+="
configure:5230: result: yes
configure:5265: checking for mipsel-uclibc-ld option to reload object files
configure:5272: result: -r
configure:5301: checking for mipsel-linux-objdump
configure:5317: found /opt/brcm/hndtools-mipsel-uclibc/bin/mipsel-linux-objdump
configure:5328: result: mipsel-linux-objdump
configure:5400: checking how to recognize dependent libraries
configure:5596: result: pass_all
configure:5616: checking for mipsel-linux-ar
configure:5643: result: mipsel-uclibc-ar
configure:5721: checking for mipsel-linux-strip
configure:5748: result: mipsel-uclibc-strip -R .note -R .comment
configure:5820: checking for mipsel-linux-ranlib
configure:5847: result: mipsel-uclibc-ranlib
configure:5977: checking command to parse mipsel-uclibc-nm output from mipsel-uclibc-gcc object
configure:6095: mipsel-uclibc-gcc -c   conftest.c >&5
configure:6098: $? = 0
configure:6102: mipsel-uclibc-nm conftest.o \| sed -n -e 's/^.*[	 ]\([ABCDGIRSTW][ABCDGIRSTW]*\)[	 ][	 ]*\([_A-Za-z][_A-Za-z0-9]*\)$/\1 \2 \2/p' \> conftest.nm
configure:6105: $? = 0
configure:6159: mipsel-uclibc-gcc -o conftest    conftest.c conftstm.o >&5
configure:6162: $? = 0
configure:6200: result: ok
configure:7009: checking how to run the C preprocessor
configure:7040: mipsel-uclibc-gcc -E  conftest.c
configure:7040: $? = 0
configure:7054: mipsel-uclibc-gcc -E  conftest.c
conftest.c:11:28: error: ac_nonexistent.h: No such file or directory
configure:7054: $? = 1
configure: failed program was:
| /* confdefs.h */
| #define PACKAGE_NAME "libffi"
| #define PACKAGE_TARNAME "libffi"
| #define PACKAGE_VERSION "3.0.10rc0"
| #define PACKAGE_STRING "libffi 3.0.10rc0"
| #define PACKAGE_BUGREPORT "http://gcc.gnu.org/bugs.html"
| #define PACKAGE_URL ""
| #define PACKAGE "libffi"
| #define VERSION "3.0.10rc0"
| /* end confdefs.h.  */
| #include <ac_nonexistent.h>
configure:7079: result: mipsel-uclibc-gcc -E
configure:7099: mipsel-uclibc-gcc -E  conftest.c
configure:7099: $? = 0
configure:7113: mipsel-uclibc-gcc -E  conftest.c
conftest.c:11:28: error: ac_nonexistent.h: No such file or directory
configure:7113: $? = 1
configure: failed program was:
| /* confdefs.h */
| #define PACKAGE_NAME "libffi"
| #define PACKAGE_TARNAME "libffi"
| #define PACKAGE_VERSION "3.0.10rc0"
| #define PACKAGE_STRING "libffi 3.0.10rc0"
| #define PACKAGE_BUGREPORT "http://gcc.gnu.org/bugs.html"
| #define PACKAGE_URL ""
| #define PACKAGE "libffi"
| #define VERSION "3.0.10rc0"
| /* end confdefs.h.  */
| #include <ac_nonexistent.h>
configure:7142: checking for ANSI C header files
configure:7162: mipsel-uclibc-gcc -c   conftest.c >&5
configure:7162: $? = 0
configure:7246: result: yes
configure:7259: checking for sys/types.h
configure:7259: mipsel-uclibc-gcc -c   conftest.c >&5
configure:7259: $? = 0
configure:7259: result: yes
configure:7259: checking for sys/stat.h
configure:7259: mipsel-uclibc-gcc -c   conftest.c >&5
configure:7259: $? = 0
configure:7259: result: yes
configure:7259: checking for stdlib.h
configure:7259: mipsel-uclibc-gcc -c   conftest.c >&5
configure:7259: $? = 0
configure:7259: result: yes
configure:7259: checking for string.h
configure:7259: mipsel-uclibc-gcc -c   conftest.c >&5
configure:7259: $? = 0
configure:7259: result: yes
configure:7259: checking for memory.h
configure:7259: mipsel-uclibc-gcc -c   conftest.c >&5
configure:7259: $? = 0
configure:7259: result: yes
configure:7259: checking for strings.h
configure:7259: mipsel-uclibc-gcc -c   conftest.c >&5
configure:7259: $? = 0
configure:7259: result: yes
configure:7259: checking for inttypes.h
configure:7259: mipsel-uclibc-gcc -c   conftest.c >&5
configure:7259: $? = 0
configure:7259: result: yes
configure:7259: checking for stdint.h
configure:7259: mipsel-uclibc-gcc -c   conftest.c >&5
configure:7259: $? = 0
configure:7259: result: yes
configure:7259: checking for unistd.h
configure:7259: mipsel-uclibc-gcc -c   conftest.c >&5
configure:7259: $? = 0
configure:7259: result: yes
configure:7274: checking for dlfcn.h
configure:7274: mipsel-uclibc-gcc -c   conftest.c >&5
configure:7274: $? = 0
configure:7274: result: yes
configure:7458: checking for objdir
configure:7473: result: .libs
configure:7769: checking if mipsel-uclibc-gcc supports -fno-rtti -fno-exceptions
configure:7787: mipsel-uclibc-gcc -c   -fno-rtti -fno-exceptions conftest.c >&5
cc1: warning: command line option "-fno-rtti" is valid for C++/ObjC++ but not for C
configure:7791: $? = 0
configure:7804: result: no
configure:7824: checking for mipsel-uclibc-gcc option to produce PIC
configure:8096: result: -fPIC -DPIC
configure:8108: checking if mipsel-uclibc-gcc PIC flag -fPIC -DPIC works
configure:8126: mipsel-uclibc-gcc -c   -fPIC -DPIC -DPIC conftest.c >&5
configure:8130: $? = 0
configure:8143: result: yes
configure:8167: checking if mipsel-uclibc-gcc static flag -static works
configure:8195: result: yes
configure:8210: checking if mipsel-uclibc-gcc supports -c -o file.o
configure:8231: mipsel-uclibc-gcc -c   -o out/conftest2.o conftest.c >&5
configure:8235: $? = 0
configure:8257: result: yes
configure:8265: checking if mipsel-uclibc-gcc supports -c -o file.o
configure:8312: result: yes
configure:8345: checking whether the mipsel-uclibc-gcc linker (mipsel-uclibc-ld) supports shared libraries
configure:9331: result: yes
configure:9368: checking whether -lc should be explicitly linked in
configure:9373: mipsel-uclibc-gcc -c   conftest.c >&5
configure:9376: $? = 0
configure:9391: mipsel-uclibc-gcc -shared conftest.o  -v -Wl,-soname -Wl,conftest -o conftest 2\>\&1 \| /bin/grep  -lc  \>/dev/null 2\>\&1
configure:9394: $? = 0
configure:9406: result: no
configure:9570: checking dynamic linker characteristics
configure:10003: mipsel-uclibc-gcc -o conftest    -Wl,-rpath -Wl,/foo conftest.c  >&5
configure:10003: $? = 0
configure:10224: result: GNU/Linux ld.so
configure:10326: checking how to hardcode library paths into programs
configure:10351: result: immediate
configure:10871: checking whether stripping libraries is possible
configure:10876: result: yes
configure:10911: checking if libtool supports shared libraries
configure:10913: result: yes
configure:10916: checking whether to build shared libraries
configure:10937: result: yes
configure:10940: checking whether to build static libraries
configure:10944: result: yes
configure:10982: checking whether to enable maintainer-specific portions of Makefiles
configure:10991: result: no
configure:11007: checking sys/mman.h usability
configure:11007: mipsel-uclibc-gcc -c   conftest.c >&5
configure:11007: $? = 0
configure:11007: result: yes
configure:11007: checking sys/mman.h presence
configure:11007: mipsel-uclibc-gcc -E  conftest.c
configure:11007: $? = 0
configure:11007: result: yes
configure:11007: checking for sys/mman.h
configure:11007: result: yes
configure:11019: checking for mmap
configure:11019: mipsel-uclibc-gcc -o conftest    conftest.c  >&5
configure:11019: $? = 0
configure:11019: result: yes
configure:11029: checking for sys/mman.h
configure:11029: result: yes
configure:11037: checking for mmap
configure:11037: result: yes
configure:11050: checking whether read-only mmap of a plain file works
configure:11067: result: yes
configure:11069: checking whether mmap from /dev/zero works
configure:11091: result: yes
configure:11095: checking for MAP_ANON(YMOUS)
configure:11118: mipsel-uclibc-gcc -c   conftest.c >&5
configure:11118: $? = 0
configure:11125: result: yes
configure:11131: checking whether mmap with MAP_ANON(YMOUS) works
configure:11148: result: yes
configure:11526: checking for ANSI C header files
configure:11630: result: yes
configure:11640: checking for memcpy
configure:11640: mipsel-uclibc-gcc -o conftest    conftest.c  >&5
conftest.c:52: warning: conflicting types for built-in function 'memcpy'
configure:11640: $? = 0
configure:11640: result: yes
configure:11651: checking for working alloca.h
configure:11668: mipsel-uclibc-gcc -o conftest    conftest.c  >&5
configure:11668: $? = 0
configure:11676: result: yes
configure:11684: checking for alloca
configure:11721: mipsel-uclibc-gcc -o conftest    conftest.c  >&5
configure:11721: $? = 0
configure:11729: result: yes
configure:11844: checking size of double
configure:11849: mipsel-uclibc-gcc -c   conftest.c >&5
configure:11849: $? = 0
configure:11849: mipsel-uclibc-gcc -c   conftest.c >&5
conftest.c: In function 'main':
conftest.c:68: error: size of array 'test_array' is negative
configure:11849: $? = 1
configure: failed program was:
| /* confdefs.h */
| #define PACKAGE_NAME "libffi"
| #define PACKAGE_TARNAME "libffi"
| #define PACKAGE_VERSION "3.0.10rc0"
| #define PACKAGE_STRING "libffi 3.0.10rc0"
| #define PACKAGE_BUGREPORT "http://gcc.gnu.org/bugs.html"
| #define PACKAGE_URL ""
| #define PACKAGE "libffi"
| #define VERSION "3.0.10rc0"
| #define STDC_HEADERS 1
| #define HAVE_SYS_TYPES_H 1
| #define HAVE_SYS_STAT_H 1
| #define HAVE_STDLIB_H 1
| #define HAVE_STRING_H 1
| #define HAVE_MEMORY_H 1
| #define HAVE_STRINGS_H 1
| #define HAVE_INTTYPES_H 1
| #define HAVE_STDINT_H 1
| #define HAVE_UNISTD_H 1
| #define HAVE_DLFCN_H 1
| #define LT_OBJDIR ".libs/"
| #define HAVE_SYS_MMAN_H 1
| #define HAVE_MMAP 1
| #define HAVE_MMAP_FILE 1
| #define HAVE_MMAP_DEV_ZERO 1
| #define HAVE_MMAP_ANON 1
| #define STDC_HEADERS 1
| #define HAVE_MEMCPY 1
| #define HAVE_ALLOCA_H 1
| #define HAVE_ALLOCA 1
| /* end confdefs.h.  */
| #include <stdio.h>
| #ifdef HAVE_SYS_TYPES_H
| # include <sys/types.h>
| #endif
| #ifdef HAVE_SYS_STAT_H
| # include <sys/stat.h>
| #endif
| #ifdef STDC_HEADERS
| # include <stdlib.h>
| # include <stddef.h>
| #else
| # ifdef HAVE_STDLIB_H
| #  include <stdlib.h>
| # endif
| #endif
| #ifdef HAVE_STRING_H
| # if !defined STDC_HEADERS && defined HAVE_MEMORY_H
| #  include <memory.h>
| # endif
| # include <string.h>
| #endif
| #ifdef HAVE_STRINGS_H
| # include <strings.h>
| #endif
| #ifdef HAVE_INTTYPES_H
| # include <inttypes.h>
| #endif
| #ifdef HAVE_STDINT_H
| # include <stdint.h>
| #endif
| #ifdef HAVE_UNISTD_H
| # include <unistd.h>
| #endif
| int
| main ()
| {
| static int test_array [1 - 2 * !(((long int) (sizeof (double))) <= 0)];
| test_array [0] = 0
| 
|   ;
|   return 0;
| }
configure:11849: mipsel-uclibc-gcc -c   conftest.c >&5
conftest.c: In function 'main':
conftest.c:68: error: size of array 'test_array' is negative
configure:11849: $? = 1
configure: failed program was:
| /* confdefs.h */
| #define PACKAGE_NAME "libffi"
| #define PACKAGE_TARNAME "libffi"
| #define PACKAGE_VERSION "3.0.10rc0"
| #define PACKAGE_STRING "libffi 3.0.10rc0"
| #define PACKAGE_BUGREPORT "http://gcc.gnu.org/bugs.html"
| #define PACKAGE_URL ""
| #define PACKAGE "libffi"
| #define VERSION "3.0.10rc0"
| #define STDC_HEADERS 1
| #define HAVE_SYS_TYPES_H 1
| #define HAVE_SYS_STAT_H 1
| #define HAVE_STDLIB_H 1
| #define HAVE_STRING_H 1
| #define HAVE_MEMORY_H 1
| #define HAVE_STRINGS_H 1
| #define HAVE_INTTYPES_H 1
| #define HAVE_STDINT_H 1
| #define HAVE_UNISTD_H 1
| #define HAVE_DLFCN_H 1
| #define LT_OBJDIR ".libs/"
| #define HAVE_SYS_MMAN_H 1
| #define HAVE_MMAP 1
| #define HAVE_MMAP_FILE 1
| #define HAVE_MMAP_DEV_ZERO 1
| #define HAVE_MMAP_ANON 1
| #define STDC_HEADERS 1
| #define HAVE_MEMCPY 1
| #define HAVE_ALLOCA_H 1
| #define HAVE_ALLOCA 1
| /* end confdefs.h.  */
| #include <stdio.h>
| #ifdef HAVE_SYS_TYPES_H
| # include <sys/types.h>
| #endif
| #ifdef HAVE_SYS_STAT_H
| # include <sys/stat.h>
| #endif
| #ifdef STDC_HEADERS
| # include <stdlib.h>
| # include <stddef.h>
| #else
| # ifdef HAVE_STDLIB_H
| #  include <stdlib.h>
| # endif
| #endif
| #ifdef HAVE_STRING_H
| # if !defined STDC_HEADERS && defined HAVE_MEMORY_H
| #  include <memory.h>
| # endif
| # include <string.h>
| #endif
| #ifdef HAVE_STRINGS_H
| # include <strings.h>
| #endif
| #ifdef HAVE_INTTYPES_H
| # include <inttypes.h>
| #endif
| #ifdef HAVE_STDINT_H
| # include <stdint.h>
| #endif
| #ifdef HAVE_UNISTD_H
| # include <unistd.h>
| #endif
| int
| main ()
| {
| static int test_array [1 - 2 * !(((long int) (sizeof (double))) <= 1)];
| test_array [0] = 0
| 
|   ;
|   return 0;
| }
configure:11849: mipsel-uclibc-gcc -c   conftest.c >&5
conftest.c: In function 'main':
conftest.c:68: error: size of array 'test_array' is negative
configure:11849: $? = 1
configure: failed program was:
| /* confdefs.h */
| #define PACKAGE_NAME "libffi"
| #define PACKAGE_TARNAME "libffi"
| #define PACKAGE_VERSION "3.0.10rc0"
| #define PACKAGE_STRING "libffi 3.0.10rc0"
| #define PACKAGE_BUGREPORT "http://gcc.gnu.org/bugs.html"
| #define PACKAGE_URL ""
| #define PACKAGE "libffi"
| #define VERSION "3.0.10rc0"
| #define STDC_HEADERS 1
| #define HAVE_SYS_TYPES_H 1
| #define HAVE_SYS_STAT_H 1
| #define HAVE_STDLIB_H 1
| #define HAVE_STRING_H 1
| #define HAVE_MEMORY_H 1
| #define HAVE_STRINGS_H 1
| #define HAVE_INTTYPES_H 1
| #define HAVE_STDINT_H 1
| #define HAVE_UNISTD_H 1
| #define HAVE_DLFCN_H 1
| #define LT_OBJDIR ".libs/"
| #define HAVE_SYS_MMAN_H 1
| #define HAVE_MMAP 1
| #define HAVE_MMAP_FILE 1
| #define HAVE_MMAP_DEV_ZERO 1
| #define HAVE_MMAP_ANON 1
| #define STDC_HEADERS 1
| #define HAVE_MEMCPY 1
| #define HAVE_ALLOCA_H 1
| #define HAVE_ALLOCA 1
| /* end confdefs.h.  */
| #include <stdio.h>
| #ifdef HAVE_SYS_TYPES_H
| # include <sys/types.h>
| #endif
| #ifdef HAVE_SYS_STAT_H
| # include <sys/stat.h>
| #endif
| #ifdef STDC_HEADERS
| # include <stdlib.h>
| # include <stddef.h>
| #else
| # ifdef HAVE_STDLIB_H
| #  include <stdlib.h>
| # endif
| #endif
| #ifdef HAVE_STRING_H
| # if !defined STDC_HEADERS && defined HAVE_MEMORY_H
| #  include <memory.h>
| # endif
| # include <string.h>
| #endif
| #ifdef HAVE_STRINGS_H
| # include <strings.h>
| #endif
| #ifdef HAVE_INTTYPES_H
| # include <inttypes.h>
| #endif
| #ifdef HAVE_STDINT_H
| # include <stdint.h>
| #endif
| #ifdef HAVE_UNISTD_H
| # include <unistd.h>
| #endif
| int
| main ()
| {
| static int test_array [1 - 2 * !(((long int) (sizeof (double))) <= 3)];
| test_array [0] = 0
| 
|   ;
|   return 0;
| }
configure:11849: mipsel-uclibc-gcc -c   conftest.c >&5
conftest.c: In function 'main':
conftest.c:68: error: size of array 'test_array' is negative
configure:11849: $? = 1
configure: failed program was:
| /* confdefs.h */
| #define PACKAGE_NAME "libffi"
| #define PACKAGE_TARNAME "libffi"
| #define PACKAGE_VERSION "3.0.10rc0"
| #define PACKAGE_STRING "libffi 3.0.10rc0"
| #define PACKAGE_BUGREPORT "http://gcc.gnu.org/bugs.html"
| #define PACKAGE_URL ""
| #define PACKAGE "libffi"
| #define VERSION "3.0.10rc0"
| #define STDC_HEADERS 1
| #define HAVE_SYS_TYPES_H 1
| #define HAVE_SYS_STAT_H 1
| #define HAVE_STDLIB_H 1
| #define HAVE_STRING_H 1
| #define HAVE_MEMORY_H 1
| #define HAVE_STRINGS_H 1
| #define HAVE_INTTYPES_H 1
| #define HAVE_STDINT_H 1
| #define HAVE_UNISTD_H 1
| #define HAVE_DLFCN_H 1
| #define LT_OBJDIR ".libs/"
| #define HAVE_SYS_MMAN_H 1
| #define HAVE_MMAP 1
| #define HAVE_MMAP_FILE 1
| #define HAVE_MMAP_DEV_ZERO 1
| #define HAVE_MMAP_ANON 1
| #define STDC_HEADERS 1
| #define HAVE_MEMCPY 1
| #define HAVE_ALLOCA_H 1
| #define HAVE_ALLOCA 1
| /* end confdefs.h.  */
| #include <stdio.h>
| #ifdef HAVE_SYS_TYPES_H
| # include <sys/types.h>
| #endif
| #ifdef HAVE_SYS_STAT_H
| # include <sys/stat.h>
| #endif
| #ifdef STDC_HEADERS
| # include <stdlib.h>
| # include <stddef.h>
| #else
| # ifdef HAVE_STDLIB_H
| #  include <stdlib.h>
| # endif
| #endif
| #ifdef HAVE_STRING_H
| # if !defined STDC_HEADERS && defined HAVE_MEMORY_H
| #  include <memory.h>
| # endif
| # include <string.h>
| #endif
| #ifdef HAVE_STRINGS_H
| # include <strings.h>
| #endif
| #ifdef HAVE_INTTYPES_H
| # include <inttypes.h>
| #endif
| #ifdef HAVE_STDINT_H
| # include <stdint.h>
| #endif
| #ifdef HAVE_UNISTD_H
| # include <unistd.h>
| #endif
| int
| main ()
| {
| static int test_array [1 - 2 * !(((long int) (sizeof (double))) <= 7)];
| test_array [0] = 0
| 
|   ;
|   return 0;
| }
configure:11849: mipsel-uclibc-gcc -c   conftest.c >&5
configure:11849: $? = 0
configure:11849: mipsel-uclibc-gcc -c   conftest.c >&5
configure:11849: $? = 0
configure:11849: mipsel-uclibc-gcc -c   conftest.c >&5
configure:11849: $? = 0
configure:11849: mipsel-uclibc-gcc -c   conftest.c >&5
configure:11849: $? = 0
configure:11864: result: 8
configure:11878: checking size of long double
configure:11883: mipsel-uclibc-gcc -c   conftest.c >&5
configure:11883: $? = 0
configure:11883: mipsel-uclibc-gcc -c   conftest.c >&5
conftest.c: In function 'main':
conftest.c:69: error: size of array 'test_array' is negative
configure:11883: $? = 1
configure: failed program was:
| /* confdefs.h */
| #define PACKAGE_NAME "libffi"
| #define PACKAGE_TARNAME "libffi"
| #define PACKAGE_VERSION "3.0.10rc0"
| #define PACKAGE_STRING "libffi 3.0.10rc0"
| #define PACKAGE_BUGREPORT "http://gcc.gnu.org/bugs.html"
| #define PACKAGE_URL ""
| #define PACKAGE "libffi"
| #define VERSION "3.0.10rc0"
| #define STDC_HEADERS 1
| #define HAVE_SYS_TYPES_H 1
| #define HAVE_SYS_STAT_H 1
| #define HAVE_STDLIB_H 1
| #define HAVE_STRING_H 1
| #define HAVE_MEMORY_H 1
| #define HAVE_STRINGS_H 1
| #define HAVE_INTTYPES_H 1
| #define HAVE_STDINT_H 1
| #define HAVE_UNISTD_H 1
| #define HAVE_DLFCN_H 1
| #define LT_OBJDIR ".libs/"
| #define HAVE_SYS_MMAN_H 1
| #define HAVE_MMAP 1
| #define HAVE_MMAP_FILE 1
| #define HAVE_MMAP_DEV_ZERO 1
| #define HAVE_MMAP_ANON 1
| #define STDC_HEADERS 1
| #define HAVE_MEMCPY 1
| #define HAVE_ALLOCA_H 1
| #define HAVE_ALLOCA 1
| #define SIZEOF_DOUBLE 8
| /* end confdefs.h.  */
| #include <stdio.h>
| #ifdef HAVE_SYS_TYPES_H
| # include <sys/types.h>
| #endif
| #ifdef HAVE_SYS_STAT_H
| # include <sys/stat.h>
| #endif
| #ifdef STDC_HEADERS
| # include <stdlib.h>
| # include <stddef.h>
| #else
| # ifdef HAVE_STDLIB_H
| #  include <stdlib.h>
| # endif
| #endif
| #ifdef HAVE_STRING_H
| # if !defined STDC_HEADERS && defined HAVE_MEMORY_H
| #  include <memory.h>
| # endif
| # include <string.h>
| #endif
| #ifdef HAVE_STRINGS_H
| # include <strings.h>
| #endif
| #ifdef HAVE_INTTYPES_H
| # include <inttypes.h>
| #endif
| #ifdef HAVE_STDINT_H
| # include <stdint.h>
| #endif
| #ifdef HAVE_UNISTD_H
| # include <unistd.h>
| #endif
| int
| main ()
| {
| static int test_array [1 - 2 * !(((long int) (sizeof (long double))) <= 0)];
| test_array [0] = 0
| 
|   ;
|   return 0;
| }
configure:11883: mipsel-uclibc-gcc -c   conftest.c >&5
conftest.c: In function 'main':
conftest.c:69: error: size of array 'test_array' is negative
configure:11883: $? = 1
configure: failed program was:
| /* confdefs.h */
| #define PACKAGE_NAME "libffi"
| #define PACKAGE_TARNAME "libffi"
| #define PACKAGE_VERSION "3.0.10rc0"
| #define PACKAGE_STRING "libffi 3.0.10rc0"
| #define PACKAGE_BUGREPORT "http://gcc.gnu.org/bugs.html"
| #define PACKAGE_URL ""
| #define PACKAGE "libffi"
| #define VERSION "3.0.10rc0"
| #define STDC_HEADERS 1
| #define HAVE_SYS_TYPES_H 1
| #define HAVE_SYS_STAT_H 1
| #define HAVE_STDLIB_H 1
| #define HAVE_STRING_H 1
| #define HAVE_MEMORY_H 1
| #define HAVE_STRINGS_H 1
| #define HAVE_INTTYPES_H 1
| #define HAVE_STDINT_H 1
| #define HAVE_UNISTD_H 1
| #define HAVE_DLFCN_H 1
| #define LT_OBJDIR ".libs/"
| #define HAVE_SYS_MMAN_H 1
| #define HAVE_MMAP 1
| #define HAVE_MMAP_FILE 1
| #define HAVE_MMAP_DEV_ZERO 1
| #define HAVE_MMAP_ANON 1
| #define STDC_HEADERS 1
| #define HAVE_MEMCPY 1
| #define HAVE_ALLOCA_H 1
| #define HAVE_ALLOCA 1
| #define SIZEOF_DOUBLE 8
| /* end confdefs.h.  */
| #include <stdio.h>
| #ifdef HAVE_SYS_TYPES_H
| # include <sys/types.h>
| #endif
| #ifdef HAVE_SYS_STAT_H
| # include <sys/stat.h>
| #endif
| #ifdef STDC_HEADERS
| # include <stdlib.h>
| # include <stddef.h>
| #else
| # ifdef HAVE_STDLIB_H
| #  include <stdlib.h>
| # endif
| #endif
| #ifdef HAVE_STRING_H
| # if !defined STDC_HEADERS && defined HAVE_MEMORY_H
| #  include <memory.h>
| # endif
| # include <string.h>
| #endif
| #ifdef HAVE_STRINGS_H
| # include <strings.h>
| #endif
| #ifdef HAVE_INTTYPES_H
| # include <inttypes.h>
| #endif
| #ifdef HAVE_STDINT_H
| # include <stdint.h>
| #endif
| #ifdef HAVE_UNISTD_H
| # include <unistd.h>
| #endif
| int
| main ()
| {
| static int test_array [1 - 2 * !(((long int) (sizeof (long double))) <= 1)];
| test_array [0] = 0
| 
|   ;
|   return 0;
| }
configure:11883: mipsel-uclibc-gcc -c   conftest.c >&5
conftest.c: In function 'main':
conftest.c:69: error: size of array 'test_array' is negative
configure:11883: $? = 1
configure: failed program was:
| /* confdefs.h */
| #define PACKAGE_NAME "libffi"
| #define PACKAGE_TARNAME "libffi"
| #define PACKAGE_VERSION "3.0.10rc0"
| #define PACKAGE_STRING "libffi 3.0.10rc0"
| #define PACKAGE_BUGREPORT "http://gcc.gnu.org/bugs.html"
| #define PACKAGE_URL ""
| #define PACKAGE "libffi"
| #define VERSION "3.0.10rc0"
| #define STDC_HEADERS 1
| #define HAVE_SYS_TYPES_H 1
| #define HAVE_SYS_STAT_H 1
| #define HAVE_STDLIB_H 1
| #define HAVE_STRING_H 1
| #define HAVE_MEMORY_H 1
| #define HAVE_STRINGS_H 1
| #define HAVE_INTTYPES_H 1
| #define HAVE_STDINT_H 1
| #define HAVE_UNISTD_H 1
| #define HAVE_DLFCN_H 1
| #define LT_OBJDIR ".libs/"
| #define HAVE_SYS_MMAN_H 1
| #define HAVE_MMAP 1
| #define HAVE_MMAP_FILE 1
| #define HAVE_MMAP_DEV_ZERO 1
| #define HAVE_MMAP_ANON 1
| #define STDC_HEADERS 1
| #define HAVE_MEMCPY 1
| #define HAVE_ALLOCA_H 1
| #define HAVE_ALLOCA 1
| #define SIZEOF_DOUBLE 8
| /* end confdefs.h.  */
| #include <stdio.h>
| #ifdef HAVE_SYS_TYPES_H
| # include <sys/types.h>
| #endif
| #ifdef HAVE_SYS_STAT_H
| # include <sys/stat.h>
| #endif
| #ifdef STDC_HEADERS
| # include <stdlib.h>
| # include <stddef.h>
| #else
| # ifdef HAVE_STDLIB_H
| #  include <stdlib.h>
| # endif
| #endif
| #ifdef HAVE_STRING_H
| # if !defined STDC_HEADERS && defined HAVE_MEMORY_H
| #  include <memory.h>
| # endif
| # include <string.h>
| #endif
| #ifdef HAVE_STRINGS_H
| # include <strings.h>
| #endif
| #ifdef HAVE_INTTYPES_H
| # include <inttypes.h>
| #endif
| #ifdef HAVE_STDINT_H
| # include <stdint.h>
| #endif
| #ifdef HAVE_UNISTD_H
| # include <unistd.h>
| #endif
| int
| main ()
| {
| static int test_array [1 - 2 * !(((long int) (sizeof (long double))) <= 3)];
| test_array [0] = 0
| 
|   ;
|   return 0;
| }
configure:11883: mipsel-uclibc-gcc -c   conftest.c >&5
conftest.c: In function 'main':
conftest.c:69: error: size of array 'test_array' is negative
configure:11883: $? = 1
configure: failed program was:
| /* confdefs.h */
| #define PACKAGE_NAME "libffi"
| #define PACKAGE_TARNAME "libffi"
| #define PACKAGE_VERSION "3.0.10rc0"
| #define PACKAGE_STRING "libffi 3.0.10rc0"
| #define PACKAGE_BUGREPORT "http://gcc.gnu.org/bugs.html"
| #define PACKAGE_URL ""
| #define PACKAGE "libffi"
| #define VERSION "3.0.10rc0"
| #define STDC_HEADERS 1
| #define HAVE_SYS_TYPES_H 1
| #define HAVE_SYS_STAT_H 1
| #define HAVE_STDLIB_H 1
| #define HAVE_STRING_H 1
| #define HAVE_MEMORY_H 1
| #define HAVE_STRINGS_H 1
| #define HAVE_INTTYPES_H 1
| #define HAVE_STDINT_H 1
| #define HAVE_UNISTD_H 1
| #define HAVE_DLFCN_H 1
| #define LT_OBJDIR ".libs/"
| #define HAVE_SYS_MMAN_H 1
| #define HAVE_MMAP 1
| #define HAVE_MMAP_FILE 1
| #define HAVE_MMAP_DEV_ZERO 1
| #define HAVE_MMAP_ANON 1
| #define STDC_HEADERS 1
| #define HAVE_MEMCPY 1
| #define HAVE_ALLOCA_H 1
| #define HAVE_ALLOCA 1
| #define SIZEOF_DOUBLE 8
| /* end confdefs.h.  */
| #include <stdio.h>
| #ifdef HAVE_SYS_TYPES_H
| # include <sys/types.h>
| #endif
| #ifdef HAVE_SYS_STAT_H
| # include <sys/stat.h>
| #endif
| #ifdef STDC_HEADERS
| # include <stdlib.h>
| # include <stddef.h>
| #else
| # ifdef HAVE_STDLIB_H
| #  include <stdlib.h>
| # endif
| #endif
| #ifdef HAVE_STRING_H
| # if !defined STDC_HEADERS && defined HAVE_MEMORY_H
| #  include <memory.h>
| # endif
| # include <string.h>
| #endif
| #ifdef HAVE_STRINGS_H
| # include <strings.h>
| #endif
| #ifdef HAVE_INTTYPES_H
| # include <inttypes.h>
| #endif
| #ifdef HAVE_STDINT_H
| # include <stdint.h>
| #endif
| #ifdef HAVE_UNISTD_H
| # include <unistd.h>
| #endif
| int
| main ()
| {
| static int test_array [1 - 2 * !(((long int) (sizeof (long double))) <= 7)];
| test_array [0] = 0
| 
|   ;
|   return 0;
| }
configure:11883: mipsel-uclibc-gcc -c   conftest.c >&5
configure:11883: $? = 0
configure:11883: mipsel-uclibc-gcc -c   conftest.c >&5
configure:11883: $? = 0
configure:11883: mipsel-uclibc-gcc -c   conftest.c >&5
configure:11883: $? = 0
configure:11883: mipsel-uclibc-gcc -c   conftest.c >&5
configure:11883: $? = 0
configure:11898: result: 8
configure:11923: checking whether byte ordering is bigendian
configure:11938: mipsel-uclibc-gcc -c   conftest.c >&5
conftest.c:35: error: expected '=', ',', ';', 'asm' or '__attribute__' before 'a'
configure:11938: $? = 1
configure: failed program was:
| /* confdefs.h */
| #define PACKAGE_NAME "libffi"
| #define PACKAGE_TARNAME "libffi"
| #define PACKAGE_VERSION "3.0.10rc0"
| #define PACKAGE_STRING "libffi 3.0.10rc0"
| #define PACKAGE_BUGREPORT "http://gcc.gnu.org/bugs.html"
| #define PACKAGE_URL ""
| #define PACKAGE "libffi"
| #define VERSION "3.0.10rc0"
| #define STDC_HEADERS 1
| #define HAVE_SYS_TYPES_H 1
| #define HAVE_SYS_STAT_H 1
| #define HAVE_STDLIB_H 1
| #define HAVE_STRING_H 1
| #define HAVE_MEMORY_H 1
| #define HAVE_STRINGS_H 1
| #define HAVE_INTTYPES_H 1
| #define HAVE_STDINT_H 1
| #define HAVE_UNISTD_H 1
| #define HAVE_DLFCN_H 1
| #define LT_OBJDIR ".libs/"
| #define HAVE_SYS_MMAN_H 1
| #define HAVE_MMAP 1
| #define HAVE_MMAP_FILE 1
| #define HAVE_MMAP_DEV_ZERO 1
| #define HAVE_MMAP_ANON 1
| #define STDC_HEADERS 1
| #define HAVE_MEMCPY 1
| #define HAVE_ALLOCA_H 1
| #define HAVE_ALLOCA 1
| #define SIZEOF_DOUBLE 8
| #define SIZEOF_LONG_DOUBLE 8
| /* end confdefs.h.  */
| #ifndef __APPLE_CC__
| 	       not a universal capable compiler
| 	     #endif
| 	     typedef int dummy;
| 
configure:11983: mipsel-uclibc-gcc -c   conftest.c >&5
configure:11983: $? = 0
configure:12001: mipsel-uclibc-gcc -c   conftest.c >&5
conftest.c: In function 'main':
conftest.c:41: error: 'not' undeclared (first use in this function)
conftest.c:41: error: (Each undeclared identifier is reported only once
conftest.c:41: error: for each function it appears in.)
conftest.c:41: error: expected ';' before 'big'
configure:12001: $? = 1
configure: failed program was:
| /* confdefs.h */
| #define PACKAGE_NAME "libffi"
| #define PACKAGE_TARNAME "libffi"
| #define PACKAGE_VERSION "3.0.10rc0"
| #define PACKAGE_STRING "libffi 3.0.10rc0"
| #define PACKAGE_BUGREPORT "http://gcc.gnu.org/bugs.html"
| #define PACKAGE_URL ""
| #define PACKAGE "libffi"
| #define VERSION "3.0.10rc0"
| #define STDC_HEADERS 1
| #define HAVE_SYS_TYPES_H 1
| #define HAVE_SYS_STAT_H 1
| #define HAVE_STDLIB_H 1
| #define HAVE_STRING_H 1
| #define HAVE_MEMORY_H 1
| #define HAVE_STRINGS_H 1
| #define HAVE_INTTYPES_H 1
| #define HAVE_STDINT_H 1
| #define HAVE_UNISTD_H 1
| #define HAVE_DLFCN_H 1
| #define LT_OBJDIR ".libs/"
| #define HAVE_SYS_MMAN_H 1
| #define HAVE_MMAP 1
| #define HAVE_MMAP_FILE 1
| #define HAVE_MMAP_DEV_ZERO 1
| #define HAVE_MMAP_ANON 1
| #define STDC_HEADERS 1
| #define HAVE_MEMCPY 1
| #define HAVE_ALLOCA_H 1
| #define HAVE_ALLOCA 1
| #define SIZEOF_DOUBLE 8
| #define SIZEOF_LONG_DOUBLE 8
| /* end confdefs.h.  */
| #include <sys/types.h>
| 		#include <sys/param.h>
| 
| int
| main ()
| {
| #if BYTE_ORDER != BIG_ENDIAN
| 		 not big endian
| 		#endif
| 
|   ;
|   return 0;
| }
configure:12129: result: no
configure:12148: checking assembler .cfi pseudo-op support
configure:12166: mipsel-uclibc-gcc -c   conftest.c >&5
configure:12166: $? = 0
configure:12174: result: yes
configure:12289: checking whether .eh_frame section should be read-only
configure:12308: result: no
configure:12323: checking for __attribute__((visibility("hidden")))
configure:12332: mipsel-uclibc-gcc -Werror -S conftest.c -o conftest.s 1>&5
configure:12335: $? = 0
configure:12344: result: yes
configure:12673: creating ./config.status

## ---------------------- ##
## Running config.status. ##
## ---------------------- ##

This file was extended by libffi config.status 3.0.10rc0, which was
generated by GNU Autoconf 2.65.  Invocation command line was

  CONFIG_FILES    = 
  CONFIG_HEADERS  = 
  CONFIG_LINKS    = 
  CONFIG_COMMANDS = 
  $ ./config.status 

on hhlinux1

config.status:1166: creating include/Makefile
config.status:1166: creating include/ffi.h
config.status:1166: creating Makefile
config.status:1166: creating testsuite/Makefile
config.status:1166: creating man/Makefile
config.status:1166: creating libffi.pc
config.status:1166: creating fficonfig.py
config.status:1166: creating fficonfig.h
config.status:1391: linking /raid1/tomato/tomato.git/release.ar.wp/src-rt/router/python/Modules/_ctypes/libffi/src/mips/ffitarget.h to include/ffitarget.h
config.status:1391: linking /raid1/tomato/tomato.git/release.ar.wp/src-rt/router/python/Modules/_ctypes/libffi/include/ffi_common.h to include/ffi_common.h
config.status:1410: executing depfiles commands
config.status:1410: executing libtool commands
config.status:1410: executing include commands
config.status:1410: executing src commands

## ---------------- ##
## Cache variables. ##
## ---------------- ##

ac_cv_build=x86_64-pc-linux-gnu
ac_cv_c_bigendian=no
ac_cv_c_compiler_gnu=yes
ac_cv_decl_map_anon=yes
ac_cv_env_CCASFLAGS_set=
ac_cv_env_CCASFLAGS_value=
ac_cv_env_CCAS_set=
ac_cv_env_CCAS_value=
ac_cv_env_CPPFLAGS_set=
ac_cv_env_CPPFLAGS_value=
ac_cv_env_CPP_set=
ac_cv_env_CPP_value=
ac_cv_env_build_alias_set=set
ac_cv_env_build_alias_value=x86_64-linux-gnu
ac_cv_env_host_alias_set=set
ac_cv_env_host_alias_value=mipsel-linux
ac_cv_env_target_alias_set=
ac_cv_env_target_alias_value=
ac_cv_func_alloca_works=yes
ac_cv_func_malloc_0_nonnull=yes
ac_cv_func_memcpy=yes
ac_cv_func_mmap=yes
ac_cv_func_mmap_anon=yes
ac_cv_func_mmap_dev_zero=yes
ac_cv_func_mmap_file=yes
ac_cv_header_dlfcn_h=yes
ac_cv_header_inttypes_h=yes
ac_cv_header_memory_h=yes
ac_cv_header_stdc=yes
ac_cv_header_stdint_h=yes
ac_cv_header_stdlib_h=yes
ac_cv_header_string_h=yes
ac_cv_header_strings_h=yes
ac_cv_header_sys_mman_h=yes
ac_cv_header_sys_stat_h=yes
ac_cv_header_sys_types_h=yes
ac_cv_header_unistd_h=yes
ac_cv_host=mipsel-unknown-linux-gnu
ac_cv_objext=o
ac_cv_path_EGREP='/bin/grep -E'
ac_cv_path_FGREP='/bin/grep -F'
ac_cv_path_GREP=/bin/grep
ac_cv_path_SED=/bin/sed
ac_cv_path_install='/usr/bin/install -c'
ac_cv_path_mkdir=/bin/mkdir
ac_cv_prog_AR=mipsel-uclibc-ar
ac_cv_prog_AWK=gawk
ac_cv_prog_CC=mipsel-uclibc-gcc
ac_cv_prog_CPP='mipsel-uclibc-gcc -E'
ac_cv_prog_OBJDUMP=mipsel-linux-objdump
ac_cv_prog_RANLIB=mipsel-uclibc-ranlib
ac_cv_prog_STRIP='mipsel-uclibc-strip -R .note -R .comment'
ac_cv_prog_cc_c89=
ac_cv_prog_cc_g=yes
ac_cv_prog_cc_mipsel_uclibc_gcc_c_o=yes
ac_cv_prog_make_make_set=yes
ac_cv_sizeof_double=8
ac_cv_sizeof_long_double=8
ac_cv_target=mipsel-unknown-linux-gnu
ac_cv_working_alloca_h=yes
am_cv_CCAS_dependencies_compiler_type=gcc3
am_cv_CC_dependencies_compiler_type=gcc3
libffi_cv_as_cfi_pseudo_op=yes
libffi_cv_hidden_visibility_attribute=yes
libffi_cv_ro_eh_frame=no
lt_cv_deplibs_check_method=pass_all
lt_cv_file_magic_cmd='$MAGIC_CMD'
lt_cv_file_magic_test_file=
lt_cv_ld_reload_flag=-r
lt_cv_nm_interface='BSD nm'
lt_cv_objdir=.libs
lt_cv_path_LD=mipsel-uclibc-ld
lt_cv_path_NM=mipsel-uclibc-nm
lt_cv_prog_compiler_c_o=yes
lt_cv_prog_compiler_pic_works=yes
lt_cv_prog_compiler_rtti_exceptions=no
lt_cv_prog_compiler_static_works=yes
lt_cv_prog_gnu_ld=yes
lt_cv_sys_global_symbol_pipe='sed -n -e '\''s/^.*[	 ]\([ABCDGIRSTW][ABCDGIRSTW]*\)[	 ][	 ]*\([_A-Za-z][_A-Za-z0-9]*\)$/\1 \2 \2/p'\'''
lt_cv_sys_global_symbol_to_c_name_address='sed -n -e '\''s/^: \([^ ]*\) $/  {\"\1\", (void *) 0},/p'\'' -e '\''s/^[ABCDGIRSTW]* \([^ ]*\) \([^ ]*\)$/  {"\2", (void *) \&\2},/p'\'''
lt_cv_sys_global_symbol_to_c_name_address_lib_prefix='sed -n -e '\''s/^: \([^ ]*\) $/  {\"\1\", (void *) 0},/p'\'' -e '\''s/^[ABCDGIRSTW]* \([^ ]*\) \(lib[^ ]*\)$/  {"\2", (void *) \&\2},/p'\'' -e '\''s/^[ABCDGIRSTW]* \([^ ]*\) \([^ ]*\)$/  {"lib\2", (void *) \&\2},/p'\'''
lt_cv_sys_global_symbol_to_cdecl='sed -n -e '\''s/^T .* \(.*\)$/extern int \1();/p'\'' -e '\''s/^[ABCDGIRSTW]* .* \(.*\)$/extern char \1;/p'\'''
lt_cv_sys_max_cmd_len=3458764513820540925

## ----------------- ##
## Output variables. ##
## ----------------- ##

ACLOCAL='${SHELL} /raid1/tomato/tomato.git/release.ar.wp/src-rt/router/python/Modules/_ctypes/libffi/missing --run aclocal-1.11'
ALLOCA=''
ALPHA_FALSE=''
ALPHA_TRUE='#'
AMDEPBACKSLASH='\'
AMDEP_FALSE='#'
AMDEP_TRUE=''
AMTAR='${SHELL} /raid1/tomato/tomato.git/release.ar.wp/src-rt/router/python/Modules/_ctypes/libffi/missing --run tar'
AM_LTLDFLAGS=''
AM_RUNTESTFLAGS=''
AR='mipsel-uclibc-ar'
ARM_FALSE=''
ARM_TRUE='#'
AUTOCONF='${SHELL} /raid1/tomato/tomato.git/release.ar.wp/src-rt/router/python/Modules/_ctypes/libffi/missing --run autoconf'
AUTOHEADER='${SHELL} /raid1/tomato/tomato.git/release.ar.wp/src-rt/router/python/Modules/_ctypes/libffi/missing --run autoheader'
AUTOMAKE='${SHELL} /raid1/tomato/tomato.git/release.ar.wp/src-rt/router/python/Modules/_ctypes/libffi/missing --run automake-1.11'
AVR32_FALSE=''
AVR32_TRUE='#'
AWK='gawk'
CC='mipsel-uclibc-gcc'
CCAS='mipsel-uclibc-gcc'
CCASDEPMODE='depmode=gcc3'
CCASFLAGS=''
CCDEPMODE='depmode=gcc3'
CFLAGS=''
CPP='mipsel-uclibc-gcc -E'
CPPFLAGS=''
CYGPATH_W='echo'
DEFS='-DHAVE_CONFIG_H'
DEPDIR='.deps'
DSYMUTIL=''
DUMPBIN=''
ECHO_C=''
ECHO_N='-n'
ECHO_T=''
EGREP='/bin/grep -E'
EXEEXT=''
FGREP='/bin/grep -F'
FRV_FALSE=''
FRV_TRUE='#'
GREP='/bin/grep'
HAVE_LONG_DOUBLE='defined(__mips64)'
IA64_FALSE=''
IA64_TRUE='#'
INSTALL_DATA='${INSTALL} -m 644'
INSTALL_PROGRAM='${INSTALL}'
INSTALL_SCRIPT='${INSTALL}'
INSTALL_STRIP_PROGRAM='$(install_sh) -c -s'
LD='mipsel-uclibc-ld'
LDFLAGS=''
LIBFFI_CRIS_FALSE=''
LIBFFI_CRIS_TRUE='#'
LIBOBJS=''
LIBS=''
LIBTOOL='$(SHELL) $(top_builddir)/libtool'
LIPO=''
LN_S='ln -s'
LTLIBOBJS=''
M32R_FALSE=''
M32R_TRUE='#'
M68K_FALSE=''
M68K_TRUE='#'
MAINT='#'
MAINTAINER_MODE_FALSE=''
MAINTAINER_MODE_TRUE='#'
MAKEINFO='${SHELL} /raid1/tomato/tomato.git/release.ar.wp/src-rt/router/python/Modules/_ctypes/libffi/missing --run makeinfo'
MIPS_FALSE='#'
MIPS_TRUE=''
MKDIR_P='/bin/mkdir -p'
NM='mipsel-uclibc-nm'
NMEDIT=''
OBJDUMP='mipsel-linux-objdump'
OBJEXT='o'
OTOOL64=''
OTOOL=''
PA64_HPUX_FALSE=''
PA64_HPUX_TRUE='#'
PACKAGE='libffi'
PACKAGE_BUGREPORT='http://gcc.gnu.org/bugs.html'
PACKAGE_NAME='libffi'
PACKAGE_STRING='libffi 3.0.10rc0'
PACKAGE_TARNAME='libffi'
PACKAGE_URL=''
PACKAGE_VERSION='3.0.10rc0'
PATH_SEPARATOR=':'
PA_HPUX_FALSE=''
PA_HPUX_TRUE='#'
PA_LINUX_FALSE=''
PA_LINUX_TRUE='#'
POWERPC_AIX_FALSE=''
POWERPC_AIX_TRUE='#'
POWERPC_DARWIN_FALSE=''
POWERPC_DARWIN_TRUE='#'
POWERPC_FALSE=''
POWERPC_FREEBSD_FALSE=''
POWERPC_FREEBSD_TRUE='#'
POWERPC_TRUE='#'
RANLIB='mipsel-uclibc-ranlib'
S390_FALSE=''
S390_TRUE='#'
SED='/bin/sed'
SET_MAKE=''
SH64_FALSE=''
SH64_TRUE='#'
SHELL='/bin/sh'
SH_FALSE=''
SH_TRUE='#'
SPARC_FALSE=''
SPARC_TRUE='#'
STRIP='mipsel-uclibc-strip -R .note -R .comment'
TARGET='MIPS_IRIX'
TARGETDIR='mips'
TESTSUBDIR_FALSE='#'
TESTSUBDIR_TRUE=''
VERSION='3.0.10rc0'
X86_64_FALSE=''
X86_64_TRUE='#'
X86_DARWIN_FALSE=''
X86_DARWIN_TRUE='#'
X86_FALSE=''
X86_FREEBSD_FALSE=''
X86_FREEBSD_TRUE='#'
X86_TRUE='#'
X86_WIN32_FALSE=''
X86_WIN32_TRUE='#'
X86_WIN64_FALSE=''
X86_WIN64_TRUE='#'
ac_ct_CC=''
ac_ct_DUMPBIN=''
am__EXEEXT_FALSE=''
am__EXEEXT_TRUE='#'
am__fastdepCCAS_FALSE='#'
am__fastdepCCAS_TRUE=''
am__fastdepCC_FALSE='#'
am__fastdepCC_TRUE=''
am__include='include'
am__isrc=' -I$(srcdir)'
am__leading_dot='.'
am__quote=''
am__tar='${AMTAR} chof - "$$tardir"'
am__untar='${AMTAR} xf -'
bindir='${exec_prefix}/bin'
build='x86_64-pc-linux-gnu'
build_alias='x86_64-linux-gnu'
build_cpu='x86_64'
build_os='linux-gnu'
build_vendor='pc'
datadir='${datarootdir}'
datarootdir='${prefix}/share'
docdir='${datarootdir}/doc/${PACKAGE_TARNAME}'
dvidir='${docdir}'
exec_prefix='${prefix}'
host='mipsel-unknown-linux-gnu'
host_alias='mipsel-linux'
host_cpu='mipsel'
host_os='linux-gnu'
host_vendor='unknown'
htmldir='${docdir}'
includedir='${prefix}/include'
infodir='${datarootdir}/info'
install_sh='${SHELL} /raid1/tomato/tomato.git/release.ar.wp/src-rt/router/python/Modules/_ctypes/libffi/install-sh'
libdir='${exec_prefix}/lib'
libexecdir='${exec_prefix}/libexec'
localedir='${datarootdir}/locale'
localstatedir='${prefix}/var'
lt_ECHO='echo'
mandir='${datarootdir}/man'
mkdir_p='/bin/mkdir -p'
oldincludedir='/usr/include'
pdfdir='${docdir}'
prefix='/usr/local'
program_transform_name='s,x,x,'
psdir='${docdir}'
sbindir='${exec_prefix}/sbin'
sharedstatedir='${prefix}/com'
sysconfdir='${prefix}/etc'
target='mipsel-unknown-linux-gnu'
target_alias='mipsel-linux'
target_cpu='mipsel'
target_os='linux-gnu'
target_vendor='unknown'
toolexecdir='$(libdir)/gcc-lib/$(target_alias)'
toolexeclibdir='$(libdir)'

## ----------- ##
## confdefs.h. ##
## ----------- ##

/* confdefs.h */
#define PACKAGE_NAME "libffi"
#define PACKAGE_TARNAME "libffi"
#define PACKAGE_VERSION "3.0.10rc0"
#define PACKAGE_STRING "libffi 3.0.10rc0"
#define PACKAGE_BUGREPORT "http://gcc.gnu.org/bugs.html"
#define PACKAGE_URL ""
#define PACKAGE "libffi"
#define VERSION "3.0.10rc0"
#define STDC_HEADERS 1
#define HAVE_SYS_TYPES_H 1
#define HAVE_SYS_STAT_H 1
#define HAVE_STDLIB_H 1
#define HAVE_STRING_H 1
#define HAVE_MEMORY_H 1
#define HAVE_STRINGS_H 1
#define HAVE_INTTYPES_H 1
#define HAVE_STDINT_H 1
#define HAVE_UNISTD_H 1
#define HAVE_DLFCN_H 1
#define LT_OBJDIR ".libs/"
#define HAVE_SYS_MMAN_H 1
#define HAVE_MMAP 1
#define HAVE_MMAP_FILE 1
#define HAVE_MMAP_DEV_ZERO 1
#define HAVE_MMAP_ANON 1
#define STDC_HEADERS 1
#define HAVE_MEMCPY 1
#define HAVE_ALLOCA_H 1
#define HAVE_ALLOCA 1
#define SIZEOF_DOUBLE 8
#define SIZEOF_LONG_DOUBLE 8
#define HAVE_AS_CFI_PSEUDO_OP 1
#define EH_FRAME_FLAGS "aw"
#define HAVE_HIDDEN_VISIBILITY_ATTRIBUTE 1

configure: exit 0
