This file contains any messages produced by compilers while
running configure, to aid debugging if configure makes a mistake.

It was created by configure, which was
generated by GNU Autoconf 2.68.  Invocation command line was

  $ ./configure --host=mipsel-linux --build=x86_64-linux-gnu --prefix=/usr glib_cv_prog_cc_ansi_proto=no glib_cv_has__inline=yes glib_cv_has__inline__=yes glib_cv_hasinline=yes glib_cv_sane_realloc=yes glib_cv_va_copy=no glib_cv___va_copy=yes glib_cv_va_val_copy=yes glib_cv_rtldglobal_broken=no glib_cv_uscore=no glib_cv_func_pthread_mutex_trylock_posix=yes glib_cv_func_pthread_cond_timedwait_posix=yes glib_cv_sizeof_gmutex=24 glib_cv_byte_contents_gmutex=0,0,0,0,0,0,0,0,0,0,0,0,0,0,0,0,0,0,0,0,0,0,0,0 glib_cv_sys_pthread_getspecific_posix=yes glib_cv_sys_pthread_mutex_trylock_posix=yes glib_cv_sys_pthread_cond_timedwait_posix=yes ac_cv_func_getpwuid_r=yes ac_cv_func_getpwuid_r_posix=yes

## --------- ##
## Platform. ##
## --------- ##

hostname = vicente-P5K-E
uname -m = x86_64
uname -r = 3.2.0-44-generic
uname -s = Linux
uname -v = #69-Ubuntu SMP Thu May 16 17:35:01 UTC 2013

/usr/bin/uname -p = unknown
/bin/uname -X     = unknown

/bin/arch              = unknown
/usr/bin/arch -k       = unknown
/usr/convex/getsysinfo = unknown
/usr/bin/hostinfo      = unknown
/bin/machine           = unknown
/usr/bin/oslevel       = unknown
/bin/universe          = unknown

PATH: /home/vicente/tomatoastman/release/tools
PATH: /home/vicente/tomatoastman/release/tools
PATH: /home/vicente/tomatoastman/release/tools
PATH: /home/vicente/tomatoastman/release/tools
PATH: /opt/brcm/hndtools-mipsel-uclibc/bin
PATH: /opt/brcm/hndtools-mipsel-linux/bin
PATH: /usr/lib/lightdm/lightdm
PATH: /usr/local/sbin
PATH: /usr/local/bin
PATH: /usr/sbin
PATH: /usr/bin
PATH: /sbin
PATH: /bin
PATH: /usr/games


## ----------- ##
## Core tests. ##
## ----------- ##

configure:2480: checking for a BSD-compatible install
configure:2548: result: /usr/bin/install -c
configure:2559: checking whether build environment is sane
configure:2609: result: yes
configure:2658: checking for mipsel-linux-strip
configure:2685: result: mipsel-uclibc-strip -R .note -R .comment
configure:2750: checking for a thread-safe mkdir -p
configure:2789: result: /bin/mkdir -p
configure:2802: checking for gawk
configure:2818: found /usr/bin/gawk
configure:2829: result: gawk
configure:2840: checking whether make sets $(MAKE)
configure:2862: result: yes
configure:2988: checking build system type
configure:3002: result: x86_64-pc-linux-gnu
configure:3022: checking host system type
configure:3035: result: mipsel-unknown-linux-gnu
configure:3076: checking how to print strings
configure:3103: result: printf
configure:3136: checking for style of include used by make
configure:3164: result: GNU
configure:3194: checking for mipsel-linux-gcc
configure:3221: result: mipsel-uclibc-gcc
configure:3490: checking for C compiler version
configure:3499: mipsel-uclibc-gcc --version >&5
mipsel-uclibc-gcc (GCC) 4.2.4
Copyright (C) 2007 Free Software Foundation, Inc.
This is free software; see the source for copying conditions.  There is NO
warranty; not even for MERCHANTABILITY or FITNESS FOR A PARTICULAR PURPOSE.

configure:3510: $? = 0
configure:3499: mipsel-uclibc-gcc -v >&5
Using built-in specs.
Target: mipsel-linux-uclibc
Configured with: /home/fedork/tomato/toolchain/build_dir/toolchain-mipsel_gcc4.2.4/gcc-4.2.4/configure --prefix=/opt/brcm/hndtools-mipsel-uclibc-4.2.4 --build=i486-linux-gnu --host=i486-linux-gnu --target=mipsel-linux-uclibc --with-gnu-ld --enable-target-optspace --disable-libgomp --disable-libmudflap --disable-multilib --disable-nls --disable-__cxa_atexit --enable-libssp --enable-languages=c,c++ --enable-shared --enable-threads --enable-tls
Thread model: posix
gcc version 4.2.4
configure:3510: $? = 0
configure:3499: mipsel-uclibc-gcc -V >&5
mipsel-uclibc-gcc: '-V' option must have argument
configure:3510: $? = 1
configure:3499: mipsel-uclibc-gcc -qversion >&5
mipsel-uclibc-gcc: unrecognized option '-qversion'
mipsel-uclibc-gcc: no input files
configure:3510: $? = 1
configure:3530: checking whether the C compiler works
configure:3552: mipsel-uclibc-gcc    conftest.c  >&5
configure:3556: $? = 0
configure:3604: result: yes
configure:3607: checking for C compiler default output file name
configure:3609: result: a.out
configure:3615: checking for suffix of executables
configure:3622: mipsel-uclibc-gcc -o conftest    conftest.c  >&5
configure:3626: $? = 0
configure:3648: result: 
configure:3670: checking whether we are cross compiling
configure:3708: result: yes
configure:3713: checking for suffix of object files
configure:3735: mipsel-uclibc-gcc -c   conftest.c >&5
configure:3739: $? = 0
configure:3760: result: o
configure:3764: checking whether we are using the GNU C compiler
configure:3783: mipsel-uclibc-gcc -c   conftest.c >&5
configure:3783: $? = 0
configure:3792: result: yes
configure:3801: checking whether mipsel-uclibc-gcc accepts -g
configure:3821: mipsel-uclibc-gcc -c -g  conftest.c >&5
configure:3821: $? = 0
configure:3862: result: yes
configure:3879: checking for mipsel-uclibc-gcc option to accept ISO C89
configure:3943: mipsel-uclibc-gcc  -c -g -O2  conftest.c >&5
configure:3943: $? = 0
configure:3956: result: none needed
configure:3978: checking dependency style of mipsel-uclibc-gcc
configure:4088: result: gcc3
configure:4103: checking for a sed that does not truncate output
configure:4167: result: /bin/sed
configure:4185: checking for grep that handles long lines and -e
configure:4243: result: /bin/grep
configure:4248: checking for egrep
configure:4310: result: /bin/grep -E
configure:4315: checking for fgrep
configure:4377: result: /bin/grep -F
configure:4412: checking for ld used by mipsel-uclibc-gcc
configure:4479: result: mipsel-uclibc-ld
configure:4486: checking if the linker (mipsel-uclibc-ld) is GNU ld
configure:4501: result: yes
configure:4513: checking for BSD- or MS-compatible name lister (nm)
configure:4562: result: mipsel-uclibc-nm
configure:4692: checking the name lister (mipsel-uclibc-nm) interface
configure:4699: mipsel-uclibc-gcc -c -g -O2  conftest.c >&5
configure:4702: mipsel-uclibc-nm "conftest.o"
configure:4705: output
00000000 B some_variable
configure:4712: result: BSD nm
configure:4715: checking whether ln -s works
configure:4719: result: yes
configure:4727: checking the maximum length of command line arguments
configure:4852: result: 3458764513820540925
configure:4869: checking whether the shell understands some XSI constructs
configure:4879: result: yes
configure:4883: checking whether the shell understands "+="
configure:4889: result: yes
configure:4924: checking how to convert x86_64-pc-linux-gnu file names to mipsel-unknown-linux-gnu format
configure:4964: result: func_convert_file_noop
configure:4971: checking how to convert x86_64-pc-linux-gnu file names to toolchain format
configure:4991: result: func_convert_file_noop
configure:4998: checking for mipsel-uclibc-ld option to reload object files
configure:5005: result: -r
configure:5039: checking for mipsel-linux-objdump
configure:5055: found /opt/brcm/hndtools-mipsel-uclibc/bin/mipsel-linux-objdump
configure:5066: result: mipsel-linux-objdump
configure:5138: checking how to recognize dependent libraries
configure:5340: result: pass_all
configure:5385: checking for mipsel-linux-dlltool
configure:5415: result: no
configure:5425: checking for dlltool
configure:5455: result: no
configure:5485: checking how to associate runtime and link libraries
configure:5512: result: printf %s\n
configure:5529: checking for mipsel-linux-ar
configure:5556: result: mipsel-uclibc-ar
configure:5637: checking for archiver @FILE support
configure:5654: mipsel-uclibc-gcc -c -g -O2  conftest.c >&5
configure:5654: $? = 0
configure:5657: mipsel-uclibc-ar cru libconftest.a @conftest.lst >&5
configure:5660: $? = 0
configure:5665: mipsel-uclibc-ar cru libconftest.a @conftest.lst >&5
mipsel-uclibc-ar: conftest.o: No such file or directory
configure:5668: $? = 1
configure:5680: result: @
configure:5698: checking for mipsel-linux-strip
configure:5725: result: mipsel-uclibc-strip -R .note -R .comment
configure:5797: checking for mipsel-linux-ranlib
configure:5824: result: mipsel-uclibc-ranlib
configure:5966: checking command to parse mipsel-uclibc-nm output from mipsel-uclibc-gcc object
configure:6085: mipsel-uclibc-gcc -c -g -O2  conftest.c >&5
configure:6088: $? = 0
configure:6092: mipsel-uclibc-nm conftest.o \| sed -n -e 's/^.*[ ]\([ABCDGIRSTW][ABCDGIRSTW]*\)[ ][ ]*\([_A-Za-z][_A-Za-z0-9]*\)$/\1 \2 \2/p' | sed '/ __gnu_lto/d' \> conftest.nm
configure:6095: $? = 0
configure:6161: mipsel-uclibc-gcc -o conftest -g -O2   conftest.c conftstm.o >&5
configure:6164: $? = 0
configure:6202: result: ok
configure:6239: checking for sysroot
configure:6269: result: no
configure:6472: checking for mipsel-linux-mt
configure:6502: result: no
configure:6512: checking for mt
configure:6528: found /bin/mt
configure:6539: result: mt
configure:6551: WARNING: using cross tools not prefixed with host triplet
configure:6562: checking if mt is a manifest tool
configure:6568: mt '-?'
configure:6576: result: no
configure:7208: checking how to run the C preprocessor
configure:7239: mipsel-uclibc-gcc -E  conftest.c
configure:7239: $? = 0
configure:7253: mipsel-uclibc-gcc -E  conftest.c
conftest.c:14:28: error: ac_nonexistent.h: No such file or directory
configure:7253: $? = 1
configure: failed program was:
| /* confdefs.h */
| #define PACKAGE_NAME ""
| #define PACKAGE_TARNAME ""
| #define PACKAGE_VERSION ""
| #define PACKAGE_STRING ""
| #define PACKAGE_BUGREPORT ""
| #define PACKAGE_URL ""
| #define GLIB_MAJOR_VERSION 1
| #define GLIB_MINOR_VERSION 2
| #define GLIB_MICRO_VERSION 10
| #define GLIB_INTERFACE_AGE 10
| #define GLIB_BINARY_AGE 10
| /* end confdefs.h.  */
| #include <ac_nonexistent.h>
configure:7278: result: mipsel-uclibc-gcc -E
configure:7298: mipsel-uclibc-gcc -E  conftest.c
configure:7298: $? = 0
configure:7312: mipsel-uclibc-gcc -E  conftest.c
conftest.c:14:28: error: ac_nonexistent.h: No such file or directory
configure:7312: $? = 1
configure: failed program was:
| /* confdefs.h */
| #define PACKAGE_NAME ""
| #define PACKAGE_TARNAME ""
| #define PACKAGE_VERSION ""
| #define PACKAGE_STRING ""
| #define PACKAGE_BUGREPORT ""
| #define PACKAGE_URL ""
| #define GLIB_MAJOR_VERSION 1
| #define GLIB_MINOR_VERSION 2
| #define GLIB_MICRO_VERSION 10
| #define GLIB_INTERFACE_AGE 10
| #define GLIB_BINARY_AGE 10
| /* end confdefs.h.  */
| #include <ac_nonexistent.h>
configure:7341: checking for ANSI C header files
configure:7361: mipsel-uclibc-gcc -c -g -O2  conftest.c >&5
configure:7361: $? = 0
configure:7445: result: yes
configure:7458: checking for sys/types.h
configure:7458: mipsel-uclibc-gcc -c -g -O2  conftest.c >&5
configure:7458: $? = 0
configure:7458: result: yes
configure:7458: checking for sys/stat.h
configure:7458: mipsel-uclibc-gcc -c -g -O2  conftest.c >&5
configure:7458: $? = 0
configure:7458: result: yes
configure:7458: checking for stdlib.h
configure:7458: mipsel-uclibc-gcc -c -g -O2  conftest.c >&5
configure:7458: $? = 0
configure:7458: result: yes
configure:7458: checking for string.h
configure:7458: mipsel-uclibc-gcc -c -g -O2  conftest.c >&5
configure:7458: $? = 0
configure:7458: result: yes
configure:7458: checking for memory.h
configure:7458: mipsel-uclibc-gcc -c -g -O2  conftest.c >&5
configure:7458: $? = 0
configure:7458: result: yes
configure:7458: checking for strings.h
configure:7458: mipsel-uclibc-gcc -c -g -O2  conftest.c >&5
configure:7458: $? = 0
configure:7458: result: yes
configure:7458: checking for inttypes.h
configure:7458: mipsel-uclibc-gcc -c -g -O2  conftest.c >&5
configure:7458: $? = 0
configure:7458: result: yes
configure:7458: checking for stdint.h
configure:7458: mipsel-uclibc-gcc -c -g -O2  conftest.c >&5
configure:7458: $? = 0
configure:7458: result: yes
configure:7458: checking for unistd.h
configure:7458: mipsel-uclibc-gcc -c -g -O2  conftest.c >&5
configure:7458: $? = 0
configure:7458: result: yes
configure:7472: checking for dlfcn.h
configure:7472: mipsel-uclibc-gcc -c -g -O2  conftest.c >&5
configure:7472: $? = 0
configure:7472: result: yes
configure:7659: checking for objdir
configure:7674: result: .libs
configure:7941: checking if mipsel-uclibc-gcc supports -fno-rtti -fno-exceptions
configure:7959: mipsel-uclibc-gcc -c -g -O2  -fno-rtti -fno-exceptions conftest.c >&5
cc1: warning: command line option "-fno-rtti" is valid for C++/ObjC++ but not for C
configure:7963: $? = 0
configure:7976: result: no
configure:8286: checking for mipsel-uclibc-gcc option to produce PIC
configure:8293: result: -fPIC -DPIC
configure:8301: checking if mipsel-uclibc-gcc PIC flag -fPIC -DPIC works
configure:8319: mipsel-uclibc-gcc -c -g -O2  -fPIC -DPIC -DPIC conftest.c >&5
configure:8323: $? = 0
configure:8336: result: yes
configure:8365: checking if mipsel-uclibc-gcc static flag -static works
configure:8393: result: yes
configure:8408: checking if mipsel-uclibc-gcc supports -c -o file.o
configure:8429: mipsel-uclibc-gcc -c -g -O2  -o out/conftest2.o conftest.c >&5
configure:8433: $? = 0
configure:8455: result: yes
configure:8463: checking if mipsel-uclibc-gcc supports -c -o file.o
configure:8510: result: yes
configure:8543: checking whether the mipsel-uclibc-gcc linker (mipsel-uclibc-ld) supports shared libraries
configure:9701: result: yes
configure:9738: checking whether -lc should be explicitly linked in
configure:9746: mipsel-uclibc-gcc -c -g -O2  conftest.c >&5
configure:9749: $? = 0
configure:9764: mipsel-uclibc-gcc -shared  -fPIC -DPIC conftest.o  -v -Wl,-soname -Wl,conftest -o conftest 2\>\&1 \| /bin/grep  -lc  \>/dev/null 2\>\&1
configure:9767: $? = 0
configure:9781: result: no
configure:9946: checking dynamic linker characteristics
configure:10460: mipsel-uclibc-gcc -o conftest -g -O2   -Wl,-rpath -Wl,/foo conftest.c  >&5
configure:10460: $? = 0
configure:10682: result: GNU/Linux ld.so
configure:10789: checking how to hardcode library paths into programs
configure:10814: result: immediate
configure:11354: checking whether stripping libraries is possible
configure:11359: result: yes
configure:11394: checking if libtool supports shared libraries
configure:11396: result: yes
configure:11399: checking whether to build shared libraries
configure:11420: result: yes
configure:11423: checking whether to build static libraries
configure:11427: result: yes
configure:11464: checking whether to enable maintainer-specific portions of Makefiles
configure:11473: result: no
configure:11535: checking whether to enable memory checking
configure:11545: result: no
configure:11549: checking whether to enable memory profiling
configure:11559: result: no
configure:11615: checking for mipsel-linux-gcc
configure:11642: result: mipsel-uclibc-gcc
configure:11911: checking for C compiler version
configure:11920: mipsel-uclibc-gcc --version >&5
mipsel-uclibc-gcc (GCC) 4.2.4
Copyright (C) 2007 Free Software Foundation, Inc.
This is free software; see the source for copying conditions.  There is NO
warranty; not even for MERCHANTABILITY or FITNESS FOR A PARTICULAR PURPOSE.

configure:11931: $? = 0
configure:11920: mipsel-uclibc-gcc -v >&5
Using built-in specs.
Target: mipsel-linux-uclibc
Configured with: /home/fedork/tomato/toolchain/build_dir/toolchain-mipsel_gcc4.2.4/gcc-4.2.4/configure --prefix=/opt/brcm/hndtools-mipsel-uclibc-4.2.4 --build=i486-linux-gnu --host=i486-linux-gnu --target=mipsel-linux-uclibc --with-gnu-ld --enable-target-optspace --disable-libgomp --disable-libmudflap --disable-multilib --disable-nls --disable-__cxa_atexit --enable-libssp --enable-languages=c,c++ --enable-shared --enable-threads --enable-tls
Thread model: posix
gcc version 4.2.4
configure:11931: $? = 0
configure:11920: mipsel-uclibc-gcc -V >&5
mipsel-uclibc-gcc: '-V' option must have argument
configure:11931: $? = 1
configure:11920: mipsel-uclibc-gcc -qversion >&5
mipsel-uclibc-gcc: unrecognized option '-qversion'
mipsel-uclibc-gcc: no input files
configure:11931: $? = 1
configure:11935: checking whether we are using the GNU C compiler
configure:11963: result: yes
configure:11972: checking whether mipsel-uclibc-gcc accepts -g
configure:12033: result: yes
configure:12050: checking for mipsel-uclibc-gcc option to accept ISO C89
configure:12127: result: none needed
configure:12149: checking dependency style of mipsel-uclibc-gcc
configure:12259: result: gcc3
configure:12282: checking for mipsel-linux-gcc
configure:12309: result: mipsel-uclibc-gcc
configure:12578: checking for C compiler version
configure:12587: mipsel-uclibc-gcc --version >&5
mipsel-uclibc-gcc (GCC) 4.2.4
Copyright (C) 2007 Free Software Foundation, Inc.
This is free software; see the source for copying conditions.  There is NO
warranty; not even for MERCHANTABILITY or FITNESS FOR A PARTICULAR PURPOSE.

configure:12598: $? = 0
configure:12587: mipsel-uclibc-gcc -v >&5
Using built-in specs.
Target: mipsel-linux-uclibc
Configured with: /home/fedork/tomato/toolchain/build_dir/toolchain-mipsel_gcc4.2.4/gcc-4.2.4/configure --prefix=/opt/brcm/hndtools-mipsel-uclibc-4.2.4 --build=i486-linux-gnu --host=i486-linux-gnu --target=mipsel-linux-uclibc --with-gnu-ld --enable-target-optspace --disable-libgomp --disable-libmudflap --disable-multilib --disable-nls --disable-__cxa_atexit --enable-libssp --enable-languages=c,c++ --enable-shared --enable-threads --enable-tls
Thread model: posix
gcc version 4.2.4
configure:12598: $? = 0
configure:12587: mipsel-uclibc-gcc -V >&5
mipsel-uclibc-gcc: '-V' option must have argument
configure:12598: $? = 1
configure:12587: mipsel-uclibc-gcc -qversion >&5
mipsel-uclibc-gcc: unrecognized option '-qversion'
mipsel-uclibc-gcc: no input files
configure:12598: $? = 1
configure:12602: checking whether we are using the GNU C compiler
configure:12630: result: yes
configure:12639: checking whether mipsel-uclibc-gcc accepts -g
configure:12700: result: yes
configure:12717: checking for mipsel-uclibc-gcc option to accept ISO C89
configure:12794: result: none needed
configure:12816: checking dependency style of mipsel-uclibc-gcc
configure:12926: result: gcc3
configure:12966: checking for ANSI C header files
configure:13070: result: yes
configure:13082: checking for vprintf
configure:13082: mipsel-uclibc-gcc -o conftest -g -O2 -Wall   conftest.c  >&5
conftest.c:51: warning: conflicting types for built-in function 'vprintf'
configure:13082: $? = 0
configure:13082: result: yes
configure:13088: checking for _doprnt
configure:13088: mipsel-uclibc-gcc -o conftest -g -O2 -Wall   conftest.c  >&5
/tmp/ccaevqQi.o: In function `main':
/home/vicente/tomatoastman/release/src/router/glib/conftest.c:63: undefined reference to `_doprnt'
collect2: ld returned 1 exit status
configure:13088: $? = 1
configure: failed program was:
| /* confdefs.h */
| #define PACKAGE_NAME ""
| #define PACKAGE_TARNAME ""
| #define PACKAGE_VERSION ""
| #define PACKAGE_STRING ""
| #define PACKAGE_BUGREPORT ""
| #define PACKAGE_URL ""
| #define GLIB_MAJOR_VERSION 1
| #define GLIB_MINOR_VERSION 2
| #define GLIB_MICRO_VERSION 10
| #define GLIB_INTERFACE_AGE 10
| #define GLIB_BINARY_AGE 10
| #define STDC_HEADERS 1
| #define HAVE_SYS_TYPES_H 1
| #define HAVE_SYS_STAT_H 1
| #define HAVE_STDLIB_H 1
| #define HAVE_STRING_H 1
| #define HAVE_MEMORY_H 1
| #define HAVE_STRINGS_H 1
| #define HAVE_INTTYPES_H 1
| #define HAVE_STDINT_H 1
| #define HAVE_UNISTD_H 1
| #define HAVE_DLFCN_H 1
| #define LT_OBJDIR ".libs/"
| #define G_COMPILED_WITH_DEBUGGING "minimum"
| #define STDC_HEADERS 1
| #define HAVE_VPRINTF 1
| /* end confdefs.h.  */
| /* Define _doprnt to an innocuous variant, in case <limits.h> declares _doprnt.
|    For example, HP-UX 11i <limits.h> declares gettimeofday.  */
| #define _doprnt innocuous__doprnt
| 
| /* System header to define __stub macros and hopefully few prototypes,
|     which can conflict with char _doprnt (); below.
|     Prefer <limits.h> to <assert.h> if __STDC__ is defined, since
|     <limits.h> exists even on freestanding compilers.  */
| 
| #ifdef __STDC__
| # include <limits.h>
| #else
| # include <assert.h>
| #endif
| 
| #undef _doprnt
| 
| /* Override any GCC internal prototype to avoid an error.
|    Use char because int might match the return type of a GCC
|    builtin and then its argument prototype would still apply.  */
| #ifdef __cplusplus
| extern "C"
| #endif
| char _doprnt ();
| /* The GNU C library defines this for functions which it implements
|     to always fail with ENOSYS.  Some functions are actually named
|     something starting with __ and the normal name is an alias.  */
| #if defined __stub__doprnt || defined __stub____doprnt
| choke me
| #endif
| 
| int
| main ()
| {
| return _doprnt ();
|   ;
|   return 0;
| }
configure:13088: result: no
configure:13103: checking for atexit
configure:13103: mipsel-uclibc-gcc -o conftest -g -O2 -Wall   conftest.c  >&5
configure:13103: $? = 0
configure:13103: result: yes
configure:13103: checking for on_exit
configure:13103: mipsel-uclibc-gcc -o conftest -g -O2 -Wall   conftest.c  >&5
configure:13103: $? = 0
configure:13103: result: yes
configure:13117: checking size of char
configure:13122: mipsel-uclibc-gcc -c -g -O2 -Wall  conftest.c >&5
configure:13122: $? = 0
configure:13122: mipsel-uclibc-gcc -c -g -O2 -Wall  conftest.c >&5
conftest.c: In function 'main':
conftest.c:67: error: size of array 'test_array' is negative
configure:13122: $? = 1
configure: failed program was:
| /* confdefs.h */
| #define PACKAGE_NAME ""
| #define PACKAGE_TARNAME ""
| #define PACKAGE_VERSION ""
| #define PACKAGE_STRING ""
| #define PACKAGE_BUGREPORT ""
| #define PACKAGE_URL ""
| #define GLIB_MAJOR_VERSION 1
| #define GLIB_MINOR_VERSION 2
| #define GLIB_MICRO_VERSION 10
| #define GLIB_INTERFACE_AGE 10
| #define GLIB_BINARY_AGE 10
| #define STDC_HEADERS 1
| #define HAVE_SYS_TYPES_H 1
| #define HAVE_SYS_STAT_H 1
| #define HAVE_STDLIB_H 1
| #define HAVE_STRING_H 1
| #define HAVE_MEMORY_H 1
| #define HAVE_STRINGS_H 1
| #define HAVE_INTTYPES_H 1
| #define HAVE_STDINT_H 1
| #define HAVE_UNISTD_H 1
| #define HAVE_DLFCN_H 1
| #define LT_OBJDIR ".libs/"
| #define G_COMPILED_WITH_DEBUGGING "minimum"
| #define STDC_HEADERS 1
| #define HAVE_VPRINTF 1
| #define HAVE_ATEXIT 1
| #define HAVE_ON_EXIT 1
| /* end confdefs.h.  */
| #include <stdio.h>
| #ifdef HAVE_SYS_TYPES_H
| # include <sys/types.h>
| #endif
| #ifdef HAVE_SYS_STAT_H
| # include <sys/stat.h>
| #endif
| #ifdef STDC_HEADERS
| # include <stdlib.h>
| # include <stddef.h>
| #else
| # ifdef HAVE_STDLIB_H
| #  include <stdlib.h>
| # endif
| #endif
| #ifdef HAVE_STRING_H
| # if !defined STDC_HEADERS && defined HAVE_MEMORY_H
| #  include <memory.h>
| # endif
| # include <string.h>
| #endif
| #ifdef HAVE_STRINGS_H
| # include <strings.h>
| #endif
| #ifdef HAVE_INTTYPES_H
| # include <inttypes.h>
| #endif
| #ifdef HAVE_STDINT_H
| # include <stdint.h>
| #endif
| #ifdef HAVE_UNISTD_H
| # include <unistd.h>
| #endif
| int
| main ()
| {
| static int test_array [1 - 2 * !(((long int) (sizeof (char))) <= 0)];
| test_array [0] = 0
| 
|   ;
|   return 0;
| }
configure:13122: mipsel-uclibc-gcc -c -g -O2 -Wall  conftest.c >&5
configure:13122: $? = 0
configure:13136: result: 1
configure:13150: checking size of short
configure:13155: mipsel-uclibc-gcc -c -g -O2 -Wall  conftest.c >&5
configure:13155: $? = 0
configure:13155: mipsel-uclibc-gcc -c -g -O2 -Wall  conftest.c >&5
conftest.c: In function 'main':
conftest.c:68: error: size of array 'test_array' is negative
configure:13155: $? = 1
configure: failed program was:
| /* confdefs.h */
| #define PACKAGE_NAME ""
| #define PACKAGE_TARNAME ""
| #define PACKAGE_VERSION ""
| #define PACKAGE_STRING ""
| #define PACKAGE_BUGREPORT ""
| #define PACKAGE_URL ""
| #define GLIB_MAJOR_VERSION 1
| #define GLIB_MINOR_VERSION 2
| #define GLIB_MICRO_VERSION 10
| #define GLIB_INTERFACE_AGE 10
| #define GLIB_BINARY_AGE 10
| #define STDC_HEADERS 1
| #define HAVE_SYS_TYPES_H 1
| #define HAVE_SYS_STAT_H 1
| #define HAVE_STDLIB_H 1
| #define HAVE_STRING_H 1
| #define HAVE_MEMORY_H 1
| #define HAVE_STRINGS_H 1
| #define HAVE_INTTYPES_H 1
| #define HAVE_STDINT_H 1
| #define HAVE_UNISTD_H 1
| #define HAVE_DLFCN_H 1
| #define LT_OBJDIR ".libs/"
| #define G_COMPILED_WITH_DEBUGGING "minimum"
| #define STDC_HEADERS 1
| #define HAVE_VPRINTF 1
| #define HAVE_ATEXIT 1
| #define HAVE_ON_EXIT 1
| #define SIZEOF_CHAR 1
| /* end confdefs.h.  */
| #include <stdio.h>
| #ifdef HAVE_SYS_TYPES_H
| # include <sys/types.h>
| #endif
| #ifdef HAVE_SYS_STAT_H
| # include <sys/stat.h>
| #endif
| #ifdef STDC_HEADERS
| # include <stdlib.h>
| # include <stddef.h>
| #else
| # ifdef HAVE_STDLIB_H
| #  include <stdlib.h>
| # endif
| #endif
| #ifdef HAVE_STRING_H
| # if !defined STDC_HEADERS && defined HAVE_MEMORY_H
| #  include <memory.h>
| # endif
| # include <string.h>
| #endif
| #ifdef HAVE_STRINGS_H
| # include <strings.h>
| #endif
| #ifdef HAVE_INTTYPES_H
| # include <inttypes.h>
| #endif
| #ifdef HAVE_STDINT_H
| # include <stdint.h>
| #endif
| #ifdef HAVE_UNISTD_H
| # include <unistd.h>
| #endif
| int
| main ()
| {
| static int test_array [1 - 2 * !(((long int) (sizeof (short))) <= 0)];
| test_array [0] = 0
| 
|   ;
|   return 0;
| }
configure:13155: mipsel-uclibc-gcc -c -g -O2 -Wall  conftest.c >&5
conftest.c: In function 'main':
conftest.c:68: error: size of array 'test_array' is negative
configure:13155: $? = 1
configure: failed program was:
| /* confdefs.h */
| #define PACKAGE_NAME ""
| #define PACKAGE_TARNAME ""
| #define PACKAGE_VERSION ""
| #define PACKAGE_STRING ""
| #define PACKAGE_BUGREPORT ""
| #define PACKAGE_URL ""
| #define GLIB_MAJOR_VERSION 1
| #define GLIB_MINOR_VERSION 2
| #define GLIB_MICRO_VERSION 10
| #define GLIB_INTERFACE_AGE 10
| #define GLIB_BINARY_AGE 10
| #define STDC_HEADERS 1
| #define HAVE_SYS_TYPES_H 1
| #define HAVE_SYS_STAT_H 1
| #define HAVE_STDLIB_H 1
| #define HAVE_STRING_H 1
| #define HAVE_MEMORY_H 1
| #define HAVE_STRINGS_H 1
| #define HAVE_INTTYPES_H 1
| #define HAVE_STDINT_H 1
| #define HAVE_UNISTD_H 1
| #define HAVE_DLFCN_H 1
| #define LT_OBJDIR ".libs/"
| #define G_COMPILED_WITH_DEBUGGING "minimum"
| #define STDC_HEADERS 1
| #define HAVE_VPRINTF 1
| #define HAVE_ATEXIT 1
| #define HAVE_ON_EXIT 1
| #define SIZEOF_CHAR 1
| /* end confdefs.h.  */
| #include <stdio.h>
| #ifdef HAVE_SYS_TYPES_H
| # include <sys/types.h>
| #endif
| #ifdef HAVE_SYS_STAT_H
| # include <sys/stat.h>
| #endif
| #ifdef STDC_HEADERS
| # include <stdlib.h>
| # include <stddef.h>
| #else
| # ifdef HAVE_STDLIB_H
| #  include <stdlib.h>
| # endif
| #endif
| #ifdef HAVE_STRING_H
| # if !defined STDC_HEADERS && defined HAVE_MEMORY_H
| #  include <memory.h>
| # endif
| # include <string.h>
| #endif
| #ifdef HAVE_STRINGS_H
| # include <strings.h>
| #endif
| #ifdef HAVE_INTTYPES_H
| # include <inttypes.h>
| #endif
| #ifdef HAVE_STDINT_H
| # include <stdint.h>
| #endif
| #ifdef HAVE_UNISTD_H
| # include <unistd.h>
| #endif
| int
| main ()
| {
| static int test_array [1 - 2 * !(((long int) (sizeof (short))) <= 1)];
| test_array [0] = 0
| 
|   ;
|   return 0;
| }
configure:13155: mipsel-uclibc-gcc -c -g -O2 -Wall  conftest.c >&5
configure:13155: $? = 0
configure:13155: mipsel-uclibc-gcc -c -g -O2 -Wall  conftest.c >&5
configure:13155: $? = 0
configure:13169: result: 2
configure:13183: checking size of long
configure:13188: mipsel-uclibc-gcc -c -g -O2 -Wall  conftest.c >&5
configure:13188: $? = 0
configure:13188: mipsel-uclibc-gcc -c -g -O2 -Wall  conftest.c >&5
conftest.c: In function 'main':
conftest.c:69: error: size of array 'test_array' is negative
configure:13188: $? = 1
configure: failed program was:
| /* confdefs.h */
| #define PACKAGE_NAME ""
| #define PACKAGE_TARNAME ""
| #define PACKAGE_VERSION ""
| #define PACKAGE_STRING ""
| #define PACKAGE_BUGREPORT ""
| #define PACKAGE_URL ""
| #define GLIB_MAJOR_VERSION 1
| #define GLIB_MINOR_VERSION 2
| #define GLIB_MICRO_VERSION 10
| #define GLIB_INTERFACE_AGE 10
| #define GLIB_BINARY_AGE 10
| #define STDC_HEADERS 1
| #define HAVE_SYS_TYPES_H 1
| #define HAVE_SYS_STAT_H 1
| #define HAVE_STDLIB_H 1
| #define HAVE_STRING_H 1
| #define HAVE_MEMORY_H 1
| #define HAVE_STRINGS_H 1
| #define HAVE_INTTYPES_H 1
| #define HAVE_STDINT_H 1
| #define HAVE_UNISTD_H 1
| #define HAVE_DLFCN_H 1
| #define LT_OBJDIR ".libs/"
| #define G_COMPILED_WITH_DEBUGGING "minimum"
| #define STDC_HEADERS 1
| #define HAVE_VPRINTF 1
| #define HAVE_ATEXIT 1
| #define HAVE_ON_EXIT 1
| #define SIZEOF_CHAR 1
| #define SIZEOF_SHORT 2
| /* end confdefs.h.  */
| #include <stdio.h>
| #ifdef HAVE_SYS_TYPES_H
| # include <sys/types.h>
| #endif
| #ifdef HAVE_SYS_STAT_H
| # include <sys/stat.h>
| #endif
| #ifdef STDC_HEADERS
| # include <stdlib.h>
| # include <stddef.h>
| #else
| # ifdef HAVE_STDLIB_H
| #  include <stdlib.h>
| # endif
| #endif
| #ifdef HAVE_STRING_H
| # if !defined STDC_HEADERS && defined HAVE_MEMORY_H
| #  include <memory.h>
| # endif
| # include <string.h>
| #endif
| #ifdef HAVE_STRINGS_H
| # include <strings.h>
| #endif
| #ifdef HAVE_INTTYPES_H
| # include <inttypes.h>
| #endif
| #ifdef HAVE_STDINT_H
| # include <stdint.h>
| #endif
| #ifdef HAVE_UNISTD_H
| # include <unistd.h>
| #endif
| int
| main ()
| {
| static int test_array [1 - 2 * !(((long int) (sizeof (long))) <= 0)];
| test_array [0] = 0
| 
|   ;
|   return 0;
| }
configure:13188: mipsel-uclibc-gcc -c -g -O2 -Wall  conftest.c >&5
conftest.c: In function 'main':
conftest.c:69: error: size of array 'test_array' is negative
configure:13188: $? = 1
configure: failed program was:
| /* confdefs.h */
| #define PACKAGE_NAME ""
| #define PACKAGE_TARNAME ""
| #define PACKAGE_VERSION ""
| #define PACKAGE_STRING ""
| #define PACKAGE_BUGREPORT ""
| #define PACKAGE_URL ""
| #define GLIB_MAJOR_VERSION 1
| #define GLIB_MINOR_VERSION 2
| #define GLIB_MICRO_VERSION 10
| #define GLIB_INTERFACE_AGE 10
| #define GLIB_BINARY_AGE 10
| #define STDC_HEADERS 1
| #define HAVE_SYS_TYPES_H 1
| #define HAVE_SYS_STAT_H 1
| #define HAVE_STDLIB_H 1
| #define HAVE_STRING_H 1
| #define HAVE_MEMORY_H 1
| #define HAVE_STRINGS_H 1
| #define HAVE_INTTYPES_H 1
| #define HAVE_STDINT_H 1
| #define HAVE_UNISTD_H 1
| #define HAVE_DLFCN_H 1
| #define LT_OBJDIR ".libs/"
| #define G_COMPILED_WITH_DEBUGGING "minimum"
| #define STDC_HEADERS 1
| #define HAVE_VPRINTF 1
| #define HAVE_ATEXIT 1
| #define HAVE_ON_EXIT 1
| #define SIZEOF_CHAR 1
| #define SIZEOF_SHORT 2
| /* end confdefs.h.  */
| #include <stdio.h>
| #ifdef HAVE_SYS_TYPES_H
| # include <sys/types.h>
| #endif
| #ifdef HAVE_SYS_STAT_H
| # include <sys/stat.h>
| #endif
| #ifdef STDC_HEADERS
| # include <stdlib.h>
| # include <stddef.h>
| #else
| # ifdef HAVE_STDLIB_H
| #  include <stdlib.h>
| # endif
| #endif
| #ifdef HAVE_STRING_H
| # if !defined STDC_HEADERS && defined HAVE_MEMORY_H
| #  include <memory.h>
| # endif
| # include <string.h>
| #endif
| #ifdef HAVE_STRINGS_H
| # include <strings.h>
| #endif
| #ifdef HAVE_INTTYPES_H
| # include <inttypes.h>
| #endif
| #ifdef HAVE_STDINT_H
| # include <stdint.h>
| #endif
| #ifdef HAVE_UNISTD_H
| # include <unistd.h>
| #endif
| int
| main ()
| {
| static int test_array [1 - 2 * !(((long int) (sizeof (long))) <= 1)];
| test_array [0] = 0
| 
|   ;
|   return 0;
| }
configure:13188: mipsel-uclibc-gcc -c -g -O2 -Wall  conftest.c >&5
conftest.c: In function 'main':
conftest.c:69: error: size of array 'test_array' is negative
configure:13188: $? = 1
configure: failed program was:
| /* confdefs.h */
| #define PACKAGE_NAME ""
| #define PACKAGE_TARNAME ""
| #define PACKAGE_VERSION ""
| #define PACKAGE_STRING ""
| #define PACKAGE_BUGREPORT ""
| #define PACKAGE_URL ""
| #define GLIB_MAJOR_VERSION 1
| #define GLIB_MINOR_VERSION 2
| #define GLIB_MICRO_VERSION 10
| #define GLIB_INTERFACE_AGE 10
| #define GLIB_BINARY_AGE 10
| #define STDC_HEADERS 1
| #define HAVE_SYS_TYPES_H 1
| #define HAVE_SYS_STAT_H 1
| #define HAVE_STDLIB_H 1
| #define HAVE_STRING_H 1
| #define HAVE_MEMORY_H 1
| #define HAVE_STRINGS_H 1
| #define HAVE_INTTYPES_H 1
| #define HAVE_STDINT_H 1
| #define HAVE_UNISTD_H 1
| #define HAVE_DLFCN_H 1
| #define LT_OBJDIR ".libs/"
| #define G_COMPILED_WITH_DEBUGGING "minimum"
| #define STDC_HEADERS 1
| #define HAVE_VPRINTF 1
| #define HAVE_ATEXIT 1
| #define HAVE_ON_EXIT 1
| #define SIZEOF_CHAR 1
| #define SIZEOF_SHORT 2
| /* end confdefs.h.  */
| #include <stdio.h>
| #ifdef HAVE_SYS_TYPES_H
| # include <sys/types.h>
| #endif
| #ifdef HAVE_SYS_STAT_H
| # include <sys/stat.h>
| #endif
| #ifdef STDC_HEADERS
| # include <stdlib.h>
| # include <stddef.h>
| #else
| # ifdef HAVE_STDLIB_H
| #  include <stdlib.h>
| # endif
| #endif
| #ifdef HAVE_STRING_H
| # if !defined STDC_HEADERS && defined HAVE_MEMORY_H
| #  include <memory.h>
| # endif
| # include <string.h>
| #endif
| #ifdef HAVE_STRINGS_H
| # include <strings.h>
| #endif
| #ifdef HAVE_INTTYPES_H
| # include <inttypes.h>
| #endif
| #ifdef HAVE_STDINT_H
| # include <stdint.h>
| #endif
| #ifdef HAVE_UNISTD_H
| # include <unistd.h>
| #endif
| int
| main ()
| {
| static int test_array [1 - 2 * !(((long int) (sizeof (long))) <= 3)];
| test_array [0] = 0
| 
|   ;
|   return 0;
| }
configure:13188: mipsel-uclibc-gcc -c -g -O2 -Wall  conftest.c >&5
configure:13188: $? = 0
configure:13188: mipsel-uclibc-gcc -c -g -O2 -Wall  conftest.c >&5
configure:13188: $? = 0
configure:13188: mipsel-uclibc-gcc -c -g -O2 -Wall  conftest.c >&5
configure:13188: $? = 0
configure:13202: result: 4
configure:13216: checking size of int
configure:13221: mipsel-uclibc-gcc -c -g -O2 -Wall  conftest.c >&5
configure:13221: $? = 0
configure:13221: mipsel-uclibc-gcc -c -g -O2 -Wall  conftest.c >&5
conftest.c: In function 'main':
conftest.c:70: error: size of array 'test_array' is negative
configure:13221: $? = 1
configure: failed program was:
| /* confdefs.h */
| #define PACKAGE_NAME ""
| #define PACKAGE_TARNAME ""
| #define PACKAGE_VERSION ""
| #define PACKAGE_STRING ""
| #define PACKAGE_BUGREPORT ""
| #define PACKAGE_URL ""
| #define GLIB_MAJOR_VERSION 1
| #define GLIB_MINOR_VERSION 2
| #define GLIB_MICRO_VERSION 10
| #define GLIB_INTERFACE_AGE 10
| #define GLIB_BINARY_AGE 10
| #define STDC_HEADERS 1
| #define HAVE_SYS_TYPES_H 1
| #define HAVE_SYS_STAT_H 1
| #define HAVE_STDLIB_H 1
| #define HAVE_STRING_H 1
| #define HAVE_MEMORY_H 1
| #define HAVE_STRINGS_H 1
| #define HAVE_INTTYPES_H 1
| #define HAVE_STDINT_H 1
| #define HAVE_UNISTD_H 1
| #define HAVE_DLFCN_H 1
| #define LT_OBJDIR ".libs/"
| #define G_COMPILED_WITH_DEBUGGING "minimum"
| #define STDC_HEADERS 1
| #define HAVE_VPRINTF 1
| #define HAVE_ATEXIT 1
| #define HAVE_ON_EXIT 1
| #define SIZEOF_CHAR 1
| #define SIZEOF_SHORT 2
| #define SIZEOF_LONG 4
| /* end confdefs.h.  */
| #include <stdio.h>
| #ifdef HAVE_SYS_TYPES_H
| # include <sys/types.h>
| #endif
| #ifdef HAVE_SYS_STAT_H
| # include <sys/stat.h>
| #endif
| #ifdef STDC_HEADERS
| # include <stdlib.h>
| # include <stddef.h>
| #else
| # ifdef HAVE_STDLIB_H
| #  include <stdlib.h>
| # endif
| #endif
| #ifdef HAVE_STRING_H
| # if !defined STDC_HEADERS && defined HAVE_MEMORY_H
| #  include <memory.h>
| # endif
| # include <string.h>
| #endif
| #ifdef HAVE_STRINGS_H
| # include <strings.h>
| #endif
| #ifdef HAVE_INTTYPES_H
| # include <inttypes.h>
| #endif
| #ifdef HAVE_STDINT_H
| # include <stdint.h>
| #endif
| #ifdef HAVE_UNISTD_H
| # include <unistd.h>
| #endif
| int
| main ()
| {
| static int test_array [1 - 2 * !(((long int) (sizeof (int))) <= 0)];
| test_array [0] = 0
| 
|   ;
|   return 0;
| }
configure:13221: mipsel-uclibc-gcc -c -g -O2 -Wall  conftest.c >&5
conftest.c: In function 'main':
conftest.c:70: error: size of array 'test_array' is negative
configure:13221: $? = 1
configure: failed program was:
| /* confdefs.h */
| #define PACKAGE_NAME ""
| #define PACKAGE_TARNAME ""
| #define PACKAGE_VERSION ""
| #define PACKAGE_STRING ""
| #define PACKAGE_BUGREPORT ""
| #define PACKAGE_URL ""
| #define GLIB_MAJOR_VERSION 1
| #define GLIB_MINOR_VERSION 2
| #define GLIB_MICRO_VERSION 10
| #define GLIB_INTERFACE_AGE 10
| #define GLIB_BINARY_AGE 10
| #define STDC_HEADERS 1
| #define HAVE_SYS_TYPES_H 1
| #define HAVE_SYS_STAT_H 1
| #define HAVE_STDLIB_H 1
| #define HAVE_STRING_H 1
| #define HAVE_MEMORY_H 1
| #define HAVE_STRINGS_H 1
| #define HAVE_INTTYPES_H 1
| #define HAVE_STDINT_H 1
| #define HAVE_UNISTD_H 1
| #define HAVE_DLFCN_H 1
| #define LT_OBJDIR ".libs/"
| #define G_COMPILED_WITH_DEBUGGING "minimum"
| #define STDC_HEADERS 1
| #define HAVE_VPRINTF 1
| #define HAVE_ATEXIT 1
| #define HAVE_ON_EXIT 1
| #define SIZEOF_CHAR 1
| #define SIZEOF_SHORT 2
| #define SIZEOF_LONG 4
| /* end confdefs.h.  */
| #include <stdio.h>
| #ifdef HAVE_SYS_TYPES_H
| # include <sys/types.h>
| #endif
| #ifdef HAVE_SYS_STAT_H
| # include <sys/stat.h>
| #endif
| #ifdef STDC_HEADERS
| # include <stdlib.h>
| # include <stddef.h>
| #else
| # ifdef HAVE_STDLIB_H
| #  include <stdlib.h>
| # endif
| #endif
| #ifdef HAVE_STRING_H
| # if !defined STDC_HEADERS && defined HAVE_MEMORY_H
| #  include <memory.h>
| # endif
| # include <string.h>
| #endif
| #ifdef HAVE_STRINGS_H
| # include <strings.h>
| #endif
| #ifdef HAVE_INTTYPES_H
| # include <inttypes.h>
| #endif
| #ifdef HAVE_STDINT_H
| # include <stdint.h>
| #endif
| #ifdef HAVE_UNISTD_H
| # include <unistd.h>
| #endif
| int
| main ()
| {
| static int test_array [1 - 2 * !(((long int) (sizeof (int))) <= 1)];
| test_array [0] = 0
| 
|   ;
|   return 0;
| }
configure:13221: mipsel-uclibc-gcc -c -g -O2 -Wall  conftest.c >&5
conftest.c: In function 'main':
conftest.c:70: error: size of array 'test_array' is negative
configure:13221: $? = 1
configure: failed program was:
| /* confdefs.h */
| #define PACKAGE_NAME ""
| #define PACKAGE_TARNAME ""
| #define PACKAGE_VERSION ""
| #define PACKAGE_STRING ""
| #define PACKAGE_BUGREPORT ""
| #define PACKAGE_URL ""
| #define GLIB_MAJOR_VERSION 1
| #define GLIB_MINOR_VERSION 2
| #define GLIB_MICRO_VERSION 10
| #define GLIB_INTERFACE_AGE 10
| #define GLIB_BINARY_AGE 10
| #define STDC_HEADERS 1
| #define HAVE_SYS_TYPES_H 1
| #define HAVE_SYS_STAT_H 1
| #define HAVE_STDLIB_H 1
| #define HAVE_STRING_H 1
| #define HAVE_MEMORY_H 1
| #define HAVE_STRINGS_H 1
| #define HAVE_INTTYPES_H 1
| #define HAVE_STDINT_H 1
| #define HAVE_UNISTD_H 1
| #define HAVE_DLFCN_H 1
| #define LT_OBJDIR ".libs/"
| #define G_COMPILED_WITH_DEBUGGING "minimum"
| #define STDC_HEADERS 1
| #define HAVE_VPRINTF 1
| #define HAVE_ATEXIT 1
| #define HAVE_ON_EXIT 1
| #define SIZEOF_CHAR 1
| #define SIZEOF_SHORT 2
| #define SIZEOF_LONG 4
| /* end confdefs.h.  */
| #include <stdio.h>
| #ifdef HAVE_SYS_TYPES_H
| # include <sys/types.h>
| #endif
| #ifdef HAVE_SYS_STAT_H
| # include <sys/stat.h>
| #endif
| #ifdef STDC_HEADERS
| # include <stdlib.h>
| # include <stddef.h>
| #else
| # ifdef HAVE_STDLIB_H
| #  include <stdlib.h>
| # endif
| #endif
| #ifdef HAVE_STRING_H
| # if !defined STDC_HEADERS && defined HAVE_MEMORY_H
| #  include <memory.h>
| # endif
| # include <string.h>
| #endif
| #ifdef HAVE_STRINGS_H
| # include <strings.h>
| #endif
| #ifdef HAVE_INTTYPES_H
| # include <inttypes.h>
| #endif
| #ifdef HAVE_STDINT_H
| # include <stdint.h>
| #endif
| #ifdef HAVE_UNISTD_H
| # include <unistd.h>
| #endif
| int
| main ()
| {
| static int test_array [1 - 2 * !(((long int) (sizeof (int))) <= 3)];
| test_array [0] = 0
| 
|   ;
|   return 0;
| }
configure:13221: mipsel-uclibc-gcc -c -g -O2 -Wall  conftest.c >&5
configure:13221: $? = 0
configure:13221: mipsel-uclibc-gcc -c -g -O2 -Wall  conftest.c >&5
configure:13221: $? = 0
configure:13221: mipsel-uclibc-gcc -c -g -O2 -Wall  conftest.c >&5
configure:13221: $? = 0
configure:13235: result: 4
configure:13249: checking size of void *
configure:13254: mipsel-uclibc-gcc -c -g -O2 -Wall  conftest.c >&5
configure:13254: $? = 0
configure:13254: mipsel-uclibc-gcc -c -g -O2 -Wall  conftest.c >&5
conftest.c: In function 'main':
conftest.c:71: error: size of array 'test_array' is negative
configure:13254: $? = 1
configure: failed program was:
| /* confdefs.h */
| #define PACKAGE_NAME ""
| #define PACKAGE_TARNAME ""
| #define PACKAGE_VERSION ""
| #define PACKAGE_STRING ""
| #define PACKAGE_BUGREPORT ""
| #define PACKAGE_URL ""
| #define GLIB_MAJOR_VERSION 1
| #define GLIB_MINOR_VERSION 2
| #define GLIB_MICRO_VERSION 10
| #define GLIB_INTERFACE_AGE 10
| #define GLIB_BINARY_AGE 10
| #define STDC_HEADERS 1
| #define HAVE_SYS_TYPES_H 1
| #define HAVE_SYS_STAT_H 1
| #define HAVE_STDLIB_H 1
| #define HAVE_STRING_H 1
| #define HAVE_MEMORY_H 1
| #define HAVE_STRINGS_H 1
| #define HAVE_INTTYPES_H 1
| #define HAVE_STDINT_H 1
| #define HAVE_UNISTD_H 1
| #define HAVE_DLFCN_H 1
| #define LT_OBJDIR ".libs/"
| #define G_COMPILED_WITH_DEBUGGING "minimum"
| #define STDC_HEADERS 1
| #define HAVE_VPRINTF 1
| #define HAVE_ATEXIT 1
| #define HAVE_ON_EXIT 1
| #define SIZEOF_CHAR 1
| #define SIZEOF_SHORT 2
| #define SIZEOF_LONG 4
| #define SIZEOF_INT 4
| /* end confdefs.h.  */
| #include <stdio.h>
| #ifdef HAVE_SYS_TYPES_H
| # include <sys/types.h>
| #endif
| #ifdef HAVE_SYS_STAT_H
| # include <sys/stat.h>
| #endif
| #ifdef STDC_HEADERS
| # include <stdlib.h>
| # include <stddef.h>
| #else
| # ifdef HAVE_STDLIB_H
| #  include <stdlib.h>
| # endif
| #endif
| #ifdef HAVE_STRING_H
| # if !defined STDC_HEADERS && defined HAVE_MEMORY_H
| #  include <memory.h>
| # endif
| # include <string.h>
| #endif
| #ifdef HAVE_STRINGS_H
| # include <strings.h>
| #endif
| #ifdef HAVE_INTTYPES_H
| # include <inttypes.h>
| #endif
| #ifdef HAVE_STDINT_H
| # include <stdint.h>
| #endif
| #ifdef HAVE_UNISTD_H
| # include <unistd.h>
| #endif
| int
| main ()
| {
| static int test_array [1 - 2 * !(((long int) (sizeof (void *))) <= 0)];
| test_array [0] = 0
| 
|   ;
|   return 0;
| }
configure:13254: mipsel-uclibc-gcc -c -g -O2 -Wall  conftest.c >&5
conftest.c: In function 'main':
conftest.c:71: error: size of array 'test_array' is negative
configure:13254: $? = 1
configure: failed program was:
| /* confdefs.h */
| #define PACKAGE_NAME ""
| #define PACKAGE_TARNAME ""
| #define PACKAGE_VERSION ""
| #define PACKAGE_STRING ""
| #define PACKAGE_BUGREPORT ""
| #define PACKAGE_URL ""
| #define GLIB_MAJOR_VERSION 1
| #define GLIB_MINOR_VERSION 2
| #define GLIB_MICRO_VERSION 10
| #define GLIB_INTERFACE_AGE 10
| #define GLIB_BINARY_AGE 10
| #define STDC_HEADERS 1
| #define HAVE_SYS_TYPES_H 1
| #define HAVE_SYS_STAT_H 1
| #define HAVE_STDLIB_H 1
| #define HAVE_STRING_H 1
| #define HAVE_MEMORY_H 1
| #define HAVE_STRINGS_H 1
| #define HAVE_INTTYPES_H 1
| #define HAVE_STDINT_H 1
| #define HAVE_UNISTD_H 1
| #define HAVE_DLFCN_H 1
| #define LT_OBJDIR ".libs/"
| #define G_COMPILED_WITH_DEBUGGING "minimum"
| #define STDC_HEADERS 1
| #define HAVE_VPRINTF 1
| #define HAVE_ATEXIT 1
| #define HAVE_ON_EXIT 1
| #define SIZEOF_CHAR 1
| #define SIZEOF_SHORT 2
| #define SIZEOF_LONG 4
| #define SIZEOF_INT 4
| /* end confdefs.h.  */
| #include <stdio.h>
| #ifdef HAVE_SYS_TYPES_H
| # include <sys/types.h>
| #endif
| #ifdef HAVE_SYS_STAT_H
| # include <sys/stat.h>
| #endif
| #ifdef STDC_HEADERS
| # include <stdlib.h>
| # include <stddef.h>
| #else
| # ifdef HAVE_STDLIB_H
| #  include <stdlib.h>
| # endif
| #endif
| #ifdef HAVE_STRING_H
| # if !defined STDC_HEADERS && defined HAVE_MEMORY_H
| #  include <memory.h>
| # endif
| # include <string.h>
| #endif
| #ifdef HAVE_STRINGS_H
| # include <strings.h>
| #endif
| #ifdef HAVE_INTTYPES_H
| # include <inttypes.h>
| #endif
| #ifdef HAVE_STDINT_H
| # include <stdint.h>
| #endif
| #ifdef HAVE_UNISTD_H
| # include <unistd.h>
| #endif
| int
| main ()
| {
| static int test_array [1 - 2 * !(((long int) (sizeof (void *))) <= 1)];
| test_array [0] = 0
| 
|   ;
|   return 0;
| }
configure:13254: mipsel-uclibc-gcc -c -g -O2 -Wall  conftest.c >&5
conftest.c: In function 'main':
conftest.c:71: error: size of array 'test_array' is negative
configure:13254: $? = 1
configure: failed program was:
| /* confdefs.h */
| #define PACKAGE_NAME ""
| #define PACKAGE_TARNAME ""
| #define PACKAGE_VERSION ""
| #define PACKAGE_STRING ""
| #define PACKAGE_BUGREPORT ""
| #define PACKAGE_URL ""
| #define GLIB_MAJOR_VERSION 1
| #define GLIB_MINOR_VERSION 2
| #define GLIB_MICRO_VERSION 10
| #define GLIB_INTERFACE_AGE 10
| #define GLIB_BINARY_AGE 10
| #define STDC_HEADERS 1
| #define HAVE_SYS_TYPES_H 1
| #define HAVE_SYS_STAT_H 1
| #define HAVE_STDLIB_H 1
| #define HAVE_STRING_H 1
| #define HAVE_MEMORY_H 1
| #define HAVE_STRINGS_H 1
| #define HAVE_INTTYPES_H 1
| #define HAVE_STDINT_H 1
| #define HAVE_UNISTD_H 1
| #define HAVE_DLFCN_H 1
| #define LT_OBJDIR ".libs/"
| #define G_COMPILED_WITH_DEBUGGING "minimum"
| #define STDC_HEADERS 1
| #define HAVE_VPRINTF 1
| #define HAVE_ATEXIT 1
| #define HAVE_ON_EXIT 1
| #define SIZEOF_CHAR 1
| #define SIZEOF_SHORT 2
| #define SIZEOF_LONG 4
| #define SIZEOF_INT 4
| /* end confdefs.h.  */
| #include <stdio.h>
| #ifdef HAVE_SYS_TYPES_H
| # include <sys/types.h>
| #endif
| #ifdef HAVE_SYS_STAT_H
| # include <sys/stat.h>
| #endif
| #ifdef STDC_HEADERS
| # include <stdlib.h>
| # include <stddef.h>
| #else
| # ifdef HAVE_STDLIB_H
| #  include <stdlib.h>
| # endif
| #endif
| #ifdef HAVE_STRING_H
| # if !defined STDC_HEADERS && defined HAVE_MEMORY_H
| #  include <memory.h>
| # endif
| # include <string.h>
| #endif
| #ifdef HAVE_STRINGS_H
| # include <strings.h>
| #endif
| #ifdef HAVE_INTTYPES_H
| # include <inttypes.h>
| #endif
| #ifdef HAVE_STDINT_H
| # include <stdint.h>
| #endif
| #ifdef HAVE_UNISTD_H
| # include <unistd.h>
| #endif
| int
| main ()
| {
| static int test_array [1 - 2 * !(((long int) (sizeof (void *))) <= 3)];
| test_array [0] = 0
| 
|   ;
|   return 0;
| }
configure:13254: mipsel-uclibc-gcc -c -g -O2 -Wall  conftest.c >&5
configure:13254: $? = 0
configure:13254: mipsel-uclibc-gcc -c -g -O2 -Wall  conftest.c >&5
configure:13254: $? = 0
configure:13254: mipsel-uclibc-gcc -c -g -O2 -Wall  conftest.c >&5
configure:13254: $? = 0
configure:13268: result: 4
configure:13282: checking size of long long
configure:13287: mipsel-uclibc-gcc -c -g -O2 -Wall  conftest.c >&5
configure:13287: $? = 0
configure:13287: mipsel-uclibc-gcc -c -g -O2 -Wall  conftest.c >&5
conftest.c: In function 'main':
conftest.c:72: error: size of array 'test_array' is negative
configure:13287: $? = 1
configure: failed program was:
| /* confdefs.h */
| #define PACKAGE_NAME ""
| #define PACKAGE_TARNAME ""
| #define PACKAGE_VERSION ""
| #define PACKAGE_STRING ""
| #define PACKAGE_BUGREPORT ""
| #define PACKAGE_URL ""
| #define GLIB_MAJOR_VERSION 1
| #define GLIB_MINOR_VERSION 2
| #define GLIB_MICRO_VERSION 10
| #define GLIB_INTERFACE_AGE 10
| #define GLIB_BINARY_AGE 10
| #define STDC_HEADERS 1
| #define HAVE_SYS_TYPES_H 1
| #define HAVE_SYS_STAT_H 1
| #define HAVE_STDLIB_H 1
| #define HAVE_STRING_H 1
| #define HAVE_MEMORY_H 1
| #define HAVE_STRINGS_H 1
| #define HAVE_INTTYPES_H 1
| #define HAVE_STDINT_H 1
| #define HAVE_UNISTD_H 1
| #define HAVE_DLFCN_H 1
| #define LT_OBJDIR ".libs/"
| #define G_COMPILED_WITH_DEBUGGING "minimum"
| #define STDC_HEADERS 1
| #define HAVE_VPRINTF 1
| #define HAVE_ATEXIT 1
| #define HAVE_ON_EXIT 1
| #define SIZEOF_CHAR 1
| #define SIZEOF_SHORT 2
| #define SIZEOF_LONG 4
| #define SIZEOF_INT 4
| #define SIZEOF_VOID_P 4
| /* end confdefs.h.  */
| #include <stdio.h>
| #ifdef HAVE_SYS_TYPES_H
| # include <sys/types.h>
| #endif
| #ifdef HAVE_SYS_STAT_H
| # include <sys/stat.h>
| #endif
| #ifdef STDC_HEADERS
| # include <stdlib.h>
| # include <stddef.h>
| #else
| # ifdef HAVE_STDLIB_H
| #  include <stdlib.h>
| # endif
| #endif
| #ifdef HAVE_STRING_H
| # if !defined STDC_HEADERS && defined HAVE_MEMORY_H
| #  include <memory.h>
| # endif
| # include <string.h>
| #endif
| #ifdef HAVE_STRINGS_H
| # include <strings.h>
| #endif
| #ifdef HAVE_INTTYPES_H
| # include <inttypes.h>
| #endif
| #ifdef HAVE_STDINT_H
| # include <stdint.h>
| #endif
| #ifdef HAVE_UNISTD_H
| # include <unistd.h>
| #endif
| int
| main ()
| {
| static int test_array [1 - 2 * !(((long int) (sizeof (long long))) <= 0)];
| test_array [0] = 0
| 
|   ;
|   return 0;
| }
configure:13287: mipsel-uclibc-gcc -c -g -O2 -Wall  conftest.c >&5
conftest.c: In function 'main':
conftest.c:72: error: size of array 'test_array' is negative
configure:13287: $? = 1
configure: failed program was:
| /* confdefs.h */
| #define PACKAGE_NAME ""
| #define PACKAGE_TARNAME ""
| #define PACKAGE_VERSION ""
| #define PACKAGE_STRING ""
| #define PACKAGE_BUGREPORT ""
| #define PACKAGE_URL ""
| #define GLIB_MAJOR_VERSION 1
| #define GLIB_MINOR_VERSION 2
| #define GLIB_MICRO_VERSION 10
| #define GLIB_INTERFACE_AGE 10
| #define GLIB_BINARY_AGE 10
| #define STDC_HEADERS 1
| #define HAVE_SYS_TYPES_H 1
| #define HAVE_SYS_STAT_H 1
| #define HAVE_STDLIB_H 1
| #define HAVE_STRING_H 1
| #define HAVE_MEMORY_H 1
| #define HAVE_STRINGS_H 1
| #define HAVE_INTTYPES_H 1
| #define HAVE_STDINT_H 1
| #define HAVE_UNISTD_H 1
| #define HAVE_DLFCN_H 1
| #define LT_OBJDIR ".libs/"
| #define G_COMPILED_WITH_DEBUGGING "minimum"
| #define STDC_HEADERS 1
| #define HAVE_VPRINTF 1
| #define HAVE_ATEXIT 1
| #define HAVE_ON_EXIT 1
| #define SIZEOF_CHAR 1
| #define SIZEOF_SHORT 2
| #define SIZEOF_LONG 4
| #define SIZEOF_INT 4
| #define SIZEOF_VOID_P 4
| /* end confdefs.h.  */
| #include <stdio.h>
| #ifdef HAVE_SYS_TYPES_H
| # include <sys/types.h>
| #endif
| #ifdef HAVE_SYS_STAT_H
| # include <sys/stat.h>
| #endif
| #ifdef STDC_HEADERS
| # include <stdlib.h>
| # include <stddef.h>
| #else
| # ifdef HAVE_STDLIB_H
| #  include <stdlib.h>
| # endif
| #endif
| #ifdef HAVE_STRING_H
| # if !defined STDC_HEADERS && defined HAVE_MEMORY_H
| #  include <memory.h>
| # endif
| # include <string.h>
| #endif
| #ifdef HAVE_STRINGS_H
| # include <strings.h>
| #endif
| #ifdef HAVE_INTTYPES_H
| # include <inttypes.h>
| #endif
| #ifdef HAVE_STDINT_H
| # include <stdint.h>
| #endif
| #ifdef HAVE_UNISTD_H
| # include <unistd.h>
| #endif
| int
| main ()
| {
| static int test_array [1 - 2 * !(((long int) (sizeof (long long))) <= 1)];
| test_array [0] = 0
| 
|   ;
|   return 0;
| }
configure:13287: mipsel-uclibc-gcc -c -g -O2 -Wall  conftest.c >&5
conftest.c: In function 'main':
conftest.c:72: error: size of array 'test_array' is negative
configure:13287: $? = 1
configure: failed program was:
| /* confdefs.h */
| #define PACKAGE_NAME ""
| #define PACKAGE_TARNAME ""
| #define PACKAGE_VERSION ""
| #define PACKAGE_STRING ""
| #define PACKAGE_BUGREPORT ""
| #define PACKAGE_URL ""
| #define GLIB_MAJOR_VERSION 1
| #define GLIB_MINOR_VERSION 2
| #define GLIB_MICRO_VERSION 10
| #define GLIB_INTERFACE_AGE 10
| #define GLIB_BINARY_AGE 10
| #define STDC_HEADERS 1
| #define HAVE_SYS_TYPES_H 1
| #define HAVE_SYS_STAT_H 1
| #define HAVE_STDLIB_H 1
| #define HAVE_STRING_H 1
| #define HAVE_MEMORY_H 1
| #define HAVE_STRINGS_H 1
| #define HAVE_INTTYPES_H 1
| #define HAVE_STDINT_H 1
| #define HAVE_UNISTD_H 1
| #define HAVE_DLFCN_H 1
| #define LT_OBJDIR ".libs/"
| #define G_COMPILED_WITH_DEBUGGING "minimum"
| #define STDC_HEADERS 1
| #define HAVE_VPRINTF 1
| #define HAVE_ATEXIT 1
| #define HAVE_ON_EXIT 1
| #define SIZEOF_CHAR 1
| #define SIZEOF_SHORT 2
| #define SIZEOF_LONG 4
| #define SIZEOF_INT 4
| #define SIZEOF_VOID_P 4
| /* end confdefs.h.  */
| #include <stdio.h>
| #ifdef HAVE_SYS_TYPES_H
| # include <sys/types.h>
| #endif
| #ifdef HAVE_SYS_STAT_H
| # include <sys/stat.h>
| #endif
| #ifdef STDC_HEADERS
| # include <stdlib.h>
| # include <stddef.h>
| #else
| # ifdef HAVE_STDLIB_H
| #  include <stdlib.h>
| # endif
| #endif
| #ifdef HAVE_STRING_H
| # if !defined STDC_HEADERS && defined HAVE_MEMORY_H
| #  include <memory.h>
| # endif
| # include <string.h>
| #endif
| #ifdef HAVE_STRINGS_H
| # include <strings.h>
| #endif
| #ifdef HAVE_INTTYPES_H
| # include <inttypes.h>
| #endif
| #ifdef HAVE_STDINT_H
| # include <stdint.h>
| #endif
| #ifdef HAVE_UNISTD_H
| # include <unistd.h>
| #endif
| int
| main ()
| {
| static int test_array [1 - 2 * !(((long int) (sizeof (long long))) <= 3)];
| test_array [0] = 0
| 
|   ;
|   return 0;
| }
configure:13287: mipsel-uclibc-gcc -c -g -O2 -Wall  conftest.c >&5
conftest.c: In function 'main':
conftest.c:72: error: size of array 'test_array' is negative
configure:13287: $? = 1
configure: failed program was:
| /* confdefs.h */
| #define PACKAGE_NAME ""
| #define PACKAGE_TARNAME ""
| #define PACKAGE_VERSION ""
| #define PACKAGE_STRING ""
| #define PACKAGE_BUGREPORT ""
| #define PACKAGE_URL ""
| #define GLIB_MAJOR_VERSION 1
| #define GLIB_MINOR_VERSION 2
| #define GLIB_MICRO_VERSION 10
| #define GLIB_INTERFACE_AGE 10
| #define GLIB_BINARY_AGE 10
| #define STDC_HEADERS 1
| #define HAVE_SYS_TYPES_H 1
| #define HAVE_SYS_STAT_H 1
| #define HAVE_STDLIB_H 1
| #define HAVE_STRING_H 1
| #define HAVE_MEMORY_H 1
| #define HAVE_STRINGS_H 1
| #define HAVE_INTTYPES_H 1
| #define HAVE_STDINT_H 1
| #define HAVE_UNISTD_H 1
| #define HAVE_DLFCN_H 1
| #define LT_OBJDIR ".libs/"
| #define G_COMPILED_WITH_DEBUGGING "minimum"
| #define STDC_HEADERS 1
| #define HAVE_VPRINTF 1
| #define HAVE_ATEXIT 1
| #define HAVE_ON_EXIT 1
| #define SIZEOF_CHAR 1
| #define SIZEOF_SHORT 2
| #define SIZEOF_LONG 4
| #define SIZEOF_INT 4
| #define SIZEOF_VOID_P 4
| /* end confdefs.h.  */
| #include <stdio.h>
| #ifdef HAVE_SYS_TYPES_H
| # include <sys/types.h>
| #endif
| #ifdef HAVE_SYS_STAT_H
| # include <sys/stat.h>
| #endif
| #ifdef STDC_HEADERS
| # include <stdlib.h>
| # include <stddef.h>
| #else
| # ifdef HAVE_STDLIB_H
| #  include <stdlib.h>
| # endif
| #endif
| #ifdef HAVE_STRING_H
| # if !defined STDC_HEADERS && defined HAVE_MEMORY_H
| #  include <memory.h>
| # endif
| # include <string.h>
| #endif
| #ifdef HAVE_STRINGS_H
| # include <strings.h>
| #endif
| #ifdef HAVE_INTTYPES_H
| # include <inttypes.h>
| #endif
| #ifdef HAVE_STDINT_H
| # include <stdint.h>
| #endif
| #ifdef HAVE_UNISTD_H
| # include <unistd.h>
| #endif
| int
| main ()
| {
| static int test_array [1 - 2 * !(((long int) (sizeof (long long))) <= 7)];
| test_array [0] = 0
| 
|   ;
|   return 0;
| }
configure:13287: mipsel-uclibc-gcc -c -g -O2 -Wall  conftest.c >&5
configure:13287: $? = 0
configure:13287: mipsel-uclibc-gcc -c -g -O2 -Wall  conftest.c >&5
configure:13287: $? = 0
configure:13287: mipsel-uclibc-gcc -c -g -O2 -Wall  conftest.c >&5
configure:13287: $? = 0
configure:13287: mipsel-uclibc-gcc -c -g -O2 -Wall  conftest.c >&5
configure:13287: $? = 0
configure:13301: result: 8
configure:13312: checking for an ANSI C-conforming const
configure:13377: mipsel-uclibc-gcc -c -g -O2 -Wall  conftest.c >&5
conftest.c: In function 'main':
conftest.c:66: warning: 't' is used uninitialized in this function
conftest.c:82: warning: 'b' is used uninitialized in this function
conftest.c:88: warning: 'cs[0]' is used uninitialized in this function
configure:13377: $? = 0
configure:13384: result: yes
configure:13393: checking for __inline
configure:13426: result: yes
configure:13432: checking for __inline__
configure:13465: result: yes
configure:13471: checking for inline
configure:13504: result: yes
configure:13511: checking whether byte ordering is bigendian
configure:13526: mipsel-uclibc-gcc -c -g -O2 -Wall  conftest.c >&5
conftest.c:41: error: expected '=', ',', ';', 'asm' or '__attribute__' before 'a'
configure:13526: $? = 1
configure: failed program was:
| /* confdefs.h */
| #define PACKAGE_NAME ""
| #define PACKAGE_TARNAME ""
| #define PACKAGE_VERSION ""
| #define PACKAGE_STRING ""
| #define PACKAGE_BUGREPORT ""
| #define PACKAGE_URL ""
| #define GLIB_MAJOR_VERSION 1
| #define GLIB_MINOR_VERSION 2
| #define GLIB_MICRO_VERSION 10
| #define GLIB_INTERFACE_AGE 10
| #define GLIB_BINARY_AGE 10
| #define STDC_HEADERS 1
| #define HAVE_SYS_TYPES_H 1
| #define HAVE_SYS_STAT_H 1
| #define HAVE_STDLIB_H 1
| #define HAVE_STRING_H 1
| #define HAVE_MEMORY_H 1
| #define HAVE_STRINGS_H 1
| #define HAVE_INTTYPES_H 1
| #define HAVE_STDINT_H 1
| #define HAVE_UNISTD_H 1
| #define HAVE_DLFCN_H 1
| #define LT_OBJDIR ".libs/"
| #define G_COMPILED_WITH_DEBUGGING "minimum"
| #define STDC_HEADERS 1
| #define HAVE_VPRINTF 1
| #define HAVE_ATEXIT 1
| #define HAVE_ON_EXIT 1
| #define SIZEOF_CHAR 1
| #define SIZEOF_SHORT 2
| #define SIZEOF_LONG 4
| #define SIZEOF_INT 4
| #define SIZEOF_VOID_P 4
| #define SIZEOF_LONG_LONG 8
| #define G_HAVE___INLINE 1
| #define G_HAVE___INLINE__ 1
| #define G_HAVE_INLINE 1
| /* end confdefs.h.  */
| #ifndef __APPLE_CC__
| 	       not a universal capable compiler
| 	     #endif
| 	     typedef int dummy;
| 
configure:13571: mipsel-uclibc-gcc -c -g -O2 -Wall  conftest.c >&5
configure:13571: $? = 0
configure:13589: mipsel-uclibc-gcc -c -g -O2 -Wall  conftest.c >&5
conftest.c: In function 'main':
conftest.c:47: error: 'not' undeclared (first use in this function)
conftest.c:47: error: (Each undeclared identifier is reported only once
conftest.c:47: error: for each function it appears in.)
conftest.c:47: error: expected ';' before 'big'
configure:13589: $? = 1
configure: failed program was:
| /* confdefs.h */
| #define PACKAGE_NAME ""
| #define PACKAGE_TARNAME ""
| #define PACKAGE_VERSION ""
| #define PACKAGE_STRING ""
| #define PACKAGE_BUGREPORT ""
| #define PACKAGE_URL ""
| #define GLIB_MAJOR_VERSION 1
| #define GLIB_MINOR_VERSION 2
| #define GLIB_MICRO_VERSION 10
| #define GLIB_INTERFACE_AGE 10
| #define GLIB_BINARY_AGE 10
| #define STDC_HEADERS 1
| #define HAVE_SYS_TYPES_H 1
| #define HAVE_SYS_STAT_H 1
| #define HAVE_STDLIB_H 1
| #define HAVE_STRING_H 1
| #define HAVE_MEMORY_H 1
| #define HAVE_STRINGS_H 1
| #define HAVE_INTTYPES_H 1
| #define HAVE_STDINT_H 1
| #define HAVE_UNISTD_H 1
| #define HAVE_DLFCN_H 1
| #define LT_OBJDIR ".libs/"
| #define G_COMPILED_WITH_DEBUGGING "minimum"
| #define STDC_HEADERS 1
| #define HAVE_VPRINTF 1
| #define HAVE_ATEXIT 1
| #define HAVE_ON_EXIT 1
| #define SIZEOF_CHAR 1
| #define SIZEOF_SHORT 2
| #define SIZEOF_LONG 4
| #define SIZEOF_INT 4
| #define SIZEOF_VOID_P 4
| #define SIZEOF_LONG_LONG 8
| #define G_HAVE___INLINE 1
| #define G_HAVE___INLINE__ 1
| #define G_HAVE_INLINE 1
| /* end confdefs.h.  */
| #include <sys/types.h>
| 		#include <sys/param.h>
| 
| int
| main ()
| {
| #if BYTE_ORDER != BIG_ENDIAN
| 		 not big endian
| 		#endif
| 
|   ;
|   return 0;
| }
configure:13717: result: no
configure:13738: checking float.h usability
configure:13738: mipsel-uclibc-gcc -c -g -O2 -Wall  conftest.c >&5
configure:13738: $? = 0
configure:13738: result: yes
configure:13738: checking float.h presence
configure:13738: mipsel-uclibc-gcc -E  conftest.c
configure:13738: $? = 0
configure:13738: result: yes
configure:13738: checking for float.h
configure:13738: result: yes
configure:13751: checking limits.h usability
configure:13751: mipsel-uclibc-gcc -c -g -O2 -Wall  conftest.c >&5
configure:13751: $? = 0
configure:13751: result: yes
configure:13751: checking limits.h presence
configure:13751: mipsel-uclibc-gcc -E  conftest.c
configure:13751: $? = 0
configure:13751: result: yes
configure:13751: checking for limits.h
configure:13751: result: yes
configure:13764: checking pwd.h usability
configure:13764: mipsel-uclibc-gcc -c -g -O2 -Wall  conftest.c >&5
configure:13764: $? = 0
configure:13764: result: yes
configure:13764: checking pwd.h presence
configure:13764: mipsel-uclibc-gcc -E  conftest.c
configure:13764: $? = 0
configure:13764: result: yes
configure:13764: checking for pwd.h
configure:13764: result: yes
configure:13777: checking sys/param.h usability
configure:13777: mipsel-uclibc-gcc -c -g -O2 -Wall  conftest.c >&5
configure:13777: $? = 0
configure:13777: result: yes
configure:13777: checking sys/param.h presence
configure:13777: mipsel-uclibc-gcc -E  conftest.c
configure:13777: $? = 0
configure:13777: result: yes
configure:13777: checking for sys/param.h
configure:13777: result: yes
configure:13790: checking sys/poll.h usability
configure:13790: mipsel-uclibc-gcc -c -g -O2 -Wall  conftest.c >&5
configure:13790: $? = 0
configure:13790: result: yes
configure:13790: checking sys/poll.h presence
configure:13790: mipsel-uclibc-gcc -E  conftest.c
configure:13790: $? = 0
configure:13790: result: yes
configure:13790: checking for sys/poll.h
configure:13790: result: yes
configure:13803: checking sys/select.h usability
configure:13803: mipsel-uclibc-gcc -c -g -O2 -Wall  conftest.c >&5
configure:13803: $? = 0
configure:13803: result: yes
configure:13803: checking sys/select.h presence
configure:13803: mipsel-uclibc-gcc -E  conftest.c
configure:13803: $? = 0
configure:13803: result: yes
configure:13803: checking for sys/select.h
configure:13803: result: yes
configure:13816: checking sys/time.h usability
configure:13816: mipsel-uclibc-gcc -c -g -O2 -Wall  conftest.c >&5
configure:13816: $? = 0
configure:13816: result: yes
configure:13816: checking sys/time.h presence
configure:13816: mipsel-uclibc-gcc -E  conftest.c
configure:13816: $? = 0
configure:13816: result: yes
configure:13816: checking for sys/time.h
configure:13816: result: yes
configure:13829: checking sys/times.h usability
configure:13829: mipsel-uclibc-gcc -c -g -O2 -Wall  conftest.c >&5
configure:13829: $? = 0
configure:13829: result: yes
configure:13829: checking sys/times.h presence
configure:13829: mipsel-uclibc-gcc -E  conftest.c
configure:13829: $? = 0
configure:13829: result: yes
configure:13829: checking for sys/times.h
configure:13829: result: yes
configure:13842: checking for unistd.h
configure:13842: result: yes
configure:13855: checking values.h usability
configure:13855: mipsel-uclibc-gcc -c -g -O2 -Wall  conftest.c >&5
configure:13855: $? = 0
configure:13855: result: yes
configure:13855: checking values.h presence
configure:13855: mipsel-uclibc-gcc -E  conftest.c
configure:13855: $? = 0
configure:13855: result: yes
configure:13855: checking for values.h
configure:13855: result: yes
configure:13871: checking for lstat
configure:13871: mipsel-uclibc-gcc -o conftest -g -O2 -Wall   conftest.c  >&5
configure:13871: $? = 0
configure:13871: result: yes
configure:13871: checking for strerror
configure:13871: mipsel-uclibc-gcc -o conftest -g -O2 -Wall   conftest.c  >&5
configure:13871: $? = 0
configure:13871: result: yes
configure:13871: checking for strsignal
configure:13871: mipsel-uclibc-gcc -o conftest -g -O2 -Wall   conftest.c  >&5
configure:13871: $? = 0
configure:13871: result: yes
configure:13871: checking for memmove
configure:13871: mipsel-uclibc-gcc -o conftest -g -O2 -Wall   conftest.c  >&5
conftest.c:86: warning: conflicting types for built-in function 'memmove'
configure:13871: $? = 0
configure:13871: result: yes
configure:13871: checking for vsnprintf
configure:13871: mipsel-uclibc-gcc -o conftest -g -O2 -Wall   conftest.c  >&5
conftest.c:87: warning: conflicting types for built-in function 'vsnprintf'
configure:13871: $? = 0
configure:13871: result: yes
configure:13871: checking for strcasecmp
configure:13871: mipsel-uclibc-gcc -o conftest -g -O2 -Wall   conftest.c  >&5
conftest.c:88: warning: conflicting types for built-in function 'strcasecmp'
configure:13871: $? = 0
configure:13871: result: yes
configure:13871: checking for strncasecmp
configure:13871: mipsel-uclibc-gcc -o conftest -g -O2 -Wall   conftest.c  >&5
conftest.c:89: warning: conflicting types for built-in function 'strncasecmp'
configure:13871: $? = 0
configure:13871: result: yes
configure:13871: checking for poll
configure:13871: mipsel-uclibc-gcc -o conftest -g -O2 -Wall   conftest.c  >&5
configure:13871: $? = 0
configure:13871: result: yes
configure:13882: checking for sys_errlist
configure:13899: mipsel-uclibc-gcc -o conftest -g -O2 -Wall   conftest.c  >&5
/tmp/ccqVpy2D.o: In function `main':
/home/vicente/tomatoastman/release/src/router/glib/conftest.c:75: undefined reference to `sys_nerr'
/home/vicente/tomatoastman/release/src/router/glib/conftest.c:75: undefined reference to `sys_errlist'
collect2: ld returned 1 exit status
configure:13899: $? = 1
configure: failed program was:
| /* confdefs.h */
| #define PACKAGE_NAME ""
| #define PACKAGE_TARNAME ""
| #define PACKAGE_VERSION ""
| #define PACKAGE_STRING ""
| #define PACKAGE_BUGREPORT ""
| #define PACKAGE_URL ""
| #define GLIB_MAJOR_VERSION 1
| #define GLIB_MINOR_VERSION 2
| #define GLIB_MICRO_VERSION 10
| #define GLIB_INTERFACE_AGE 10
| #define GLIB_BINARY_AGE 10
| #define STDC_HEADERS 1
| #define HAVE_SYS_TYPES_H 1
| #define HAVE_SYS_STAT_H 1
| #define HAVE_STDLIB_H 1
| #define HAVE_STRING_H 1
| #define HAVE_MEMORY_H 1
| #define HAVE_STRINGS_H 1
| #define HAVE_INTTYPES_H 1
| #define HAVE_STDINT_H 1
| #define HAVE_UNISTD_H 1
| #define HAVE_DLFCN_H 1
| #define LT_OBJDIR ".libs/"
| #define G_COMPILED_WITH_DEBUGGING "minimum"
| #define STDC_HEADERS 1
| #define HAVE_VPRINTF 1
| #define HAVE_ATEXIT 1
| #define HAVE_ON_EXIT 1
| #define SIZEOF_CHAR 1
| #define SIZEOF_SHORT 2
| #define SIZEOF_LONG 4
| #define SIZEOF_INT 4
| #define SIZEOF_VOID_P 4
| #define SIZEOF_LONG_LONG 8
| #define G_HAVE___INLINE 1
| #define G_HAVE___INLINE__ 1
| #define G_HAVE_INLINE 1
| #define HAVE_FLOAT_H 1
| #define HAVE_FLOAT_H 1
| #define HAVE_LIMITS_H 1
| #define HAVE_LIMITS_H 1
| #define HAVE_PWD_H 1
| #define HAVE_PWD_H 1
| #define HAVE_SYS_PARAM_H 1
| #define HAVE_SYS_PARAM_H 1
| #define HAVE_SYS_POLL_H 1
| #define HAVE_SYS_POLL_H 1
| #define HAVE_SYS_SELECT_H 1
| #define HAVE_SYS_SELECT_H 1
| #define HAVE_SYS_TIME_H 1
| #define HAVE_SYS_TIME_H 1
| #define HAVE_SYS_TIMES_H 1
| #define HAVE_SYS_TIMES_H 1
| #define HAVE_UNISTD_H 1
| #define HAVE_UNISTD_H 1
| #define HAVE_VALUES_H 1
| #define HAVE_VALUES_H 1
| #define HAVE_LSTAT 1
| #define HAVE_STRERROR 1
| #define HAVE_STRSIGNAL 1
| #define HAVE_MEMMOVE 1
| #define HAVE_VSNPRINTF 1
| #define HAVE_STRCASECMP 1
| #define HAVE_STRNCASECMP 1
| #define HAVE_POLL 1
| /* end confdefs.h.  */
| 
| int
| main ()
| {
| 
| extern char *sys_errlist[];
| extern int sys_nerr;
| sys_errlist[sys_nerr-1][0] = 0;
| 
|   ;
|   return 0;
| }
configure:13906: result: no
configure:13914: checking for sys_siglist
configure:13930: mipsel-uclibc-gcc -o conftest -g -O2 -Wall   conftest.c  >&5
conftest.c: In function 'main':
conftest.c:75: warning: implicit declaration of function 'exit'
conftest.c:75: warning: incompatible implicit declaration of built-in function 'exit'
conftest.c:75: warning: passing argument 1 of 'exit' makes integer from pointer without a cast
/tmp/ccaBeixI.o: In function `main':
/home/vicente/tomatoastman/release/src/router/glib/conftest.c:75: undefined reference to `sys_siglist'
collect2: ld returned 1 exit status
configure:13930: $? = 1
configure: failed program was:
| /* confdefs.h */
| #define PACKAGE_NAME ""
| #define PACKAGE_TARNAME ""
| #define PACKAGE_VERSION ""
| #define PACKAGE_STRING ""
| #define PACKAGE_BUGREPORT ""
| #define PACKAGE_URL ""
| #define GLIB_MAJOR_VERSION 1
| #define GLIB_MINOR_VERSION 2
| #define GLIB_MICRO_VERSION 10
| #define GLIB_INTERFACE_AGE 10
| #define GLIB_BINARY_AGE 10
| #define STDC_HEADERS 1
| #define HAVE_SYS_TYPES_H 1
| #define HAVE_SYS_STAT_H 1
| #define HAVE_STDLIB_H 1
| #define HAVE_STRING_H 1
| #define HAVE_MEMORY_H 1
| #define HAVE_STRINGS_H 1
| #define HAVE_INTTYPES_H 1
| #define HAVE_STDINT_H 1
| #define HAVE_UNISTD_H 1
| #define HAVE_DLFCN_H 1
| #define LT_OBJDIR ".libs/"
| #define G_COMPILED_WITH_DEBUGGING "minimum"
| #define STDC_HEADERS 1
| #define HAVE_VPRINTF 1
| #define HAVE_ATEXIT 1
| #define HAVE_ON_EXIT 1
| #define SIZEOF_CHAR 1
| #define SIZEOF_SHORT 2
| #define SIZEOF_LONG 4
| #define SIZEOF_INT 4
| #define SIZEOF_VOID_P 4
| #define SIZEOF_LONG_LONG 8
| #define G_HAVE___INLINE 1
| #define G_HAVE___INLINE__ 1
| #define G_HAVE_INLINE 1
| #define HAVE_FLOAT_H 1
| #define HAVE_FLOAT_H 1
| #define HAVE_LIMITS_H 1
| #define HAVE_LIMITS_H 1
| #define HAVE_PWD_H 1
| #define HAVE_PWD_H 1
| #define HAVE_SYS_PARAM_H 1
| #define HAVE_SYS_PARAM_H 1
| #define HAVE_SYS_POLL_H 1
| #define HAVE_SYS_POLL_H 1
| #define HAVE_SYS_SELECT_H 1
| #define HAVE_SYS_SELECT_H 1
| #define HAVE_SYS_TIME_H 1
| #define HAVE_SYS_TIME_H 1
| #define HAVE_SYS_TIMES_H 1
| #define HAVE_SYS_TIMES_H 1
| #define HAVE_UNISTD_H 1
| #define HAVE_UNISTD_H 1
| #define HAVE_VALUES_H 1
| #define HAVE_VALUES_H 1
| #define HAVE_LSTAT 1
| #define HAVE_STRERROR 1
| #define HAVE_STRSIGNAL 1
| #define HAVE_MEMMOVE 1
| #define HAVE_VSNPRINTF 1
| #define HAVE_STRCASECMP 1
| #define HAVE_STRNCASECMP 1
| #define HAVE_POLL 1
| #define NO_SYS_ERRLIST 1
| /* end confdefs.h.  */
| 
| int
| main ()
| {
| 
| extern char *sys_siglist[];
| exit (sys_siglist[0]);
| 
|   ;
|   return 0;
| }
configure:13937: result: no
configure:13945: checking for sys_siglist declaration
configure:13960: mipsel-uclibc-gcc -c -g -O2 -Wall  conftest.c >&5
conftest.c: In function 'main':
conftest.c:75: warning: implicit declaration of function 'strlen'
conftest.c:75: warning: incompatible implicit declaration of built-in function 'strlen'
conftest.c:75: error: 'sys_siglist' undeclared (first use in this function)
conftest.c:75: error: (Each undeclared identifier is reported only once
conftest.c:75: error: for each function it appears in.)
conftest.c:75: warning: statement with no effect
configure:13960: $? = 1
configure: failed program was:
| /* confdefs.h */
| #define PACKAGE_NAME ""
| #define PACKAGE_TARNAME ""
| #define PACKAGE_VERSION ""
| #define PACKAGE_STRING ""
| #define PACKAGE_BUGREPORT ""
| #define PACKAGE_URL ""
| #define GLIB_MAJOR_VERSION 1
| #define GLIB_MINOR_VERSION 2
| #define GLIB_MICRO_VERSION 10
| #define GLIB_INTERFACE_AGE 10
| #define GLIB_BINARY_AGE 10
| #define STDC_HEADERS 1
| #define HAVE_SYS_TYPES_H 1
| #define HAVE_SYS_STAT_H 1
| #define HAVE_STDLIB_H 1
| #define HAVE_STRING_H 1
| #define HAVE_MEMORY_H 1
| #define HAVE_STRINGS_H 1
| #define HAVE_INTTYPES_H 1
| #define HAVE_STDINT_H 1
| #define HAVE_UNISTD_H 1
| #define HAVE_DLFCN_H 1
| #define LT_OBJDIR ".libs/"
| #define G_COMPILED_WITH_DEBUGGING "minimum"
| #define STDC_HEADERS 1
| #define HAVE_VPRINTF 1
| #define HAVE_ATEXIT 1
| #define HAVE_ON_EXIT 1
| #define SIZEOF_CHAR 1
| #define SIZEOF_SHORT 2
| #define SIZEOF_LONG 4
| #define SIZEOF_INT 4
| #define SIZEOF_VOID_P 4
| #define SIZEOF_LONG_LONG 8
| #define G_HAVE___INLINE 1
| #define G_HAVE___INLINE__ 1
| #define G_HAVE_INLINE 1
| #define HAVE_FLOAT_H 1
| #define HAVE_FLOAT_H 1
| #define HAVE_LIMITS_H 1
| #define HAVE_LIMITS_H 1
| #define HAVE_PWD_H 1
| #define HAVE_PWD_H 1
| #define HAVE_SYS_PARAM_H 1
| #define HAVE_SYS_PARAM_H 1
| #define HAVE_SYS_POLL_H 1
| #define HAVE_SYS_POLL_H 1
| #define HAVE_SYS_SELECT_H 1
| #define HAVE_SYS_SELECT_H 1
| #define HAVE_SYS_TIME_H 1
| #define HAVE_SYS_TIME_H 1
| #define HAVE_SYS_TIMES_H 1
| #define HAVE_SYS_TIMES_H 1
| #define HAVE_UNISTD_H 1
| #define HAVE_UNISTD_H 1
| #define HAVE_VALUES_H 1
| #define HAVE_VALUES_H 1
| #define HAVE_LSTAT 1
| #define HAVE_STRERROR 1
| #define HAVE_STRSIGNAL 1
| #define HAVE_MEMMOVE 1
| #define HAVE_VSNPRINTF 1
| #define HAVE_STRCASECMP 1
| #define HAVE_STRNCASECMP 1
| #define HAVE_POLL 1
| #define NO_SYS_ERRLIST 1
| #define NO_SYS_SIGLIST 1
| /* end confdefs.h.  */
| #include <signal.h>
| int
| main ()
| {
| 
| strlen (sys_siglist[0]);
| 
|   ;
|   return 0;
| }
configure:13966: result: no
configure:13974: checking for fd_set
configure:13987: mipsel-uclibc-gcc -c -g -O2 -Wall  conftest.c >&5
conftest.c: In function 'main':
conftest.c:75: warning: unused variable 'writeMask'
conftest.c:75: warning: unused variable 'readMask'
configure:13987: $? = 0
configure:13994: result: yes, found in sys/types.h
configure:14028: checking for wchar.h
configure:14034: mipsel-uclibc-gcc -E  conftest.c
configure:14034: $? = 0
configure:14044: result: yes
configure:14049: checking for wctype.h
configure:14055: mipsel-uclibc-gcc -E  conftest.c
configure:14055: $? = 0
configure:14065: result: yes
configure:14070: checking for iswalnum
configure:14070: mipsel-uclibc-gcc -o conftest -g -O2 -Wall   conftest.c  >&5
conftest.c:96: warning: conflicting types for built-in function 'iswalnum'
configure:14070: $? = 0
configure:14070: result: yes
configure:14123: checking if iswalnum() and friends are properly defined
configure:14149: mipsel-uclibc-gcc -o conftest -g -O2 -Wall   conftest.c  >&5
conftest.c: In function 'main':
conftest.c:89: warning: statement with no effect
configure:14149: $? = 0
configure:14162: result: yes
configure:14165: checking whether realloc (NULL,) will work
configure:14203: result: yes
configure:14207: checking for an implementation of va_copy()
configure:14250: result: no
configure:14252: checking for an implementation of __va_copy()
configure:14295: result: yes
configure:14297: checking whether va_lists can be copied by value
configure:14353: result: yes
configure:14362: checking for dlopen
configure:14362: mipsel-uclibc-gcc -o conftest -g -O2 -Wall   conftest.c  >&5
/tmp/ccyLU6Q5.o: In function `main':
/home/vicente/tomatoastman/release/src/router/glib/conftest.c:109: undefined reference to `dlopen'
collect2: ld returned 1 exit status
configure:14362: $? = 1
configure: failed program was:
| /* confdefs.h */
| #define PACKAGE_NAME ""
| #define PACKAGE_TARNAME ""
| #define PACKAGE_VERSION ""
| #define PACKAGE_STRING ""
| #define PACKAGE_BUGREPORT ""
| #define PACKAGE_URL ""
| #define GLIB_MAJOR_VERSION 1
| #define GLIB_MINOR_VERSION 2
| #define GLIB_MICRO_VERSION 10
| #define GLIB_INTERFACE_AGE 10
| #define GLIB_BINARY_AGE 10
| #define STDC_HEADERS 1
| #define HAVE_SYS_TYPES_H 1
| #define HAVE_SYS_STAT_H 1
| #define HAVE_STDLIB_H 1
| #define HAVE_STRING_H 1
| #define HAVE_MEMORY_H 1
| #define HAVE_STRINGS_H 1
| #define HAVE_INTTYPES_H 1
| #define HAVE_STDINT_H 1
| #define HAVE_UNISTD_H 1
| #define HAVE_DLFCN_H 1
| #define LT_OBJDIR ".libs/"
| #define G_COMPILED_WITH_DEBUGGING "minimum"
| #define STDC_HEADERS 1
| #define HAVE_VPRINTF 1
| #define HAVE_ATEXIT 1
| #define HAVE_ON_EXIT 1
| #define SIZEOF_CHAR 1
| #define SIZEOF_SHORT 2
| #define SIZEOF_LONG 4
| #define SIZEOF_INT 4
| #define SIZEOF_VOID_P 4
| #define SIZEOF_LONG_LONG 8
| #define G_HAVE___INLINE 1
| #define G_HAVE___INLINE__ 1
| #define G_HAVE_INLINE 1
| #define HAVE_FLOAT_H 1
| #define HAVE_FLOAT_H 1
| #define HAVE_LIMITS_H 1
| #define HAVE_LIMITS_H 1
| #define HAVE_PWD_H 1
| #define HAVE_PWD_H 1
| #define HAVE_SYS_PARAM_H 1
| #define HAVE_SYS_PARAM_H 1
| #define HAVE_SYS_POLL_H 1
| #define HAVE_SYS_POLL_H 1
| #define HAVE_SYS_SELECT_H 1
| #define HAVE_SYS_SELECT_H 1
| #define HAVE_SYS_TIME_H 1
| #define HAVE_SYS_TIME_H 1
| #define HAVE_SYS_TIMES_H 1
| #define HAVE_SYS_TIMES_H 1
| #define HAVE_UNISTD_H 1
| #define HAVE_UNISTD_H 1
| #define HAVE_VALUES_H 1
| #define HAVE_VALUES_H 1
| #define HAVE_LSTAT 1
| #define HAVE_STRERROR 1
| #define HAVE_STRSIGNAL 1
| #define HAVE_MEMMOVE 1
| #define HAVE_VSNPRINTF 1
| #define HAVE_STRCASECMP 1
| #define HAVE_STRNCASECMP 1
| #define HAVE_POLL 1
| #define NO_SYS_ERRLIST 1
| #define NO_SYS_SIGLIST 1
| #define NO_SYS_SIGLIST_DECL 1
| #define HAVE_WCHAR_H 1
| #define HAVE_WCTYPE_H 1
| #define REALLOC_0_WORKS 1
| #define G_VA_COPY __va_copy
| /* end confdefs.h.  */
| /* Define dlopen to an innocuous variant, in case <limits.h> declares dlopen.
|    For example, HP-UX 11i <limits.h> declares gettimeofday.  */
| #define dlopen innocuous_dlopen
| 
| /* System header to define __stub macros and hopefully few prototypes,
|     which can conflict with char dlopen (); below.
|     Prefer <limits.h> to <assert.h> if __STDC__ is defined, since
|     <limits.h> exists even on freestanding compilers.  */
| 
| #ifdef __STDC__
| # include <limits.h>
| #else
| # include <assert.h>
| #endif
| 
| #undef dlopen
| 
| /* Override any GCC internal prototype to avoid an error.
|    Use char because int might match the return type of a GCC
|    builtin and then its argument prototype would still apply.  */
| #ifdef __cplusplus
| extern "C"
| #endif
| char dlopen ();
| /* The GNU C library defines this for functions which it implements
|     to always fail with ENOSYS.  Some functions are actually named
|     something starting with __ and the normal name is an alias.  */
| #if defined __stub_dlopen || defined __stub___dlopen
| choke me
| #endif
| 
| int
| main ()
| {
| return dlopen ();
|   ;
|   return 0;
| }
configure:14362: result: no
configure:14372: checking for dlopen in -ldl
configure:14397: mipsel-uclibc-gcc -o conftest -g -O2 -Wall   conftest.c -ldl   >&5
configure:14397: $? = 0
configure:14406: result: yes
configure:14409: checking for dlsym in -ldl
configure:14434: mipsel-uclibc-gcc -o conftest -g -O2 -Wall   conftest.c -ldl   >&5
configure:14434: $? = 0
configure:14443: result: yes
configure:14558: checking for RTLD_GLOBAL brokenness
configure:14602: result: no
configure:14609: checking for preceeding underscore in symbols
configure:14648: result: no
configure:14657: checking for dlerror
configure:14657: mipsel-uclibc-gcc -o conftest -g -O2 -Wall   conftest.c  -ldl >&5
configure:14657: $? = 0
configure:14657: result: yes
configure:14772: checking pthread.h usability
configure:14772: mipsel-uclibc-gcc -c -g -O2 -Wall  conftest.c >&5
configure:14772: $? = 0
configure:14772: result: yes
configure:14772: checking pthread.h presence
configure:14772: mipsel-uclibc-gcc -E  conftest.c
configure:14772: $? = 0
configure:14772: result: yes
configure:14772: checking for pthread.h
configure:14772: result: yes
configure:14825: checking for thread implementation
configure:14834: result: posix
configure:14847: checking for pthread_attr_init in -lpthread
configure:14872: mipsel-uclibc-gcc -o conftest -g -O2 -Wall   conftest.c -lpthread   >&5
configure:14872: $? = 0
configure:14881: result: yes
configure:15215: checking necessary linker options
configure:15217: result: -lpthread
configure:15261: checking necessary compiler options
configure:15264: result:  -D_REENTRANT
configure:15281: checking for localtime_r
configure:15281: mipsel-uclibc-gcc -o conftest -g -O2 -Wall  -D_REENTRANT   conftest.c  >&5
configure:15281: $? = 0
configure:15281: result: yes
configure:15281: checking for rand_r
configure:15281: mipsel-uclibc-gcc -o conftest -g -O2 -Wall  -D_REENTRANT   conftest.c  >&5
configure:15281: $? = 0
configure:15281: result: yes
configure:15291: checking for getpwuid_r
configure:15326: result: yes
configure:15335: checking whether getpwuid_r is posix like
configure:15339: checking whether pthread_getspecific is posix like
configure:15365: result: yes
configure:15375: checking whether pthread_getspecific is posix like
configure:15378: checking whether pthread_getspecific is posix like
configure:15402: result: yes
configure:15408: checking whether pthread_mutex_trylock is posix like
configure:15411: checking whether pthread_mutex_trylock is posix like
configure:15440: result: yes
configure:15446: checking whether pthread_cond_timedwait is posix like
configure:15449: checking whether pthread_cond_timedwait is posix like
configure:15484: result: yes
configure:15518: checking size of pthread_mutex_t
configure:15551: result: 24
configure:15558: checking byte contents of pthread_mutex_t
configure:15593: result: 0,0,0,0,0,0,0,0,0,0,0,0,0,0,0,0,0,0,0,0,0,0,0,0
configure:15828: creating ./config.status

## ---------------------- ##
## Running config.status. ##
## ---------------------- ##

This file was extended by config.status, which was
generated by GNU Autoconf 2.68.  Invocation command line was

  CONFIG_FILES    = 
  CONFIG_HEADERS  = 
  CONFIG_LINKS    = 
  CONFIG_COMMANDS = 
  $ ./config.status 

on vicente-P5K-E

config.status:1367: creating glib.spec
config.status:1367: creating Makefile
config.status:1367: creating glib-config
config.status:1367: creating gmodule/gmoduleconf.h
config.status:1367: creating gmodule/Makefile
config.status:1367: creating gthread/Makefile
config.status:1367: creating docs/Makefile
config.status:1367: creating docs/glib-config.1
config.status:1367: creating tests/Makefile
config.status:1367: creating glib.pc
config.status:1367: creating gmodule.pc
config.status:1367: creating gthread.pc
config.status:1367: creating config.h
config.status:1596: executing depfiles commands
config.status:1596: executing libtool commands
config.status:1596: executing default-1 commands
config.status:1596: executing default commands

## ---------------- ##
## Cache variables. ##
## ---------------- ##

ac_cv_build=x86_64-pc-linux-gnu
ac_cv_c_bigendian=no
ac_cv_c_compiler_gnu=yes
ac_cv_c_const=yes
ac_cv_env_CC_set=set
ac_cv_env_CC_value=mipsel-uclibc-gcc
ac_cv_env_CFLAGS_set=
ac_cv_env_CFLAGS_value=
ac_cv_env_CPPFLAGS_set=
ac_cv_env_CPPFLAGS_value=
ac_cv_env_CPP_set=
ac_cv_env_CPP_value=
ac_cv_env_LDFLAGS_set=
ac_cv_env_LDFLAGS_value=
ac_cv_env_LIBS_set=
ac_cv_env_LIBS_value=
ac_cv_env_build_alias_set=set
ac_cv_env_build_alias_value=x86_64-linux-gnu
ac_cv_env_host_alias_set=set
ac_cv_env_host_alias_value=mipsel-linux
ac_cv_env_target_alias_set=
ac_cv_env_target_alias_value=
ac_cv_func__doprnt=no
ac_cv_func_atexit=yes
ac_cv_func_dlerror=yes
ac_cv_func_dlopen=no
ac_cv_func_getpwuid_r=yes
ac_cv_func_getpwuid_r_posix=yes
ac_cv_func_iswalnum=yes
ac_cv_func_localtime_r=yes
ac_cv_func_lstat=yes
ac_cv_func_memmove=yes
ac_cv_func_on_exit=yes
ac_cv_func_poll=yes
ac_cv_func_rand_r=yes
ac_cv_func_strcasecmp=yes
ac_cv_func_strerror=yes
ac_cv_func_strncasecmp=yes
ac_cv_func_strsignal=yes
ac_cv_func_vprintf=yes
ac_cv_func_vsnprintf=yes
ac_cv_header_dlfcn_h=yes
ac_cv_header_float_h=yes
ac_cv_header_inttypes_h=yes
ac_cv_header_limits_h=yes
ac_cv_header_memory_h=yes
ac_cv_header_pthread_h=yes
ac_cv_header_pwd_h=yes
ac_cv_header_stdc=yes
ac_cv_header_stdint_h=yes
ac_cv_header_stdlib_h=yes
ac_cv_header_string_h=yes
ac_cv_header_strings_h=yes
ac_cv_header_sys_param_h=yes
ac_cv_header_sys_poll_h=yes
ac_cv_header_sys_select_h=yes
ac_cv_header_sys_stat_h=yes
ac_cv_header_sys_time_h=yes
ac_cv_header_sys_times_h=yes
ac_cv_header_sys_types_h=yes
ac_cv_header_unistd_h=yes
ac_cv_header_values_h=yes
ac_cv_host=mipsel-unknown-linux-gnu
ac_cv_lib_dl_dlopen=yes
ac_cv_lib_dl_dlsym=yes
ac_cv_lib_pthread_pthread_attr_init=yes
ac_cv_objext=o
ac_cv_path_EGREP='/bin/grep -E'
ac_cv_path_FGREP='/bin/grep -F'
ac_cv_path_GREP=/bin/grep
ac_cv_path_SED=/bin/sed
ac_cv_path_install='/usr/bin/install -c'
ac_cv_path_mkdir=/bin/mkdir
ac_cv_prog_AR=mipsel-uclibc-ar
ac_cv_prog_AWK=gawk
ac_cv_prog_CC=mipsel-uclibc-gcc
ac_cv_prog_CPP='mipsel-uclibc-gcc -E'
ac_cv_prog_OBJDUMP=mipsel-linux-objdump
ac_cv_prog_RANLIB=mipsel-uclibc-ranlib
ac_cv_prog_STRIP='mipsel-uclibc-strip -R .note -R .comment'
ac_cv_prog_ac_ct_MANIFEST_TOOL=mt
ac_cv_prog_cc_c89=
ac_cv_prog_cc_g=yes
ac_cv_prog_make_make_set=yes
ac_cv_sizeof_char=1
ac_cv_sizeof_int=4
ac_cv_sizeof_long=4
ac_cv_sizeof_long_long=8
ac_cv_sizeof_short=2
ac_cv_sizeof_void_p=4
am_cv_CC_dependencies_compiler_type=gcc3
am_cv_prog_cc_stdc=
glib_cv___va_copy=yes
glib_cv_byte_contents_gmutex=0,0,0,0,0,0,0,0,0,0,0,0,0,0,0,0,0,0,0,0,0,0,0,0
glib_cv_func_pthread_cond_timedwait_posix=yes
glib_cv_func_pthread_mutex_trylock_posix=yes
glib_cv_has__inline=yes
glib_cv_has__inline__=yes
glib_cv_hasinline=yes
glib_cv_prog_cc_ansi_proto=no
glib_cv_rtldglobal_broken=no
glib_cv_sane_realloc=yes
glib_cv_sizeof_gmutex=24
glib_cv_sys_pthread_cond_timedwait_posix=yes
glib_cv_sys_pthread_getspecific_posix=yes
glib_cv_sys_pthread_mutex_trylock_posix=yes
glib_cv_uscore=no
glib_cv_va_copy=no
glib_cv_va_val_copy=yes
lt_cv_ar_at_file=@
lt_cv_archive_cmds_need_lc=no
lt_cv_deplibs_check_method=pass_all
lt_cv_file_magic_cmd='$MAGIC_CMD'
lt_cv_file_magic_test_file=
lt_cv_ld_reload_flag=-r
lt_cv_nm_interface='BSD nm'
lt_cv_objdir=.libs
lt_cv_path_LD=mipsel-uclibc-ld
lt_cv_path_NM=mipsel-uclibc-nm
lt_cv_path_mainfest_tool=no
lt_cv_prog_compiler_c_o=yes
lt_cv_prog_compiler_pic='-fPIC -DPIC'
lt_cv_prog_compiler_pic_works=yes
lt_cv_prog_compiler_rtti_exceptions=no
lt_cv_prog_compiler_static_works=yes
lt_cv_prog_gnu_ld=yes
lt_cv_sharedlib_from_linklib_cmd='printf %s\n'
lt_cv_shlibpath_overrides_runpath=no
lt_cv_sys_global_symbol_pipe='sed -n -e '\''s/^.*[	 ]\([ABCDGIRSTW][ABCDGIRSTW]*\)[	 ][	 ]*\([_A-Za-z][_A-Za-z0-9]*\)$/\1 \2 \2/p'\'' | sed '\''/ __gnu_lto/d'\'''
lt_cv_sys_global_symbol_to_c_name_address='sed -n -e '\''s/^: \([^ ]*\)[ ]*$/  {\"\1\", (void *) 0},/p'\'' -e '\''s/^[ABCDGIRSTW]* \([^ ]*\) \([^ ]*\)$/  {"\2", (void *) \&\2},/p'\'''
lt_cv_sys_global_symbol_to_c_name_address_lib_prefix='sed -n -e '\''s/^: \([^ ]*\)[ ]*$/  {\"\1\", (void *) 0},/p'\'' -e '\''s/^[ABCDGIRSTW]* \([^ ]*\) \(lib[^ ]*\)$/  {"\2", (void *) \&\2},/p'\'' -e '\''s/^[ABCDGIRSTW]* \([^ ]*\) \([^ ]*\)$/  {"lib\2", (void *) \&\2},/p'\'''
lt_cv_sys_global_symbol_to_cdecl='sed -n -e '\''s/^T .* \(.*\)$/extern int \1();/p'\'' -e '\''s/^[ABCDGIRSTW]* .* \(.*\)$/extern char \1;/p'\'''
lt_cv_sys_max_cmd_len=3458764513820540925
lt_cv_to_host_file_cmd=func_convert_file_noop
lt_cv_to_tool_file_cmd=func_convert_file_noop

## ----------------- ##
## Output variables. ##
## ----------------- ##

ACLOCAL='${SHELL} /home/vicente/tomatoastman/release/src/router/glib/missing --run aclocal-1.11'
AMDEPBACKSLASH='\'
AMDEP_FALSE='#'
AMDEP_TRUE=''
AMTAR='${SHELL} /home/vicente/tomatoastman/release/src/router/glib/missing --run tar'
AR='mipsel-uclibc-ar'
AUTOCONF='${SHELL} /home/vicente/tomatoastman/release/src/router/glib/missing --run autoconf'
AUTOHEADER='${SHELL} /home/vicente/tomatoastman/release/src/router/glib/missing --run autoheader'
AUTOMAKE='${SHELL} /home/vicente/tomatoastman/release/src/router/glib/missing --run automake-1.11'
AWK='gawk'
CC='mipsel-uclibc-gcc'
CCDEPMODE='depmode=gcc3'
CFLAGS='-g -O2 -Wall  -D_REENTRANT'
CPP='mipsel-uclibc-gcc -E'
CPPFLAGS=''
CYGPATH_W='echo'
DEFS='-DHAVE_CONFIG_H'
DEPDIR='.deps'
DLLTOOL='false'
DSYMUTIL=''
DUMPBIN=''
ECHO_C=''
ECHO_N='-n'
ECHO_T=''
EGREP='/bin/grep -E'
ENABLE_MEM_CHECK=''
ENABLE_MEM_PROFILE=''
EXEEXT=''
FGREP='/bin/grep -F'
GLIB_BINARY_AGE='10'
GLIB_DEBUG_FLAGS=''
GLIB_INTERFACE_AGE='10'
GLIB_MAJOR_VERSION='1'
GLIB_MICRO_VERSION='10'
GLIB_MINOR_VERSION='2'
GLIB_VERSION='1.2.10'
GREP='/bin/grep'
G_MODULE_BROKEN_RTLD_GLOBAL='0'
G_MODULE_HAVE_DLERROR='1'
G_MODULE_IMPL='G_MODULE_IMPL_DL'
G_MODULE_LDFLAGS='-rdynamic'
G_MODULE_LIBS='-ldl'
G_MODULE_NEED_USCORE='0'
G_THREAD_CFLAGS=' -D_REENTRANT'
G_THREAD_LIBS='-lpthread'
INSTALL_DATA='${INSTALL} -m 644'
INSTALL_PROGRAM='${INSTALL}'
INSTALL_SCRIPT='${INSTALL}'
INSTALL_STRIP_PROGRAM='$(install_sh) -c -s'
LD='mipsel-uclibc-ld'
LDFLAGS=''
LIBOBJS=''
LIBS=''
LIBTOOL='$(SHELL) $(top_builddir)/libtool'
LIPO=''
LN_S='ln -s'
LTLIBOBJS=''
LT_AGE='0'
LT_CURRENT='0'
LT_RELEASE='1.2'
LT_REVISION='10'
MAINT='#'
MAINTAINER_MODE_FALSE=''
MAINTAINER_MODE_TRUE='#'
MAKEINFO='${SHELL} /home/vicente/tomatoastman/release/src/router/glib/missing --run makeinfo'
MANIFEST_TOOL=':'
MKDIR_P='/bin/mkdir -p'
NM='mipsel-uclibc-nm'
NMEDIT=''
OBJDUMP='mipsel-linux-objdump'
OBJEXT='o'
OTOOL64=''
OTOOL=''
PACKAGE='glib'
PACKAGE_BUGREPORT=''
PACKAGE_NAME=''
PACKAGE_STRING=''
PACKAGE_TARNAME=''
PACKAGE_URL=''
PACKAGE_VERSION=''
PATH_SEPARATOR=':'
RANLIB='mipsel-uclibc-ranlib'
SED='/bin/sed'
SET_MAKE=''
SHELL='/bin/sh'
STRIP='mipsel-uclibc-strip -R .note -R .comment'
VERSION='1.2.10'
ac_ct_AR=''
ac_ct_CC=''
ac_ct_DUMPBIN=''
am__EXEEXT_FALSE=''
am__EXEEXT_TRUE='#'
am__fastdepCC_FALSE='#'
am__fastdepCC_TRUE=''
am__include='include'
am__isrc=''
am__leading_dot='.'
am__quote=''
am__tar='${AMTAR} chof - "$$tardir"'
am__untar='${AMTAR} xf -'
bindir='${exec_prefix}/bin'
build='x86_64-pc-linux-gnu'
build_alias='x86_64-linux-gnu'
build_cpu='x86_64'
build_os='linux-gnu'
build_vendor='pc'
datadir='${datarootdir}'
datarootdir='${prefix}/share'
docdir='${datarootdir}/doc/${PACKAGE}'
dvidir='${docdir}'
exec_prefix='${prefix}'
host='mipsel-unknown-linux-gnu'
host_alias='mipsel-linux'
host_cpu='mipsel'
host_os='linux-gnu'
host_vendor='unknown'
htmldir='${docdir}'
includedir='${prefix}/include'
infodir='${datarootdir}/info'
install_sh='${SHELL} /home/vicente/tomatoastman/release/src/router/glib/install-sh'
libdir='${exec_prefix}/lib'
libexecdir='${exec_prefix}/libexec'
localedir='${datarootdir}/locale'
localstatedir='${prefix}/var'
mandir='${datarootdir}/man'
mkdir_p='/bin/mkdir -p'
oldincludedir='/usr/include'
pdfdir='${docdir}'
prefix='/usr'
program_transform_name='s,x,x,'
psdir='${docdir}'
sbindir='${exec_prefix}/sbin'
sharedstatedir='${prefix}/com'
sysconfdir='${prefix}/etc'
target_alias=''

## ----------- ##
## confdefs.h. ##
## ----------- ##

/* confdefs.h */
#define PACKAGE_NAME ""
#define PACKAGE_TARNAME ""
#define PACKAGE_VERSION ""
#define PACKAGE_STRING ""
#define PACKAGE_BUGREPORT ""
#define PACKAGE_URL ""
#define GLIB_MAJOR_VERSION 1
#define GLIB_MINOR_VERSION 2
#define GLIB_MICRO_VERSION 10
#define GLIB_INTERFACE_AGE 10
#define GLIB_BINARY_AGE 10
#define STDC_HEADERS 1
#define HAVE_SYS_TYPES_H 1
#define HAVE_SYS_STAT_H 1
#define HAVE_STDLIB_H 1
#define HAVE_STRING_H 1
#define HAVE_MEMORY_H 1
#define HAVE_STRINGS_H 1
#define HAVE_INTTYPES_H 1
#define HAVE_STDINT_H 1
#define HAVE_UNISTD_H 1
#define HAVE_DLFCN_H 1
#define LT_OBJDIR ".libs/"
#define G_COMPILED_WITH_DEBUGGING "minimum"
#define STDC_HEADERS 1
#define HAVE_VPRINTF 1
#define HAVE_ATEXIT 1
#define HAVE_ON_EXIT 1
#define SIZEOF_CHAR 1
#define SIZEOF_SHORT 2
#define SIZEOF_LONG 4
#define SIZEOF_INT 4
#define SIZEOF_VOID_P 4
#define SIZEOF_LONG_LONG 8
#define G_HAVE___INLINE 1
#define G_HAVE___INLINE__ 1
#define G_HAVE_INLINE 1
#define HAVE_FLOAT_H 1
#define HAVE_FLOAT_H 1
#define HAVE_LIMITS_H 1
#define HAVE_LIMITS_H 1
#define HAVE_PWD_H 1
#define HAVE_PWD_H 1
#define HAVE_SYS_PARAM_H 1
#define HAVE_SYS_PARAM_H 1
#define HAVE_SYS_POLL_H 1
#define HAVE_SYS_POLL_H 1
#define HAVE_SYS_SELECT_H 1
#define HAVE_SYS_SELECT_H 1
#define HAVE_SYS_TIME_H 1
#define HAVE_SYS_TIME_H 1
#define HAVE_SYS_TIMES_H 1
#define HAVE_SYS_TIMES_H 1
#define HAVE_UNISTD_H 1
#define HAVE_UNISTD_H 1
#define HAVE_VALUES_H 1
#define HAVE_VALUES_H 1
#define HAVE_LSTAT 1
#define HAVE_STRERROR 1
#define HAVE_STRSIGNAL 1
#define HAVE_MEMMOVE 1
#define HAVE_VSNPRINTF 1
#define HAVE_STRCASECMP 1
#define HAVE_STRNCASECMP 1
#define HAVE_POLL 1
#define NO_SYS_ERRLIST 1
#define NO_SYS_SIGLIST 1
#define NO_SYS_SIGLIST_DECL 1
#define HAVE_WCHAR_H 1
#define HAVE_WCTYPE_H 1
#define REALLOC_0_WORKS 1
#define G_VA_COPY __va_copy
#define HAVE_LOCALTIME_R 1
#define HAVE_RAND_R 1
#define HAVE_GETPWUID_R 1
#define HAVE_GETPWUID_R_POSIX 1
#define HAVE_PTHREAD_GETSPECIFIC_POSIX 1
#define HAVE_PTHREAD_COND_TIMEDWAIT_POSIX 1
#define G_THREAD_SOURCE "gthread-posix.c"
#define GLIB_SIZEOF_GMUTEX 24
#define GLIB_BYTE_CONTENTS_GMUTEX 0,0,0,0,0,0,0,0,0,0,0,0,0,0,0,0,0,0,0,0,0,0,0,0

configure: exit 0

## ---------------------- ##
## Running config.status. ##
## ---------------------- ##

This file was extended by config.status, which was
generated by GNU Autoconf 2.68.  Invocation command line was

  CONFIG_FILES    = 
  CONFIG_HEADERS  = 
  CONFIG_LINKS    = 
  CONFIG_COMMANDS = 
  $ ./config.status 

on vicente-P5K-E

config.status:1596: executing depfiles commands
config.status:1596: executing libtool commands
config.status:1596: executing default-1 commands
config.status:1596: executing default commands
