This file contains any messages produced by compilers while
running configure, to aid debugging if configure makes a mistake.

It was created by configure, which was
generated by GNU Autoconf 2.60.  Invocation command line was

  $ ./configure --prefix=/usr --host=mipsel-linux --build=x86_64-linux-gnu --disable-nls --enable-static --enable-shared build_alias=x86_64-linux-gnu host_alias=mipsel-linux CC=mipsel-uclibc-gcc CFLAGS=-Os -Wall -DLINUX26 -DCONFIG_BCMWL5 -pipe -DBCMWPA2 -funit-at-a-time -Wno-pointer-sign -mtune=mips32r2 -mips32r2   -ffunction-sections -fdata-sections LDFLAGS=-ffunction-sections -fdata-sections -Wl,--gc-sections -fPIC --cache-file=/dev/null --srcdir=.

## --------- ##
## Platform. ##
## --------- ##

hostname = vicente-K53SJ
uname -m = x86_64
uname -r = 3.13.0-24-generic
uname -s = Linux
uname -v = #46-Ubuntu SMP Thu Apr 10 19:11:08 UTC 2014

/usr/bin/uname -p = unknown
/bin/uname -X     = unknown

/bin/arch              = unknown
/usr/bin/arch -k       = unknown
/usr/convex/getsysinfo = unknown
/usr/bin/hostinfo      = unknown
/bin/machine           = unknown
/usr/bin/oslevel       = unknown
/bin/universe          = unknown

PATH: /home/vicente/tomato/release/tools
PATH: /home/vicente/tomato/release/tools
PATH: /home/vicente/tomato/release/tools
PATH: /home/vicente/tomato/release/tools
PATH: /opt/brcm/hndtools-mipsel-uclibc/bin
PATH: /opt/brcm/hndtools-mipsel-linux/bin
PATH: /opt/brcm-arm/bin
PATH: /usr/local/sbin
PATH: /usr/local/bin
PATH: /usr/sbin
PATH: /usr/bin
PATH: /sbin
PATH: /bin
PATH: /usr/games
PATH: /usr/local/games
PATH: /opt/brcm/hndtools-mipsel-linux/bin
PATH: /opt/brcm/hndtools-mipsel-uclibc/bin


## ----------- ##
## Core tests. ##
## ----------- ##

configure:1909: checking whether make sets $(MAKE)
configure:1930: result: yes
configure:1951: checking for mipsel-linux-gcc
configure:1978: result: mipsel-uclibc-gcc
configure:2256: checking for C compiler version
configure:2263: mipsel-uclibc-gcc --version >&5
mipsel-uclibc-gcc (GCC) 4.2.4
Copyright (C) 2007 Free Software Foundation, Inc.
This is free software; see the source for copying conditions.  There is NO
warranty; not even for MERCHANTABILITY or FITNESS FOR A PARTICULAR PURPOSE.

configure:2266: $? = 0
configure:2273: mipsel-uclibc-gcc -v >&5
Using built-in specs.
Target: mipsel-linux-uclibc
Configured with: /home/fedork/tomato/toolchain/build_dir/toolchain-mipsel_gcc4.2.4/gcc-4.2.4/configure --prefix=/opt/brcm/hndtools-mipsel-uclibc-4.2.4 --build=i486-linux-gnu --host=i486-linux-gnu --target=mipsel-linux-uclibc --with-gnu-ld --enable-target-optspace --disable-libgomp --disable-libmudflap --disable-multilib --disable-nls --disable-__cxa_atexit --enable-libssp --enable-languages=c,c++ --enable-shared --enable-threads --enable-tls
Thread model: posix
gcc version 4.2.4
configure:2276: $? = 0
configure:2283: mipsel-uclibc-gcc -V >&5
mipsel-uclibc-gcc: '-V' option must have argument
configure:2286: $? = 1
configure:2309: checking for C compiler default output file name
configure:2336: mipsel-uclibc-gcc -Os -Wall -DLINUX26 -DCONFIG_BCMWL5 -pipe -DBCMWPA2 -funit-at-a-time -Wno-pointer-sign -mtune=mips32r2 -mips32r2   -ffunction-sections -fdata-sections  -ffunction-sections -fdata-sections -Wl,--gc-sections -fPIC conftest.c  >&5
configure:2339: $? = 0
configure:2385: result: a.out
configure:2390: checking whether the C compiler works
configure:2420: result: yes
configure:2427: checking whether we are cross compiling
configure:2429: result: yes
configure:2432: checking for suffix of executables
configure:2439: mipsel-uclibc-gcc -o conftest -Os -Wall -DLINUX26 -DCONFIG_BCMWL5 -pipe -DBCMWPA2 -funit-at-a-time -Wno-pointer-sign -mtune=mips32r2 -mips32r2   -ffunction-sections -fdata-sections  -ffunction-sections -fdata-sections -Wl,--gc-sections -fPIC conftest.c  >&5
configure:2442: $? = 0
configure:2466: result: 
configure:2472: checking for suffix of object files
configure:2498: mipsel-uclibc-gcc -c -Os -Wall -DLINUX26 -DCONFIG_BCMWL5 -pipe -DBCMWPA2 -funit-at-a-time -Wno-pointer-sign -mtune=mips32r2 -mips32r2   -ffunction-sections -fdata-sections  conftest.c >&5
configure:2501: $? = 0
configure:2524: result: o
configure:2528: checking whether we are using the GNU C compiler
configure:2557: mipsel-uclibc-gcc -c -Os -Wall -DLINUX26 -DCONFIG_BCMWL5 -pipe -DBCMWPA2 -funit-at-a-time -Wno-pointer-sign -mtune=mips32r2 -mips32r2   -ffunction-sections -fdata-sections  conftest.c >&5
configure:2563: $? = 0
configure:2570: test -z "$ac_c_werror_flag" || test ! -s conftest.err
configure:2573: $? = 0
configure:2580: test -s conftest.o
configure:2583: $? = 0
configure:2597: result: yes
configure:2602: checking whether mipsel-uclibc-gcc accepts -g
configure:2632: mipsel-uclibc-gcc -c -g  conftest.c >&5
configure:2638: $? = 0
configure:2645: test -z "$ac_c_werror_flag" || test ! -s conftest.err
configure:2648: $? = 0
configure:2655: test -s conftest.o
configure:2658: $? = 0
configure:2788: result: yes
configure:2805: checking for mipsel-uclibc-gcc option to accept ISO C89
configure:2879: mipsel-uclibc-gcc  -c -Os -Wall -DLINUX26 -DCONFIG_BCMWL5 -pipe -DBCMWPA2 -funit-at-a-time -Wno-pointer-sign -mtune=mips32r2 -mips32r2   -ffunction-sections -fdata-sections  conftest.c >&5
configure:2885: $? = 0
configure:2892: test -z "$ac_c_werror_flag" || test ! -s conftest.err
configure:2895: $? = 0
configure:2902: test -s conftest.o
configure:2905: $? = 0
configure:2925: result: none needed
configure:2948: checking how to run the C preprocessor
configure:2988: mipsel-uclibc-gcc -E  conftest.c
configure:2994: $? = 0
configure:3032: mipsel-uclibc-gcc -E  conftest.c
conftest.c:8:28: error: ac_nonexistent.h: No such file or directory
configure:3038: $? = 1
configure: failed program was:
| /* confdefs.h.  */
| #define PACKAGE_NAME ""
| #define PACKAGE_TARNAME ""
| #define PACKAGE_VERSION ""
| #define PACKAGE_STRING ""
| #define PACKAGE_BUGREPORT ""
| /* end confdefs.h.  */
| #include <ac_nonexistent.h>
configure:3078: result: mipsel-uclibc-gcc -E
configure:3107: mipsel-uclibc-gcc -E  conftest.c
configure:3113: $? = 0
configure:3151: mipsel-uclibc-gcc -E  conftest.c
conftest.c:8:28: error: ac_nonexistent.h: No such file or directory
configure:3157: $? = 1
configure: failed program was:
| /* confdefs.h.  */
| #define PACKAGE_NAME ""
| #define PACKAGE_TARNAME ""
| #define PACKAGE_VERSION ""
| #define PACKAGE_STRING ""
| #define PACKAGE_BUGREPORT ""
| /* end confdefs.h.  */
| #include <ac_nonexistent.h>
configure:3203: checking for grep that handles long lines and -e
configure:3277: result: /bin/grep
configure:3282: checking for egrep
configure:3360: result: /bin/grep -E
configure:3366: checking whether mipsel-uclibc-gcc needs -traditional
configure:3408: result: no
configure:3428: checking for a BSD-compatible install
configure:3484: result: /usr/bin/install -c
configure:3503: checking build system type
configure:3521: result: x86_64-pc-linux-gnu
configure:3543: checking host system type
configure:3558: result: mipsel-unknown-linux-gnu
configure:3583: checking whether to activate relocatable installation
configure:3598: result: no
configure:3618: checking for AIX
configure:3640: result: no
configure:3646: checking for ANSI C header files
configure:3676: mipsel-uclibc-gcc -c -Os -Wall -DLINUX26 -DCONFIG_BCMWL5 -pipe -DBCMWPA2 -funit-at-a-time -Wno-pointer-sign -mtune=mips32r2 -mips32r2   -ffunction-sections -fdata-sections  conftest.c >&5
configure:3682: $? = 0
configure:3689: test -z "$ac_c_werror_flag" || test ! -s conftest.err
configure:3692: $? = 0
configure:3699: test -s conftest.o
configure:3702: $? = 0
configure:3827: result: yes
configure:3851: checking for sys/types.h
configure:3872: mipsel-uclibc-gcc -c -Os -Wall -DLINUX26 -DCONFIG_BCMWL5 -pipe -DBCMWPA2 -funit-at-a-time -Wno-pointer-sign -mtune=mips32r2 -mips32r2   -ffunction-sections -fdata-sections  conftest.c >&5
configure:3878: $? = 0
configure:3885: test -z "$ac_c_werror_flag" || test ! -s conftest.err
configure:3888: $? = 0
configure:3895: test -s conftest.o
configure:3898: $? = 0
configure:3911: result: yes
configure:3851: checking for sys/stat.h
configure:3872: mipsel-uclibc-gcc -c -Os -Wall -DLINUX26 -DCONFIG_BCMWL5 -pipe -DBCMWPA2 -funit-at-a-time -Wno-pointer-sign -mtune=mips32r2 -mips32r2   -ffunction-sections -fdata-sections  conftest.c >&5
configure:3878: $? = 0
configure:3885: test -z "$ac_c_werror_flag" || test ! -s conftest.err
configure:3888: $? = 0
configure:3895: test -s conftest.o
configure:3898: $? = 0
configure:3911: result: yes
configure:3851: checking for stdlib.h
configure:3872: mipsel-uclibc-gcc -c -Os -Wall -DLINUX26 -DCONFIG_BCMWL5 -pipe -DBCMWPA2 -funit-at-a-time -Wno-pointer-sign -mtune=mips32r2 -mips32r2   -ffunction-sections -fdata-sections  conftest.c >&5
configure:3878: $? = 0
configure:3885: test -z "$ac_c_werror_flag" || test ! -s conftest.err
configure:3888: $? = 0
configure:3895: test -s conftest.o
configure:3898: $? = 0
configure:3911: result: yes
configure:3851: checking for string.h
configure:3872: mipsel-uclibc-gcc -c -Os -Wall -DLINUX26 -DCONFIG_BCMWL5 -pipe -DBCMWPA2 -funit-at-a-time -Wno-pointer-sign -mtune=mips32r2 -mips32r2   -ffunction-sections -fdata-sections  conftest.c >&5
configure:3878: $? = 0
configure:3885: test -z "$ac_c_werror_flag" || test ! -s conftest.err
configure:3888: $? = 0
configure:3895: test -s conftest.o
configure:3898: $? = 0
configure:3911: result: yes
configure:3851: checking for memory.h
configure:3872: mipsel-uclibc-gcc -c -Os -Wall -DLINUX26 -DCONFIG_BCMWL5 -pipe -DBCMWPA2 -funit-at-a-time -Wno-pointer-sign -mtune=mips32r2 -mips32r2   -ffunction-sections -fdata-sections  conftest.c >&5
configure:3878: $? = 0
configure:3885: test -z "$ac_c_werror_flag" || test ! -s conftest.err
configure:3888: $? = 0
configure:3895: test -s conftest.o
configure:3898: $? = 0
configure:3911: result: yes
configure:3851: checking for strings.h
configure:3872: mipsel-uclibc-gcc -c -Os -Wall -DLINUX26 -DCONFIG_BCMWL5 -pipe -DBCMWPA2 -funit-at-a-time -Wno-pointer-sign -mtune=mips32r2 -mips32r2   -ffunction-sections -fdata-sections  conftest.c >&5
configure:3878: $? = 0
configure:3885: test -z "$ac_c_werror_flag" || test ! -s conftest.err
configure:3888: $? = 0
configure:3895: test -s conftest.o
configure:3898: $? = 0
configure:3911: result: yes
configure:3851: checking for inttypes.h
configure:3872: mipsel-uclibc-gcc -c -Os -Wall -DLINUX26 -DCONFIG_BCMWL5 -pipe -DBCMWPA2 -funit-at-a-time -Wno-pointer-sign -mtune=mips32r2 -mips32r2   -ffunction-sections -fdata-sections  conftest.c >&5
configure:3878: $? = 0
configure:3885: test -z "$ac_c_werror_flag" || test ! -s conftest.err
configure:3888: $? = 0
configure:3895: test -s conftest.o
configure:3898: $? = 0
configure:3911: result: yes
configure:3851: checking for stdint.h
configure:3872: mipsel-uclibc-gcc -c -Os -Wall -DLINUX26 -DCONFIG_BCMWL5 -pipe -DBCMWPA2 -funit-at-a-time -Wno-pointer-sign -mtune=mips32r2 -mips32r2   -ffunction-sections -fdata-sections  conftest.c >&5
configure:3878: $? = 0
configure:3885: test -z "$ac_c_werror_flag" || test ! -s conftest.err
configure:3888: $? = 0
configure:3895: test -s conftest.o
configure:3898: $? = 0
configure:3911: result: yes
configure:3851: checking for unistd.h
configure:3872: mipsel-uclibc-gcc -c -Os -Wall -DLINUX26 -DCONFIG_BCMWL5 -pipe -DBCMWPA2 -funit-at-a-time -Wno-pointer-sign -mtune=mips32r2 -mips32r2   -ffunction-sections -fdata-sections  conftest.c >&5
configure:3878: $? = 0
configure:3885: test -z "$ac_c_werror_flag" || test ! -s conftest.err
configure:3888: $? = 0
configure:3895: test -s conftest.o
configure:3898: $? = 0
configure:3911: result: yes
configure:3933: checking minix/config.h usability
configure:3950: mipsel-uclibc-gcc -c -Os -Wall -DLINUX26 -DCONFIG_BCMWL5 -pipe -DBCMWPA2 -funit-at-a-time -Wno-pointer-sign -mtune=mips32r2 -mips32r2   -ffunction-sections -fdata-sections  conftest.c >&5
conftest.c:52:26: error: minix/config.h: No such file or directory
configure:3956: $? = 1
configure: failed program was:
| /* confdefs.h.  */
| #define PACKAGE_NAME ""
| #define PACKAGE_TARNAME ""
| #define PACKAGE_VERSION ""
| #define PACKAGE_STRING ""
| #define PACKAGE_BUGREPORT ""
| #define INSTALLPREFIX "/usr"
| #define STDC_HEADERS 1
| #define HAVE_SYS_TYPES_H 1
| #define HAVE_SYS_STAT_H 1
| #define HAVE_STDLIB_H 1
| #define HAVE_STRING_H 1
| #define HAVE_MEMORY_H 1
| #define HAVE_STRINGS_H 1
| #define HAVE_INTTYPES_H 1
| #define HAVE_STDINT_H 1
| #define HAVE_UNISTD_H 1
| /* end confdefs.h.  */
| #include <stdio.h>
| #if HAVE_SYS_TYPES_H
| # include <sys/types.h>
| #endif
| #if HAVE_SYS_STAT_H
| # include <sys/stat.h>
| #endif
| #if STDC_HEADERS
| # include <stdlib.h>
| # include <stddef.h>
| #else
| # if HAVE_STDLIB_H
| #  include <stdlib.h>
| # endif
| #endif
| #if HAVE_STRING_H
| # if !STDC_HEADERS && HAVE_MEMORY_H
| #  include <memory.h>
| # endif
| # include <string.h>
| #endif
| #if HAVE_STRINGS_H
| # include <strings.h>
| #endif
| #if HAVE_INTTYPES_H
| # include <inttypes.h>
| #endif
| #if HAVE_STDINT_H
| # include <stdint.h>
| #endif
| #if HAVE_UNISTD_H
| # include <unistd.h>
| #endif
| #include <minix/config.h>
configure:3987: result: no
configure:3991: checking minix/config.h presence
configure:4006: mipsel-uclibc-gcc -E  conftest.c
conftest.c:19:26: error: minix/config.h: No such file or directory
configure:4012: $? = 1
configure: failed program was:
| /* confdefs.h.  */
| #define PACKAGE_NAME ""
| #define PACKAGE_TARNAME ""
| #define PACKAGE_VERSION ""
| #define PACKAGE_STRING ""
| #define PACKAGE_BUGREPORT ""
| #define INSTALLPREFIX "/usr"
| #define STDC_HEADERS 1
| #define HAVE_SYS_TYPES_H 1
| #define HAVE_SYS_STAT_H 1
| #define HAVE_STDLIB_H 1
| #define HAVE_STRING_H 1
| #define HAVE_MEMORY_H 1
| #define HAVE_STRINGS_H 1
| #define HAVE_INTTYPES_H 1
| #define HAVE_STDINT_H 1
| #define HAVE_UNISTD_H 1
| /* end confdefs.h.  */
| #include <minix/config.h>
configure:4033: result: no
configure:4061: checking for minix/config.h
configure:4068: result: no
configure:4097: checking for library containing strerror
configure:4138: mipsel-uclibc-gcc -o conftest -Os -Wall -DLINUX26 -DCONFIG_BCMWL5 -pipe -DBCMWPA2 -funit-at-a-time -Wno-pointer-sign -mtune=mips32r2 -mips32r2   -ffunction-sections -fdata-sections  -ffunction-sections -fdata-sections -Wl,--gc-sections -fPIC conftest.c  >&5
configure:4144: $? = 0
configure:4151: test -z "$ac_c_werror_flag" || test ! -s conftest.err
configure:4154: $? = 0
configure:4161: test -s conftest
configure:4164: $? = 0
configure:4188: result: none required
configure:4276: checking for a sed that does not truncate output
configure:4330: result: /bin/sed
configure:4344: checking for ld used by mipsel-uclibc-gcc
configure:4411: result: mipsel-uclibc-ld
configure:4420: checking if the linker (mipsel-uclibc-ld) is GNU ld
configure:4435: result: yes
configure:4440: checking for mipsel-uclibc-ld option to reload object files
configure:4447: result: -r
configure:4465: checking for BSD-compatible nm
configure:4514: result: mipsel-uclibc-nm
configure:4518: checking whether ln -s works
configure:4522: result: yes
configure:4529: checking how to recognise dependent libraries
configure:4705: result: pass_all
configure:5252: checking dlfcn.h usability
configure:5269: mipsel-uclibc-gcc -c -Os -Wall -DLINUX26 -DCONFIG_BCMWL5 -pipe -DBCMWPA2 -funit-at-a-time -Wno-pointer-sign -mtune=mips32r2 -mips32r2   -ffunction-sections -fdata-sections  conftest.c >&5
configure:5275: $? = 0
configure:5282: test -z "$ac_c_werror_flag" || test ! -s conftest.err
configure:5285: $? = 0
configure:5292: test -s conftest.o
configure:5295: $? = 0
configure:5306: result: yes
configure:5310: checking dlfcn.h presence
configure:5325: mipsel-uclibc-gcc -E  conftest.c
configure:5331: $? = 0
configure:5352: result: yes
configure:5380: checking for dlfcn.h
configure:5388: result: yes
configure:5415: checking for mipsel-linux-g++
configure:5431: found /opt/brcm/hndtools-mipsel-uclibc/bin/mipsel-linux-g++
configure:5442: result: mipsel-linux-g++
configure:5517: checking for C++ compiler version
configure:5524: mipsel-linux-g++ --version >&5
mipsel-linux-g++ (GCC) 4.2.4
Copyright (C) 2007 Free Software Foundation, Inc.
This is free software; see the source for copying conditions.  There is NO
warranty; not even for MERCHANTABILITY or FITNESS FOR A PARTICULAR PURPOSE.

configure:5527: $? = 0
configure:5534: mipsel-linux-g++ -v >&5
Using built-in specs.
Target: mipsel-linux-uclibc
Configured with: /home/fedork/tomato/toolchain/build_dir/toolchain-mipsel_gcc4.2.4/gcc-4.2.4/configure --prefix=/opt/brcm/hndtools-mipsel-uclibc-4.2.4 --build=i486-linux-gnu --host=i486-linux-gnu --target=mipsel-linux-uclibc --with-gnu-ld --enable-target-optspace --disable-libgomp --disable-libmudflap --disable-multilib --disable-nls --disable-__cxa_atexit --enable-libssp --enable-languages=c,c++ --enable-shared --enable-threads --enable-tls
Thread model: posix
gcc version 4.2.4
configure:5537: $? = 0
configure:5544: mipsel-linux-g++ -V >&5
mipsel-linux-g++: '-V' option must have argument
configure:5547: $? = 1
configure:5550: checking whether we are using the GNU C++ compiler
configure:5579: mipsel-linux-g++ -c   conftest.cpp >&5
configure:5585: $? = 0
configure:5592: test -z "$ac_cxx_werror_flag" || test ! -s conftest.err
configure:5595: $? = 0
configure:5602: test -s conftest.o
configure:5605: $? = 0
configure:5619: result: yes
configure:5624: checking whether mipsel-linux-g++ accepts -g
configure:5654: mipsel-linux-g++ -c -g  conftest.cpp >&5
configure:5660: $? = 0
configure:5667: test -z "$ac_cxx_werror_flag" || test ! -s conftest.err
configure:5670: $? = 0
configure:5677: test -s conftest.o
configure:5680: $? = 0
configure:5810: result: yes
configure:5843: checking how to run the C++ preprocessor
configure:5879: mipsel-linux-g++ -E  conftest.cpp
configure:5885: $? = 0
configure:5923: mipsel-linux-g++ -E  conftest.cpp
conftest.cpp:20:28: error: ac_nonexistent.h: No such file or directory
configure:5929: $? = 1
configure: failed program was:
| /* confdefs.h.  */
| #define PACKAGE_NAME ""
| #define PACKAGE_TARNAME ""
| #define PACKAGE_VERSION ""
| #define PACKAGE_STRING ""
| #define PACKAGE_BUGREPORT ""
| #define INSTALLPREFIX "/usr"
| #define STDC_HEADERS 1
| #define HAVE_SYS_TYPES_H 1
| #define HAVE_SYS_STAT_H 1
| #define HAVE_STDLIB_H 1
| #define HAVE_STRING_H 1
| #define HAVE_MEMORY_H 1
| #define HAVE_STRINGS_H 1
| #define HAVE_INTTYPES_H 1
| #define HAVE_STDINT_H 1
| #define HAVE_UNISTD_H 1
| #define HAVE_DLFCN_H 1
| /* end confdefs.h.  */
| #include <ac_nonexistent.h>
configure:5969: result: mipsel-linux-g++ -E
configure:5998: mipsel-linux-g++ -E  conftest.cpp
configure:6004: $? = 0
configure:6042: mipsel-linux-g++ -E  conftest.cpp
conftest.cpp:20:28: error: ac_nonexistent.h: No such file or directory
configure:6048: $? = 1
configure: failed program was:
| /* confdefs.h.  */
| #define PACKAGE_NAME ""
| #define PACKAGE_TARNAME ""
| #define PACKAGE_VERSION ""
| #define PACKAGE_STRING ""
| #define PACKAGE_BUGREPORT ""
| #define INSTALLPREFIX "/usr"
| #define STDC_HEADERS 1
| #define HAVE_SYS_TYPES_H 1
| #define HAVE_SYS_STAT_H 1
| #define HAVE_STDLIB_H 1
| #define HAVE_STRING_H 1
| #define HAVE_MEMORY_H 1
| #define HAVE_STRINGS_H 1
| #define HAVE_INTTYPES_H 1
| #define HAVE_STDINT_H 1
| #define HAVE_UNISTD_H 1
| #define HAVE_DLFCN_H 1
| /* end confdefs.h.  */
| #include <ac_nonexistent.h>
configure:6104: checking for mipsel-linux-g77
configure:6134: result: no
configure:6104: checking for mipsel-linux-f77
configure:6134: result: no
configure:6104: checking for mipsel-linux-xlf
configure:6134: result: no
configure:6104: checking for mipsel-linux-frt
configure:6134: result: no
configure:6104: checking for mipsel-linux-pgf77
configure:6134: result: no
configure:6104: checking for mipsel-linux-cf77
configure:6134: result: no
configure:6104: checking for mipsel-linux-fort77
configure:6134: result: no
configure:6104: checking for mipsel-linux-fl32
configure:6134: result: no
configure:6104: checking for mipsel-linux-af77
configure:6134: result: no
configure:6104: checking for mipsel-linux-f90
configure:6134: result: no
configure:6104: checking for mipsel-linux-xlf90
configure:6134: result: no
configure:6104: checking for mipsel-linux-pgf90
configure:6134: result: no
configure:6104: checking for mipsel-linux-pghpf
configure:6134: result: no
configure:6104: checking for mipsel-linux-epcf90
configure:6134: result: no
configure:6104: checking for mipsel-linux-gfortran
configure:6134: result: no
configure:6104: checking for mipsel-linux-g95
configure:6134: result: no
configure:6104: checking for mipsel-linux-f95
configure:6134: result: no
configure:6104: checking for mipsel-linux-fort
configure:6134: result: no
configure:6104: checking for mipsel-linux-xlf95
configure:6134: result: no
configure:6104: checking for mipsel-linux-ifort
configure:6134: result: no
configure:6104: checking for mipsel-linux-ifc
configure:6134: result: no
configure:6104: checking for mipsel-linux-efc
configure:6134: result: no
configure:6104: checking for mipsel-linux-pgf95
configure:6134: result: no
configure:6104: checking for mipsel-linux-lf95
configure:6134: result: no
configure:6104: checking for mipsel-linux-ftn
configure:6134: result: no
configure:6148: checking for g77
configure:6178: result: no
configure:6148: checking for f77
configure:6178: result: no
configure:6148: checking for xlf
configure:6178: result: no
configure:6148: checking for frt
configure:6178: result: no
configure:6148: checking for pgf77
configure:6178: result: no
configure:6148: checking for cf77
configure:6178: result: no
configure:6148: checking for fort77
configure:6178: result: no
configure:6148: checking for fl32
configure:6178: result: no
configure:6148: checking for af77
configure:6178: result: no
configure:6148: checking for f90
configure:6178: result: no
configure:6148: checking for xlf90
configure:6178: result: no
configure:6148: checking for pgf90
configure:6178: result: no
configure:6148: checking for pghpf
configure:6178: result: no
configure:6148: checking for epcf90
configure:6178: result: no
configure:6148: checking for gfortran
configure:6178: result: no
configure:6148: checking for g95
configure:6178: result: no
configure:6148: checking for f95
configure:6178: result: no
configure:6148: checking for fort
configure:6178: result: no
configure:6148: checking for xlf95
configure:6178: result: no
configure:6148: checking for ifort
configure:6178: result: no
configure:6148: checking for ifc
configure:6178: result: no
configure:6148: checking for efc
configure:6178: result: no
configure:6148: checking for pgf95
configure:6178: result: no
configure:6148: checking for lf95
configure:6178: result: no
configure:6148: checking for ftn
configure:6178: result: no
configure:6205: checking for Fortran 77 compiler version
configure:6212:  --version >&5
./configure: line 6213: --version: command not found
configure:6215: $? = 127
configure:6222:  -v >&5
./configure: line 6223: -v: command not found
configure:6225: $? = 127
configure:6232:  -V >&5
./configure: line 6233: -V: command not found
configure:6235: $? = 127
configure:6243: checking whether we are using the GNU Fortran 77 compiler
configure:6262:  -c  conftest.F >&5
./configure: line 6263: -c: command not found
configure:6268: $? = 127
configure: failed program was:
|       program main
| #ifndef __GNUC__
|        choke me
| #endif
| 
|       end
configure:6302: result: no
configure:6308: checking whether  accepts -g
configure:6325:  -c -g conftest.f >&5
./configure: line 6326: -c: command not found
configure:6331: $? = 127
configure: failed program was:
|       program main
| 
|       end
configure:6364: result: no
configure:6394: checking the maximum length of command line arguments
configure:6503: result: 32768
configure:6514: checking command to parse mipsel-uclibc-nm output from mipsel-uclibc-gcc object
configure:6619: mipsel-uclibc-gcc -c -Os -Wall -DLINUX26 -DCONFIG_BCMWL5 -pipe -DBCMWPA2 -funit-at-a-time -Wno-pointer-sign -mtune=mips32r2 -mips32r2   -ffunction-sections -fdata-sections  conftest.c >&5
configure:6622: $? = 0
configure:6626: mipsel-uclibc-nm conftest.o \| sed -n -e 's/^.*[ 	]\([ABCDGIRSTW][ABCDGIRSTW]*\)[ 	][ 	]*\([_A-Za-z][_A-Za-z0-9]*\)$/\1 \2 \2/p' \> conftest.nm
configure:6629: $? = 0
configure:6681: mipsel-uclibc-gcc -o conftest -Os -Wall -DLINUX26 -DCONFIG_BCMWL5 -pipe -DBCMWPA2 -funit-at-a-time -Wno-pointer-sign -mtune=mips32r2 -mips32r2   -ffunction-sections -fdata-sections  -ffunction-sections -fdata-sections -Wl,--gc-sections -fPIC conftest.c conftstm.o >&5
configure:6684: $? = 0
configure:6722: result: ok
configure:6726: checking for objdir
configure:6741: result: .libs
configure:6793: checking for mipsel-linux-ar
configure:6820: result: mipsel-uclibc-ar
configure:6889: checking for mipsel-linux-ranlib
configure:6916: result: mipsel-uclibc-ranlib
configure:6985: checking for mipsel-linux-strip
configure:7012: result: mipsel-uclibc-strip -R .note -R .comment
configure:7342: checking if mipsel-uclibc-gcc supports -fno-rtti -fno-exceptions
configure:7360: mipsel-uclibc-gcc -c -Os -Wall -DLINUX26 -DCONFIG_BCMWL5 -pipe -DBCMWPA2 -funit-at-a-time -Wno-pointer-sign -mtune=mips32r2 -mips32r2   -ffunction-sections -fdata-sections  -fno-rtti -fno-exceptions conftest.c >&5
cc1: warning: command line option "-fno-rtti" is valid for C++/ObjC++ but not for C
configure:7364: $? = 0
configure:7377: result: no
configure:7392: checking for mipsel-uclibc-gcc option to produce PIC
configure:7625: result: -fPIC
configure:7633: checking if mipsel-uclibc-gcc PIC flag -fPIC works
configure:7651: mipsel-uclibc-gcc -c -Os -Wall -DLINUX26 -DCONFIG_BCMWL5 -pipe -DBCMWPA2 -funit-at-a-time -Wno-pointer-sign -mtune=mips32r2 -mips32r2   -ffunction-sections -fdata-sections  -fPIC -DPIC conftest.c >&5
configure:7655: $? = 0
configure:7668: result: yes
configure:7696: checking if mipsel-uclibc-gcc static flag -static works
configure:7724: result: yes
configure:7734: checking if mipsel-uclibc-gcc supports -c -o file.o
configure:7755: mipsel-uclibc-gcc -c -Os -Wall -DLINUX26 -DCONFIG_BCMWL5 -pipe -DBCMWPA2 -funit-at-a-time -Wno-pointer-sign -mtune=mips32r2 -mips32r2   -ffunction-sections -fdata-sections  -o out/conftest2.o conftest.c >&5
configure:7759: $? = 0
configure:7781: result: yes
configure:7807: checking whether the mipsel-uclibc-gcc linker (mipsel-uclibc-ld) supports shared libraries
configure:8802: result: yes
configure:8823: checking whether -lc should be explicitly linked in
configure:8828: mipsel-uclibc-gcc -c -Os -Wall -DLINUX26 -DCONFIG_BCMWL5 -pipe -DBCMWPA2 -funit-at-a-time -Wno-pointer-sign -mtune=mips32r2 -mips32r2   -ffunction-sections -fdata-sections  conftest.c >&5
configure:8831: $? = 0
configure:8846: mipsel-uclibc-gcc -shared conftest.o  -v -Wl,-soname -Wl,conftest -o conftest 2\>\&1 \| grep  -lc  \>/dev/null 2\>\&1
configure:8849: $? = 0
configure:8861: result: no
configure:8869: checking dynamic linker characteristics
configure:9457: result: GNU/Linux ld.so
configure:9466: checking how to hardcode library paths into programs
configure:9491: result: immediate
configure:9505: checking whether stripping libraries is possible
configure:9510: result: yes
configure:10423: checking if libtool supports shared libraries
configure:10425: result: yes
configure:10428: checking whether to build shared libraries
configure:10449: result: yes
configure:10452: checking whether to build static libraries
configure:10456: result: yes
configure:10548: creating libtool
configure:11136: checking for ld used by mipsel-linux-g++
configure:11203: result: mipsel-uclibc-ld
configure:11212: checking if the linker (mipsel-uclibc-ld) is GNU ld
configure:11227: result: yes
configure:11278: checking whether the mipsel-linux-g++ linker (mipsel-uclibc-ld) supports shared libraries
configure:12267: result: yes
configure:12289: mipsel-linux-g++ -c -g -O2  conftest.cpp >&5
configure:12292: $? = 0
configure:12420: checking for mipsel-linux-g++ option to produce PIC
configure:12704: result: -fPIC
configure:12712: checking if mipsel-linux-g++ PIC flag -fPIC works
configure:12730: mipsel-linux-g++ -c -g -O2  -fPIC -DPIC conftest.cpp >&5
configure:12734: $? = 0
configure:12747: result: yes
configure:12775: checking if mipsel-linux-g++ static flag -static works
configure:12803: result: yes
configure:12813: checking if mipsel-linux-g++ supports -c -o file.o
configure:12834: mipsel-linux-g++ -c -g -O2  -o out/conftest2.o conftest.cpp >&5
configure:12838: $? = 0
configure:12860: result: yes
configure:12886: checking whether the mipsel-linux-g++ linker (mipsel-uclibc-ld) supports shared libraries
configure:12911: result: yes
configure:12978: checking dynamic linker characteristics
configure:13566: result: GNU/Linux ld.so
configure:13575: checking how to hardcode library paths into programs
configure:13600: result: immediate
configure:19877: checking for simple visibility declarations
configure:19909: mipsel-uclibc-gcc -c -Os -Wall -DLINUX26 -DCONFIG_BCMWL5 -pipe -DBCMWPA2 -funit-at-a-time -Wno-pointer-sign -mtune=mips32r2 -mips32r2   -ffunction-sections -fdata-sections -fvisibility=hidden  conftest.c >&5
configure:19915: $? = 0
configure:19922: test -z "$ac_c_werror_flag" || test ! -s conftest.err
configure:19925: $? = 0
configure:19932: test -s conftest.o
configure:19935: $? = 0
configure:19949: result: yes
configure:19967: checking for nl_langinfo and CODESET
configure:19993: mipsel-uclibc-gcc -o conftest -Os -Wall -DLINUX26 -DCONFIG_BCMWL5 -pipe -DBCMWPA2 -funit-at-a-time -Wno-pointer-sign -mtune=mips32r2 -mips32r2   -ffunction-sections -fdata-sections  -ffunction-sections -fdata-sections -Wl,--gc-sections -fPIC conftest.c  >&5
conftest.c: In function 'main':
conftest.c:25: warning: unused variable 'cs'
configure:19999: $? = 0
configure:20006: test -z "$ac_c_werror_flag" || test ! -s conftest.err
configure:20009: $? = 0
configure:20016: test -s conftest
configure:20019: $? = 0
configure:20033: result: yes
configure:20044: checking whether we are using the GNU C Library 2.1 or newer
configure:20075: result: yes
configure:20098: checking stddef.h usability
configure:20115: mipsel-uclibc-gcc -c -Os -Wall -DLINUX26 -DCONFIG_BCMWL5 -pipe -DBCMWPA2 -funit-at-a-time -Wno-pointer-sign -mtune=mips32r2 -mips32r2   -ffunction-sections -fdata-sections  conftest.c >&5
configure:20121: $? = 0
configure:20128: test -z "$ac_c_werror_flag" || test ! -s conftest.err
configure:20131: $? = 0
configure:20138: test -s conftest.o
configure:20141: $? = 0
configure:20152: result: yes
configure:20156: checking stddef.h presence
configure:20171: mipsel-uclibc-gcc -E  conftest.c
configure:20177: $? = 0
configure:20198: result: yes
configure:20226: checking for stddef.h
configure:20234: result: yes
configure:20088: checking for stdlib.h
configure:20094: result: yes
configure:20088: checking for string.h
configure:20094: result: yes
configure:20251: checking for setlocale
configure:20307: mipsel-uclibc-gcc -o conftest -Os -Wall -DLINUX26 -DCONFIG_BCMWL5 -pipe -DBCMWPA2 -funit-at-a-time -Wno-pointer-sign -mtune=mips32r2 -mips32r2   -ffunction-sections -fdata-sections  -ffunction-sections -fdata-sections -Wl,--gc-sections -fPIC conftest.c  >&5
configure:20313: $? = 0
configure:20320: test -z "$ac_c_werror_flag" || test ! -s conftest.err
configure:20323: $? = 0
configure:20330: test -s conftest
configure:20333: $? = 0
configure:20347: result: yes
configure:20466: creating ./config.status

## ---------------------- ##
## Running config.status. ##
## ---------------------- ##

This file was extended by config.status, which was
generated by GNU Autoconf 2.60.  Invocation command line was

  CONFIG_FILES    = 
  CONFIG_HEADERS  = 
  CONFIG_LINKS    = 
  CONFIG_COMMANDS = 
  $ ./config.status 

on vicente-K53SJ

config.status:616: creating Makefile
config.status:616: creating lib/Makefile
config.status:616: creating include/localcharset.h
config.status:616: creating include/localcharset.h.inst
config.status:616: creating config.h
config.status:842: config.h is unchanged

## ---------------- ##
## Cache variables. ##
## ---------------- ##

ac_cv_build=x86_64-pc-linux-gnu
ac_cv_c_compiler_gnu=yes
ac_cv_cxx_compiler_gnu=yes
ac_cv_env_CCC_set=
ac_cv_env_CCC_value=
ac_cv_env_CC_set=set
ac_cv_env_CC_value=mipsel-uclibc-gcc
ac_cv_env_CFLAGS_set=set
ac_cv_env_CFLAGS_value='-Os -Wall -DLINUX26 -DCONFIG_BCMWL5 -pipe -DBCMWPA2 -funit-at-a-time -Wno-pointer-sign -mtune=mips32r2 -mips32r2   -ffunction-sections -fdata-sections'
ac_cv_env_CPPFLAGS_set=
ac_cv_env_CPPFLAGS_value=
ac_cv_env_CPP_set=
ac_cv_env_CPP_value=
ac_cv_env_CXXCPP_set=
ac_cv_env_CXXCPP_value=
ac_cv_env_CXXFLAGS_set=
ac_cv_env_CXXFLAGS_value=
ac_cv_env_CXX_set=
ac_cv_env_CXX_value=
ac_cv_env_F77_set=
ac_cv_env_F77_value=
ac_cv_env_FFLAGS_set=
ac_cv_env_FFLAGS_value=
ac_cv_env_LDFLAGS_set=set
ac_cv_env_LDFLAGS_value='-ffunction-sections -fdata-sections -Wl,--gc-sections -fPIC'
ac_cv_env_build_alias_set=set
ac_cv_env_build_alias_value=x86_64-linux-gnu
ac_cv_env_host_alias_set=set
ac_cv_env_host_alias_value=mipsel-linux
ac_cv_env_target_alias_set=
ac_cv_env_target_alias_value=
ac_cv_f77_compiler_gnu=no
ac_cv_func_malloc_0_nonnull=yes
ac_cv_func_setlocale=yes
ac_cv_gnu_library_2_1=yes
ac_cv_header_dlfcn_h=yes
ac_cv_header_inttypes_h=yes
ac_cv_header_memory_h=yes
ac_cv_header_minix_config_h=no
ac_cv_header_stdc=yes
ac_cv_header_stddef_h=yes
ac_cv_header_stdint_h=yes
ac_cv_header_stdlib_h=yes
ac_cv_header_string_h=yes
ac_cv_header_strings_h=yes
ac_cv_header_sys_stat_h=yes
ac_cv_header_sys_types_h=yes
ac_cv_header_unistd_h=yes
ac_cv_host=mipsel-unknown-linux-gnu
ac_cv_objext=o
ac_cv_path_EGREP='/bin/grep -E'
ac_cv_path_GREP=/bin/grep
ac_cv_path_install='/usr/bin/install -c'
ac_cv_prog_AR=mipsel-uclibc-ar
ac_cv_prog_CC=mipsel-uclibc-gcc
ac_cv_prog_CPP='mipsel-uclibc-gcc -E'
ac_cv_prog_CXX=mipsel-linux-g++
ac_cv_prog_CXXCPP='mipsel-linux-g++ -E'
ac_cv_prog_RANLIB=mipsel-uclibc-ranlib
ac_cv_prog_STRIP='mipsel-uclibc-strip -R .note -R .comment'
ac_cv_prog_cc_c89=
ac_cv_prog_cc_g=yes
ac_cv_prog_cxx_g=yes
ac_cv_prog_f77_g=no
ac_cv_prog_gcc_traditional=no
ac_cv_prog_make_make_set=yes
ac_cv_search_strerror='none required'
am_cv_langinfo_codeset=yes
gl_cv_cc_visibility=yes
lt_cv_deplibs_check_method=pass_all
lt_cv_file_magic_cmd='$MAGIC_CMD'
lt_cv_file_magic_test_file=
lt_cv_ld_reload_flag=-r
lt_cv_objdir=.libs
lt_cv_path_LD=mipsel-uclibc-ld
lt_cv_path_LDCXX=mipsel-uclibc-ld
lt_cv_path_NM=mipsel-uclibc-nm
lt_cv_path_SED=/bin/sed
lt_cv_prog_compiler_c_o=yes
lt_cv_prog_compiler_c_o_CXX=yes
lt_cv_prog_compiler_rtti_exceptions=no
lt_cv_prog_gnu_ld=yes
lt_cv_prog_gnu_ldcxx=yes
lt_cv_sys_global_symbol_pipe='sed -n -e '\''s/^.*[ 	]\([ABCDGIRSTW][ABCDGIRSTW]*\)[ 	][ 	]*\([_A-Za-z][_A-Za-z0-9]*\)$/\1 \2 \2/p'\'''
lt_cv_sys_global_symbol_to_c_name_address='sed -n -e '\''s/^: \([^ ]*\) $/  {\"\1\", (lt_ptr) 0},/p'\'' -e '\''s/^[BCDEGRST] \([^ ]*\) \([^ ]*\)$/  {"\2", (lt_ptr) \&\2},/p'\'''
lt_cv_sys_global_symbol_to_cdecl='sed -n -e '\''s/^. .* \(.*\)$/extern int \1;/p'\'''
lt_cv_sys_max_cmd_len=32768
lt_lt_cv_prog_compiler_c_o='"yes"'
lt_lt_cv_prog_compiler_c_o_CXX='"yes"'
lt_lt_cv_sys_global_symbol_pipe='"sed -n -e '\''s/^.*[ 	]\\([ABCDGIRSTW][ABCDGIRSTW]*\\)[ 	][ 	]*\\([_A-Za-z][_A-Za-z0-9]*\\)\$/\\1 \\2 \\2/p'\''"'
lt_lt_cv_sys_global_symbol_to_c_name_address='"sed -n -e '\''s/^: \\([^ ]*\\) \$/  {\\\"\\1\\\", (lt_ptr) 0},/p'\'' -e '\''s/^[BCDEGRST] \\([^ ]*\\) \\([^ ]*\\)\$/  {\"\\2\", (lt_ptr) \\&\\2},/p'\''"'
lt_lt_cv_sys_global_symbol_to_cdecl='"sed -n -e '\''s/^. .* \\(.*\\)\$/extern int \\1;/p'\''"'

## ----------------- ##
## Output variables. ##
## ----------------- ##

AR='mipsel-uclibc-ar'
AS='mipsel-uclibc-as'
CC='mipsel-uclibc-gcc'
CFLAGS='-Os -Wall -DLINUX26 -DCONFIG_BCMWL5 -pipe -DBCMWPA2 -funit-at-a-time -Wno-pointer-sign -mtune=mips32r2 -mips32r2   -ffunction-sections -fdata-sections'
CFLAG_VISIBILITY='-fvisibility=hidden'
CPP='mipsel-uclibc-gcc -E'
CPPFLAGS=''
CXX='mipsel-linux-g++'
CXXCPP='mipsel-linux-g++ -E'
CXXFLAGS='-g -O2'
DEFS='-DHAVE_CONFIG_H'
DLLTOOL='dlltool'
ECHO='echo'
ECHO_C=''
ECHO_N='-n'
ECHO_T=''
EGREP='/bin/grep -E'
EXEEXT=''
F77=''
FFLAGS=''
GLIBC21='yes'
GREP='/bin/grep'
HAVE_VISIBILITY='1'
INSTALL_DATA='${INSTALL} -m 644'
INSTALL_PROGRAM='${INSTALL}'
INSTALL_SCRIPT='${INSTALL}'
LDFLAGS='-ffunction-sections -fdata-sections -Wl,--gc-sections -fPIC'
LIBOBJS=''
LIBS=''
LIBTOOL='$(SHELL) $(top_builddir)/libtool'
LN_S='ln -s'
LTLIBOBJS=''
OBJDUMP='objdump'
OBJEXT='o'
PACKAGE=''
PACKAGE_BUGREPORT=''
PACKAGE_NAME=''
PACKAGE_STRING=''
PACKAGE_TARNAME=''
PACKAGE_VERSION=''
PATH_SEPARATOR=':'
RANLIB='mipsel-uclibc-ranlib'
RELOCATABLE='no'
SET_MAKE=''
SHELL='/bin/sh'
STRIP='mipsel-uclibc-strip -R .note -R .comment'
VERSION=''
ac_ct_CC=''
ac_ct_CXX=''
ac_ct_F77=''
bindir='${exec_prefix}/bin'
build='x86_64-pc-linux-gnu'
build_alias='x86_64-linux-gnu'
build_cpu='x86_64'
build_os='linux-gnu'
build_vendor='pc'
datadir='${datarootdir}'
datarootdir='${prefix}/share'
docdir='${datarootdir}/doc/${PACKAGE}'
dvidir='${docdir}'
exec_prefix='${prefix}'
host='mipsel-unknown-linux-gnu'
host_alias='mipsel-linux'
host_cpu='mipsel'
host_os='linux-gnu'
host_vendor='unknown'
htmldir='${docdir}'
includedir='${prefix}/include'
infodir='${datarootdir}/info'
libdir='${exec_prefix}/lib'
libexecdir='${exec_prefix}/libexec'
localedir='${datarootdir}/locale'
localstatedir='${prefix}/var'
mandir='${datarootdir}/man'
oldincludedir='/usr/include'
pdfdir='${docdir}'
prefix='/usr'
program_transform_name='s,x,x,'
psdir='${docdir}'
sbindir='${exec_prefix}/sbin'
sharedstatedir='${prefix}/com'
sysconfdir='${prefix}/etc'
target_alias=''

## ----------- ##
## confdefs.h. ##
## ----------- ##

#define PACKAGE_NAME ""
#define PACKAGE_TARNAME ""
#define PACKAGE_VERSION ""
#define PACKAGE_STRING ""
#define PACKAGE_BUGREPORT ""
#define INSTALLPREFIX "/usr"
#define STDC_HEADERS 1
#define HAVE_SYS_TYPES_H 1
#define HAVE_SYS_STAT_H 1
#define HAVE_STDLIB_H 1
#define HAVE_STRING_H 1
#define HAVE_MEMORY_H 1
#define HAVE_STRINGS_H 1
#define HAVE_INTTYPES_H 1
#define HAVE_STDINT_H 1
#define HAVE_UNISTD_H 1
#define HAVE_DLFCN_H 1
#define HAVE_VISIBILITY 1
#define HAVE_LANGINFO_CODESET 1
#define HAVE_STDDEF_H 1
#define HAVE_STDLIB_H 1
#define HAVE_STRING_H 1
#define HAVE_SETLOCALE 1

configure: exit 0
