This file contains any messages produced by compilers while
running configure, to aid debugging if configure makes a mistake.

It was created by configure, which was
generated by GNU Autoconf 2.59.  Invocation command line was

  $ ./configure --host=mipsel-linux --build=x86_64-linux-gnu --enable-shared --enable-static --prefix= --disable-rpath --disable-doxygen-docs --disable-xmms-plugin --disable-cpplibs --without-libiconv-prefix --disable-altivec --disable-3dnow --disable-sse

## --------- ##
## Platform. ##
## --------- ##

hostname = vicente-P5K-E
uname -m = x86_64
uname -r = 3.2.0-47-generic
uname -s = Linux
uname -v = #72-Ubuntu SMP Mon Jun 3 17:53:49 UTC 2013

/usr/bin/uname -p = unknown
/bin/uname -X     = unknown

/bin/arch              = unknown
/usr/bin/arch -k       = unknown
/usr/convex/getsysinfo = unknown
hostinfo               = unknown
/bin/machine           = unknown
/usr/bin/oslevel       = unknown
/bin/universe          = unknown

PATH: /home/vicente/tomato/release/tools
PATH: /home/vicente/tomato/release/tools
PATH: /home/vicente/tomato/release/tools
PATH: /home/vicente/tomato/release/tools
PATH: /opt/brcm/hndtools-mipsel-uclibc/bin
PATH: /opt/brcm/hndtools-mipsel-linux/bin
PATH: /usr/lib/lightdm/lightdm
PATH: /usr/local/sbin
PATH: /usr/local/bin
PATH: /usr/sbin
PATH: /usr/bin
PATH: /sbin
PATH: /bin
PATH: /usr/games


## ----------- ##
## Core tests. ##
## ----------- ##

configure:1569: checking for a BSD-compatible install
configure:1624: result: /usr/bin/install -c
configure:1635: checking whether build environment is sane
configure:1678: result: yes
configure:1711: checking for gawk
configure:1727: found /usr/bin/gawk
configure:1737: result: gawk
configure:1747: checking whether make sets $(MAKE)
configure:1767: result: yes
configure:1846: checking for mipsel-linux-strip
configure:1872: result: mipsel-uclibc-strip -R .note -R .comment
configure:1934: checking whether to enable maintainer-specific portions of Makefiles
configure:1943: result: no
configure:2040: checking build system type
configure:2058: result: x86_64-pc-linux-gnu
configure:2066: checking host system type
configure:2080: result: mipsel-unknown-linux-gnu
configure:2100: checking for style of include used by make
configure:2128: result: GNU
configure:2161: checking for mipsel-linux-gcc
configure:2187: result: mipsel-uclibc-gcc
configure:2469: checking for C compiler version
configure:2472: mipsel-uclibc-gcc --version </dev/null >&5
mipsel-uclibc-gcc (GCC) 4.2.4
Copyright (C) 2007 Free Software Foundation, Inc.
This is free software; see the source for copying conditions.  There is NO
warranty; not even for MERCHANTABILITY or FITNESS FOR A PARTICULAR PURPOSE.

configure:2475: $? = 0
configure:2477: mipsel-uclibc-gcc -v </dev/null >&5
Using built-in specs.
Target: mipsel-linux-uclibc
Configured with: /home/fedork/tomato/toolchain/build_dir/toolchain-mipsel_gcc4.2.4/gcc-4.2.4/configure --prefix=/opt/brcm/hndtools-mipsel-uclibc-4.2.4 --build=i486-linux-gnu --host=i486-linux-gnu --target=mipsel-linux-uclibc --with-gnu-ld --enable-target-optspace --disable-libgomp --disable-libmudflap --disable-multilib --disable-nls --disable-__cxa_atexit --enable-libssp --enable-languages=c,c++ --enable-shared --enable-threads --enable-tls
Thread model: posix
gcc version 4.2.4
configure:2480: $? = 0
configure:2482: mipsel-uclibc-gcc -V </dev/null >&5
mipsel-uclibc-gcc: '-V' option must have argument
configure:2485: $? = 1
configure:2508: checking for C compiler default output file name
configure:2511: mipsel-uclibc-gcc -Os -DLINUX26 -DCONFIG_BCMWL5 -pipe -DBCMWPA2 -funit-at-a-time -Wno-pointer-sign -mtune=mips32 -mips32   -fPIC -ffunction-sections -fdata-sections -I/home/vicente/tomato/release/src-rt/router/libogg/include -I/home/vicente/tomato/release/src-rt/linux/linux-2.6/include -L/home/vicente/tomato/release/src-rt/router/libogg/src/.libs -fPIC -ffunction-sections -fdata-sections -Wl,--gc-sections conftest.c  >&5
configure:2514: $? = 0
configure:2560: result: a.out
configure:2565: checking whether the C compiler works
configure:2591: result: yes
configure:2598: checking whether we are cross compiling
configure:2600: result: yes
configure:2603: checking for suffix of executables
configure:2605: mipsel-uclibc-gcc -o conftest -Os -DLINUX26 -DCONFIG_BCMWL5 -pipe -DBCMWPA2 -funit-at-a-time -Wno-pointer-sign -mtune=mips32 -mips32   -fPIC -ffunction-sections -fdata-sections -I/home/vicente/tomato/release/src-rt/router/libogg/include -I/home/vicente/tomato/release/src-rt/linux/linux-2.6/include -L/home/vicente/tomato/release/src-rt/router/libogg/src/.libs -fPIC -ffunction-sections -fdata-sections -Wl,--gc-sections conftest.c  >&5
configure:2608: $? = 0
configure:2633: result: 
configure:2639: checking for suffix of object files
configure:2660: mipsel-uclibc-gcc -c -Os -DLINUX26 -DCONFIG_BCMWL5 -pipe -DBCMWPA2 -funit-at-a-time -Wno-pointer-sign -mtune=mips32 -mips32   -fPIC -ffunction-sections -fdata-sections -I/home/vicente/tomato/release/src-rt/router/libogg/include -I/home/vicente/tomato/release/src-rt/linux/linux-2.6/include conftest.c >&5
configure:2663: $? = 0
configure:2685: result: o
configure:2689: checking whether we are using the GNU C compiler
configure:2713: mipsel-uclibc-gcc -c -Os -DLINUX26 -DCONFIG_BCMWL5 -pipe -DBCMWPA2 -funit-at-a-time -Wno-pointer-sign -mtune=mips32 -mips32   -fPIC -ffunction-sections -fdata-sections -I/home/vicente/tomato/release/src-rt/router/libogg/include -I/home/vicente/tomato/release/src-rt/linux/linux-2.6/include conftest.c >&5
configure:2719: $? = 0
configure:2723: test -z 
			 || test ! -s conftest.err
configure:2726: $? = 0
configure:2729: test -s conftest.o
configure:2732: $? = 0
configure:2745: result: yes
configure:2751: checking whether mipsel-uclibc-gcc accepts -g
configure:2772: mipsel-uclibc-gcc -c -g -I/home/vicente/tomato/release/src-rt/router/libogg/include -I/home/vicente/tomato/release/src-rt/linux/linux-2.6/include conftest.c >&5
configure:2778: $? = 0
configure:2782: test -z 
			 || test ! -s conftest.err
configure:2785: $? = 0
configure:2788: test -s conftest.o
configure:2791: $? = 0
configure:2802: result: yes
configure:2819: checking for mipsel-uclibc-gcc option to accept ANSI C
configure:2889: mipsel-uclibc-gcc  -c -Os -DLINUX26 -DCONFIG_BCMWL5 -pipe -DBCMWPA2 -funit-at-a-time -Wno-pointer-sign -mtune=mips32 -mips32   -fPIC -ffunction-sections -fdata-sections -I/home/vicente/tomato/release/src-rt/router/libogg/include -I/home/vicente/tomato/release/src-rt/linux/linux-2.6/include conftest.c >&5
configure:2895: $? = 0
configure:2899: test -z 
			 || test ! -s conftest.err
configure:2902: $? = 0
configure:2905: test -s conftest.o
configure:2908: $? = 0
configure:2926: result: none needed
configure:2944: mipsel-uclibc-gcc -c -Os -DLINUX26 -DCONFIG_BCMWL5 -pipe -DBCMWPA2 -funit-at-a-time -Wno-pointer-sign -mtune=mips32 -mips32   -fPIC -ffunction-sections -fdata-sections -I/home/vicente/tomato/release/src-rt/router/libogg/include -I/home/vicente/tomato/release/src-rt/linux/linux-2.6/include conftest.c >&5
conftest.c:2: error: expected '=', ',', ';', 'asm' or '__attribute__' before 'me'
configure:2950: $? = 1
configure: failed program was:
| #ifndef __cplusplus
|   choke me
| #endif
configure:3085: checking dependency style of mipsel-uclibc-gcc
configure:3168: result: gcc3
configure:3185: checking for a sed that does not truncate output
configure:3239: result: /bin/sed
configure:3242: checking for egrep
configure:3252: result: grep -E
configure:3268: checking for ld used by mipsel-uclibc-gcc
configure:3335: result: mipsel-uclibc-ld
configure:3344: checking if the linker (mipsel-uclibc-ld) is GNU ld
configure:3359: result: yes
configure:3364: checking for mipsel-uclibc-ld option to reload object files
configure:3371: result: -r
configure:3389: checking for BSD-compatible nm
configure:3431: result: mipsel-uclibc-nm
configure:3435: checking whether ln -s works
configure:3439: result: yes
configure:3446: checking how to recognise dependent libraries
configure:3618: result: pass_all
configure:3832: checking how to run the C preprocessor
configure:3867: mipsel-uclibc-gcc -E -I/home/vicente/tomato/release/src-rt/router/libogg/include -I/home/vicente/tomato/release/src-rt/linux/linux-2.6/include conftest.c
configure:3873: $? = 0
configure:3905: mipsel-uclibc-gcc -E -I/home/vicente/tomato/release/src-rt/router/libogg/include -I/home/vicente/tomato/release/src-rt/linux/linux-2.6/include conftest.c
conftest.c:11:28: error: ac_nonexistent.h: No such file or directory
configure:3911: $? = 1
configure: failed program was:
| /* confdefs.h.  */
| 
| #define PACKAGE_NAME ""
| #define PACKAGE_TARNAME ""
| #define PACKAGE_VERSION ""
| #define PACKAGE_STRING ""
| #define PACKAGE_BUGREPORT ""
| #define PACKAGE "flac"
| #define VERSION "1.2.1"
| /* end confdefs.h.  */
| #include <ac_nonexistent.h>
configure:3950: result: mipsel-uclibc-gcc -E
configure:3974: mipsel-uclibc-gcc -E -I/home/vicente/tomato/release/src-rt/router/libogg/include -I/home/vicente/tomato/release/src-rt/linux/linux-2.6/include conftest.c
configure:3980: $? = 0
configure:4012: mipsel-uclibc-gcc -E -I/home/vicente/tomato/release/src-rt/router/libogg/include -I/home/vicente/tomato/release/src-rt/linux/linux-2.6/include conftest.c
conftest.c:11:28: error: ac_nonexistent.h: No such file or directory
configure:4018: $? = 1
configure: failed program was:
| /* confdefs.h.  */
| 
| #define PACKAGE_NAME ""
| #define PACKAGE_TARNAME ""
| #define PACKAGE_VERSION ""
| #define PACKAGE_STRING ""
| #define PACKAGE_BUGREPORT ""
| #define PACKAGE "flac"
| #define VERSION "1.2.1"
| /* end confdefs.h.  */
| #include <ac_nonexistent.h>
configure:4062: checking for ANSI C header files
configure:4087: mipsel-uclibc-gcc -c -Os -DLINUX26 -DCONFIG_BCMWL5 -pipe -DBCMWPA2 -funit-at-a-time -Wno-pointer-sign -mtune=mips32 -mips32   -fPIC -ffunction-sections -fdata-sections -I/home/vicente/tomato/release/src-rt/router/libogg/include -I/home/vicente/tomato/release/src-rt/linux/linux-2.6/include conftest.c >&5
configure:4093: $? = 0
configure:4097: test -z 
			 || test ! -s conftest.err
configure:4100: $? = 0
configure:4103: test -s conftest.o
configure:4106: $? = 0
configure:4218: result: yes
configure:4242: checking for sys/types.h
configure:4258: mipsel-uclibc-gcc -c -Os -DLINUX26 -DCONFIG_BCMWL5 -pipe -DBCMWPA2 -funit-at-a-time -Wno-pointer-sign -mtune=mips32 -mips32   -fPIC -ffunction-sections -fdata-sections -I/home/vicente/tomato/release/src-rt/router/libogg/include -I/home/vicente/tomato/release/src-rt/linux/linux-2.6/include conftest.c >&5
configure:4264: $? = 0
configure:4268: test -z 
			 || test ! -s conftest.err
configure:4271: $? = 0
configure:4274: test -s conftest.o
configure:4277: $? = 0
configure:4288: result: yes
configure:4242: checking for sys/stat.h
configure:4258: mipsel-uclibc-gcc -c -Os -DLINUX26 -DCONFIG_BCMWL5 -pipe -DBCMWPA2 -funit-at-a-time -Wno-pointer-sign -mtune=mips32 -mips32   -fPIC -ffunction-sections -fdata-sections -I/home/vicente/tomato/release/src-rt/router/libogg/include -I/home/vicente/tomato/release/src-rt/linux/linux-2.6/include conftest.c >&5
configure:4264: $? = 0
configure:4268: test -z 
			 || test ! -s conftest.err
configure:4271: $? = 0
configure:4274: test -s conftest.o
configure:4277: $? = 0
configure:4288: result: yes
configure:4242: checking for stdlib.h
configure:4258: mipsel-uclibc-gcc -c -Os -DLINUX26 -DCONFIG_BCMWL5 -pipe -DBCMWPA2 -funit-at-a-time -Wno-pointer-sign -mtune=mips32 -mips32   -fPIC -ffunction-sections -fdata-sections -I/home/vicente/tomato/release/src-rt/router/libogg/include -I/home/vicente/tomato/release/src-rt/linux/linux-2.6/include conftest.c >&5
configure:4264: $? = 0
configure:4268: test -z 
			 || test ! -s conftest.err
configure:4271: $? = 0
configure:4274: test -s conftest.o
configure:4277: $? = 0
configure:4288: result: yes
configure:4242: checking for string.h
configure:4258: mipsel-uclibc-gcc -c -Os -DLINUX26 -DCONFIG_BCMWL5 -pipe -DBCMWPA2 -funit-at-a-time -Wno-pointer-sign -mtune=mips32 -mips32   -fPIC -ffunction-sections -fdata-sections -I/home/vicente/tomato/release/src-rt/router/libogg/include -I/home/vicente/tomato/release/src-rt/linux/linux-2.6/include conftest.c >&5
configure:4264: $? = 0
configure:4268: test -z 
			 || test ! -s conftest.err
configure:4271: $? = 0
configure:4274: test -s conftest.o
configure:4277: $? = 0
configure:4288: result: yes
configure:4242: checking for memory.h
configure:4258: mipsel-uclibc-gcc -c -Os -DLINUX26 -DCONFIG_BCMWL5 -pipe -DBCMWPA2 -funit-at-a-time -Wno-pointer-sign -mtune=mips32 -mips32   -fPIC -ffunction-sections -fdata-sections -I/home/vicente/tomato/release/src-rt/router/libogg/include -I/home/vicente/tomato/release/src-rt/linux/linux-2.6/include conftest.c >&5
configure:4264: $? = 0
configure:4268: test -z 
			 || test ! -s conftest.err
configure:4271: $? = 0
configure:4274: test -s conftest.o
configure:4277: $? = 0
configure:4288: result: yes
configure:4242: checking for strings.h
configure:4258: mipsel-uclibc-gcc -c -Os -DLINUX26 -DCONFIG_BCMWL5 -pipe -DBCMWPA2 -funit-at-a-time -Wno-pointer-sign -mtune=mips32 -mips32   -fPIC -ffunction-sections -fdata-sections -I/home/vicente/tomato/release/src-rt/router/libogg/include -I/home/vicente/tomato/release/src-rt/linux/linux-2.6/include conftest.c >&5
configure:4264: $? = 0
configure:4268: test -z 
			 || test ! -s conftest.err
configure:4271: $? = 0
configure:4274: test -s conftest.o
configure:4277: $? = 0
configure:4288: result: yes
configure:4242: checking for inttypes.h
configure:4258: mipsel-uclibc-gcc -c -Os -DLINUX26 -DCONFIG_BCMWL5 -pipe -DBCMWPA2 -funit-at-a-time -Wno-pointer-sign -mtune=mips32 -mips32   -fPIC -ffunction-sections -fdata-sections -I/home/vicente/tomato/release/src-rt/router/libogg/include -I/home/vicente/tomato/release/src-rt/linux/linux-2.6/include conftest.c >&5
configure:4264: $? = 0
configure:4268: test -z 
			 || test ! -s conftest.err
configure:4271: $? = 0
configure:4274: test -s conftest.o
configure:4277: $? = 0
configure:4288: result: yes
configure:4242: checking for stdint.h
configure:4258: mipsel-uclibc-gcc -c -Os -DLINUX26 -DCONFIG_BCMWL5 -pipe -DBCMWPA2 -funit-at-a-time -Wno-pointer-sign -mtune=mips32 -mips32   -fPIC -ffunction-sections -fdata-sections -I/home/vicente/tomato/release/src-rt/router/libogg/include -I/home/vicente/tomato/release/src-rt/linux/linux-2.6/include conftest.c >&5
configure:4264: $? = 0
configure:4268: test -z 
			 || test ! -s conftest.err
configure:4271: $? = 0
configure:4274: test -s conftest.o
configure:4277: $? = 0
configure:4288: result: yes
configure:4242: checking for unistd.h
configure:4258: mipsel-uclibc-gcc -c -Os -DLINUX26 -DCONFIG_BCMWL5 -pipe -DBCMWPA2 -funit-at-a-time -Wno-pointer-sign -mtune=mips32 -mips32   -fPIC -ffunction-sections -fdata-sections -I/home/vicente/tomato/release/src-rt/router/libogg/include -I/home/vicente/tomato/release/src-rt/linux/linux-2.6/include conftest.c >&5
configure:4264: $? = 0
configure:4268: test -z 
			 || test ! -s conftest.err
configure:4271: $? = 0
configure:4274: test -s conftest.o
configure:4277: $? = 0
configure:4288: result: yes
configure:4314: checking dlfcn.h usability
configure:4326: mipsel-uclibc-gcc -c -Os -DLINUX26 -DCONFIG_BCMWL5 -pipe -DBCMWPA2 -funit-at-a-time -Wno-pointer-sign -mtune=mips32 -mips32   -fPIC -ffunction-sections -fdata-sections -I/home/vicente/tomato/release/src-rt/router/libogg/include -I/home/vicente/tomato/release/src-rt/linux/linux-2.6/include conftest.c >&5
configure:4332: $? = 0
configure:4336: test -z 
			 || test ! -s conftest.err
configure:4339: $? = 0
configure:4342: test -s conftest.o
configure:4345: $? = 0
configure:4355: result: yes
configure:4359: checking dlfcn.h presence
configure:4369: mipsel-uclibc-gcc -E -I/home/vicente/tomato/release/src-rt/router/libogg/include -I/home/vicente/tomato/release/src-rt/linux/linux-2.6/include conftest.c
configure:4375: $? = 0
configure:4395: result: yes
configure:4430: checking for dlfcn.h
configure:4437: result: yes
configure:4460: checking for mipsel-linux-g++
configure:4476: found /opt/brcm/hndtools-mipsel-uclibc/bin/mipsel-linux-g++
configure:4486: result: mipsel-linux-g++
configure:4544: checking for C++ compiler version
configure:4547: mipsel-linux-g++ --version </dev/null >&5
mipsel-linux-g++ (GCC) 4.2.4
Copyright (C) 2007 Free Software Foundation, Inc.
This is free software; see the source for copying conditions.  There is NO
warranty; not even for MERCHANTABILITY or FITNESS FOR A PARTICULAR PURPOSE.

configure:4550: $? = 0
configure:4552: mipsel-linux-g++ -v </dev/null >&5
Using built-in specs.
Target: mipsel-linux-uclibc
Configured with: /home/fedork/tomato/toolchain/build_dir/toolchain-mipsel_gcc4.2.4/gcc-4.2.4/configure --prefix=/opt/brcm/hndtools-mipsel-uclibc-4.2.4 --build=i486-linux-gnu --host=i486-linux-gnu --target=mipsel-linux-uclibc --with-gnu-ld --enable-target-optspace --disable-libgomp --disable-libmudflap --disable-multilib --disable-nls --disable-__cxa_atexit --enable-libssp --enable-languages=c,c++ --enable-shared --enable-threads --enable-tls
Thread model: posix
gcc version 4.2.4
configure:4555: $? = 0
configure:4557: mipsel-linux-g++ -V </dev/null >&5
mipsel-linux-g++: '-V' option must have argument
configure:4560: $? = 1
configure:4563: checking whether we are using the GNU C++ compiler
configure:4587: mipsel-linux-g++ -c  -I/home/vicente/tomato/release/src-rt/router/libogg/include -I/home/vicente/tomato/release/src-rt/linux/linux-2.6/include conftest.cc >&5
configure:4593: $? = 0
configure:4597: test -z 
			 || test ! -s conftest.err
configure:4600: $? = 0
configure:4603: test -s conftest.o
configure:4606: $? = 0
configure:4619: result: yes
configure:4625: checking whether mipsel-linux-g++ accepts -g
configure:4646: mipsel-linux-g++ -c -g -I/home/vicente/tomato/release/src-rt/router/libogg/include -I/home/vicente/tomato/release/src-rt/linux/linux-2.6/include conftest.cc >&5
configure:4652: $? = 0
configure:4656: test -z 
			 || test ! -s conftest.err
configure:4659: $? = 0
configure:4662: test -s conftest.o
configure:4665: $? = 0
configure:4676: result: yes
configure:4718: mipsel-linux-g++ -c -g -O2 -I/home/vicente/tomato/release/src-rt/router/libogg/include -I/home/vicente/tomato/release/src-rt/linux/linux-2.6/include conftest.cc >&5
configure:4724: $? = 0
configure:4728: test -z 
			 || test ! -s conftest.err
configure:4731: $? = 0
configure:4734: test -s conftest.o
configure:4737: $? = 0
configure:4763: mipsel-linux-g++ -c -g -O2 -I/home/vicente/tomato/release/src-rt/router/libogg/include -I/home/vicente/tomato/release/src-rt/linux/linux-2.6/include conftest.cc >&5
conftest.cc: In function 'int main()':
conftest.cc:26: error: 'exit' was not declared in this scope
configure:4769: $? = 1
configure: failed program was:
| /* confdefs.h.  */
| 
| #define PACKAGE_NAME ""
| #define PACKAGE_TARNAME ""
| #define PACKAGE_VERSION ""
| #define PACKAGE_STRING ""
| #define PACKAGE_BUGREPORT ""
| #define PACKAGE "flac"
| #define VERSION "1.2.1"
| #define STDC_HEADERS 1
| #define HAVE_SYS_TYPES_H 1
| #define HAVE_SYS_STAT_H 1
| #define HAVE_STDLIB_H 1
| #define HAVE_STRING_H 1
| #define HAVE_MEMORY_H 1
| #define HAVE_STRINGS_H 1
| #define HAVE_INTTYPES_H 1
| #define HAVE_STDINT_H 1
| #define HAVE_UNISTD_H 1
| #define HAVE_DLFCN_H 1
| /* end confdefs.h.  */
| 
| int
| main ()
| {
| exit (42);
|   ;
|   return 0;
| }
configure:4718: mipsel-linux-g++ -c -g -O2 -I/home/vicente/tomato/release/src-rt/router/libogg/include -I/home/vicente/tomato/release/src-rt/linux/linux-2.6/include conftest.cc >&5
conftest.cc:22: error: 'void std::exit(int)' should have been declared inside 'std'
configure:4724: $? = 1
configure: failed program was:
| /* confdefs.h.  */
| 
| #define PACKAGE_NAME ""
| #define PACKAGE_TARNAME ""
| #define PACKAGE_VERSION ""
| #define PACKAGE_STRING ""
| #define PACKAGE_BUGREPORT ""
| #define PACKAGE "flac"
| #define VERSION "1.2.1"
| #define STDC_HEADERS 1
| #define HAVE_SYS_TYPES_H 1
| #define HAVE_SYS_STAT_H 1
| #define HAVE_STDLIB_H 1
| #define HAVE_STRING_H 1
| #define HAVE_MEMORY_H 1
| #define HAVE_STRINGS_H 1
| #define HAVE_INTTYPES_H 1
| #define HAVE_STDINT_H 1
| #define HAVE_UNISTD_H 1
| #define HAVE_DLFCN_H 1
| /* end confdefs.h.  */
| extern "C" void std::exit (int) throw (); using std::exit;
| #include <stdlib.h>
| int
| main ()
| {
| exit (42);
|   ;
|   return 0;
| }
configure:4718: mipsel-linux-g++ -c -g -O2 -I/home/vicente/tomato/release/src-rt/router/libogg/include -I/home/vicente/tomato/release/src-rt/linux/linux-2.6/include conftest.cc >&5
conftest.cc:22: error: 'void std::exit(int)' should have been declared inside 'std'
In file included from conftest.cc:23:
/home/vicente/tomato/tools/brcm/K26/hndtools-mipsel-uclibc-4.2.4/bin/../lib/gcc/mipsel-linux-uclibc/4.2.4/../../../../mipsel-linux-uclibc/sys-include/stdlib.h:520: error: declaration of 'void std::exit(int) throw ()' throws different exceptions
conftest.cc:22: error: from previous declaration 'void std::exit(int)'
configure:4724: $? = 1
configure: failed program was:
| /* confdefs.h.  */
| 
| #define PACKAGE_NAME ""
| #define PACKAGE_TARNAME ""
| #define PACKAGE_VERSION ""
| #define PACKAGE_STRING ""
| #define PACKAGE_BUGREPORT ""
| #define PACKAGE "flac"
| #define VERSION "1.2.1"
| #define STDC_HEADERS 1
| #define HAVE_SYS_TYPES_H 1
| #define HAVE_SYS_STAT_H 1
| #define HAVE_STDLIB_H 1
| #define HAVE_STRING_H 1
| #define HAVE_MEMORY_H 1
| #define HAVE_STRINGS_H 1
| #define HAVE_INTTYPES_H 1
| #define HAVE_STDINT_H 1
| #define HAVE_UNISTD_H 1
| #define HAVE_DLFCN_H 1
| /* end confdefs.h.  */
| extern "C" void std::exit (int); using std::exit;
| #include <stdlib.h>
| int
| main ()
| {
| exit (42);
|   ;
|   return 0;
| }
configure:4718: mipsel-linux-g++ -c -g -O2 -I/home/vicente/tomato/release/src-rt/router/libogg/include -I/home/vicente/tomato/release/src-rt/linux/linux-2.6/include conftest.cc >&5
configure:4724: $? = 0
configure:4728: test -z 
			 || test ! -s conftest.err
configure:4731: $? = 0
configure:4734: test -s conftest.o
configure:4737: $? = 0
configure:4763: mipsel-linux-g++ -c -g -O2 -I/home/vicente/tomato/release/src-rt/router/libogg/include -I/home/vicente/tomato/release/src-rt/linux/linux-2.6/include conftest.cc >&5
configure:4769: $? = 0
configure:4773: test -z 
			 || test ! -s conftest.err
configure:4776: $? = 0
configure:4779: test -s conftest.o
configure:4782: $? = 0
configure:4807: checking dependency style of mipsel-linux-g++
configure:4890: result: gcc3
configure:4917: checking how to run the C++ preprocessor
configure:4948: mipsel-linux-g++ -E -I/home/vicente/tomato/release/src-rt/router/libogg/include -I/home/vicente/tomato/release/src-rt/linux/linux-2.6/include conftest.cc
configure:4954: $? = 0
configure:4986: mipsel-linux-g++ -E -I/home/vicente/tomato/release/src-rt/router/libogg/include -I/home/vicente/tomato/release/src-rt/linux/linux-2.6/include conftest.cc
conftest.cc:25:28: error: ac_nonexistent.h: No such file or directory
configure:4992: $? = 1
configure: failed program was:
| /* confdefs.h.  */
| 
| #define PACKAGE_NAME ""
| #define PACKAGE_TARNAME ""
| #define PACKAGE_VERSION ""
| #define PACKAGE_STRING ""
| #define PACKAGE_BUGREPORT ""
| #define PACKAGE "flac"
| #define VERSION "1.2.1"
| #define STDC_HEADERS 1
| #define HAVE_SYS_TYPES_H 1
| #define HAVE_SYS_STAT_H 1
| #define HAVE_STDLIB_H 1
| #define HAVE_STRING_H 1
| #define HAVE_MEMORY_H 1
| #define HAVE_STRINGS_H 1
| #define HAVE_INTTYPES_H 1
| #define HAVE_STDINT_H 1
| #define HAVE_UNISTD_H 1
| #define HAVE_DLFCN_H 1
| #ifdef __cplusplus
| extern "C" void exit (int) throw ();
| #endif
| /* end confdefs.h.  */
| #include <ac_nonexistent.h>
configure:5031: result: mipsel-linux-g++ -E
configure:5055: mipsel-linux-g++ -E -I/home/vicente/tomato/release/src-rt/router/libogg/include -I/home/vicente/tomato/release/src-rt/linux/linux-2.6/include conftest.cc
configure:5061: $? = 0
configure:5093: mipsel-linux-g++ -E -I/home/vicente/tomato/release/src-rt/router/libogg/include -I/home/vicente/tomato/release/src-rt/linux/linux-2.6/include conftest.cc
conftest.cc:25:28: error: ac_nonexistent.h: No such file or directory
configure:5099: $? = 1
configure: failed program was:
| /* confdefs.h.  */
| 
| #define PACKAGE_NAME ""
| #define PACKAGE_TARNAME ""
| #define PACKAGE_VERSION ""
| #define PACKAGE_STRING ""
| #define PACKAGE_BUGREPORT ""
| #define PACKAGE "flac"
| #define VERSION "1.2.1"
| #define STDC_HEADERS 1
| #define HAVE_SYS_TYPES_H 1
| #define HAVE_SYS_STAT_H 1
| #define HAVE_STDLIB_H 1
| #define HAVE_STRING_H 1
| #define HAVE_MEMORY_H 1
| #define HAVE_STRINGS_H 1
| #define HAVE_INTTYPES_H 1
| #define HAVE_STDINT_H 1
| #define HAVE_UNISTD_H 1
| #define HAVE_DLFCN_H 1
| #ifdef __cplusplus
| extern "C" void exit (int) throw ();
| #endif
| /* end confdefs.h.  */
| #include <ac_nonexistent.h>
configure:5154: checking for mipsel-linux-g77
configure:5183: result: no
configure:5154: checking for mipsel-linux-f77
configure:5183: result: no
configure:5154: checking for mipsel-linux-xlf
configure:5183: result: no
configure:5154: checking for mipsel-linux-frt
configure:5183: result: no
configure:5154: checking for mipsel-linux-pgf77
configure:5183: result: no
configure:5154: checking for mipsel-linux-fort77
configure:5183: result: no
configure:5154: checking for mipsel-linux-fl32
configure:5183: result: no
configure:5154: checking for mipsel-linux-af77
configure:5183: result: no
configure:5154: checking for mipsel-linux-f90
configure:5183: result: no
configure:5154: checking for mipsel-linux-xlf90
configure:5183: result: no
configure:5154: checking for mipsel-linux-pgf90
configure:5183: result: no
configure:5154: checking for mipsel-linux-epcf90
configure:5183: result: no
configure:5154: checking for mipsel-linux-f95
configure:5183: result: no
configure:5154: checking for mipsel-linux-fort
configure:5183: result: no
configure:5154: checking for mipsel-linux-xlf95
configure:5183: result: no
configure:5154: checking for mipsel-linux-ifc
configure:5183: result: no
configure:5154: checking for mipsel-linux-efc
configure:5183: result: no
configure:5154: checking for mipsel-linux-pgf95
configure:5183: result: no
configure:5154: checking for mipsel-linux-lf95
configure:5183: result: no
configure:5154: checking for mipsel-linux-gfortran
configure:5183: result: no
configure:5196: checking for g77
configure:5225: result: no
configure:5196: checking for f77
configure:5225: result: no
configure:5196: checking for xlf
configure:5225: result: no
configure:5196: checking for frt
configure:5225: result: no
configure:5196: checking for pgf77
configure:5225: result: no
configure:5196: checking for fort77
configure:5225: result: no
configure:5196: checking for fl32
configure:5225: result: no
configure:5196: checking for af77
configure:5225: result: no
configure:5196: checking for f90
configure:5225: result: no
configure:5196: checking for xlf90
configure:5225: result: no
configure:5196: checking for pgf90
configure:5225: result: no
configure:5196: checking for epcf90
configure:5225: result: no
configure:5196: checking for f95
configure:5225: result: no
configure:5196: checking for fort
configure:5225: result: no
configure:5196: checking for xlf95
configure:5225: result: no
configure:5196: checking for ifc
configure:5225: result: no
configure:5196: checking for efc
configure:5225: result: no
configure:5196: checking for pgf95
configure:5225: result: no
configure:5196: checking for lf95
configure:5225: result: no
configure:5196: checking for gfortran
configure:5225: result: no
configure:5237: checking for Fortran 77 compiler version
configure:5240:  --version </dev/null >&5
./configure: line 5241: --version: command not found
configure:5243: $? = 127
configure:5245:  -v </dev/null >&5
./configure: line 5246: -v: command not found
configure:5248: $? = 127
configure:5250:  -V </dev/null >&5
./configure: line 5251: -V: command not found
configure:5253: $? = 127
configure:5261: checking whether we are using the GNU Fortran 77 compiler
configure:5275:  -c  conftest.F >&5
./configure: line 5276: -c: command not found
configure:5281: $? = 127
configure: failed program was:
|       program main
| #ifndef __GNUC__
|        choke me
| #endif
| 
|       end
configure:5307: result: no
configure:5313: checking whether  accepts -g
configure:5325:  -c -g conftest.f >&5
./configure: line 5326: -c: command not found
configure:5331: $? = 127
configure: failed program was:
|       program main
| 
|       end
configure:5356: result: no
configure:5386: checking the maximum length of command line arguments
configure:5478: result: 32768
configure:5489: checking command to parse mipsel-uclibc-nm output from mipsel-uclibc-gcc object
configure:5585: mipsel-uclibc-gcc -c -Os -DLINUX26 -DCONFIG_BCMWL5 -pipe -DBCMWPA2 -funit-at-a-time -Wno-pointer-sign -mtune=mips32 -mips32   -fPIC -ffunction-sections -fdata-sections -I/home/vicente/tomato/release/src-rt/router/libogg/include -I/home/vicente/tomato/release/src-rt/linux/linux-2.6/include conftest.c >&5
configure:5588: $? = 0
configure:5592: mipsel-uclibc-nm conftest.o \| sed -n -e 's/^.*[ 	]\([ABCDGIRSTW][ABCDGIRSTW]*\)[ 	][ 	]*\([_A-Za-z][_A-Za-z0-9]*\)$/\1 \2 \2/p' \> conftest.nm
configure:5595: $? = 0
configure:5647: mipsel-uclibc-gcc -o conftest -Os -DLINUX26 -DCONFIG_BCMWL5 -pipe -DBCMWPA2 -funit-at-a-time -Wno-pointer-sign -mtune=mips32 -mips32   -fPIC -ffunction-sections -fdata-sections -I/home/vicente/tomato/release/src-rt/router/libogg/include -I/home/vicente/tomato/release/src-rt/linux/linux-2.6/include -L/home/vicente/tomato/release/src-rt/router/libogg/src/.libs -fPIC -ffunction-sections -fdata-sections -Wl,--gc-sections conftest.c conftstm.o >&5
configure:5650: $? = 0
configure:5688: result: ok
configure:5692: checking for objdir
configure:5707: result: .libs
configure:5759: checking for mipsel-linux-ar
configure:5785: result: mipsel-uclibc-ar
configure:5839: checking for mipsel-linux-ranlib
configure:5865: result: mipsel-uclibc-ranlib
configure:5919: checking for mipsel-linux-strip
configure:5945: result: mipsel-uclibc-strip -R .note -R .comment
configure:6271: checking if mipsel-uclibc-gcc static flag  works
configure:6299: result: yes
configure:6317: checking if mipsel-uclibc-gcc supports -fno-rtti -fno-exceptions
configure:6335: mipsel-uclibc-gcc -c -Os -DLINUX26 -DCONFIG_BCMWL5 -pipe -DBCMWPA2 -funit-at-a-time -Wno-pointer-sign -mtune=mips32 -mips32   -fPIC -ffunction-sections -fdata-sections -I/home/vicente/tomato/release/src-rt/router/libogg/include -I/home/vicente/tomato/release/src-rt/linux/linux-2.6/include -fno-rtti -fno-exceptions conftest.c >&5
cc1: warning: command line option "-fno-rtti" is valid for C++/ObjC++ but not for C
configure:6339: $? = 0
configure:6352: result: no
configure:6367: checking for mipsel-uclibc-gcc option to produce PIC
configure:6571: result: -fPIC
configure:6579: checking if mipsel-uclibc-gcc PIC flag -fPIC works
configure:6597: mipsel-uclibc-gcc -c -Os -DLINUX26 -DCONFIG_BCMWL5 -pipe -DBCMWPA2 -funit-at-a-time -Wno-pointer-sign -mtune=mips32 -mips32   -fPIC -ffunction-sections -fdata-sections -I/home/vicente/tomato/release/src-rt/router/libogg/include -I/home/vicente/tomato/release/src-rt/linux/linux-2.6/include -fPIC -DPIC conftest.c >&5
configure:6601: $? = 0
configure:6614: result: yes
configure:6638: checking if mipsel-uclibc-gcc supports -c -o file.o
configure:6659: mipsel-uclibc-gcc -c -Os -DLINUX26 -DCONFIG_BCMWL5 -pipe -DBCMWPA2 -funit-at-a-time -Wno-pointer-sign -mtune=mips32 -mips32   -fPIC -ffunction-sections -fdata-sections -I/home/vicente/tomato/release/src-rt/router/libogg/include -I/home/vicente/tomato/release/src-rt/linux/linux-2.6/include -o out/conftest2.o conftest.c >&5
configure:6663: $? = 0
configure:6685: result: yes
configure:6711: checking whether the mipsel-uclibc-gcc linker (mipsel-uclibc-ld) supports shared libraries
configure:7606: result: yes
configure:7632: checking whether -lc should be explicitly linked in
configure:7637: mipsel-uclibc-gcc -c -Os -DLINUX26 -DCONFIG_BCMWL5 -pipe -DBCMWPA2 -funit-at-a-time -Wno-pointer-sign -mtune=mips32 -mips32   -fPIC -ffunction-sections -fdata-sections -I/home/vicente/tomato/release/src-rt/router/libogg/include -I/home/vicente/tomato/release/src-rt/linux/linux-2.6/include conftest.c >&5
configure:7640: $? = 0
configure:7654: mipsel-uclibc-gcc -shared conftest.o  -v -Wl,-soname -Wl,conftest -o conftest 2\>\&1 \| grep  -lc  \>/dev/null 2\>\&1
configure:7657: $? = 0
configure:7669: result: no
configure:7677: checking dynamic linker characteristics
configure:8240: result: GNU/Linux ld.so
configure:8244: checking how to hardcode library paths into programs
configure:8269: result: immediate
configure:8283: checking whether stripping libraries is possible
configure:8288: result: yes
configure:9118: checking if libtool supports shared libraries
configure:9120: result: yes
configure:9123: checking whether to build shared libraries
configure:9144: result: yes
configure:9147: checking whether to build static libraries
configure:9151: result: yes
configure:9243: creating libtool
configure:9821: checking for ld used by mipsel-linux-g++
configure:9888: result: mipsel-uclibc-ld
configure:9897: checking if the linker (mipsel-uclibc-ld) is GNU ld
configure:9912: result: yes
configure:9963: checking whether the mipsel-linux-g++ linker (mipsel-uclibc-ld) supports shared libraries
configure:10850: result: yes
configure:10868: mipsel-linux-g++ -c -g -O2 -I/home/vicente/tomato/release/src-rt/router/libogg/include -I/home/vicente/tomato/release/src-rt/linux/linux-2.6/include conftest.cc >&5
configure:10871: $? = 0
configure:10967: checking for mipsel-linux-g++ option to produce PIC
configure:11235: result: -fPIC
configure:11243: checking if mipsel-linux-g++ PIC flag -fPIC works
configure:11261: mipsel-linux-g++ -c -g -O2 -I/home/vicente/tomato/release/src-rt/router/libogg/include -I/home/vicente/tomato/release/src-rt/linux/linux-2.6/include -fPIC -DPIC conftest.cc >&5
configure:11265: $? = 0
configure:11278: result: yes
configure:11302: checking if mipsel-linux-g++ supports -c -o file.o
configure:11323: mipsel-linux-g++ -c -g -O2 -I/home/vicente/tomato/release/src-rt/router/libogg/include -I/home/vicente/tomato/release/src-rt/linux/linux-2.6/include -o out/conftest2.o conftest.cc >&5
configure:11327: $? = 0
configure:11349: result: yes
configure:11375: checking whether the mipsel-linux-g++ linker (mipsel-uclibc-ld) supports shared libraries
configure:11400: result: yes
configure:11471: checking dynamic linker characteristics
configure:12034: result: GNU/Linux ld.so
configure:12038: checking how to hardcode library paths into programs
configure:12063: result: immediate
configure:12077: checking whether stripping libraries is possible
configure:12082: result: yes
configure:19643: checking for mipsel-linux-g++
configure:19669: result: mipsel-linux-g++
configure:19727: checking for C++ compiler version
configure:19730: mipsel-linux-g++ --version </dev/null >&5
mipsel-linux-g++ (GCC) 4.2.4
Copyright (C) 2007 Free Software Foundation, Inc.
This is free software; see the source for copying conditions.  There is NO
warranty; not even for MERCHANTABILITY or FITNESS FOR A PARTICULAR PURPOSE.

configure:19733: $? = 0
configure:19735: mipsel-linux-g++ -v </dev/null >&5
Using built-in specs.
Target: mipsel-linux-uclibc
Configured with: /home/fedork/tomato/toolchain/build_dir/toolchain-mipsel_gcc4.2.4/gcc-4.2.4/configure --prefix=/opt/brcm/hndtools-mipsel-uclibc-4.2.4 --build=i486-linux-gnu --host=i486-linux-gnu --target=mipsel-linux-uclibc --with-gnu-ld --enable-target-optspace --disable-libgomp --disable-libmudflap --disable-multilib --disable-nls --disable-__cxa_atexit --enable-libssp --enable-languages=c,c++ --enable-shared --enable-threads --enable-tls
Thread model: posix
gcc version 4.2.4
configure:19738: $? = 0
configure:19740: mipsel-linux-g++ -V </dev/null >&5
mipsel-linux-g++: '-V' option must have argument
configure:19743: $? = 1
configure:19746: checking whether we are using the GNU C++ compiler
configure:19802: result: yes
configure:19808: checking whether mipsel-linux-g++ accepts -g
configure:19859: result: yes
configure:19901: mipsel-linux-g++ -c -g -O2 -I/home/vicente/tomato/release/src-rt/router/libogg/include -I/home/vicente/tomato/release/src-rt/linux/linux-2.6/include conftest.cc >&5
configure:19907: $? = 0
configure:19911: test -z 
			 || test ! -s conftest.err
configure:19914: $? = 0
configure:19917: test -s conftest.o
configure:19920: $? = 0
configure:19946: mipsel-linux-g++ -c -g -O2 -I/home/vicente/tomato/release/src-rt/router/libogg/include -I/home/vicente/tomato/release/src-rt/linux/linux-2.6/include conftest.cc >&5
configure:19952: $? = 0
configure:19956: test -z 
			 || test ! -s conftest.err
configure:19959: $? = 0
configure:19962: test -s conftest.o
configure:19965: $? = 0
configure:19990: checking dependency style of mipsel-linux-g++
configure:20073: result: gcc3
configure:20090: checking whether make sets $(MAKE)
configure:20110: result: yes
configure:20127: checking for special C compiler options needed for large files
configure:20226: result: no
configure:20232: checking for _FILE_OFFSET_BITS value needed for large files
configure:20263: mipsel-uclibc-gcc -c -Os -DLINUX26 -DCONFIG_BCMWL5 -pipe -DBCMWPA2 -funit-at-a-time -Wno-pointer-sign -mtune=mips32 -mips32   -fPIC -ffunction-sections -fdata-sections -I/home/vicente/tomato/release/src-rt/router/libogg/include -I/home/vicente/tomato/release/src-rt/linux/linux-2.6/include conftest.c >&5
conftest.c:31: warning: left shift count >= width of type
conftest.c:31: warning: left shift count >= width of type
conftest.c:33: error: size of array 'off_t_is_large' is negative
configure:20269: $? = 1
configure: failed program was:
| /* confdefs.h.  */
| 
| #define PACKAGE_NAME ""
| #define PACKAGE_TARNAME ""
| #define PACKAGE_VERSION ""
| #define PACKAGE_STRING ""
| #define PACKAGE_BUGREPORT ""
| #define PACKAGE "flac"
| #define VERSION "1.2.1"
| #define STDC_HEADERS 1
| #define HAVE_SYS_TYPES_H 1
| #define HAVE_SYS_STAT_H 1
| #define HAVE_STDLIB_H 1
| #define HAVE_STRING_H 1
| #define HAVE_MEMORY_H 1
| #define HAVE_STRINGS_H 1
| #define HAVE_INTTYPES_H 1
| #define HAVE_STDINT_H 1
| #define HAVE_UNISTD_H 1
| #define HAVE_DLFCN_H 1
| #ifdef __cplusplus
| extern "C" void exit (int) throw ();
| #endif
| /* end confdefs.h.  */
| #include <sys/types.h>
|  /* Check that off_t can represent 2**63 - 1 correctly.
|     We can't simply define LARGE_OFF_T to be 9223372036854775807,
|     since some C++ compilers masquerading as C compilers
|     incorrectly reject 9223372036854775807.  */
| #define LARGE_OFF_T (((off_t) 1 << 62) - 1 + ((off_t) 1 << 62))
|   int off_t_is_large[(LARGE_OFF_T % 2147483629 == 721
| 		       && LARGE_OFF_T % 2147483647 == 1)
| 		      ? 1 : -1];
| int
| main ()
| {
| 
|   ;
|   return 0;
| }
configure:20316: mipsel-uclibc-gcc -c -Os -DLINUX26 -DCONFIG_BCMWL5 -pipe -DBCMWPA2 -funit-at-a-time -Wno-pointer-sign -mtune=mips32 -mips32   -fPIC -ffunction-sections -fdata-sections -I/home/vicente/tomato/release/src-rt/router/libogg/include -I/home/vicente/tomato/release/src-rt/linux/linux-2.6/include conftest.c >&5
configure:20322: $? = 0
configure:20326: test -z 
			 || test ! -s conftest.err
configure:20329: $? = 0
configure:20332: test -s conftest.o
configure:20335: $? = 0
configure:20347: result: 64
configure:20357: checking for _LARGE_FILES value needed for large files
configure:20388: mipsel-uclibc-gcc -c -Os -DLINUX26 -DCONFIG_BCMWL5 -pipe -DBCMWPA2 -funit-at-a-time -Wno-pointer-sign -mtune=mips32 -mips32   -fPIC -ffunction-sections -fdata-sections -I/home/vicente/tomato/release/src-rt/router/libogg/include -I/home/vicente/tomato/release/src-rt/linux/linux-2.6/include conftest.c >&5
configure:20394: $? = 0
configure:20398: test -z 
			 || test ! -s conftest.err
configure:20401: $? = 0
configure:20404: test -s conftest.o
configure:20407: $? = 0
configure:20472: result: no
configure:20484: checking for _LARGEFILE_SOURCE value needed for large files
configure:20507: mipsel-uclibc-gcc -c -Os -DLINUX26 -DCONFIG_BCMWL5 -pipe -DBCMWPA2 -funit-at-a-time -Wno-pointer-sign -mtune=mips32 -mips32   -fPIC -ffunction-sections -fdata-sections -I/home/vicente/tomato/release/src-rt/router/libogg/include -I/home/vicente/tomato/release/src-rt/linux/linux-2.6/include conftest.c >&5
conftest.c: In function 'main':
conftest.c:30: error: 'fseeko' undeclared (first use in this function)
conftest.c:30: error: (Each undeclared identifier is reported only once
conftest.c:30: error: for each function it appears in.)
configure:20513: $? = 1
configure: failed program was:
| /* confdefs.h.  */
| 
| #define PACKAGE_NAME ""
| #define PACKAGE_TARNAME ""
| #define PACKAGE_VERSION ""
| #define PACKAGE_STRING ""
| #define PACKAGE_BUGREPORT ""
| #define PACKAGE "flac"
| #define VERSION "1.2.1"
| #define STDC_HEADERS 1
| #define HAVE_SYS_TYPES_H 1
| #define HAVE_SYS_STAT_H 1
| #define HAVE_STDLIB_H 1
| #define HAVE_STRING_H 1
| #define HAVE_MEMORY_H 1
| #define HAVE_STRINGS_H 1
| #define HAVE_INTTYPES_H 1
| #define HAVE_STDINT_H 1
| #define HAVE_UNISTD_H 1
| #define HAVE_DLFCN_H 1
| #ifdef __cplusplus
| extern "C" void exit (int) throw ();
| #endif
| #define _FILE_OFFSET_BITS 64
| /* end confdefs.h.  */
| #include <stdio.h>
| int
| main ()
| {
| return !fseeko;
|   ;
|   return 0;
| }
configure:20552: mipsel-uclibc-gcc -c -Os -DLINUX26 -DCONFIG_BCMWL5 -pipe -DBCMWPA2 -funit-at-a-time -Wno-pointer-sign -mtune=mips32 -mips32   -fPIC -ffunction-sections -fdata-sections -I/home/vicente/tomato/release/src-rt/router/libogg/include -I/home/vicente/tomato/release/src-rt/linux/linux-2.6/include conftest.c >&5
configure:20558: $? = 0
configure:20562: test -z 
			 || test ! -s conftest.err
configure:20565: $? = 0
configure:20568: test -s conftest.o
configure:20571: $? = 0
configure:20583: result: 1
configure:20597: checking for fseeko
configure:20618: mipsel-uclibc-gcc -o conftest -Os -DLINUX26 -DCONFIG_BCMWL5 -pipe -DBCMWPA2 -funit-at-a-time -Wno-pointer-sign -mtune=mips32 -mips32   -fPIC -ffunction-sections -fdata-sections -I/home/vicente/tomato/release/src-rt/router/libogg/include -I/home/vicente/tomato/release/src-rt/linux/linux-2.6/include -L/home/vicente/tomato/release/src-rt/router/libogg/src/.libs -fPIC -ffunction-sections -fdata-sections -Wl,--gc-sections conftest.c  >&5
configure:20624: $? = 0
configure:20628: test -z 
			 || test ! -s conftest.err
configure:20631: $? = 0
configure:20634: test -s conftest
configure:20637: $? = 0
configure:20649: result: yes
configure:20660: checking for void*
configure:20684: mipsel-uclibc-gcc -c -Os -DLINUX26 -DCONFIG_BCMWL5 -pipe -DBCMWPA2 -funit-at-a-time -Wno-pointer-sign -mtune=mips32 -mips32   -fPIC -ffunction-sections -fdata-sections -I/home/vicente/tomato/release/src-rt/router/libogg/include -I/home/vicente/tomato/release/src-rt/linux/linux-2.6/include conftest.c >&5
configure:20690: $? = 0
configure:20694: test -z 
			 || test ! -s conftest.err
configure:20697: $? = 0
configure:20700: test -s conftest.o
configure:20703: $? = 0
configure:20714: result: yes
configure:20717: checking size of void*
configure:20747: mipsel-uclibc-gcc -c -Os -DLINUX26 -DCONFIG_BCMWL5 -pipe -DBCMWPA2 -funit-at-a-time -Wno-pointer-sign -mtune=mips32 -mips32   -fPIC -ffunction-sections -fdata-sections -I/home/vicente/tomato/release/src-rt/router/libogg/include -I/home/vicente/tomato/release/src-rt/linux/linux-2.6/include conftest.c >&5
configure:20753: $? = 0
configure:20757: test -z 
			 || test ! -s conftest.err
configure:20760: $? = 0
configure:20763: test -s conftest.o
configure:20766: $? = 0
configure:20788: mipsel-uclibc-gcc -c -Os -DLINUX26 -DCONFIG_BCMWL5 -pipe -DBCMWPA2 -funit-at-a-time -Wno-pointer-sign -mtune=mips32 -mips32   -fPIC -ffunction-sections -fdata-sections -I/home/vicente/tomato/release/src-rt/router/libogg/include -I/home/vicente/tomato/release/src-rt/linux/linux-2.6/include conftest.c >&5
conftest.c: In function 'main':
conftest.c:65: error: size of array 'test_array' is negative
configure:20794: $? = 1
configure: failed program was:
| /* confdefs.h.  */
| 
| #define PACKAGE_NAME ""
| #define PACKAGE_TARNAME ""
| #define PACKAGE_VERSION ""
| #define PACKAGE_STRING ""
| #define PACKAGE_BUGREPORT ""
| #define PACKAGE "flac"
| #define VERSION "1.2.1"
| #define STDC_HEADERS 1
| #define HAVE_SYS_TYPES_H 1
| #define HAVE_SYS_STAT_H 1
| #define HAVE_STDLIB_H 1
| #define HAVE_STRING_H 1
| #define HAVE_MEMORY_H 1
| #define HAVE_STRINGS_H 1
| #define HAVE_INTTYPES_H 1
| #define HAVE_STDINT_H 1
| #define HAVE_UNISTD_H 1
| #define HAVE_DLFCN_H 1
| #ifdef __cplusplus
| extern "C" void exit (int) throw ();
| #endif
| #define _FILE_OFFSET_BITS 64
| #define _LARGEFILE_SOURCE 1
| #define HAVE_FSEEKO 1
| /* end confdefs.h.  */
| #include <stdio.h>
| #if HAVE_SYS_TYPES_H
| # include <sys/types.h>
| #endif
| #if HAVE_SYS_STAT_H
| # include <sys/stat.h>
| #endif
| #if STDC_HEADERS
| # include <stdlib.h>
| # include <stddef.h>
| #else
| # if HAVE_STDLIB_H
| #  include <stdlib.h>
| # endif
| #endif
| #if HAVE_STRING_H
| # if !STDC_HEADERS && HAVE_MEMORY_H
| #  include <memory.h>
| # endif
| # include <string.h>
| #endif
| #if HAVE_STRINGS_H
| # include <strings.h>
| #endif
| #if HAVE_INTTYPES_H
| # include <inttypes.h>
| #else
| # if HAVE_STDINT_H
| #  include <stdint.h>
| # endif
| #endif
| #if HAVE_UNISTD_H
| # include <unistd.h>
| #endif
| int
| main ()
| {
| static int test_array [1 - 2 * !(((long) (sizeof (void*))) <= 0)];
| test_array [0] = 0
| 
|   ;
|   return 0;
| }
configure:20788: mipsel-uclibc-gcc -c -Os -DLINUX26 -DCONFIG_BCMWL5 -pipe -DBCMWPA2 -funit-at-a-time -Wno-pointer-sign -mtune=mips32 -mips32   -fPIC -ffunction-sections -fdata-sections -I/home/vicente/tomato/release/src-rt/router/libogg/include -I/home/vicente/tomato/release/src-rt/linux/linux-2.6/include conftest.c >&5
conftest.c: In function 'main':
conftest.c:65: error: size of array 'test_array' is negative
configure:20794: $? = 1
configure: failed program was:
| /* confdefs.h.  */
| 
| #define PACKAGE_NAME ""
| #define PACKAGE_TARNAME ""
| #define PACKAGE_VERSION ""
| #define PACKAGE_STRING ""
| #define PACKAGE_BUGREPORT ""
| #define PACKAGE "flac"
| #define VERSION "1.2.1"
| #define STDC_HEADERS 1
| #define HAVE_SYS_TYPES_H 1
| #define HAVE_SYS_STAT_H 1
| #define HAVE_STDLIB_H 1
| #define HAVE_STRING_H 1
| #define HAVE_MEMORY_H 1
| #define HAVE_STRINGS_H 1
| #define HAVE_INTTYPES_H 1
| #define HAVE_STDINT_H 1
| #define HAVE_UNISTD_H 1
| #define HAVE_DLFCN_H 1
| #ifdef __cplusplus
| extern "C" void exit (int) throw ();
| #endif
| #define _FILE_OFFSET_BITS 64
| #define _LARGEFILE_SOURCE 1
| #define HAVE_FSEEKO 1
| /* end confdefs.h.  */
| #include <stdio.h>
| #if HAVE_SYS_TYPES_H
| # include <sys/types.h>
| #endif
| #if HAVE_SYS_STAT_H
| # include <sys/stat.h>
| #endif
| #if STDC_HEADERS
| # include <stdlib.h>
| # include <stddef.h>
| #else
| # if HAVE_STDLIB_H
| #  include <stdlib.h>
| # endif
| #endif
| #if HAVE_STRING_H
| # if !STDC_HEADERS && HAVE_MEMORY_H
| #  include <memory.h>
| # endif
| # include <string.h>
| #endif
| #if HAVE_STRINGS_H
| # include <strings.h>
| #endif
| #if HAVE_INTTYPES_H
| # include <inttypes.h>
| #else
| # if HAVE_STDINT_H
| #  include <stdint.h>
| # endif
| #endif
| #if HAVE_UNISTD_H
| # include <unistd.h>
| #endif
| int
| main ()
| {
| static int test_array [1 - 2 * !(((long) (sizeof (void*))) <= 1)];
| test_array [0] = 0
| 
|   ;
|   return 0;
| }
configure:20788: mipsel-uclibc-gcc -c -Os -DLINUX26 -DCONFIG_BCMWL5 -pipe -DBCMWPA2 -funit-at-a-time -Wno-pointer-sign -mtune=mips32 -mips32   -fPIC -ffunction-sections -fdata-sections -I/home/vicente/tomato/release/src-rt/router/libogg/include -I/home/vicente/tomato/release/src-rt/linux/linux-2.6/include conftest.c >&5
conftest.c: In function 'main':
conftest.c:65: error: size of array 'test_array' is negative
configure:20794: $? = 1
configure: failed program was:
| /* confdefs.h.  */
| 
| #define PACKAGE_NAME ""
| #define PACKAGE_TARNAME ""
| #define PACKAGE_VERSION ""
| #define PACKAGE_STRING ""
| #define PACKAGE_BUGREPORT ""
| #define PACKAGE "flac"
| #define VERSION "1.2.1"
| #define STDC_HEADERS 1
| #define HAVE_SYS_TYPES_H 1
| #define HAVE_SYS_STAT_H 1
| #define HAVE_STDLIB_H 1
| #define HAVE_STRING_H 1
| #define HAVE_MEMORY_H 1
| #define HAVE_STRINGS_H 1
| #define HAVE_INTTYPES_H 1
| #define HAVE_STDINT_H 1
| #define HAVE_UNISTD_H 1
| #define HAVE_DLFCN_H 1
| #ifdef __cplusplus
| extern "C" void exit (int) throw ();
| #endif
| #define _FILE_OFFSET_BITS 64
| #define _LARGEFILE_SOURCE 1
| #define HAVE_FSEEKO 1
| /* end confdefs.h.  */
| #include <stdio.h>
| #if HAVE_SYS_TYPES_H
| # include <sys/types.h>
| #endif
| #if HAVE_SYS_STAT_H
| # include <sys/stat.h>
| #endif
| #if STDC_HEADERS
| # include <stdlib.h>
| # include <stddef.h>
| #else
| # if HAVE_STDLIB_H
| #  include <stdlib.h>
| # endif
| #endif
| #if HAVE_STRING_H
| # if !STDC_HEADERS && HAVE_MEMORY_H
| #  include <memory.h>
| # endif
| # include <string.h>
| #endif
| #if HAVE_STRINGS_H
| # include <strings.h>
| #endif
| #if HAVE_INTTYPES_H
| # include <inttypes.h>
| #else
| # if HAVE_STDINT_H
| #  include <stdint.h>
| # endif
| #endif
| #if HAVE_UNISTD_H
| # include <unistd.h>
| #endif
| int
| main ()
| {
| static int test_array [1 - 2 * !(((long) (sizeof (void*))) <= 3)];
| test_array [0] = 0
| 
|   ;
|   return 0;
| }
configure:20788: mipsel-uclibc-gcc -c -Os -DLINUX26 -DCONFIG_BCMWL5 -pipe -DBCMWPA2 -funit-at-a-time -Wno-pointer-sign -mtune=mips32 -mips32   -fPIC -ffunction-sections -fdata-sections -I/home/vicente/tomato/release/src-rt/router/libogg/include -I/home/vicente/tomato/release/src-rt/linux/linux-2.6/include conftest.c >&5
configure:20794: $? = 0
configure:20798: test -z 
			 || test ! -s conftest.err
configure:20801: $? = 0
configure:20804: test -s conftest.o
configure:20807: $? = 0
configure:20951: mipsel-uclibc-gcc -c -Os -DLINUX26 -DCONFIG_BCMWL5 -pipe -DBCMWPA2 -funit-at-a-time -Wno-pointer-sign -mtune=mips32 -mips32   -fPIC -ffunction-sections -fdata-sections -I/home/vicente/tomato/release/src-rt/router/libogg/include -I/home/vicente/tomato/release/src-rt/linux/linux-2.6/include conftest.c >&5
configure:20957: $? = 0
configure:20961: test -z 
			 || test ! -s conftest.err
configure:20964: $? = 0
configure:20967: test -s conftest.o
configure:20970: $? = 0
configure:20951: mipsel-uclibc-gcc -c -Os -DLINUX26 -DCONFIG_BCMWL5 -pipe -DBCMWPA2 -funit-at-a-time -Wno-pointer-sign -mtune=mips32 -mips32   -fPIC -ffunction-sections -fdata-sections -I/home/vicente/tomato/release/src-rt/router/libogg/include -I/home/vicente/tomato/release/src-rt/linux/linux-2.6/include conftest.c >&5
configure:20957: $? = 0
configure:20961: test -z 
			 || test ! -s conftest.err
configure:20964: $? = 0
configure:20967: test -s conftest.o
configure:20970: $? = 0
configure:21067: result: 4
configure:21079: checking whether byte ordering is bigendian
configure:21106: mipsel-uclibc-gcc -c -Os -DLINUX26 -DCONFIG_BCMWL5 -pipe -DBCMWPA2 -funit-at-a-time -Wno-pointer-sign -mtune=mips32 -mips32   -fPIC -ffunction-sections -fdata-sections -I/home/vicente/tomato/release/src-rt/router/libogg/include -I/home/vicente/tomato/release/src-rt/linux/linux-2.6/include conftest.c >&5
configure:21112: $? = 0
configure:21116: test -z 
			 || test ! -s conftest.err
configure:21119: $? = 0
configure:21122: test -s conftest.o
configure:21125: $? = 0
configure:21149: mipsel-uclibc-gcc -c -Os -DLINUX26 -DCONFIG_BCMWL5 -pipe -DBCMWPA2 -funit-at-a-time -Wno-pointer-sign -mtune=mips32 -mips32   -fPIC -ffunction-sections -fdata-sections -I/home/vicente/tomato/release/src-rt/router/libogg/include -I/home/vicente/tomato/release/src-rt/linux/linux-2.6/include conftest.c >&5
conftest.c: In function 'main':
conftest.c:36: error: 'not' undeclared (first use in this function)
conftest.c:36: error: (Each undeclared identifier is reported only once
conftest.c:36: error: for each function it appears in.)
conftest.c:36: error: expected ';' before 'big'
configure:21155: $? = 1
configure: failed program was:
| /* confdefs.h.  */
| 
| #define PACKAGE_NAME ""
| #define PACKAGE_TARNAME ""
| #define PACKAGE_VERSION ""
| #define PACKAGE_STRING ""
| #define PACKAGE_BUGREPORT ""
| #define PACKAGE "flac"
| #define VERSION "1.2.1"
| #define STDC_HEADERS 1
| #define HAVE_SYS_TYPES_H 1
| #define HAVE_SYS_STAT_H 1
| #define HAVE_STDLIB_H 1
| #define HAVE_STRING_H 1
| #define HAVE_MEMORY_H 1
| #define HAVE_STRINGS_H 1
| #define HAVE_INTTYPES_H 1
| #define HAVE_STDINT_H 1
| #define HAVE_UNISTD_H 1
| #define HAVE_DLFCN_H 1
| #ifdef __cplusplus
| extern "C" void exit (int) throw ();
| #endif
| #define _FILE_OFFSET_BITS 64
| #define _LARGEFILE_SOURCE 1
| #define HAVE_FSEEKO 1
| #define SIZEOF_VOIDP 4
| /* end confdefs.h.  */
| #include <sys/types.h>
| #include <sys/param.h>
| 
| int
| main ()
| {
| #if BYTE_ORDER != BIG_ENDIAN
|  not big endian
| #endif
| 
|   ;
|   return 0;
| }
configure:21290: result: no
configure:21310: checking for socklen_t
configure:21334: mipsel-uclibc-gcc -c -Os -DLINUX26 -DCONFIG_BCMWL5 -pipe -DBCMWPA2 -funit-at-a-time -Wno-pointer-sign -mtune=mips32 -mips32   -fPIC -ffunction-sections -fdata-sections -I/home/vicente/tomato/release/src-rt/router/libogg/include -I/home/vicente/tomato/release/src-rt/linux/linux-2.6/include conftest.c >&5
configure:21340: $? = 0
configure:21344: test -z 
			 || test ! -s conftest.err
configure:21347: $? = 0
configure:21350: test -s conftest.o
configure:21353: $? = 0
configure:21364: result: yes
configure:21380: checking for getopt_long
configure:21437: mipsel-uclibc-gcc -o conftest -Os -DLINUX26 -DCONFIG_BCMWL5 -pipe -DBCMWPA2 -funit-at-a-time -Wno-pointer-sign -mtune=mips32 -mips32   -fPIC -ffunction-sections -fdata-sections -I/home/vicente/tomato/release/src-rt/router/libogg/include -I/home/vicente/tomato/release/src-rt/linux/linux-2.6/include -L/home/vicente/tomato/release/src-rt/router/libogg/src/.libs -fPIC -ffunction-sections -fdata-sections -Wl,--gc-sections conftest.c  >&5
configure:21443: $? = 0
configure:21447: test -z 
			 || test ! -s conftest.err
configure:21450: $? = 0
configure:21453: test -s conftest
configure:21456: $? = 0
configure:21468: result: yes
configure:22222: checking for Ogg
configure:22283: result: yes
configure:22427: checking for ld used by GCC
configure:22491: result: mipsel-uclibc-ld
configure:22500: checking if the linker (mipsel-uclibc-ld) is GNU ld
configure:22513: result: yes
configure:22520: checking for shared library run path origin
configure:22533: result: done
configure:22963: checking for iconv
configure:22990: mipsel-uclibc-gcc -o conftest -Os -DLINUX26 -DCONFIG_BCMWL5 -pipe -DBCMWPA2 -funit-at-a-time -Wno-pointer-sign -mtune=mips32 -mips32   -fPIC -ffunction-sections -fdata-sections -I/home/vicente/tomato/release/src-rt/router/libogg/include -I/home/vicente/tomato/release/src-rt/linux/linux-2.6/include -L/home/vicente/tomato/release/src-rt/router/libogg/src/.libs -fPIC -ffunction-sections -fdata-sections -Wl,--gc-sections conftest.c  >&5
conftest.c:33:19: error: iconv.h: No such file or directory
conftest.c: In function 'main':
conftest.c:37: error: 'iconv_t' undeclared (first use in this function)
conftest.c:37: error: (Each undeclared identifier is reported only once
conftest.c:37: error: for each function it appears in.)
conftest.c:37: error: expected ';' before 'cd'
conftest.c:38: error: 'cd' undeclared (first use in this function)
configure:22996: $? = 1
configure: failed program was:
| /* confdefs.h.  */
| 
| #define PACKAGE_NAME ""
| #define PACKAGE_TARNAME ""
| #define PACKAGE_VERSION ""
| #define PACKAGE_STRING ""
| #define PACKAGE_BUGREPORT ""
| #define PACKAGE "flac"
| #define VERSION "1.2.1"
| #define STDC_HEADERS 1
| #define HAVE_SYS_TYPES_H 1
| #define HAVE_SYS_STAT_H 1
| #define HAVE_STDLIB_H 1
| #define HAVE_STRING_H 1
| #define HAVE_MEMORY_H 1
| #define HAVE_STRINGS_H 1
| #define HAVE_INTTYPES_H 1
| #define HAVE_STDINT_H 1
| #define HAVE_UNISTD_H 1
| #define HAVE_DLFCN_H 1
| #ifdef __cplusplus
| extern "C" void exit (int) throw ();
| #endif
| #define _FILE_OFFSET_BITS 64
| #define _LARGEFILE_SOURCE 1
| #define HAVE_FSEEKO 1
| #define SIZEOF_VOIDP 4
| #define HAVE_SOCKLEN_T 1
| #define HAVE_GETOPT_LONG 1
| #define FLAC__HAS_OGG 1
| /* end confdefs.h.  */
| #include <stdlib.h>
| #include <iconv.h>
| int
| main ()
| {
| iconv_t cd = iconv_open("","");
|        iconv(cd,NULL,NULL,NULL,NULL);
|        iconv_close(cd);
|   ;
|   return 0;
| }
configure:23041: mipsel-uclibc-gcc -o conftest -Os -DLINUX26 -DCONFIG_BCMWL5 -pipe -DBCMWPA2 -funit-at-a-time -Wno-pointer-sign -mtune=mips32 -mips32   -fPIC -ffunction-sections -fdata-sections -I/home/vicente/tomato/release/src-rt/router/libogg/include -I/home/vicente/tomato/release/src-rt/linux/linux-2.6/include -L/home/vicente/tomato/release/src-rt/router/libogg/src/.libs -fPIC -ffunction-sections -fdata-sections -Wl,--gc-sections conftest.c  -liconv >&5
conftest.c:33:19: error: iconv.h: No such file or directory
conftest.c: In function 'main':
conftest.c:37: error: 'iconv_t' undeclared (first use in this function)
conftest.c:37: error: (Each undeclared identifier is reported only once
conftest.c:37: error: for each function it appears in.)
conftest.c:37: error: expected ';' before 'cd'
conftest.c:38: error: 'cd' undeclared (first use in this function)
configure:23047: $? = 1
configure: failed program was:
| /* confdefs.h.  */
| 
| #define PACKAGE_NAME ""
| #define PACKAGE_TARNAME ""
| #define PACKAGE_VERSION ""
| #define PACKAGE_STRING ""
| #define PACKAGE_BUGREPORT ""
| #define PACKAGE "flac"
| #define VERSION "1.2.1"
| #define STDC_HEADERS 1
| #define HAVE_SYS_TYPES_H 1
| #define HAVE_SYS_STAT_H 1
| #define HAVE_STDLIB_H 1
| #define HAVE_STRING_H 1
| #define HAVE_MEMORY_H 1
| #define HAVE_STRINGS_H 1
| #define HAVE_INTTYPES_H 1
| #define HAVE_STDINT_H 1
| #define HAVE_UNISTD_H 1
| #define HAVE_DLFCN_H 1
| #ifdef __cplusplus
| extern "C" void exit (int) throw ();
| #endif
| #define _FILE_OFFSET_BITS 64
| #define _LARGEFILE_SOURCE 1
| #define HAVE_FSEEKO 1
| #define SIZEOF_VOIDP 4
| #define HAVE_SOCKLEN_T 1
| #define HAVE_GETOPT_LONG 1
| #define FLAC__HAS_OGG 1
| /* end confdefs.h.  */
| #include <stdlib.h>
| #include <iconv.h>
| int
| main ()
| {
| iconv_t cd = iconv_open("","");
|          iconv(cd,NULL,NULL,NULL,NULL);
|          iconv_close(cd);
|   ;
|   return 0;
| }
configure:23075: result: no, consider installing GNU libiconv
configure:23177: checking for nl_langinfo and CODESET
configure:23198: mipsel-uclibc-gcc -o conftest -Os -DLINUX26 -DCONFIG_BCMWL5 -pipe -DBCMWPA2 -funit-at-a-time -Wno-pointer-sign -mtune=mips32 -mips32   -fPIC -ffunction-sections -fdata-sections -I/home/vicente/tomato/release/src-rt/router/libogg/include -I/home/vicente/tomato/release/src-rt/linux/linux-2.6/include -L/home/vicente/tomato/release/src-rt/router/libogg/src/.libs -fPIC -ffunction-sections -fdata-sections -Wl,--gc-sections conftest.c  >&5
configure:23204: $? = 0
configure:23208: test -z 
			 || test ! -s conftest.err
configure:23211: $? = 0
configure:23214: test -s conftest
configure:23217: $? = 0
configure:23230: result: yes
configure:23245: checking for docbook-to-man
configure:23274: result: no
configure:23245: checking for docbook2man
configure:23274: result: no
configure:23305: checking for nasm
configure:23334: result: no
configure:23365: checking for as
configure:23391: result: mipsel-uclibc-as
configure:23406: checking for gas
configure:23435: result: no
configure:23798: creating ./config.status

## ---------------------- ##
## Running config.status. ##
## ---------------------- ##

This file was extended by config.status, which was
generated by GNU Autoconf 2.59.  Invocation command line was

  CONFIG_FILES    = 
  CONFIG_HEADERS  = 
  CONFIG_LINKS    = 
  CONFIG_COMMANDS = 
  $ ./config.status 

on vicente-P5K-E

config.status:858: creating Makefile
config.status:858: creating src/Makefile
config.status:858: creating src/libFLAC/Makefile
config.status:858: creating src/libFLAC/flac.pc
config.status:858: creating src/libFLAC/ia32/Makefile
config.status:858: creating src/libFLAC/ppc/Makefile
config.status:858: creating src/libFLAC/ppc/as/Makefile
config.status:858: creating src/libFLAC/ppc/gas/Makefile
config.status:858: creating src/libFLAC/include/Makefile
config.status:858: creating src/libFLAC/include/private/Makefile
config.status:858: creating src/libFLAC/include/protected/Makefile
config.status:858: creating src/libFLAC++/Makefile
config.status:858: creating src/libFLAC++/flac++.pc
config.status:858: creating src/flac/Makefile
config.status:858: creating src/metaflac/Makefile
config.status:858: creating src/monkeys_audio_utilities/Makefile
config.status:858: creating src/monkeys_audio_utilities/flac_mac/Makefile
config.status:858: creating src/monkeys_audio_utilities/flac_ren/Makefile
config.status:858: creating src/plugin_common/Makefile
config.status:858: creating src/plugin_winamp2/Makefile
config.status:858: creating src/plugin_winamp2/include/Makefile
config.status:858: creating src/plugin_winamp2/include/winamp2/Makefile
config.status:858: creating src/plugin_xmms/Makefile
config.status:858: creating src/share/Makefile
config.status:858: creating src/share/getopt/Makefile
config.status:858: creating src/share/grabbag/Makefile
config.status:858: creating src/share/replaygain_analysis/Makefile
config.status:858: creating src/share/replaygain_synthesis/Makefile
config.status:858: creating src/share/replaygain_synthesis/include/Makefile
config.status:858: creating src/share/replaygain_synthesis/include/private/Makefile
config.status:858: creating src/share/utf8/Makefile
config.status:858: creating src/test_grabbag/Makefile
config.status:858: creating src/test_grabbag/cuesheet/Makefile
config.status:858: creating src/test_grabbag/picture/Makefile
config.status:858: creating src/test_libs_common/Makefile
config.status:858: creating src/test_libFLAC/Makefile
config.status:858: creating src/test_libFLAC++/Makefile
config.status:858: creating src/test_seeking/Makefile
config.status:858: creating src/test_streams/Makefile
config.status:858: creating examples/Makefile
config.status:858: creating examples/c/Makefile
config.status:858: creating examples/c/decode/Makefile
config.status:858: creating examples/c/decode/file/Makefile
config.status:858: creating examples/c/encode/Makefile
config.status:858: creating examples/c/encode/file/Makefile
config.status:858: creating examples/cpp/Makefile
config.status:858: creating examples/cpp/decode/Makefile
config.status:858: creating examples/cpp/decode/file/Makefile
config.status:858: creating examples/cpp/encode/Makefile
config.status:858: creating examples/cpp/encode/file/Makefile
config.status:858: creating include/Makefile
config.status:858: creating include/FLAC/Makefile
config.status:858: creating include/FLAC++/Makefile
config.status:858: creating include/share/Makefile
config.status:858: creating include/share/grabbag/Makefile
config.status:858: creating include/test_libs_common/Makefile
config.status:858: creating doc/Makefile
config.status:858: creating doc/html/Makefile
config.status:858: creating doc/html/images/Makefile
config.status:858: creating doc/html/images/hw/Makefile
config.status:858: creating doc/html/ru/Makefile
config.status:858: creating m4/Makefile
config.status:858: creating man/Makefile
config.status:858: creating test/Makefile
config.status:858: creating test/cuesheets/Makefile
config.status:858: creating test/flac-to-flac-metadata-test-files/Makefile
config.status:858: creating test/metaflac-test-files/Makefile
config.status:858: creating test/pictures/Makefile
config.status:858: creating build/Makefile
config.status:858: creating obj/Makefile
config.status:858: creating obj/debug/Makefile
config.status:858: creating obj/debug/bin/Makefile
config.status:858: creating obj/debug/lib/Makefile
config.status:858: creating obj/release/Makefile
config.status:858: creating obj/release/bin/Makefile
config.status:858: creating obj/release/lib/Makefile
config.status:962: creating config.h
config.status:1088: config.h is unchanged
config.status:1268: executing depfiles commands

## ---------------- ##
## Cache variables. ##
## ---------------- ##

ac_cv_build=x86_64-pc-linux-gnu
ac_cv_build_alias=x86_64-linux-gnu
ac_cv_c_bigendian=no
ac_cv_c_compiler_gnu=yes
ac_cv_cxx_compiler_gnu=yes
ac_cv_env_CC_set=set
ac_cv_env_CC_value=mipsel-uclibc-gcc
ac_cv_env_CFLAGS_set=set
ac_cv_env_CFLAGS_value='-Os -DLINUX26 -DCONFIG_BCMWL5 -pipe -DBCMWPA2 -funit-at-a-time -Wno-pointer-sign -mtune=mips32 -mips32   -fPIC -ffunction-sections -fdata-sections'
ac_cv_env_CPPFLAGS_set=set
ac_cv_env_CPPFLAGS_value='-I/home/vicente/tomato/release/src-rt/router/libogg/include -I/home/vicente/tomato/release/src-rt/linux/linux-2.6/include'
ac_cv_env_CPP_set=
ac_cv_env_CPP_value=
ac_cv_env_CXXCPP_set=
ac_cv_env_CXXCPP_value=
ac_cv_env_CXXFLAGS_set=
ac_cv_env_CXXFLAGS_value=
ac_cv_env_CXX_set=
ac_cv_env_CXX_value=
ac_cv_env_F77_set=
ac_cv_env_F77_value=
ac_cv_env_FFLAGS_set=
ac_cv_env_FFLAGS_value=
ac_cv_env_LDFLAGS_set=set
ac_cv_env_LDFLAGS_value='-L/home/vicente/tomato/release/src-rt/router/libogg/src/.libs -fPIC -ffunction-sections -fdata-sections -Wl,--gc-sections'
ac_cv_env_build_alias_set=set
ac_cv_env_build_alias_value=x86_64-linux-gnu
ac_cv_env_host_alias_set=set
ac_cv_env_host_alias_value=mipsel-linux
ac_cv_env_target_alias_set=
ac_cv_env_target_alias_value=
ac_cv_exeext=
ac_cv_f77_compiler_gnu=no
ac_cv_func_fseeko=yes
ac_cv_func_getopt_long=yes
ac_cv_func_malloc_0_nonnull=yes
ac_cv_header_dlfcn_h=yes
ac_cv_header_inttypes_h=yes
ac_cv_header_memory_h=yes
ac_cv_header_stdc=yes
ac_cv_header_stdint_h=yes
ac_cv_header_stdlib_h=yes
ac_cv_header_string_h=yes
ac_cv_header_strings_h=yes
ac_cv_header_sys_stat_h=yes
ac_cv_header_sys_types_h=yes
ac_cv_header_unistd_h=yes
ac_cv_host=mipsel-unknown-linux-gnu
ac_cv_host_alias=mipsel-linux
ac_cv_objext=o
ac_cv_path_install='/usr/bin/install -c'
ac_cv_prog_AR=mipsel-uclibc-ar
ac_cv_prog_AS=mipsel-uclibc-as
ac_cv_prog_AWK=gawk
ac_cv_prog_CC=mipsel-uclibc-gcc
ac_cv_prog_CPP='mipsel-uclibc-gcc -E'
ac_cv_prog_CXX=mipsel-linux-g++
ac_cv_prog_CXXCPP='mipsel-linux-g++ -E'
ac_cv_prog_RANLIB=mipsel-uclibc-ranlib
ac_cv_prog_STRIP='mipsel-uclibc-strip -R .note -R .comment'
ac_cv_prog_cc_g=yes
ac_cv_prog_cc_stdc=
ac_cv_prog_cxx_g=yes
ac_cv_prog_egrep='grep -E'
ac_cv_prog_f77_g=no
ac_cv_prog_make_make_set=yes
ac_cv_sizeof_voidp=4
ac_cv_sys_file_offset_bits=64
ac_cv_sys_large_files=no
ac_cv_sys_largefile_CC=no
ac_cv_sys_largefile_source=1
ac_cv_type_socklen_t=yes
ac_cv_type_voidp=yes
acl_cv_hardcode_direct=no
acl_cv_hardcode_libdir_flag_spec='${wl}-rpath ${wl}$libdir'
acl_cv_hardcode_libdir_separator=
acl_cv_hardcode_minus_L=no
acl_cv_libext=a
acl_cv_path_LD=mipsel-uclibc-ld
acl_cv_prog_gnu_ld=yes
acl_cv_rpath=done
acl_cv_shlibext=so
acl_cv_wl=-Wl,
am_cv_CC_dependencies_compiler_type=gcc3
am_cv_CXX_dependencies_compiler_type=gcc3
am_cv_func_iconv='no, consider installing GNU libiconv'
am_cv_langinfo_codeset=yes
am_cv_lib_iconv=no
lt_cv_deplibs_check_method=pass_all
lt_cv_file_magic_cmd='$MAGIC_CMD'
lt_cv_file_magic_test_file=
lt_cv_ld_reload_flag=-r
lt_cv_objdir=.libs
lt_cv_path_LD=mipsel-uclibc-ld
lt_cv_path_LDCXX=mipsel-uclibc-ld
lt_cv_path_NM=mipsel-uclibc-nm
lt_cv_path_SED=/bin/sed
lt_cv_prog_compiler_c_o=yes
lt_cv_prog_compiler_c_o_CXX=yes
lt_cv_prog_compiler_rtti_exceptions=no
lt_cv_prog_gnu_ld=yes
lt_cv_prog_gnu_ldcxx=yes
lt_cv_sys_global_symbol_pipe='sed -n -e '\''s/^.*[ 	]\([ABCDGIRSTW][ABCDGIRSTW]*\)[ 	][ 	]*\([_A-Za-z][_A-Za-z0-9]*\)$/\1 \2 \2/p'\'''
lt_cv_sys_global_symbol_to_c_name_address='sed -n -e '\''s/^: \([^ ]*\) $/  {\"\1\", (lt_ptr) 0},/p'\'' -e '\''s/^[BCDEGRST] \([^ ]*\) \([^ ]*\)$/  {"\2", (lt_ptr) \&\2},/p'\'''
lt_cv_sys_global_symbol_to_cdecl='sed -n -e '\''s/^. .* \(.*\)$/extern int \1;/p'\'''
lt_cv_sys_max_cmd_len=32768
lt_lt_cv_prog_compiler_c_o='"yes"'
lt_lt_cv_prog_compiler_c_o_CXX='"yes"'
lt_lt_cv_sys_global_symbol_pipe='"sed -n -e '\''s/^.*[ 	]\\([ABCDGIRSTW][ABCDGIRSTW]*\\)[ 	][ 	]*\\([_A-Za-z][_A-Za-z0-9]*\\)\$/\\1 \\2 \\2/p'\''"'
lt_lt_cv_sys_global_symbol_to_c_name_address='"sed -n -e '\''s/^: \\([^ ]*\\) \$/  {\\\"\\1\\\", (lt_ptr) 0},/p'\'' -e '\''s/^[BCDEGRST] \\([^ ]*\\) \\([^ ]*\\)\$/  {\"\\2\", (lt_ptr) \\&\\2},/p'\''"'
lt_lt_cv_sys_global_symbol_to_cdecl='"sed -n -e '\''s/^. .* \\(.*\\)\$/extern int \\1;/p'\''"'

## ----------------- ##
## Output variables. ##
## ----------------- ##

ACLOCAL='${SHELL} /home/vicente/tomato/release/src/router/flac/missing --run aclocal-1.7'
ACLOCAL_AMFLAGS='-I m4'
AMDEPBACKSLASH='\'
AMDEP_FALSE='#'
AMDEP_TRUE=''
AMTAR='${SHELL} /home/vicente/tomato/release/src/router/flac/missing --run tar'
AR='mipsel-uclibc-ar'
AS='gas'
AUTOCONF='${SHELL} /home/vicente/tomato/release/src/router/flac/missing --run autoconf'
AUTOHEADER='${SHELL} /home/vicente/tomato/release/src/router/flac/missing --run autoheader'
AUTOMAKE='${SHELL} /home/vicente/tomato/release/src/router/flac/missing --run automake-1.7'
AWK='gawk'
CC='mipsel-uclibc-gcc'
CCAS='$(CC)'
CCASFLAGS='$(CFLAGS)'
CCDEPMODE='depmode=gcc3'
CFLAGS='-O3 -funroll-loops -finline-functions -Wall -W -Winline -Os -DLINUX26 -DCONFIG_BCMWL5 -pipe -DBCMWPA2 -funit-at-a-time -Wno-pointer-sign -mtune=mips32 -mips32   -fPIC -ffunction-sections -fdata-sections'
CPP='mipsel-uclibc-gcc -E'
CPPFLAGS='-DFLaC__INLINE=__inline__ -DNDEBUG -I$(top_builddir) -I$(srcdir)/include -I$(top_srcdir)/include -I/home/vicente/tomato/release/src-rt/router/libogg/include -I/home/vicente/tomato/release/src-rt/linux/linux-2.6/include'
CXX='mipsel-linux-g++'
CXXCPP='mipsel-linux-g++ -E'
CXXDEPMODE='depmode=gcc3'
CXXFLAGS='-g -O2'
CYGPATH_W='echo'
DEBUG_FALSE=''
DEBUG_TRUE='#'
DEFS='-DHAVE_CONFIG_H'
DEPDIR='.deps'
DOCBOOK_TO_MAN=''
DOXYGEN=''
ECHO='echo'
ECHO_C=''
ECHO_N='-n'
ECHO_T=''
EGREP='grep -E'
EXEEXT=''
F77=''
FFLAGS=''
FLAC__TEST_LEVEL='1'
FLAC__TEST_WITH_VALGRIND='no'
FLaC__CPU_IA32_FALSE=''
FLaC__CPU_IA32_TRUE='#'
FLaC__CPU_PPC_FALSE=''
FLaC__CPU_PPC_TRUE='#'
FLaC__CPU_SPARC_FALSE=''
FLaC__CPU_SPARC_TRUE='#'
FLaC__HAS_AS_FALSE=''
FLaC__HAS_AS_TRUE='#'
FLaC__HAS_AS__TEMPORARILY_DISABLED_FALSE=''
FLaC__HAS_AS__TEMPORARILY_DISABLED_TRUE='#'
FLaC__HAS_DOCBOOK_TO_MAN_FALSE=''
FLaC__HAS_DOCBOOK_TO_MAN_TRUE='#'
FLaC__HAS_DOXYGEN_FALSE=''
FLaC__HAS_DOXYGEN_TRUE='#'
FLaC__HAS_GAS_FALSE='#'
FLaC__HAS_GAS_TRUE=''
FLaC__HAS_GAS__TEMPORARILY_DISABLED_FALSE=''
FLaC__HAS_GAS__TEMPORARILY_DISABLED_TRUE='#'
FLaC__HAS_NASM_FALSE=''
FLaC__HAS_NASM_TRUE='#'
FLaC__HAS_OGG_FALSE='#'
FLaC__HAS_OGG_TRUE=''
FLaC__HAS_XMMS_FALSE=''
FLaC__HAS_XMMS_TRUE='#'
FLaC__INSTALL_XMMS_PLUGIN_LOCALLY_FALSE=''
FLaC__INSTALL_XMMS_PLUGIN_LOCALLY_TRUE='#'
FLaC__NO_ASM_FALSE=''
FLaC__NO_ASM_TRUE='#'
FLaC__SSE_OS_FALSE=''
FLaC__SSE_OS_TRUE='#'
FLaC__SYS_DARWIN_FALSE=''
FLaC__SYS_DARWIN_TRUE='#'
FLaC__SYS_LINUX_FALSE=''
FLaC__SYS_LINUX_TRUE='#'
FLaC__USE_3DNOW_FALSE=''
FLaC__USE_3DNOW_TRUE='#'
FLaC__USE_ALTIVEC_FALSE=''
FLaC__USE_ALTIVEC_TRUE='#'
FLaC__WITH_CPPLIBS_FALSE=''
FLaC__WITH_CPPLIBS_TRUE='#'
GAS='gas'
INSTALL_DATA='${INSTALL} -m 644'
INSTALL_PROGRAM='${INSTALL}'
INSTALL_SCRIPT='${INSTALL}'
INSTALL_STRIP_PROGRAM='${SHELL} $(install_sh) -c -s'
LDFLAGS='-L/home/vicente/tomato/release/src-rt/router/libogg/src/.libs -fPIC -ffunction-sections -fdata-sections -Wl,--gc-sections'
LIBICONV=''
LIBOBJS=''
LIBS=''
LIBTOOL='$(SHELL) $(top_builddir)/libtool'
LN_S='ln -s'
LTLIBICONV=''
LTLIBOBJS=''
MAINT='#'
MAINTAINER_MODE_FALSE=''
MAINTAINER_MODE_TRUE='#'
MAKEINFO='${SHELL} /home/vicente/tomato/release/src/router/flac/missing --run makeinfo'
MINGW_WINSOCK_LIBS=''
NASM=''
OBJEXT='o'
OBJ_FORMAT='elf'
OGG_CFLAGS='-I/include'
OGG_LIBS='-L/lib -logg'
PACKAGE='flac'
PACKAGE_BUGREPORT=''
PACKAGE_NAME=''
PACKAGE_STRING=''
PACKAGE_TARNAME=''
PACKAGE_VERSION=''
PATH_SEPARATOR=':'
RANLIB='mipsel-uclibc-ranlib'
SET_MAKE=''
SHELL='/bin/sh'
STRIP='mipsel-uclibc-strip -R .note -R .comment'
VERSION='1.2.1'
XMMS_CFLAGS=''
XMMS_CONFIG=''
XMMS_DATA_DIR=''
XMMS_EFFECT_PLUGIN_DIR=''
XMMS_GENERAL_PLUGIN_DIR=''
XMMS_INPUT_PLUGIN_DIR=''
XMMS_LIBS=''
XMMS_OUTPUT_PLUGIN_DIR=''
XMMS_PLUGIN_DIR=''
XMMS_VERSION=''
XMMS_VISUALIZATION_PLUGIN_DIR=''
ac_ct_AR=''
ac_ct_CC=''
ac_ct_CXX=''
ac_ct_F77=''
ac_ct_RANLIB=''
ac_ct_STRIP=''
am__fastdepCC_FALSE='#'
am__fastdepCC_TRUE=''
am__fastdepCXX_FALSE='#'
am__fastdepCXX_TRUE=''
am__include='include'
am__leading_dot='.'
am__quote=''
bindir='${exec_prefix}/bin'
build='x86_64-pc-linux-gnu'
build_alias='x86_64-linux-gnu'
build_cpu='x86_64'
build_os='linux-gnu'
build_vendor='pc'
datadir='${prefix}/share'
exec_prefix='${prefix}'
host='mipsel-unknown-linux-gnu'
host_alias='mipsel-linux'
host_cpu='mipsel'
host_os='linux-gnu'
host_vendor='unknown'
includedir='${prefix}/include'
infodir='${prefix}/info'
install_sh='/home/vicente/tomato/release/src/router/flac/install-sh'
libdir='${exec_prefix}/lib'
libexecdir='${exec_prefix}/libexec'
localstatedir='${prefix}/var'
mandir='${prefix}/man'
oldincludedir='/usr/include'
prefix=''
program_transform_name='s,x,x,'
sbindir='${exec_prefix}/sbin'
sharedstatedir='${prefix}/com'
sysconfdir='${prefix}/etc'
target_alias=''

## ----------- ##
## confdefs.h. ##
## ----------- ##

#define FLAC__HAS_GAS 1
#define FLAC__HAS_OGG 1
#define HAVE_DLFCN_H 1
#define HAVE_FSEEKO 1
#define HAVE_GETOPT_LONG 1
#define HAVE_INTTYPES_H 1
#define HAVE_LANGINFO_CODESET 1
#define HAVE_MEMORY_H 1
#define HAVE_SOCKLEN_T 1
#define HAVE_STDINT_H 1
#define HAVE_STDLIB_H 1
#define HAVE_STRINGS_H 1
#define HAVE_STRING_H 1
#define HAVE_SYS_STAT_H 1
#define HAVE_SYS_TYPES_H 1
#define HAVE_UNISTD_H 1
#define PACKAGE "flac"
#define PACKAGE_BUGREPORT ""
#define PACKAGE_NAME ""
#define PACKAGE_STRING ""
#define PACKAGE_TARNAME ""
#define PACKAGE_VERSION ""
#define SIZEOF_VOIDP 4
#define STDC_HEADERS 1
#define VERSION "1.2.1"
#define _FILE_OFFSET_BITS 64
#define _LARGEFILE_SOURCE 1
#endif
#ifdef __cplusplus
extern "C" void exit (int) throw ();

configure: exit 0
