This file contains any messages produced by compilers while
running configure, to aid debugging if configure makes a mistake.

It was created by configure, which was
generated by GNU Autoconf 2.61.  Invocation command line was

  $ ./configure --host=mipsel-linux --build=x86_64-linux-gnu --prefix=/usr --disable-smb --without-smi --with-crypt --enable-ipv6

## --------- ##
## Platform. ##
## --------- ##

hostname = vicente-K53SJ
uname -m = x86_64
uname -r = 3.8.0-31-generic
uname -s = Linux
uname -v = #46-Ubuntu SMP Tue Sep 10 20:03:44 UTC 2013

/usr/bin/uname -p = unknown
/bin/uname -X     = unknown

/bin/arch              = unknown
/usr/bin/arch -k       = unknown
/usr/convex/getsysinfo = unknown
/usr/bin/hostinfo      = unknown
/bin/machine           = unknown
/usr/bin/oslevel       = unknown
/bin/universe          = unknown

PATH: /home/vicente/tomato/release/tools
PATH: /home/vicente/tomato/release/tools
PATH: /home/vicente/tomato/release/tools
PATH: /home/vicente/tomato/release/tools
PATH: /opt/brcm/hndtools-mipsel-uclibc/bin
PATH: /opt/brcm/hndtools-mipsel-linux/bin
PATH: /usr/lib/lightdm/lightdm
PATH: /usr/local/sbin
PATH: /usr/local/bin
PATH: /usr/sbin
PATH: /usr/bin
PATH: /sbin
PATH: /bin
PATH: /usr/games
PATH: /usr/local/games


## ----------- ##
## Core tests. ##
## ----------- ##

configure:1757: checking build system type
configure:1775: result: x86_64-pc-linux-gnu
configure:1797: checking host system type
configure:1812: result: mipsel-unknown-linux-gnu
configure:1916: checking for mipsel-linux-gcc
configure:1943: result: mipsel-uclibc-gcc
configure:2221: checking for C compiler version
configure:2228: mipsel-uclibc-gcc --version >&5
mipsel-uclibc-gcc (GCC) 4.2.4
Copyright (C) 2007 Free Software Foundation, Inc.
This is free software; see the source for copying conditions.  There is NO
warranty; not even for MERCHANTABILITY or FITNESS FOR A PARTICULAR PURPOSE.

configure:2231: $? = 0
configure:2238: mipsel-uclibc-gcc -v >&5
Using built-in specs.
Target: mipsel-linux-uclibc
Configured with: /home/fedork/tomato/toolchain/build_dir/toolchain-mipsel_gcc4.2.4/gcc-4.2.4/configure --prefix=/opt/brcm/hndtools-mipsel-uclibc-4.2.4 --build=i486-linux-gnu --host=i486-linux-gnu --target=mipsel-linux-uclibc --with-gnu-ld --enable-target-optspace --disable-libgomp --disable-libmudflap --disable-multilib --disable-nls --disable-__cxa_atexit --enable-libssp --enable-languages=c,c++ --enable-shared --enable-threads --enable-tls
Thread model: posix
gcc version 4.2.4
configure:2241: $? = 0
configure:2248: mipsel-uclibc-gcc -V >&5
mipsel-uclibc-gcc: '-V' option must have argument
configure:2251: $? = 1
configure:2274: checking for C compiler default output file name
configure:2301: mipsel-uclibc-gcc -Os -Wall -DLINUX26 -DCONFIG_BCMWL5 -pipe -DBCMWPA2 -funit-at-a-time -Wno-pointer-sign -mtune=mips32r2 -mips32r2   -I/home/vicente/tomato/release/src-rt/router/openssl/include  -L/home/vicente/tomato/release/src-rt/router/openssl conftest.c  >&5
configure:2304: $? = 0
configure:2342: result: a.out
configure:2359: checking whether the C compiler works
configure:2389: result: yes
configure:2396: checking whether we are cross compiling
configure:2398: result: yes
configure:2401: checking for suffix of executables
configure:2408: mipsel-uclibc-gcc -o conftest -Os -Wall -DLINUX26 -DCONFIG_BCMWL5 -pipe -DBCMWPA2 -funit-at-a-time -Wno-pointer-sign -mtune=mips32r2 -mips32r2   -I/home/vicente/tomato/release/src-rt/router/openssl/include  -L/home/vicente/tomato/release/src-rt/router/openssl conftest.c  >&5
configure:2411: $? = 0
configure:2435: result: 
configure:2441: checking for suffix of object files
configure:2467: mipsel-uclibc-gcc -c -Os -Wall -DLINUX26 -DCONFIG_BCMWL5 -pipe -DBCMWPA2 -funit-at-a-time -Wno-pointer-sign -mtune=mips32r2 -mips32r2   -I/home/vicente/tomato/release/src-rt/router/openssl/include  conftest.c >&5
configure:2470: $? = 0
configure:2493: result: o
configure:2497: checking whether we are using the GNU C compiler
configure:2526: mipsel-uclibc-gcc -c -Os -Wall -DLINUX26 -DCONFIG_BCMWL5 -pipe -DBCMWPA2 -funit-at-a-time -Wno-pointer-sign -mtune=mips32r2 -mips32r2   -I/home/vicente/tomato/release/src-rt/router/openssl/include  conftest.c >&5
configure:2532: $? = 0
configure:2549: result: yes
configure:2554: checking whether mipsel-uclibc-gcc accepts -g
configure:2584: mipsel-uclibc-gcc -c -g  conftest.c >&5
configure:2590: $? = 0
configure:2689: result: yes
configure:2706: checking for mipsel-uclibc-gcc option to accept ISO C89
configure:2780: mipsel-uclibc-gcc  -c -Os -Wall -DLINUX26 -DCONFIG_BCMWL5 -pipe -DBCMWPA2 -funit-at-a-time -Wno-pointer-sign -mtune=mips32r2 -mips32r2   -I/home/vicente/tomato/release/src-rt/router/openssl/include  conftest.c >&5
configure:2786: $? = 0
configure:2809: result: none needed
configure:2836: checking gcc version
configure:2848: result: 4
configure:3125: checking for inline
configure:3171: mipsel-uclibc-gcc -c -O2  conftest.c >&5
configure:3177: $? = 0
configure:3202: result: inline
configure:3214: checking for __attribute__
configure:3251: mipsel-uclibc-gcc -c -Os -Wall -DLINUX26 -DCONFIG_BCMWL5 -pipe -DBCMWPA2 -funit-at-a-time -Wno-pointer-sign -mtune=mips32r2 -mips32r2   -I/home/vicente/tomato/release/src-rt/router/openssl/include  conftest.c >&5
configure:3257: $? = 0
configure:3283: result: yes
configure:3288: checking whether __attribute__((format)) can be applied to function pointers
configure:3320: mipsel-uclibc-gcc -c -Os -Wall -DLINUX26 -DCONFIG_BCMWL5 -pipe -DBCMWPA2 -funit-at-a-time -Wno-pointer-sign -mtune=mips32r2 -mips32r2   -I/home/vicente/tomato/release/src-rt/router/openssl/include  conftest.c >&5
conftest.c: In function 'main':
conftest.c:21: warning: control reaches end of non-void function
configure:3326: $? = 0
configure:3349: result: yes
configure:3358: checking how to run the C preprocessor
configure:3398: mipsel-uclibc-gcc -E  conftest.c
configure:3404: $? = 0
configure:3435: mipsel-uclibc-gcc -E  conftest.c
conftest.c:11:28: error: ac_nonexistent.h: No such file or directory
configure:3441: $? = 1
configure: failed program was:
| /* confdefs.h.  */
| #define PACKAGE_NAME ""
| #define PACKAGE_TARNAME ""
| #define PACKAGE_VERSION ""
| #define PACKAGE_STRING ""
| #define PACKAGE_BUGREPORT ""
| #define inline inline
| #define HAVE___ATTRIBUTE__ 1
| #define __ATTRIBUTE___FORMAT_OK_FOR_FUNCTION_POINTERS 1
| /* end confdefs.h.  */
| #include <ac_nonexistent.h>
configure:3474: result: mipsel-uclibc-gcc -E
configure:3503: mipsel-uclibc-gcc -E  conftest.c
configure:3509: $? = 0
configure:3540: mipsel-uclibc-gcc -E  conftest.c
conftest.c:11:28: error: ac_nonexistent.h: No such file or directory
configure:3546: $? = 1
configure: failed program was:
| /* confdefs.h.  */
| #define PACKAGE_NAME ""
| #define PACKAGE_TARNAME ""
| #define PACKAGE_VERSION ""
| #define PACKAGE_STRING ""
| #define PACKAGE_BUGREPORT ""
| #define inline inline
| #define HAVE___ATTRIBUTE__ 1
| #define __ATTRIBUTE___FORMAT_OK_FOR_FUNCTION_POINTERS 1
| /* end confdefs.h.  */
| #include <ac_nonexistent.h>
configure:3584: checking for grep that handles long lines and -e
configure:3658: result: /bin/grep
configure:3663: checking for egrep
configure:3741: result: /bin/grep -E
configure:3746: checking for ANSI C header files
configure:3776: mipsel-uclibc-gcc -c -Os -Wall -DLINUX26 -DCONFIG_BCMWL5 -pipe -DBCMWPA2 -funit-at-a-time -Wno-pointer-sign -mtune=mips32r2 -mips32r2   -I/home/vicente/tomato/release/src-rt/router/openssl/include  conftest.c >&5
configure:3782: $? = 0
configure:3910: result: yes
configure:3934: checking for sys/types.h
configure:3955: mipsel-uclibc-gcc -c -Os -Wall -DLINUX26 -DCONFIG_BCMWL5 -pipe -DBCMWPA2 -funit-at-a-time -Wno-pointer-sign -mtune=mips32r2 -mips32r2   -I/home/vicente/tomato/release/src-rt/router/openssl/include  conftest.c >&5
configure:3961: $? = 0
configure:3977: result: yes
configure:3934: checking for sys/stat.h
configure:3955: mipsel-uclibc-gcc -c -Os -Wall -DLINUX26 -DCONFIG_BCMWL5 -pipe -DBCMWPA2 -funit-at-a-time -Wno-pointer-sign -mtune=mips32r2 -mips32r2   -I/home/vicente/tomato/release/src-rt/router/openssl/include  conftest.c >&5
configure:3961: $? = 0
configure:3977: result: yes
configure:3934: checking for stdlib.h
configure:3955: mipsel-uclibc-gcc -c -Os -Wall -DLINUX26 -DCONFIG_BCMWL5 -pipe -DBCMWPA2 -funit-at-a-time -Wno-pointer-sign -mtune=mips32r2 -mips32r2   -I/home/vicente/tomato/release/src-rt/router/openssl/include  conftest.c >&5
configure:3961: $? = 0
configure:3977: result: yes
configure:3934: checking for string.h
configure:3955: mipsel-uclibc-gcc -c -Os -Wall -DLINUX26 -DCONFIG_BCMWL5 -pipe -DBCMWPA2 -funit-at-a-time -Wno-pointer-sign -mtune=mips32r2 -mips32r2   -I/home/vicente/tomato/release/src-rt/router/openssl/include  conftest.c >&5
configure:3961: $? = 0
configure:3977: result: yes
configure:3934: checking for memory.h
configure:3955: mipsel-uclibc-gcc -c -Os -Wall -DLINUX26 -DCONFIG_BCMWL5 -pipe -DBCMWPA2 -funit-at-a-time -Wno-pointer-sign -mtune=mips32r2 -mips32r2   -I/home/vicente/tomato/release/src-rt/router/openssl/include  conftest.c >&5
configure:3961: $? = 0
configure:3977: result: yes
configure:3934: checking for strings.h
configure:3955: mipsel-uclibc-gcc -c -Os -Wall -DLINUX26 -DCONFIG_BCMWL5 -pipe -DBCMWPA2 -funit-at-a-time -Wno-pointer-sign -mtune=mips32r2 -mips32r2   -I/home/vicente/tomato/release/src-rt/router/openssl/include  conftest.c >&5
configure:3961: $? = 0
configure:3977: result: yes
configure:3934: checking for inttypes.h
configure:3955: mipsel-uclibc-gcc -c -Os -Wall -DLINUX26 -DCONFIG_BCMWL5 -pipe -DBCMWPA2 -funit-at-a-time -Wno-pointer-sign -mtune=mips32r2 -mips32r2   -I/home/vicente/tomato/release/src-rt/router/openssl/include  conftest.c >&5
configure:3961: $? = 0
configure:3977: result: yes
configure:3934: checking for stdint.h
configure:3955: mipsel-uclibc-gcc -c -Os -Wall -DLINUX26 -DCONFIG_BCMWL5 -pipe -DBCMWPA2 -funit-at-a-time -Wno-pointer-sign -mtune=mips32r2 -mips32r2   -I/home/vicente/tomato/release/src-rt/router/openssl/include  conftest.c >&5
configure:3961: $? = 0
configure:3977: result: yes
configure:3934: checking for unistd.h
configure:3955: mipsel-uclibc-gcc -c -Os -Wall -DLINUX26 -DCONFIG_BCMWL5 -pipe -DBCMWPA2 -funit-at-a-time -Wno-pointer-sign -mtune=mips32r2 -mips32r2   -I/home/vicente/tomato/release/src-rt/router/openssl/include  conftest.c >&5
configure:3961: $? = 0
configure:3977: result: yes
configure:4007: checking fcntl.h usability
configure:4024: mipsel-uclibc-gcc -c -Os -Wall -DLINUX26 -DCONFIG_BCMWL5 -pipe -DBCMWPA2 -funit-at-a-time -Wno-pointer-sign -mtune=mips32r2 -mips32r2   -I/home/vicente/tomato/release/src-rt/router/openssl/include  conftest.c >&5
configure:4030: $? = 0
configure:4044: result: yes
configure:4048: checking fcntl.h presence
configure:4063: mipsel-uclibc-gcc -E  conftest.c
configure:4069: $? = 0
configure:4083: result: yes
configure:4111: checking for fcntl.h
configure:4119: result: yes
configure:4007: checking rpc/rpc.h usability
configure:4024: mipsel-uclibc-gcc -c -Os -Wall -DLINUX26 -DCONFIG_BCMWL5 -pipe -DBCMWPA2 -funit-at-a-time -Wno-pointer-sign -mtune=mips32r2 -mips32r2   -I/home/vicente/tomato/release/src-rt/router/openssl/include  conftest.c >&5
configure:4030: $? = 0
configure:4044: result: yes
configure:4048: checking rpc/rpc.h presence
configure:4063: mipsel-uclibc-gcc -E  conftest.c
configure:4069: $? = 0
configure:4083: result: yes
configure:4111: checking for rpc/rpc.h
configure:4119: result: yes
configure:4007: checking rpc/rpcent.h usability
configure:4024: mipsel-uclibc-gcc -c -Os -Wall -DLINUX26 -DCONFIG_BCMWL5 -pipe -DBCMWPA2 -funit-at-a-time -Wno-pointer-sign -mtune=mips32r2 -mips32r2   -I/home/vicente/tomato/release/src-rt/router/openssl/include  conftest.c >&5
conftest.c:56:24: error: rpc/rpcent.h: No such file or directory
configure:4030: $? = 1
configure: failed program was:
| /* confdefs.h.  */
| #define PACKAGE_NAME ""
| #define PACKAGE_TARNAME ""
| #define PACKAGE_VERSION ""
| #define PACKAGE_STRING ""
| #define PACKAGE_BUGREPORT ""
| #define inline inline
| #define HAVE___ATTRIBUTE__ 1
| #define __ATTRIBUTE___FORMAT_OK_FOR_FUNCTION_POINTERS 1
| #define STDC_HEADERS 1
| #define HAVE_SYS_TYPES_H 1
| #define HAVE_SYS_STAT_H 1
| #define HAVE_STDLIB_H 1
| #define HAVE_STRING_H 1
| #define HAVE_MEMORY_H 1
| #define HAVE_STRINGS_H 1
| #define HAVE_INTTYPES_H 1
| #define HAVE_STDINT_H 1
| #define HAVE_UNISTD_H 1
| #define HAVE_FCNTL_H 1
| #define HAVE_RPC_RPC_H 1
| /* end confdefs.h.  */
| #include <stdio.h>
| #ifdef HAVE_SYS_TYPES_H
| # include <sys/types.h>
| #endif
| #ifdef HAVE_SYS_STAT_H
| # include <sys/stat.h>
| #endif
| #ifdef STDC_HEADERS
| # include <stdlib.h>
| # include <stddef.h>
| #else
| # ifdef HAVE_STDLIB_H
| #  include <stdlib.h>
| # endif
| #endif
| #ifdef HAVE_STRING_H
| # if !defined STDC_HEADERS && defined HAVE_MEMORY_H
| #  include <memory.h>
| # endif
| # include <string.h>
| #endif
| #ifdef HAVE_STRINGS_H
| # include <strings.h>
| #endif
| #ifdef HAVE_INTTYPES_H
| # include <inttypes.h>
| #endif
| #ifdef HAVE_STDINT_H
| # include <stdint.h>
| #endif
| #ifdef HAVE_UNISTD_H
| # include <unistd.h>
| #endif
| #include <rpc/rpcent.h>
configure:4044: result: no
configure:4048: checking rpc/rpcent.h presence
configure:4063: mipsel-uclibc-gcc -E  conftest.c
conftest.c:23:24: error: rpc/rpcent.h: No such file or directory
configure:4069: $? = 1
configure: failed program was:
| /* confdefs.h.  */
| #define PACKAGE_NAME ""
| #define PACKAGE_TARNAME ""
| #define PACKAGE_VERSION ""
| #define PACKAGE_STRING ""
| #define PACKAGE_BUGREPORT ""
| #define inline inline
| #define HAVE___ATTRIBUTE__ 1
| #define __ATTRIBUTE___FORMAT_OK_FOR_FUNCTION_POINTERS 1
| #define STDC_HEADERS 1
| #define HAVE_SYS_TYPES_H 1
| #define HAVE_SYS_STAT_H 1
| #define HAVE_STDLIB_H 1
| #define HAVE_STRING_H 1
| #define HAVE_MEMORY_H 1
| #define HAVE_STRINGS_H 1
| #define HAVE_INTTYPES_H 1
| #define HAVE_STDINT_H 1
| #define HAVE_UNISTD_H 1
| #define HAVE_FCNTL_H 1
| #define HAVE_RPC_RPC_H 1
| /* end confdefs.h.  */
| #include <rpc/rpcent.h>
configure:4083: result: no
configure:4111: checking for rpc/rpcent.h
configure:4119: result: no
configure:4007: checking netdnet/dnetdb.h usability
configure:4024: mipsel-uclibc-gcc -c -Os -Wall -DLINUX26 -DCONFIG_BCMWL5 -pipe -DBCMWPA2 -funit-at-a-time -Wno-pointer-sign -mtune=mips32r2 -mips32r2   -I/home/vicente/tomato/release/src-rt/router/openssl/include  conftest.c >&5
conftest.c:56:28: error: netdnet/dnetdb.h: No such file or directory
configure:4030: $? = 1
configure: failed program was:
| /* confdefs.h.  */
| #define PACKAGE_NAME ""
| #define PACKAGE_TARNAME ""
| #define PACKAGE_VERSION ""
| #define PACKAGE_STRING ""
| #define PACKAGE_BUGREPORT ""
| #define inline inline
| #define HAVE___ATTRIBUTE__ 1
| #define __ATTRIBUTE___FORMAT_OK_FOR_FUNCTION_POINTERS 1
| #define STDC_HEADERS 1
| #define HAVE_SYS_TYPES_H 1
| #define HAVE_SYS_STAT_H 1
| #define HAVE_STDLIB_H 1
| #define HAVE_STRING_H 1
| #define HAVE_MEMORY_H 1
| #define HAVE_STRINGS_H 1
| #define HAVE_INTTYPES_H 1
| #define HAVE_STDINT_H 1
| #define HAVE_UNISTD_H 1
| #define HAVE_FCNTL_H 1
| #define HAVE_RPC_RPC_H 1
| /* end confdefs.h.  */
| #include <stdio.h>
| #ifdef HAVE_SYS_TYPES_H
| # include <sys/types.h>
| #endif
| #ifdef HAVE_SYS_STAT_H
| # include <sys/stat.h>
| #endif
| #ifdef STDC_HEADERS
| # include <stdlib.h>
| # include <stddef.h>
| #else
| # ifdef HAVE_STDLIB_H
| #  include <stdlib.h>
| # endif
| #endif
| #ifdef HAVE_STRING_H
| # if !defined STDC_HEADERS && defined HAVE_MEMORY_H
| #  include <memory.h>
| # endif
| # include <string.h>
| #endif
| #ifdef HAVE_STRINGS_H
| # include <strings.h>
| #endif
| #ifdef HAVE_INTTYPES_H
| # include <inttypes.h>
| #endif
| #ifdef HAVE_STDINT_H
| # include <stdint.h>
| #endif
| #ifdef HAVE_UNISTD_H
| # include <unistd.h>
| #endif
| #include <netdnet/dnetdb.h>
configure:4044: result: no
configure:4048: checking netdnet/dnetdb.h presence
configure:4063: mipsel-uclibc-gcc -E  conftest.c
conftest.c:23:28: error: netdnet/dnetdb.h: No such file or directory
configure:4069: $? = 1
configure: failed program was:
| /* confdefs.h.  */
| #define PACKAGE_NAME ""
| #define PACKAGE_TARNAME ""
| #define PACKAGE_VERSION ""
| #define PACKAGE_STRING ""
| #define PACKAGE_BUGREPORT ""
| #define inline inline
| #define HAVE___ATTRIBUTE__ 1
| #define __ATTRIBUTE___FORMAT_OK_FOR_FUNCTION_POINTERS 1
| #define STDC_HEADERS 1
| #define HAVE_SYS_TYPES_H 1
| #define HAVE_SYS_STAT_H 1
| #define HAVE_STDLIB_H 1
| #define HAVE_STRING_H 1
| #define HAVE_MEMORY_H 1
| #define HAVE_STRINGS_H 1
| #define HAVE_INTTYPES_H 1
| #define HAVE_STDINT_H 1
| #define HAVE_UNISTD_H 1
| #define HAVE_FCNTL_H 1
| #define HAVE_RPC_RPC_H 1
| /* end confdefs.h.  */
| #include <netdnet/dnetdb.h>
configure:4083: result: no
configure:4111: checking for netdnet/dnetdb.h
configure:4119: result: no
configure:4136: checking for net/pfvar.h
configure:4159: mipsel-uclibc-gcc -c -Os -Wall -DLINUX26 -DCONFIG_BCMWL5 -pipe -DBCMWPA2 -funit-at-a-time -Wno-pointer-sign -mtune=mips32r2 -mips32r2   -I/home/vicente/tomato/release/src-rt/router/openssl/include  conftest.c >&5
conftest.c:27:23: error: net/pfvar.h: No such file or directory
configure:4165: $? = 1
configure: failed program was:
| /* confdefs.h.  */
| #define PACKAGE_NAME ""
| #define PACKAGE_TARNAME ""
| #define PACKAGE_VERSION ""
| #define PACKAGE_STRING ""
| #define PACKAGE_BUGREPORT ""
| #define inline inline
| #define HAVE___ATTRIBUTE__ 1
| #define __ATTRIBUTE___FORMAT_OK_FOR_FUNCTION_POINTERS 1
| #define STDC_HEADERS 1
| #define HAVE_SYS_TYPES_H 1
| #define HAVE_SYS_STAT_H 1
| #define HAVE_STDLIB_H 1
| #define HAVE_STRING_H 1
| #define HAVE_MEMORY_H 1
| #define HAVE_STRINGS_H 1
| #define HAVE_INTTYPES_H 1
| #define HAVE_STDINT_H 1
| #define HAVE_UNISTD_H 1
| #define HAVE_FCNTL_H 1
| #define HAVE_RPC_RPC_H 1
| /* end confdefs.h.  */
| #include <sys/types.h>
| #include <sys/socket.h>
| #include <net/if.h>
| 
| #include <net/pfvar.h>
configure:4181: result: no
configure:4199: checking for netinet/if_ether.h
configure:4221: mipsel-uclibc-gcc -c -Os -Wall -DLINUX26 -DCONFIG_BCMWL5 -pipe -DBCMWPA2 -funit-at-a-time -Wno-pointer-sign -mtune=mips32r2 -mips32r2   -I/home/vicente/tomato/release/src-rt/router/openssl/include  conftest.c >&5
configure:4227: $? = 0
configure:4243: result: yes
configure:4330: checking whether time.h and sys/time.h may both be included
configure:4360: mipsel-uclibc-gcc -c -Os -Wall -DLINUX26 -DCONFIG_BCMWL5 -pipe -DBCMWPA2 -funit-at-a-time -Wno-pointer-sign -mtune=mips32r2 -mips32r2   -I/home/vicente/tomato/release/src-rt/router/openssl/include  conftest.c >&5
configure:4366: $? = 0
configure:4381: result: yes
configure:4425: checking Linux kernel version
configure:4443: result: 2
configure:4772: checking whether to enable the possibly-buggy SMB printer
configure:4792: result: no
configure:4803: checking whether to drop root privileges by default
configure:4813: result: no
configure:4823: checking whether to chroot
configure:4833: result: no
configure:4837: checking whether to enable ipv6
configure:4842: result: yes
configure:4932: checking ipv6 stack type
configure:5079: result: linux-glibc
configure:5114: checking for library containing getaddrinfo
configure:5189: result: no
configure:5372: checking for getnameinfo
configure:5428: mipsel-uclibc-gcc -o conftest -DINET6 -Os -Wall -DLINUX26 -DCONFIG_BCMWL5 -pipe -DBCMWPA2 -funit-at-a-time -Wno-pointer-sign -mtune=mips32r2 -mips32r2   -I/home/vicente/tomato/release/src-rt/router/openssl/include  -L/home/vicente/tomato/release/src-rt/router/openssl conftest.c  >&5
configure:5434: $? = 0
configure:5452: result: yes
configure:5472: checking for dnet_htoa declaration in netdnet/dnetdb.h
conftest.c:27:28: error: netdnet/dnetdb.h: No such file or directory
configure:5495: result: no
configure:5505: checking for addrinfo
configure:5532: mipsel-uclibc-gcc -c -DINET6 -Os -Wall -DLINUX26 -DCONFIG_BCMWL5 -pipe -DBCMWPA2 -funit-at-a-time -Wno-pointer-sign -mtune=mips32r2 -mips32r2   -I/home/vicente/tomato/release/src-rt/router/openssl/include  conftest.c >&5
conftest.c: In function 'main':
conftest.c:32: warning: unused variable 'a'
configure:5538: $? = 0
configure:5554: result: yes
configure:5573: checking for NI_MAXSERV
configure:5599: result: yes
configure:5613: checking for NI_NAMEREQD
configure:5639: result: yes
configure:5653: checking for sockaddr_storage
configure:5681: mipsel-uclibc-gcc -c -DINET6 -Os -Wall -DLINUX26 -DCONFIG_BCMWL5 -pipe -DBCMWPA2 -funit-at-a-time -Wno-pointer-sign -mtune=mips32r2 -mips32r2   -I/home/vicente/tomato/release/src-rt/router/openssl/include  conftest.c >&5
conftest.c: In function 'main':
conftest.c:34: warning: unused variable 's'
configure:5687: $? = 0
configure:5703: result: yes
configure:5725: checking for vfprintf
configure:5781: mipsel-uclibc-gcc -o conftest -DINET6 -Os -Wall -DLINUX26 -DCONFIG_BCMWL5 -pipe -DBCMWPA2 -funit-at-a-time -Wno-pointer-sign -mtune=mips32r2 -mips32r2   -I/home/vicente/tomato/release/src-rt/router/openssl/include  -L/home/vicente/tomato/release/src-rt/router/openssl conftest.c  >&5
conftest.c:52: warning: conflicting types for built-in function 'vfprintf'
configure:5787: $? = 0
configure:5805: result: yes
configure:5725: checking for strcasecmp
configure:5781: mipsel-uclibc-gcc -o conftest -DINET6 -Os -Wall -DLINUX26 -DCONFIG_BCMWL5 -pipe -DBCMWPA2 -funit-at-a-time -Wno-pointer-sign -mtune=mips32r2 -mips32r2   -I/home/vicente/tomato/release/src-rt/router/openssl/include  -L/home/vicente/tomato/release/src-rt/router/openssl conftest.c  >&5
conftest.c:53: warning: conflicting types for built-in function 'strcasecmp'
configure:5787: $? = 0
configure:5805: result: yes
configure:5725: checking for strlcat
configure:5781: mipsel-uclibc-gcc -o conftest -DINET6 -Os -Wall -DLINUX26 -DCONFIG_BCMWL5 -pipe -DBCMWPA2 -funit-at-a-time -Wno-pointer-sign -mtune=mips32r2 -mips32r2   -I/home/vicente/tomato/release/src-rt/router/openssl/include  -L/home/vicente/tomato/release/src-rt/router/openssl conftest.c  >&5
configure:5787: $? = 0
configure:5805: result: yes
configure:5725: checking for strlcpy
configure:5781: mipsel-uclibc-gcc -o conftest -DINET6 -Os -Wall -DLINUX26 -DCONFIG_BCMWL5 -pipe -DBCMWPA2 -funit-at-a-time -Wno-pointer-sign -mtune=mips32r2 -mips32r2   -I/home/vicente/tomato/release/src-rt/router/openssl/include  -L/home/vicente/tomato/release/src-rt/router/openssl conftest.c  >&5
configure:5787: $? = 0
configure:5805: result: yes
configure:5725: checking for strdup
configure:5781: mipsel-uclibc-gcc -o conftest -DINET6 -Os -Wall -DLINUX26 -DCONFIG_BCMWL5 -pipe -DBCMWPA2 -funit-at-a-time -Wno-pointer-sign -mtune=mips32r2 -mips32r2   -I/home/vicente/tomato/release/src-rt/router/openssl/include  -L/home/vicente/tomato/release/src-rt/router/openssl conftest.c  >&5
conftest.c:56: warning: conflicting types for built-in function 'strdup'
configure:5787: $? = 0
configure:5805: result: yes
configure:5725: checking for strsep
configure:5781: mipsel-uclibc-gcc -o conftest -DINET6 -Os -Wall -DLINUX26 -DCONFIG_BCMWL5 -pipe -DBCMWPA2 -funit-at-a-time -Wno-pointer-sign -mtune=mips32r2 -mips32r2   -I/home/vicente/tomato/release/src-rt/router/openssl/include  -L/home/vicente/tomato/release/src-rt/router/openssl conftest.c  >&5
configure:5787: $? = 0
configure:5805: result: yes
configure:5829: checking for fork
configure:5885: mipsel-uclibc-gcc -o conftest -DINET6 -Os -Wall -DLINUX26 -DCONFIG_BCMWL5 -pipe -DBCMWPA2 -funit-at-a-time -Wno-pointer-sign -mtune=mips32r2 -mips32r2   -I/home/vicente/tomato/release/src-rt/router/openssl/include  -L/home/vicente/tomato/release/src-rt/router/openssl conftest.c  >&5
conftest.c:58: warning: conflicting types for built-in function 'fork'
configure:5891: $? = 0
configure:5909: result: yes
configure:5829: checking for vfork
configure:5885: mipsel-uclibc-gcc -o conftest -DINET6 -Os -Wall -DLINUX26 -DCONFIG_BCMWL5 -pipe -DBCMWPA2 -funit-at-a-time -Wno-pointer-sign -mtune=mips32r2 -mips32r2   -I/home/vicente/tomato/release/src-rt/router/openssl/include  -L/home/vicente/tomato/release/src-rt/router/openssl conftest.c  >&5
configure:5891: $? = 0
configure:5909: result: yes
configure:5829: checking for strftime
configure:5885: mipsel-uclibc-gcc -o conftest -DINET6 -Os -Wall -DLINUX26 -DCONFIG_BCMWL5 -pipe -DBCMWPA2 -funit-at-a-time -Wno-pointer-sign -mtune=mips32r2 -mips32r2   -I/home/vicente/tomato/release/src-rt/router/openssl/include  -L/home/vicente/tomato/release/src-rt/router/openssl conftest.c  >&5
conftest.c:60: warning: conflicting types for built-in function 'strftime'
configure:5891: $? = 0
configure:5909: result: yes
configure:5924: checking for setlinebuf
configure:5980: mipsel-uclibc-gcc -o conftest -DINET6 -Os -Wall -DLINUX26 -DCONFIG_BCMWL5 -pipe -DBCMWPA2 -funit-at-a-time -Wno-pointer-sign -mtune=mips32r2 -mips32r2   -I/home/vicente/tomato/release/src-rt/router/openssl/include  -L/home/vicente/tomato/release/src-rt/router/openssl conftest.c  >&5
configure:5986: $? = 0
configure:6004: result: yes
configure:5924: checking for alarm
configure:5980: mipsel-uclibc-gcc -o conftest -DINET6 -Os -Wall -DLINUX26 -DCONFIG_BCMWL5 -pipe -DBCMWPA2 -funit-at-a-time -Wno-pointer-sign -mtune=mips32r2 -mips32r2   -I/home/vicente/tomato/release/src-rt/router/openssl/include  -L/home/vicente/tomato/release/src-rt/router/openssl conftest.c  >&5
configure:5986: $? = 0
configure:6004: result: yes
configure:6021: checking for vsnprintf
configure:6077: mipsel-uclibc-gcc -o conftest -DINET6 -Os -Wall -DLINUX26 -DCONFIG_BCMWL5 -pipe -DBCMWPA2 -funit-at-a-time -Wno-pointer-sign -mtune=mips32r2 -mips32r2   -I/home/vicente/tomato/release/src-rt/router/openssl/include  -L/home/vicente/tomato/release/src-rt/router/openssl conftest.c  >&5
conftest.c:63: warning: conflicting types for built-in function 'vsnprintf'
configure:6083: $? = 0
configure:6101: result: yes
configure:6021: checking for snprintf
configure:6077: mipsel-uclibc-gcc -o conftest -DINET6 -Os -Wall -DLINUX26 -DCONFIG_BCMWL5 -pipe -DBCMWPA2 -funit-at-a-time -Wno-pointer-sign -mtune=mips32r2 -mips32r2   -I/home/vicente/tomato/release/src-rt/router/openssl/include  -L/home/vicente/tomato/release/src-rt/router/openssl conftest.c  >&5
conftest.c:64: warning: conflicting types for built-in function 'snprintf'
configure:6083: $? = 0
configure:6101: result: yes
configure:6123: checking return type of signal handlers
configure:6151: mipsel-uclibc-gcc -c -DINET6 -Os -Wall -DLINUX26 -DCONFIG_BCMWL5 -pipe -DBCMWPA2 -funit-at-a-time -Wno-pointer-sign -mtune=mips32r2 -mips32r2   -I/home/vicente/tomato/release/src-rt/router/openssl/include  conftest.c >&5
conftest.c: In function 'main':
conftest.c:48: error: void value not ignored as it ought to be
configure:6157: $? = 1
configure: failed program was:
| /* confdefs.h.  */
| #define PACKAGE_NAME ""
| #define PACKAGE_TARNAME ""
| #define PACKAGE_VERSION ""
| #define PACKAGE_STRING ""
| #define PACKAGE_BUGREPORT ""
| #define inline inline
| #define HAVE___ATTRIBUTE__ 1
| #define __ATTRIBUTE___FORMAT_OK_FOR_FUNCTION_POINTERS 1
| #define STDC_HEADERS 1
| #define HAVE_SYS_TYPES_H 1
| #define HAVE_SYS_STAT_H 1
| #define HAVE_STDLIB_H 1
| #define HAVE_STRING_H 1
| #define HAVE_MEMORY_H 1
| #define HAVE_STRINGS_H 1
| #define HAVE_INTTYPES_H 1
| #define HAVE_STDINT_H 1
| #define HAVE_UNISTD_H 1
| #define HAVE_FCNTL_H 1
| #define HAVE_RPC_RPC_H 1
| #define HAVE_NETINET_IF_ETHER_H 1
| #define TIME_WITH_SYS_TIME 1
| #define INET6 1
| #define HAVE_GETNAMEINFO 1
| #define HAVE_ADDRINFO 1
| #define HAVE_SOCKADDR_STORAGE 1
| #define HAVE_VFPRINTF 1
| #define HAVE_STRCASECMP 1
| #define HAVE_STRLCAT 1
| #define HAVE_STRLCPY 1
| #define HAVE_STRDUP 1
| #define HAVE_STRSEP 1
| #define HAVE_FORK 1
| #define HAVE_VFORK 1
| #define HAVE_STRFTIME 1
| #define HAVE_SETLINEBUF 1
| #define HAVE_ALARM 1
| #define HAVE_VSNPRINTF 1
| #define HAVE_SNPRINTF 1
| /* end confdefs.h.  */
| #include <sys/types.h>
| #include <signal.h>
| 
| int
| main ()
| {
| return *(signal (0, 0)) (0) == 1;
|   ;
|   return 0;
| }
configure:6172: result: void
configure:6208: checking for sigaction
configure:6264: mipsel-uclibc-gcc -o conftest -DINET6 -Os -Wall -DLINUX26 -DCONFIG_BCMWL5 -pipe -DBCMWPA2 -funit-at-a-time -Wno-pointer-sign -mtune=mips32r2 -mips32r2   -I/home/vicente/tomato/release/src-rt/router/openssl/include  -L/home/vicente/tomato/release/src-rt/router/openssl conftest.c  >&5
configure:6270: $? = 0
configure:6288: result: yes
configure:6397: checking for library containing dnet_htoa
configure:6438: mipsel-uclibc-gcc -o conftest -DINET6 -Os -Wall -DLINUX26 -DCONFIG_BCMWL5 -pipe -DBCMWPA2 -funit-at-a-time -Wno-pointer-sign -mtune=mips32r2 -mips32r2   -I/home/vicente/tomato/release/src-rt/router/openssl/include  -L/home/vicente/tomato/release/src-rt/router/openssl conftest.c  >&5
/tmp/ccJaA6As.o: In function `main':
conftest.c:(.text+0x18): undefined reference to `dnet_htoa'
collect2: ld returned 1 exit status
configure:6444: $? = 1
configure: failed program was:
| /* confdefs.h.  */
| #define PACKAGE_NAME ""
| #define PACKAGE_TARNAME ""
| #define PACKAGE_VERSION ""
| #define PACKAGE_STRING ""
| #define PACKAGE_BUGREPORT ""
| #define inline inline
| #define HAVE___ATTRIBUTE__ 1
| #define __ATTRIBUTE___FORMAT_OK_FOR_FUNCTION_POINTERS 1
| #define STDC_HEADERS 1
| #define HAVE_SYS_TYPES_H 1
| #define HAVE_SYS_STAT_H 1
| #define HAVE_STDLIB_H 1
| #define HAVE_STRING_H 1
| #define HAVE_MEMORY_H 1
| #define HAVE_STRINGS_H 1
| #define HAVE_INTTYPES_H 1
| #define HAVE_STDINT_H 1
| #define HAVE_UNISTD_H 1
| #define HAVE_FCNTL_H 1
| #define HAVE_RPC_RPC_H 1
| #define HAVE_NETINET_IF_ETHER_H 1
| #define TIME_WITH_SYS_TIME 1
| #define INET6 1
| #define HAVE_GETNAMEINFO 1
| #define HAVE_ADDRINFO 1
| #define HAVE_SOCKADDR_STORAGE 1
| #define HAVE_VFPRINTF 1
| #define HAVE_STRCASECMP 1
| #define HAVE_STRLCAT 1
| #define HAVE_STRLCPY 1
| #define HAVE_STRDUP 1
| #define HAVE_STRSEP 1
| #define HAVE_FORK 1
| #define HAVE_VFORK 1
| #define HAVE_STRFTIME 1
| #define HAVE_SETLINEBUF 1
| #define HAVE_ALARM 1
| #define HAVE_VSNPRINTF 1
| #define HAVE_SNPRINTF 1
| #define RETSIGTYPE void
| #define RETSIGVAL
| #define HAVE_SIGACTION 1
| /* end confdefs.h.  */
| 
| /* Override any GCC internal prototype to avoid an error.
|    Use char because int might match the return type of a GCC
|    builtin and then its argument prototype would still apply.  */
| #ifdef __cplusplus
| extern "C"
| #endif
| char dnet_htoa ();
| int
| main ()
| {
| return dnet_htoa ();
|   ;
|   return 0;
| }
configure:6438: mipsel-uclibc-gcc -o conftest -DINET6 -Os -Wall -DLINUX26 -DCONFIG_BCMWL5 -pipe -DBCMWPA2 -funit-at-a-time -Wno-pointer-sign -mtune=mips32r2 -mips32r2   -I/home/vicente/tomato/release/src-rt/router/openssl/include  -L/home/vicente/tomato/release/src-rt/router/openssl conftest.c -ldnet   >&5
/home/vicente/tomato/tools/brcm/K26/hndtools-mipsel-uclibc-4.2.4/bin/../lib/gcc/mipsel-linux-uclibc/4.2.4/../../../../mipsel-linux-uclibc/bin/ld: cannot find -ldnet
collect2: ld returned 1 exit status
configure:6444: $? = 1
configure: failed program was:
| /* confdefs.h.  */
| #define PACKAGE_NAME ""
| #define PACKAGE_TARNAME ""
| #define PACKAGE_VERSION ""
| #define PACKAGE_STRING ""
| #define PACKAGE_BUGREPORT ""
| #define inline inline
| #define HAVE___ATTRIBUTE__ 1
| #define __ATTRIBUTE___FORMAT_OK_FOR_FUNCTION_POINTERS 1
| #define STDC_HEADERS 1
| #define HAVE_SYS_TYPES_H 1
| #define HAVE_SYS_STAT_H 1
| #define HAVE_STDLIB_H 1
| #define HAVE_STRING_H 1
| #define HAVE_MEMORY_H 1
| #define HAVE_STRINGS_H 1
| #define HAVE_INTTYPES_H 1
| #define HAVE_STDINT_H 1
| #define HAVE_UNISTD_H 1
| #define HAVE_FCNTL_H 1
| #define HAVE_RPC_RPC_H 1
| #define HAVE_NETINET_IF_ETHER_H 1
| #define TIME_WITH_SYS_TIME 1
| #define INET6 1
| #define HAVE_GETNAMEINFO 1
| #define HAVE_ADDRINFO 1
| #define HAVE_SOCKADDR_STORAGE 1
| #define HAVE_VFPRINTF 1
| #define HAVE_STRCASECMP 1
| #define HAVE_STRLCAT 1
| #define HAVE_STRLCPY 1
| #define HAVE_STRDUP 1
| #define HAVE_STRSEP 1
| #define HAVE_FORK 1
| #define HAVE_VFORK 1
| #define HAVE_STRFTIME 1
| #define HAVE_SETLINEBUF 1
| #define HAVE_ALARM 1
| #define HAVE_VSNPRINTF 1
| #define HAVE_SNPRINTF 1
| #define RETSIGTYPE void
| #define RETSIGVAL
| #define HAVE_SIGACTION 1
| /* end confdefs.h.  */
| 
| /* Override any GCC internal prototype to avoid an error.
|    Use char because int might match the return type of a GCC
|    builtin and then its argument prototype would still apply.  */
| #ifdef __cplusplus
| extern "C"
| #endif
| char dnet_htoa ();
| int
| main ()
| {
| return dnet_htoa ();
|   ;
|   return 0;
| }
configure:6472: result: no
configure:6485: checking for main in -lrpc
configure:6514: mipsel-uclibc-gcc -o conftest -DINET6 -Os -Wall -DLINUX26 -DCONFIG_BCMWL5 -pipe -DBCMWPA2 -funit-at-a-time -Wno-pointer-sign -mtune=mips32r2 -mips32r2   -I/home/vicente/tomato/release/src-rt/router/openssl/include  -L/home/vicente/tomato/release/src-rt/router/openssl conftest.c -lrpc   >&5
/home/vicente/tomato/tools/brcm/K26/hndtools-mipsel-uclibc-4.2.4/bin/../lib/gcc/mipsel-linux-uclibc/4.2.4/../../../../mipsel-linux-uclibc/bin/ld: cannot find -lrpc
collect2: ld returned 1 exit status
configure:6520: $? = 1
configure: failed program was:
| /* confdefs.h.  */
| #define PACKAGE_NAME ""
| #define PACKAGE_TARNAME ""
| #define PACKAGE_VERSION ""
| #define PACKAGE_STRING ""
| #define PACKAGE_BUGREPORT ""
| #define inline inline
| #define HAVE___ATTRIBUTE__ 1
| #define __ATTRIBUTE___FORMAT_OK_FOR_FUNCTION_POINTERS 1
| #define STDC_HEADERS 1
| #define HAVE_SYS_TYPES_H 1
| #define HAVE_SYS_STAT_H 1
| #define HAVE_STDLIB_H 1
| #define HAVE_STRING_H 1
| #define HAVE_MEMORY_H 1
| #define HAVE_STRINGS_H 1
| #define HAVE_INTTYPES_H 1
| #define HAVE_STDINT_H 1
| #define HAVE_UNISTD_H 1
| #define HAVE_FCNTL_H 1
| #define HAVE_RPC_RPC_H 1
| #define HAVE_NETINET_IF_ETHER_H 1
| #define TIME_WITH_SYS_TIME 1
| #define INET6 1
| #define HAVE_GETNAMEINFO 1
| #define HAVE_ADDRINFO 1
| #define HAVE_SOCKADDR_STORAGE 1
| #define HAVE_VFPRINTF 1
| #define HAVE_STRCASECMP 1
| #define HAVE_STRLCAT 1
| #define HAVE_STRLCPY 1
| #define HAVE_STRDUP 1
| #define HAVE_STRSEP 1
| #define HAVE_FORK 1
| #define HAVE_VFORK 1
| #define HAVE_STRFTIME 1
| #define HAVE_SETLINEBUF 1
| #define HAVE_ALARM 1
| #define HAVE_VSNPRINTF 1
| #define HAVE_SNPRINTF 1
| #define RETSIGTYPE void
| #define RETSIGVAL
| #define HAVE_SIGACTION 1
| /* end confdefs.h.  */
| 
| 
| int
| main ()
| {
| return main ();
|   ;
|   return 0;
| }
configure:6538: result: no
configure:6549: checking for library containing getrpcbynumber
configure:6590: mipsel-uclibc-gcc -o conftest -DINET6 -Os -Wall -DLINUX26 -DCONFIG_BCMWL5 -pipe -DBCMWPA2 -funit-at-a-time -Wno-pointer-sign -mtune=mips32r2 -mips32r2   -I/home/vicente/tomato/release/src-rt/router/openssl/include  -L/home/vicente/tomato/release/src-rt/router/openssl conftest.c  >&5
configure:6596: $? = 0
configure:6624: result: none required
configure:6642: checking for library containing gethostbyname
configure:6683: mipsel-uclibc-gcc -o conftest -DINET6 -Os -Wall -DLINUX26 -DCONFIG_BCMWL5 -pipe -DBCMWPA2 -funit-at-a-time -Wno-pointer-sign -mtune=mips32r2 -mips32r2   -I/home/vicente/tomato/release/src-rt/router/openssl/include  -L/home/vicente/tomato/release/src-rt/router/openssl conftest.c  >&5
configure:6689: $? = 0
configure:6717: result: none required
configure:6795: checking for library containing socket
configure:6836: mipsel-uclibc-gcc -o conftest -DINET6 -Os -Wall -DLINUX26 -DCONFIG_BCMWL5 -pipe -DBCMWPA2 -funit-at-a-time -Wno-pointer-sign -mtune=mips32r2 -mips32r2   -I/home/vicente/tomato/release/src-rt/router/openssl/include  -L/home/vicente/tomato/release/src-rt/router/openssl conftest.c  >&5
configure:6842: $? = 0
configure:6870: result: none required
configure:6945: checking for library containing putmsg
configure:6986: mipsel-uclibc-gcc -o conftest -DINET6 -Os -Wall -DLINUX26 -DCONFIG_BCMWL5 -pipe -DBCMWPA2 -funit-at-a-time -Wno-pointer-sign -mtune=mips32r2 -mips32r2   -I/home/vicente/tomato/release/src-rt/router/openssl/include  -L/home/vicente/tomato/release/src-rt/router/openssl conftest.c  >&5
/tmp/ccc5ZQRQ.o: In function `main':
conftest.c:(.text+0x18): undefined reference to `putmsg'
collect2: ld returned 1 exit status
configure:6992: $? = 1
configure: failed program was:
| /* confdefs.h.  */
| #define PACKAGE_NAME ""
| #define PACKAGE_TARNAME ""
| #define PACKAGE_VERSION ""
| #define PACKAGE_STRING ""
| #define PACKAGE_BUGREPORT ""
| #define inline inline
| #define HAVE___ATTRIBUTE__ 1
| #define __ATTRIBUTE___FORMAT_OK_FOR_FUNCTION_POINTERS 1
| #define STDC_HEADERS 1
| #define HAVE_SYS_TYPES_H 1
| #define HAVE_SYS_STAT_H 1
| #define HAVE_STDLIB_H 1
| #define HAVE_STRING_H 1
| #define HAVE_MEMORY_H 1
| #define HAVE_STRINGS_H 1
| #define HAVE_INTTYPES_H 1
| #define HAVE_STDINT_H 1
| #define HAVE_UNISTD_H 1
| #define HAVE_FCNTL_H 1
| #define HAVE_RPC_RPC_H 1
| #define HAVE_NETINET_IF_ETHER_H 1
| #define TIME_WITH_SYS_TIME 1
| #define INET6 1
| #define HAVE_GETNAMEINFO 1
| #define HAVE_ADDRINFO 1
| #define HAVE_SOCKADDR_STORAGE 1
| #define HAVE_VFPRINTF 1
| #define HAVE_STRCASECMP 1
| #define HAVE_STRLCAT 1
| #define HAVE_STRLCPY 1
| #define HAVE_STRDUP 1
| #define HAVE_STRSEP 1
| #define HAVE_FORK 1
| #define HAVE_VFORK 1
| #define HAVE_STRFTIME 1
| #define HAVE_SETLINEBUF 1
| #define HAVE_ALARM 1
| #define HAVE_VSNPRINTF 1
| #define HAVE_SNPRINTF 1
| #define RETSIGTYPE void
| #define RETSIGVAL
| #define HAVE_SIGACTION 1
| #define HAVE_GETRPCBYNUMBER 1
| /* end confdefs.h.  */
| 
| /* Override any GCC internal prototype to avoid an error.
|    Use char because int might match the return type of a GCC
|    builtin and then its argument prototype would still apply.  */
| #ifdef __cplusplus
| extern "C"
| #endif
| char putmsg ();
| int
| main ()
| {
| return putmsg ();
|   ;
|   return 0;
| }
configure:6986: mipsel-uclibc-gcc -o conftest -DINET6 -Os -Wall -DLINUX26 -DCONFIG_BCMWL5 -pipe -DBCMWPA2 -funit-at-a-time -Wno-pointer-sign -mtune=mips32r2 -mips32r2   -I/home/vicente/tomato/release/src-rt/router/openssl/include  -L/home/vicente/tomato/release/src-rt/router/openssl conftest.c -lstr   >&5
/home/vicente/tomato/tools/brcm/K26/hndtools-mipsel-uclibc-4.2.4/bin/../lib/gcc/mipsel-linux-uclibc/4.2.4/../../../../mipsel-linux-uclibc/bin/ld: cannot find -lstr
collect2: ld returned 1 exit status
configure:6992: $? = 1
configure: failed program was:
| /* confdefs.h.  */
| #define PACKAGE_NAME ""
| #define PACKAGE_TARNAME ""
| #define PACKAGE_VERSION ""
| #define PACKAGE_STRING ""
| #define PACKAGE_BUGREPORT ""
| #define inline inline
| #define HAVE___ATTRIBUTE__ 1
| #define __ATTRIBUTE___FORMAT_OK_FOR_FUNCTION_POINTERS 1
| #define STDC_HEADERS 1
| #define HAVE_SYS_TYPES_H 1
| #define HAVE_SYS_STAT_H 1
| #define HAVE_STDLIB_H 1
| #define HAVE_STRING_H 1
| #define HAVE_MEMORY_H 1
| #define HAVE_STRINGS_H 1
| #define HAVE_INTTYPES_H 1
| #define HAVE_STDINT_H 1
| #define HAVE_UNISTD_H 1
| #define HAVE_FCNTL_H 1
| #define HAVE_RPC_RPC_H 1
| #define HAVE_NETINET_IF_ETHER_H 1
| #define TIME_WITH_SYS_TIME 1
| #define INET6 1
| #define HAVE_GETNAMEINFO 1
| #define HAVE_ADDRINFO 1
| #define HAVE_SOCKADDR_STORAGE 1
| #define HAVE_VFPRINTF 1
| #define HAVE_STRCASECMP 1
| #define HAVE_STRLCAT 1
| #define HAVE_STRLCPY 1
| #define HAVE_STRDUP 1
| #define HAVE_STRSEP 1
| #define HAVE_FORK 1
| #define HAVE_VFORK 1
| #define HAVE_STRFTIME 1
| #define HAVE_SETLINEBUF 1
| #define HAVE_ALARM 1
| #define HAVE_VSNPRINTF 1
| #define HAVE_SNPRINTF 1
| #define RETSIGTYPE void
| #define RETSIGVAL
| #define HAVE_SIGACTION 1
| #define HAVE_GETRPCBYNUMBER 1
| /* end confdefs.h.  */
| 
| /* Override any GCC internal prototype to avoid an error.
|    Use char because int might match the return type of a GCC
|    builtin and then its argument prototype would still apply.  */
| #ifdef __cplusplus
| extern "C"
| #endif
| char putmsg ();
| int
| main ()
| {
| return putmsg ();
|   ;
|   return 0;
| }
configure:7020: result: no
configure:7133: checking for local pcap library
configure:7375: result: ./../libpcap/libpcap.a
configure:7379: checking for pcap-config
configure:7397: found ./../libpcap/pcap-config
configure:7409: result: ./../libpcap/pcap-config
configure:7471: checking for pcap_loop
configure:7527: mipsel-uclibc-gcc -o conftest -DINET6 -Os -Wall -DLINUX26 -DCONFIG_BCMWL5 -pipe -DBCMWPA2 -funit-at-a-time -Wno-pointer-sign -mtune=mips32r2 -mips32r2   -I/home/vicente/tomato/release/src-rt/router/openssl/include  -L/home/vicente/tomato/release/src-rt/router/openssl conftest.c ./../libpcap/libpcap.a   >&5
configure:7533: $? = 0
configure:7550: result: yes
configure:7579: checking for pcap_list_datalinks
configure:7635: mipsel-uclibc-gcc -o conftest -DINET6 -Os -Wall -DLINUX26 -DCONFIG_BCMWL5 -pipe -DBCMWPA2 -funit-at-a-time -Wno-pointer-sign -mtune=mips32r2 -mips32r2   -I/home/vicente/tomato/release/src-rt/router/openssl/include  -L/home/vicente/tomato/release/src-rt/router/openssl conftest.c ./../libpcap/libpcap.a   >&5
configure:7641: $? = 0
configure:7658: result: yes
configure:7676: checking for pcap_set_datalink
configure:7732: mipsel-uclibc-gcc -o conftest -DINET6 -Os -Wall -DLINUX26 -DCONFIG_BCMWL5 -pipe -DBCMWPA2 -funit-at-a-time -Wno-pointer-sign -mtune=mips32r2 -mips32r2   -I/home/vicente/tomato/release/src-rt/router/openssl/include  -L/home/vicente/tomato/release/src-rt/router/openssl conftest.c ./../libpcap/libpcap.a   >&5
configure:7738: $? = 0
configure:7755: result: yes
configure:7764: checking for pcap_datalink_name_to_val
configure:7820: mipsel-uclibc-gcc -o conftest -DINET6 -Os -Wall -DLINUX26 -DCONFIG_BCMWL5 -pipe -DBCMWPA2 -funit-at-a-time -Wno-pointer-sign -mtune=mips32r2 -mips32r2   -I/home/vicente/tomato/release/src-rt/router/openssl/include  -L/home/vicente/tomato/release/src-rt/router/openssl conftest.c ./../libpcap/libpcap.a   >&5
configure:7826: $? = 0
configure:7843: result: yes
configure:7851: checking for pcap_datalink_val_to_description
configure:7907: mipsel-uclibc-gcc -o conftest -DINET6 -Os -Wall -DLINUX26 -DCONFIG_BCMWL5 -pipe -DBCMWPA2 -funit-at-a-time -Wno-pointer-sign -mtune=mips32r2 -mips32r2   -I/home/vicente/tomato/release/src-rt/router/openssl/include  -L/home/vicente/tomato/release/src-rt/router/openssl conftest.c ./../libpcap/libpcap.a   >&5
configure:7913: $? = 0
configure:7930: result: yes
configure:7965: checking for pcap_breakloop
configure:8021: mipsel-uclibc-gcc -o conftest -DINET6 -Os -Wall -DLINUX26 -DCONFIG_BCMWL5 -pipe -DBCMWPA2 -funit-at-a-time -Wno-pointer-sign -mtune=mips32r2 -mips32r2   -I/home/vicente/tomato/release/src-rt/router/openssl/include  -L/home/vicente/tomato/release/src-rt/router/openssl conftest.c ./../libpcap/libpcap.a   >&5
configure:8027: $? = 0
configure:8045: result: yes
configure:8056: checking for pcap_dump_ftell
configure:8112: mipsel-uclibc-gcc -o conftest -DINET6 -Os -Wall -DLINUX26 -DCONFIG_BCMWL5 -pipe -DBCMWPA2 -funit-at-a-time -Wno-pointer-sign -mtune=mips32r2 -mips32r2   -I/home/vicente/tomato/release/src-rt/router/openssl/include  -L/home/vicente/tomato/release/src-rt/router/openssl conftest.c ./../libpcap/libpcap.a   >&5
configure:8118: $? = 0
configure:8135: result: yes
configure:8167: checking for inet_ntop
configure:8194: mipsel-uclibc-gcc -o conftest -DINET6 -Os -Wall -DLINUX26 -DCONFIG_BCMWL5 -pipe -DBCMWPA2 -funit-at-a-time -Wno-pointer-sign -mtune=mips32r2 -mips32r2   -I/home/vicente/tomato/release/src-rt/router/openssl/include  -L/home/vicente/tomato/release/src-rt/router/openssl conftest.c ./../libpcap/libpcap.a   >&5
configure:8200: $? = 0
configure:8206: result: yes
configure:8224: checking for inet_pton
configure:8251: mipsel-uclibc-gcc -o conftest -DINET6 -Os -Wall -DLINUX26 -DCONFIG_BCMWL5 -pipe -DBCMWPA2 -funit-at-a-time -Wno-pointer-sign -mtune=mips32r2 -mips32r2   -I/home/vicente/tomato/release/src-rt/router/openssl/include  -L/home/vicente/tomato/release/src-rt/router/openssl conftest.c ./../libpcap/libpcap.a   >&5
configure:8257: $? = 0
configure:8263: result: yes
configure:8281: checking for inet_aton
configure:8308: mipsel-uclibc-gcc -o conftest -DINET6 -Os -Wall -DLINUX26 -DCONFIG_BCMWL5 -pipe -DBCMWPA2 -funit-at-a-time -Wno-pointer-sign -mtune=mips32r2 -mips32r2   -I/home/vicente/tomato/release/src-rt/router/openssl/include  -L/home/vicente/tomato/release/src-rt/router/openssl conftest.c ./../libpcap/libpcap.a   >&5
configure:8314: $? = 0
configure:8320: result: yes
configure:8356: checking for ether_ntohost
configure:8412: mipsel-uclibc-gcc -o conftest -DINET6 -Os -Wall -DLINUX26 -DCONFIG_BCMWL5 -pipe -DBCMWPA2 -funit-at-a-time -Wno-pointer-sign -mtune=mips32r2 -mips32r2   -I/home/vicente/tomato/release/src-rt/router/openssl/include  -L/home/vicente/tomato/release/src-rt/router/openssl conftest.c ./../libpcap/libpcap.a   >&5
configure:8418: $? = 0
configure:8436: result: yes
configure:8443: checking for buggy ether_ntohost
configure:8509: result: not while cross-compiling
configure:8920: checking for dlpi_walk in -ldlpi
configure:8955: mipsel-uclibc-gcc -o conftest -DINET6 -Os -Wall -DLINUX26 -DCONFIG_BCMWL5 -pipe -DBCMWPA2 -funit-at-a-time -Wno-pointer-sign -mtune=mips32r2 -mips32r2   -I/home/vicente/tomato/release/src-rt/router/openssl/include  -L/home/vicente/tomato/release/src-rt/router/openssl conftest.c -ldlpi -L/lib ./../libpcap/libpcap.a   >&5
/home/vicente/tomato/tools/brcm/K26/hndtools-mipsel-uclibc-4.2.4/bin/../lib/gcc/mipsel-linux-uclibc/4.2.4/../../../../mipsel-linux-uclibc/bin/ld: cannot find -ldlpi
collect2: ld returned 1 exit status
configure:8961: $? = 1
configure: failed program was:
| /* confdefs.h.  */
| #define PACKAGE_NAME ""
| #define PACKAGE_TARNAME ""
| #define PACKAGE_VERSION ""
| #define PACKAGE_STRING ""
| #define PACKAGE_BUGREPORT ""
| #define inline inline
| #define HAVE___ATTRIBUTE__ 1
| #define __ATTRIBUTE___FORMAT_OK_FOR_FUNCTION_POINTERS 1
| #define STDC_HEADERS 1
| #define HAVE_SYS_TYPES_H 1
| #define HAVE_SYS_STAT_H 1
| #define HAVE_STDLIB_H 1
| #define HAVE_STRING_H 1
| #define HAVE_MEMORY_H 1
| #define HAVE_STRINGS_H 1
| #define HAVE_INTTYPES_H 1
| #define HAVE_STDINT_H 1
| #define HAVE_UNISTD_H 1
| #define HAVE_FCNTL_H 1
| #define HAVE_RPC_RPC_H 1
| #define HAVE_NETINET_IF_ETHER_H 1
| #define TIME_WITH_SYS_TIME 1
| #define INET6 1
| #define HAVE_GETNAMEINFO 1
| #define HAVE_ADDRINFO 1
| #define HAVE_SOCKADDR_STORAGE 1
| #define HAVE_VFPRINTF 1
| #define HAVE_STRCASECMP 1
| #define HAVE_STRLCAT 1
| #define HAVE_STRLCPY 1
| #define HAVE_STRDUP 1
| #define HAVE_STRSEP 1
| #define HAVE_FORK 1
| #define HAVE_VFORK 1
| #define HAVE_STRFTIME 1
| #define HAVE_SETLINEBUF 1
| #define HAVE_ALARM 1
| #define HAVE_VSNPRINTF 1
| #define HAVE_SNPRINTF 1
| #define RETSIGTYPE void
| #define RETSIGVAL
| #define HAVE_SIGACTION 1
| #define HAVE_GETRPCBYNUMBER 1
| #define HAVE_PCAP_LIST_DATALINKS 1
| #define HAVE_PCAP_SET_DATALINK 1
| #define HAVE_PCAP_DATALINK_NAME_TO_VAL 1
| #define HAVE_PCAP_DATALINK_VAL_TO_DESCRIPTION 1
| #define HAVE_PCAP_BREAKLOOP 1
| #define HAVE_PCAP_DUMP_FTELL 1
| #define HAVE_ETHER_NTOHOST 1
| /* end confdefs.h.  */
| 
| /* Override any GCC internal prototype to avoid an error.
|    Use char because int might match the return type of a GCC
|    builtin and then its argument prototype would still apply.  */
| #ifdef __cplusplus
| extern "C"
| #endif
| char dlpi_walk ();
| int
| main ()
| {
| return dlpi_walk ();
|   ;
|   return 0;
| }
configure:8979: result: no
configure:8987: checking if sockaddr struct has sa_len member
configure:9015: mipsel-uclibc-gcc -c -DINET6 -Os -Wall -DLINUX26 -DCONFIG_BCMWL5 -pipe -DBCMWPA2 -funit-at-a-time -Wno-pointer-sign -mtune=mips32r2 -mips32r2   -I/home/vicente/tomato/release/src-rt/router/openssl/include  conftest.c >&5
conftest.c: In function 'main':
conftest.c:59: error: 'struct sockaddr' has no member named 'sa_len'
conftest.c:59: warning: unused variable 'i'
configure:9021: $? = 1
configure: failed program was:
| /* confdefs.h.  */
| #define PACKAGE_NAME ""
| #define PACKAGE_TARNAME ""
| #define PACKAGE_VERSION ""
| #define PACKAGE_STRING ""
| #define PACKAGE_BUGREPORT ""
| #define inline inline
| #define HAVE___ATTRIBUTE__ 1
| #define __ATTRIBUTE___FORMAT_OK_FOR_FUNCTION_POINTERS 1
| #define STDC_HEADERS 1
| #define HAVE_SYS_TYPES_H 1
| #define HAVE_SYS_STAT_H 1
| #define HAVE_STDLIB_H 1
| #define HAVE_STRING_H 1
| #define HAVE_MEMORY_H 1
| #define HAVE_STRINGS_H 1
| #define HAVE_INTTYPES_H 1
| #define HAVE_STDINT_H 1
| #define HAVE_UNISTD_H 1
| #define HAVE_FCNTL_H 1
| #define HAVE_RPC_RPC_H 1
| #define HAVE_NETINET_IF_ETHER_H 1
| #define TIME_WITH_SYS_TIME 1
| #define INET6 1
| #define HAVE_GETNAMEINFO 1
| #define HAVE_ADDRINFO 1
| #define HAVE_SOCKADDR_STORAGE 1
| #define HAVE_VFPRINTF 1
| #define HAVE_STRCASECMP 1
| #define HAVE_STRLCAT 1
| #define HAVE_STRLCPY 1
| #define HAVE_STRDUP 1
| #define HAVE_STRSEP 1
| #define HAVE_FORK 1
| #define HAVE_VFORK 1
| #define HAVE_STRFTIME 1
| #define HAVE_SETLINEBUF 1
| #define HAVE_ALARM 1
| #define HAVE_VSNPRINTF 1
| #define HAVE_SNPRINTF 1
| #define RETSIGTYPE void
| #define RETSIGVAL
| #define HAVE_SIGACTION 1
| #define HAVE_GETRPCBYNUMBER 1
| #define HAVE_PCAP_LIST_DATALINKS 1
| #define HAVE_PCAP_SET_DATALINK 1
| #define HAVE_PCAP_DATALINK_NAME_TO_VAL 1
| #define HAVE_PCAP_DATALINK_VAL_TO_DESCRIPTION 1
| #define HAVE_PCAP_BREAKLOOP 1
| #define HAVE_PCAP_DUMP_FTELL 1
| #define HAVE_ETHER_NTOHOST 1
| /* end confdefs.h.  */
| 
| #		include <sys/types.h>
| #		include <sys/socket.h>
| int
| main ()
| {
| u_int i = sizeof(((struct sockaddr *)0)->sa_len)
|   ;
|   return 0;
| }
configure:9037: result: no
configure:9059: checking for pcap_create
configure:9115: mipsel-uclibc-gcc -o conftest -DINET6 -Os -Wall -DLINUX26 -DCONFIG_BCMWL5 -pipe -DBCMWPA2 -funit-at-a-time -Wno-pointer-sign -mtune=mips32r2 -mips32r2   -I/home/vicente/tomato/release/src-rt/router/openssl/include  -L/home/vicente/tomato/release/src-rt/router/openssl conftest.c ./../libpcap/libpcap.a   >&5
configure:9121: $? = 0
configure:9139: result: yes
configure:9158: checking for pcap_set_tstamp_type
configure:9214: mipsel-uclibc-gcc -o conftest -DINET6 -Os -Wall -DLINUX26 -DCONFIG_BCMWL5 -pipe -DBCMWPA2 -funit-at-a-time -Wno-pointer-sign -mtune=mips32r2 -mips32r2   -I/home/vicente/tomato/release/src-rt/router/openssl/include  -L/home/vicente/tomato/release/src-rt/router/openssl conftest.c ./../libpcap/libpcap.a   >&5
configure:9220: $? = 0
configure:9238: result: yes
configure:9256: checking for pcap_findalldevs
configure:9312: mipsel-uclibc-gcc -o conftest -DINET6 -Os -Wall -DLINUX26 -DCONFIG_BCMWL5 -pipe -DBCMWPA2 -funit-at-a-time -Wno-pointer-sign -mtune=mips32r2 -mips32r2   -I/home/vicente/tomato/release/src-rt/router/openssl/include  -L/home/vicente/tomato/release/src-rt/router/openssl conftest.c ./../libpcap/libpcap.a   >&5
configure:9318: $? = 0
configure:9336: result: yes
configure:9256: checking for pcap_dump_flush
configure:9312: mipsel-uclibc-gcc -o conftest -DINET6 -Os -Wall -DLINUX26 -DCONFIG_BCMWL5 -pipe -DBCMWPA2 -funit-at-a-time -Wno-pointer-sign -mtune=mips32r2 -mips32r2   -I/home/vicente/tomato/release/src-rt/router/openssl/include  -L/home/vicente/tomato/release/src-rt/router/openssl conftest.c ./../libpcap/libpcap.a   >&5
configure:9318: $? = 0
configure:9336: result: yes
configure:9256: checking for pcap_lib_version
configure:9312: mipsel-uclibc-gcc -o conftest -DINET6 -Os -Wall -DLINUX26 -DCONFIG_BCMWL5 -pipe -DBCMWPA2 -funit-at-a-time -Wno-pointer-sign -mtune=mips32r2 -mips32r2   -I/home/vicente/tomato/release/src-rt/router/openssl/include  -L/home/vicente/tomato/release/src-rt/router/openssl conftest.c ./../libpcap/libpcap.a   >&5
configure:9318: $? = 0
configure:9336: result: yes
configure:9349: checking for pcap_if_t
configure:9380: mipsel-uclibc-gcc -c -DINET6 -Os -Wall -DLINUX26 -DCONFIG_BCMWL5 -pipe -DBCMWPA2 -funit-at-a-time -Wno-pointer-sign -mtune=mips32r2 -mips32r2   -I/home/vicente/tomato/release/src-rt/router/openssl/include  -I./../libpcap  conftest.c >&5
configure:9386: $? = 0
configure:9401: result: yes
configure:9477: checking whether pcap_debug is defined by libpcap
configure:9504: mipsel-uclibc-gcc -o conftest -DINET6 -Os -Wall -DLINUX26 -DCONFIG_BCMWL5 -pipe -DBCMWPA2 -funit-at-a-time -Wno-pointer-sign -mtune=mips32r2 -mips32r2   -I/home/vicente/tomato/release/src-rt/router/openssl/include  -L/home/vicente/tomato/release/src-rt/router/openssl conftest.c ./../libpcap/libpcap.a   >&5
/tmp/ccbJkUFk.o: In function `main':
conftest.c:(.text+0xc): undefined reference to `pcap_debug'
collect2: ld returned 1 exit status
configure:9510: $? = 1
configure: failed program was:
| /* confdefs.h.  */
| #define PACKAGE_NAME ""
| #define PACKAGE_TARNAME ""
| #define PACKAGE_VERSION ""
| #define PACKAGE_STRING ""
| #define PACKAGE_BUGREPORT ""
| #define inline inline
| #define HAVE___ATTRIBUTE__ 1
| #define __ATTRIBUTE___FORMAT_OK_FOR_FUNCTION_POINTERS 1
| #define STDC_HEADERS 1
| #define HAVE_SYS_TYPES_H 1
| #define HAVE_SYS_STAT_H 1
| #define HAVE_STDLIB_H 1
| #define HAVE_STRING_H 1
| #define HAVE_MEMORY_H 1
| #define HAVE_STRINGS_H 1
| #define HAVE_INTTYPES_H 1
| #define HAVE_STDINT_H 1
| #define HAVE_UNISTD_H 1
| #define HAVE_FCNTL_H 1
| #define HAVE_RPC_RPC_H 1
| #define HAVE_NETINET_IF_ETHER_H 1
| #define TIME_WITH_SYS_TIME 1
| #define INET6 1
| #define HAVE_GETNAMEINFO 1
| #define HAVE_ADDRINFO 1
| #define HAVE_SOCKADDR_STORAGE 1
| #define HAVE_VFPRINTF 1
| #define HAVE_STRCASECMP 1
| #define HAVE_STRLCAT 1
| #define HAVE_STRLCPY 1
| #define HAVE_STRDUP 1
| #define HAVE_STRSEP 1
| #define HAVE_FORK 1
| #define HAVE_VFORK 1
| #define HAVE_STRFTIME 1
| #define HAVE_SETLINEBUF 1
| #define HAVE_ALARM 1
| #define HAVE_VSNPRINTF 1
| #define HAVE_SNPRINTF 1
| #define RETSIGTYPE void
| #define RETSIGVAL
| #define HAVE_SIGACTION 1
| #define HAVE_GETRPCBYNUMBER 1
| #define HAVE_PCAP_LIST_DATALINKS 1
| #define HAVE_PCAP_SET_DATALINK 1
| #define HAVE_PCAP_DATALINK_NAME_TO_VAL 1
| #define HAVE_PCAP_DATALINK_VAL_TO_DESCRIPTION 1
| #define HAVE_PCAP_BREAKLOOP 1
| #define HAVE_PCAP_DUMP_FTELL 1
| #define HAVE_ETHER_NTOHOST 1
| #define HAVE_PCAP_CREATE 1
| #define HAVE_PCAP_SET_TSTAMP_TYPE 1
| #define HAVE_PCAP_FINDALLDEVS 1
| #define HAVE_PCAP_DUMP_FLUSH 1
| #define HAVE_PCAP_LIB_VERSION 1
| #define HAVE_PCAP_IF_T 1
| /* end confdefs.h.  */
| 
| int
| main ()
| {
| 
| 	extern int pcap_debug;
| 
| 	return pcap_debug;
| 
|   ;
|   return 0;
| }
configure:9534: result: no
configure:9539: checking whether yydebug is defined by libpcap
configure:9566: mipsel-uclibc-gcc -o conftest -DINET6 -Os -Wall -DLINUX26 -DCONFIG_BCMWL5 -pipe -DBCMWPA2 -funit-at-a-time -Wno-pointer-sign -mtune=mips32r2 -mips32r2   -I/home/vicente/tomato/release/src-rt/router/openssl/include  -L/home/vicente/tomato/release/src-rt/router/openssl conftest.c ./../libpcap/libpcap.a   >&5
/tmp/cc8wvRqo.o: In function `main':
conftest.c:(.text+0xc): undefined reference to `yydebug'
collect2: ld returned 1 exit status
configure:9572: $? = 1
configure: failed program was:
| /* confdefs.h.  */
| #define PACKAGE_NAME ""
| #define PACKAGE_TARNAME ""
| #define PACKAGE_VERSION ""
| #define PACKAGE_STRING ""
| #define PACKAGE_BUGREPORT ""
| #define inline inline
| #define HAVE___ATTRIBUTE__ 1
| #define __ATTRIBUTE___FORMAT_OK_FOR_FUNCTION_POINTERS 1
| #define STDC_HEADERS 1
| #define HAVE_SYS_TYPES_H 1
| #define HAVE_SYS_STAT_H 1
| #define HAVE_STDLIB_H 1
| #define HAVE_STRING_H 1
| #define HAVE_MEMORY_H 1
| #define HAVE_STRINGS_H 1
| #define HAVE_INTTYPES_H 1
| #define HAVE_STDINT_H 1
| #define HAVE_UNISTD_H 1
| #define HAVE_FCNTL_H 1
| #define HAVE_RPC_RPC_H 1
| #define HAVE_NETINET_IF_ETHER_H 1
| #define TIME_WITH_SYS_TIME 1
| #define INET6 1
| #define HAVE_GETNAMEINFO 1
| #define HAVE_ADDRINFO 1
| #define HAVE_SOCKADDR_STORAGE 1
| #define HAVE_VFPRINTF 1
| #define HAVE_STRCASECMP 1
| #define HAVE_STRLCAT 1
| #define HAVE_STRLCPY 1
| #define HAVE_STRDUP 1
| #define HAVE_STRSEP 1
| #define HAVE_FORK 1
| #define HAVE_VFORK 1
| #define HAVE_STRFTIME 1
| #define HAVE_SETLINEBUF 1
| #define HAVE_ALARM 1
| #define HAVE_VSNPRINTF 1
| #define HAVE_SNPRINTF 1
| #define RETSIGTYPE void
| #define RETSIGVAL
| #define HAVE_SIGACTION 1
| #define HAVE_GETRPCBYNUMBER 1
| #define HAVE_PCAP_LIST_DATALINKS 1
| #define HAVE_PCAP_SET_DATALINK 1
| #define HAVE_PCAP_DATALINK_NAME_TO_VAL 1
| #define HAVE_PCAP_DATALINK_VAL_TO_DESCRIPTION 1
| #define HAVE_PCAP_BREAKLOOP 1
| #define HAVE_PCAP_DUMP_FTELL 1
| #define HAVE_ETHER_NTOHOST 1
| #define HAVE_PCAP_CREATE 1
| #define HAVE_PCAP_SET_TSTAMP_TYPE 1
| #define HAVE_PCAP_FINDALLDEVS 1
| #define HAVE_PCAP_DUMP_FLUSH 1
| #define HAVE_PCAP_LIB_VERSION 1
| #define HAVE_PCAP_IF_T 1
| /* end confdefs.h.  */
| 
| int
| main ()
| {
| 
| 		extern int yydebug;
| 
| 		return yydebug;
| 
|   ;
|   return 0;
| }
configure:9596: result: no
configure:9604: checking for bpf_dump
configure:9660: mipsel-uclibc-gcc -o conftest -DINET6 -Os -Wall -DLINUX26 -DCONFIG_BCMWL5 -pipe -DBCMWPA2 -funit-at-a-time -Wno-pointer-sign -mtune=mips32r2 -mips32r2   -I/home/vicente/tomato/release/src-rt/router/openssl/include  -L/home/vicente/tomato/release/src-rt/router/openssl conftest.c ./../libpcap/libpcap.a   >&5
configure:9666: $? = 0
configure:9684: result: yes
configure:9780: checking sys/bitypes.h usability
configure:9797: mipsel-uclibc-gcc -c -DINET6 -Os -Wall -DLINUX26 -DCONFIG_BCMWL5 -pipe -DBCMWPA2 -funit-at-a-time -Wno-pointer-sign -mtune=mips32r2 -mips32r2   -I/home/vicente/tomato/release/src-rt/router/openssl/include  conftest.c >&5
configure:9803: $? = 0
configure:9817: result: yes
configure:9821: checking sys/bitypes.h presence
configure:9836: mipsel-uclibc-gcc -E  conftest.c
configure:9842: $? = 0
configure:9856: result: yes
configure:9884: checking for sys/bitypes.h
configure:9892: result: yes
configure:9906: checking for int8_t
configure:9940: mipsel-uclibc-gcc -c -DINET6 -Os -Wall -DLINUX26 -DCONFIG_BCMWL5 -pipe -DBCMWPA2 -funit-at-a-time -Wno-pointer-sign -mtune=mips32r2 -mips32r2   -I/home/vicente/tomato/release/src-rt/router/openssl/include  conftest.c >&5
configure:9946: $? = 0
configure:9961: result: yes
configure:9973: checking for u_int8_t
configure:10007: mipsel-uclibc-gcc -c -DINET6 -Os -Wall -DLINUX26 -DCONFIG_BCMWL5 -pipe -DBCMWPA2 -funit-at-a-time -Wno-pointer-sign -mtune=mips32r2 -mips32r2   -I/home/vicente/tomato/release/src-rt/router/openssl/include  conftest.c >&5
configure:10013: $? = 0
configure:10028: result: yes
configure:10040: checking for int16_t
configure:10070: mipsel-uclibc-gcc -c -DINET6 -Os -Wall -DLINUX26 -DCONFIG_BCMWL5 -pipe -DBCMWPA2 -funit-at-a-time -Wno-pointer-sign -mtune=mips32r2 -mips32r2   -I/home/vicente/tomato/release/src-rt/router/openssl/include  conftest.c >&5
configure:10076: $? = 0
configure:10091: result: yes
configure:10107: checking for u_int16_t
configure:10141: mipsel-uclibc-gcc -c -DINET6 -Os -Wall -DLINUX26 -DCONFIG_BCMWL5 -pipe -DBCMWPA2 -funit-at-a-time -Wno-pointer-sign -mtune=mips32r2 -mips32r2   -I/home/vicente/tomato/release/src-rt/router/openssl/include  conftest.c >&5
configure:10147: $? = 0
configure:10162: result: yes
configure:10174: checking for int32_t
configure:10208: mipsel-uclibc-gcc -c -DINET6 -Os -Wall -DLINUX26 -DCONFIG_BCMWL5 -pipe -DBCMWPA2 -funit-at-a-time -Wno-pointer-sign -mtune=mips32r2 -mips32r2   -I/home/vicente/tomato/release/src-rt/router/openssl/include  conftest.c >&5
configure:10214: $? = 0
configure:10229: result: yes
configure:10241: checking for u_int32_t
configure:10275: mipsel-uclibc-gcc -c -DINET6 -Os -Wall -DLINUX26 -DCONFIG_BCMWL5 -pipe -DBCMWPA2 -funit-at-a-time -Wno-pointer-sign -mtune=mips32r2 -mips32r2   -I/home/vicente/tomato/release/src-rt/router/openssl/include  conftest.c >&5
configure:10281: $? = 0
configure:10296: result: yes
configure:10308: checking for int64_t
configure:10342: mipsel-uclibc-gcc -c -DINET6 -Os -Wall -DLINUX26 -DCONFIG_BCMWL5 -pipe -DBCMWPA2 -funit-at-a-time -Wno-pointer-sign -mtune=mips32r2 -mips32r2   -I/home/vicente/tomato/release/src-rt/router/openssl/include  conftest.c >&5
configure:10348: $? = 0
configure:10363: result: yes
configure:10375: checking for u_int64_t
configure:10409: mipsel-uclibc-gcc -c -DINET6 -Os -Wall -DLINUX26 -DCONFIG_BCMWL5 -pipe -DBCMWPA2 -funit-at-a-time -Wno-pointer-sign -mtune=mips32r2 -mips32r2   -I/home/vicente/tomato/release/src-rt/router/openssl/include  conftest.c >&5
configure:10415: $? = 0
configure:10430: result: yes
configure:10452: checking for inttypes.h
configure:10458: result: yes
configure:10586: checking whether inttypes.h defines the PRI[doxu]64 macros
configure:10619: mipsel-uclibc-gcc -c -DINET6 -Os -Wall -DLINUX26 -DCONFIG_BCMWL5 -pipe -DBCMWPA2 -funit-at-a-time -Wno-pointer-sign -mtune=mips32r2 -mips32r2   -I/home/vicente/tomato/release/src-rt/router/openssl/include  conftest.c >&5
conftest.c:72: warning: return type defaults to 'int'
conftest.c: In function 'main':
conftest.c:77: warning: control reaches end of non-void function
configure:10625: $? = 0
configure:10631: result: yes
configure:11071: checking for pcap/bluetooth.h
configure:11092: mipsel-uclibc-gcc -c -DINET6 -Os -Wall -DLINUX26 -DCONFIG_BCMWL5 -pipe -DBCMWPA2 -funit-at-a-time -Wno-pointer-sign -mtune=mips32r2 -mips32r2   -I/home/vicente/tomato/release/src-rt/router/openssl/include  -I./../libpcap  conftest.c >&5
conftest.c:62:28: error: tcpdump-stdinc.h: No such file or directory
In file included from conftest.c:64:
./../libpcap/pcap/bluetooth.h:44: error: expected specifier-qualifier-list before 'u_int32_t'
configure:11098: $? = 1
configure: failed program was:
| /* confdefs.h.  */
| #define PACKAGE_NAME ""
| #define PACKAGE_TARNAME ""
| #define PACKAGE_VERSION ""
| #define PACKAGE_STRING ""
| #define PACKAGE_BUGREPORT ""
| #define inline inline
| #define HAVE___ATTRIBUTE__ 1
| #define __ATTRIBUTE___FORMAT_OK_FOR_FUNCTION_POINTERS 1
| #define STDC_HEADERS 1
| #define HAVE_SYS_TYPES_H 1
| #define HAVE_SYS_STAT_H 1
| #define HAVE_STDLIB_H 1
| #define HAVE_STRING_H 1
| #define HAVE_MEMORY_H 1
| #define HAVE_STRINGS_H 1
| #define HAVE_INTTYPES_H 1
| #define HAVE_STDINT_H 1
| #define HAVE_UNISTD_H 1
| #define HAVE_FCNTL_H 1
| #define HAVE_RPC_RPC_H 1
| #define HAVE_NETINET_IF_ETHER_H 1
| #define TIME_WITH_SYS_TIME 1
| #define INET6 1
| #define HAVE_GETNAMEINFO 1
| #define HAVE_ADDRINFO 1
| #define HAVE_SOCKADDR_STORAGE 1
| #define HAVE_VFPRINTF 1
| #define HAVE_STRCASECMP 1
| #define HAVE_STRLCAT 1
| #define HAVE_STRLCPY 1
| #define HAVE_STRDUP 1
| #define HAVE_STRSEP 1
| #define HAVE_FORK 1
| #define HAVE_VFORK 1
| #define HAVE_STRFTIME 1
| #define HAVE_SETLINEBUF 1
| #define HAVE_ALARM 1
| #define HAVE_VSNPRINTF 1
| #define HAVE_SNPRINTF 1
| #define RETSIGTYPE void
| #define RETSIGVAL
| #define HAVE_SIGACTION 1
| #define HAVE_GETRPCBYNUMBER 1
| #define HAVE_PCAP_LIST_DATALINKS 1
| #define HAVE_PCAP_SET_DATALINK 1
| #define HAVE_PCAP_DATALINK_NAME_TO_VAL 1
| #define HAVE_PCAP_DATALINK_VAL_TO_DESCRIPTION 1
| #define HAVE_PCAP_BREAKLOOP 1
| #define HAVE_PCAP_DUMP_FTELL 1
| #define HAVE_ETHER_NTOHOST 1
| #define HAVE_PCAP_CREATE 1
| #define HAVE_PCAP_SET_TSTAMP_TYPE 1
| #define HAVE_PCAP_FINDALLDEVS 1
| #define HAVE_PCAP_DUMP_FLUSH 1
| #define HAVE_PCAP_LIB_VERSION 1
| #define HAVE_PCAP_IF_T 1
| #define HAVE_BPF_DUMP 1
| #define HAVE_SYS_BITYPES_H 1
| #define HAVE_INTTYPES_H 1
| /* end confdefs.h.  */
| #include <tcpdump-stdinc.h>
| 
| #include <pcap/bluetooth.h>
configure:11114: result: no
configure:11129: checking for pcap/usb.h
configure:11150: mipsel-uclibc-gcc -c -DINET6 -Os -Wall -DLINUX26 -DCONFIG_BCMWL5 -pipe -DBCMWPA2 -funit-at-a-time -Wno-pointer-sign -mtune=mips32r2 -mips32r2   -I/home/vicente/tomato/release/src-rt/router/openssl/include  -I./../libpcap  conftest.c >&5
conftest.c:62:28: error: tcpdump-stdinc.h: No such file or directory
In file included from conftest.c:64:
./../libpcap/pcap/usb.h:60: error: expected specifier-qualifier-list before 'u_int8_t'
./../libpcap/pcap/usb.h:71: error: expected specifier-qualifier-list before 'int32_t'
./../libpcap/pcap/usb.h:80: error: expected specifier-qualifier-list before 'u_int64_t'
./../libpcap/pcap/usb.h:105: error: expected specifier-qualifier-list before 'u_int64_t'
./../libpcap/pcap/usb.h:137: error: expected specifier-qualifier-list before 'int32_t'
configure:11156: $? = 1
configure: failed program was:
| /* confdefs.h.  */
| #define PACKAGE_NAME ""
| #define PACKAGE_TARNAME ""
| #define PACKAGE_VERSION ""
| #define PACKAGE_STRING ""
| #define PACKAGE_BUGREPORT ""
| #define inline inline
| #define HAVE___ATTRIBUTE__ 1
| #define __ATTRIBUTE___FORMAT_OK_FOR_FUNCTION_POINTERS 1
| #define STDC_HEADERS 1
| #define HAVE_SYS_TYPES_H 1
| #define HAVE_SYS_STAT_H 1
| #define HAVE_STDLIB_H 1
| #define HAVE_STRING_H 1
| #define HAVE_MEMORY_H 1
| #define HAVE_STRINGS_H 1
| #define HAVE_INTTYPES_H 1
| #define HAVE_STDINT_H 1
| #define HAVE_UNISTD_H 1
| #define HAVE_FCNTL_H 1
| #define HAVE_RPC_RPC_H 1
| #define HAVE_NETINET_IF_ETHER_H 1
| #define TIME_WITH_SYS_TIME 1
| #define INET6 1
| #define HAVE_GETNAMEINFO 1
| #define HAVE_ADDRINFO 1
| #define HAVE_SOCKADDR_STORAGE 1
| #define HAVE_VFPRINTF 1
| #define HAVE_STRCASECMP 1
| #define HAVE_STRLCAT 1
| #define HAVE_STRLCPY 1
| #define HAVE_STRDUP 1
| #define HAVE_STRSEP 1
| #define HAVE_FORK 1
| #define HAVE_VFORK 1
| #define HAVE_STRFTIME 1
| #define HAVE_SETLINEBUF 1
| #define HAVE_ALARM 1
| #define HAVE_VSNPRINTF 1
| #define HAVE_SNPRINTF 1
| #define RETSIGTYPE void
| #define RETSIGVAL
| #define HAVE_SIGACTION 1
| #define HAVE_GETRPCBYNUMBER 1
| #define HAVE_PCAP_LIST_DATALINKS 1
| #define HAVE_PCAP_SET_DATALINK 1
| #define HAVE_PCAP_DATALINK_NAME_TO_VAL 1
| #define HAVE_PCAP_DATALINK_VAL_TO_DESCRIPTION 1
| #define HAVE_PCAP_BREAKLOOP 1
| #define HAVE_PCAP_DUMP_FTELL 1
| #define HAVE_ETHER_NTOHOST 1
| #define HAVE_PCAP_CREATE 1
| #define HAVE_PCAP_SET_TSTAMP_TYPE 1
| #define HAVE_PCAP_FINDALLDEVS 1
| #define HAVE_PCAP_DUMP_FLUSH 1
| #define HAVE_PCAP_LIB_VERSION 1
| #define HAVE_PCAP_IF_T 1
| #define HAVE_BPF_DUMP 1
| #define HAVE_SYS_BITYPES_H 1
| #define HAVE_INTTYPES_H 1
| /* end confdefs.h.  */
| #include <tcpdump-stdinc.h>
| 
| #include <pcap/usb.h>
configure:11172: result: no
configure:11188: checking for mipsel-linux-ranlib
configure:11215: result: mipsel-uclibc-ranlib
configure:11323: checking if sockaddr struct has the sa_len member
configure:11351: mipsel-uclibc-gcc -c -DINET6 -Os -Wall -DLINUX26 -DCONFIG_BCMWL5 -pipe -DBCMWPA2 -funit-at-a-time -Wno-pointer-sign -mtune=mips32r2 -mips32r2   -I/home/vicente/tomato/release/src-rt/router/openssl/include  conftest.c >&5
conftest.c: In function 'main':
conftest.c:68: error: 'struct sockaddr' has no member named 'sa_len'
conftest.c:68: warning: unused variable 'i'
configure:11357: $? = 1
configure: failed program was:
| /* confdefs.h.  */
| #define PACKAGE_NAME ""
| #define PACKAGE_TARNAME ""
| #define PACKAGE_VERSION ""
| #define PACKAGE_STRING ""
| #define PACKAGE_BUGREPORT ""
| #define inline inline
| #define HAVE___ATTRIBUTE__ 1
| #define __ATTRIBUTE___FORMAT_OK_FOR_FUNCTION_POINTERS 1
| #define STDC_HEADERS 1
| #define HAVE_SYS_TYPES_H 1
| #define HAVE_SYS_STAT_H 1
| #define HAVE_STDLIB_H 1
| #define HAVE_STRING_H 1
| #define HAVE_MEMORY_H 1
| #define HAVE_STRINGS_H 1
| #define HAVE_INTTYPES_H 1
| #define HAVE_STDINT_H 1
| #define HAVE_UNISTD_H 1
| #define HAVE_FCNTL_H 1
| #define HAVE_RPC_RPC_H 1
| #define HAVE_NETINET_IF_ETHER_H 1
| #define TIME_WITH_SYS_TIME 1
| #define INET6 1
| #define HAVE_GETNAMEINFO 1
| #define HAVE_ADDRINFO 1
| #define HAVE_SOCKADDR_STORAGE 1
| #define HAVE_VFPRINTF 1
| #define HAVE_STRCASECMP 1
| #define HAVE_STRLCAT 1
| #define HAVE_STRLCPY 1
| #define HAVE_STRDUP 1
| #define HAVE_STRSEP 1
| #define HAVE_FORK 1
| #define HAVE_VFORK 1
| #define HAVE_STRFTIME 1
| #define HAVE_SETLINEBUF 1
| #define HAVE_ALARM 1
| #define HAVE_VSNPRINTF 1
| #define HAVE_SNPRINTF 1
| #define RETSIGTYPE void
| #define RETSIGVAL
| #define HAVE_SIGACTION 1
| #define HAVE_GETRPCBYNUMBER 1
| #define HAVE_PCAP_LIST_DATALINKS 1
| #define HAVE_PCAP_SET_DATALINK 1
| #define HAVE_PCAP_DATALINK_NAME_TO_VAL 1
| #define HAVE_PCAP_DATALINK_VAL_TO_DESCRIPTION 1
| #define HAVE_PCAP_BREAKLOOP 1
| #define HAVE_PCAP_DUMP_FTELL 1
| #define HAVE_ETHER_NTOHOST 1
| #define HAVE_PCAP_CREATE 1
| #define HAVE_PCAP_SET_TSTAMP_TYPE 1
| #define HAVE_PCAP_FINDALLDEVS 1
| #define HAVE_PCAP_DUMP_FLUSH 1
| #define HAVE_PCAP_LIB_VERSION 1
| #define HAVE_PCAP_IF_T 1
| #define HAVE_BPF_DUMP 1
| #define HAVE_SYS_BITYPES_H 1
| #define HAVE_INTTYPES_H 1
| /* end confdefs.h.  */
| 
| #	include <sys/types.h>
| #	include <sys/socket.h>
| int
| main ()
| {
| u_int i = sizeof(((struct sockaddr *)0)->sa_len)
|   ;
|   return 0;
| }
configure:11373: result: no
configure:11383: checking if unaligned accesses fail
configure:11470: result: yes
configure:11481: checking for h_errno
configure:11509: mipsel-uclibc-gcc -c -DINET6 -Os -Wall -DLINUX26 -DCONFIG_BCMWL5 -pipe -DBCMWPA2 -funit-at-a-time -Wno-pointer-sign -mtune=mips32r2 -mips32r2   -I/home/vicente/tomato/release/src-rt/router/openssl/include  conftest.c >&5
conftest.c: In function 'main':
conftest.c:69: warning: unused variable 'foo'
configure:11515: $? = 0
configure:11531: result: yes
configure:11542: checking whether to use SSLeay libcrypto
configure:11573: result: yes, if available
configure:11585: checking where SSLeay is located
configure:11912: result: not found
configure:11949: checking for a BSD-compatible install
configure:12005: result: /usr/bin/install -c
configure:12124: creating ./config.status

## ---------------------- ##
## Running config.status. ##
## ---------------------- ##

This file was extended by config.status, which was
generated by GNU Autoconf 2.61.  Invocation command line was

  CONFIG_FILES    = 
  CONFIG_HEADERS  = 
  CONFIG_LINKS    = 
  CONFIG_COMMANDS = 
  $ ./config.status 

on vicente-K53SJ

config.status:626: creating Makefile
config.status:626: creating tcpdump.1
config.status:626: creating config.h
config.status:898: config.h is unchanged
config.status:911: executing default-1 commands

## ---------------- ##
## Cache variables. ##
## ---------------- ##

ac_cv___attribute__=yes
ac_cv___attribute___format_function_pointer=yes
ac_cv_addrinfo=yes
ac_cv_buggy_ether_ntohost='not while cross-compiling'
ac_cv_build=x86_64-pc-linux-gnu
ac_cv_c_compiler_gnu=yes
ac_cv_env_CC_set=set
ac_cv_env_CC_value=mipsel-uclibc-gcc
ac_cv_env_CFLAGS_set=set
ac_cv_env_CFLAGS_value='-Os -Wall -DLINUX26 -DCONFIG_BCMWL5 -pipe -DBCMWPA2 -funit-at-a-time -Wno-pointer-sign -mtune=mips32r2 -mips32r2   -I/home/vicente/tomato/release/src-rt/router/openssl/include'
ac_cv_env_CPPFLAGS_set=
ac_cv_env_CPPFLAGS_value=
ac_cv_env_CPP_set=
ac_cv_env_CPP_value=
ac_cv_env_LDFLAGS_set=set
ac_cv_env_LDFLAGS_value=-L/home/vicente/tomato/release/src-rt/router/openssl
ac_cv_env_LIBS_set=
ac_cv_env_LIBS_value=
ac_cv_env_build_alias_set=set
ac_cv_env_build_alias_value=x86_64-linux-gnu
ac_cv_env_host_alias_set=set
ac_cv_env_host_alias_value=mipsel-linux
ac_cv_env_target_alias_set=
ac_cv_env_target_alias_value=
ac_cv_func_alarm=yes
ac_cv_func_bpf_dump=yes
ac_cv_func_ether_ntohost=yes
ac_cv_func_fork=yes
ac_cv_func_getnameinfo=yes
ac_cv_func_malloc_0_nonnull=yes
ac_cv_func_pcap_breakloop=yes
ac_cv_func_pcap_create=yes
ac_cv_func_pcap_datalink_name_to_val=yes
ac_cv_func_pcap_datalink_val_to_description=yes
ac_cv_func_pcap_dump_flush=yes
ac_cv_func_pcap_dump_ftell=yes
ac_cv_func_pcap_findalldevs=yes
ac_cv_func_pcap_lib_version=yes
ac_cv_func_pcap_list_datalinks=yes
ac_cv_func_pcap_loop=yes
ac_cv_func_pcap_set_datalink=yes
ac_cv_func_pcap_set_tstamp_type=yes
ac_cv_func_setlinebuf=yes
ac_cv_func_sigaction=yes
ac_cv_func_snprintf=yes
ac_cv_func_strcasecmp=yes
ac_cv_func_strdup=yes
ac_cv_func_strftime=yes
ac_cv_func_strlcat=yes
ac_cv_func_strlcpy=yes
ac_cv_func_strsep=yes
ac_cv_func_vfork=yes
ac_cv_func_vfprintf=yes
ac_cv_func_vsnprintf=yes
ac_cv_header_fcntl_h=yes
ac_cv_header_inttypes_h=yes
ac_cv_header_memory_h=yes
ac_cv_header_net_pfvar_h=no
ac_cv_header_netdnet_dnetdb_h=no
ac_cv_header_netinet_if_ether_h=yes
ac_cv_header_pcap_bluetooth_h=no
ac_cv_header_pcap_usb_h=no
ac_cv_header_rpc_rpc_h=yes
ac_cv_header_rpc_rpcent_h=no
ac_cv_header_stdc=yes
ac_cv_header_stdint_h=yes
ac_cv_header_stdlib_h=yes
ac_cv_header_string_h=yes
ac_cv_header_strings_h=yes
ac_cv_header_sys_bitypes_h=yes
ac_cv_header_sys_stat_h=yes
ac_cv_header_sys_types_h=yes
ac_cv_header_time=yes
ac_cv_header_unistd_h=yes
ac_cv_host=mipsel-unknown-linux-gnu
ac_cv_lbl_gcc_vers=4
ac_cv_lbl_inline=inline
ac_cv_lbl_sockaddr_has_sa_len=no
ac_cv_lbl_unaligned_fail=yes
ac_cv_lib_dlpi_dlpi_walk=no
ac_cv_lib_rpc_main=no
ac_cv_linux_vers=2
ac_cv_maxserv=yes
ac_cv_namereqd=yes
ac_cv_objext=o
ac_cv_path_EGREP='/bin/grep -E'
ac_cv_path_GREP=/bin/grep
ac_cv_path_PCAP_CONFIG=./../libpcap/pcap-config
ac_cv_path_install='/usr/bin/install -c'
ac_cv_prog_CC=mipsel-uclibc-gcc
ac_cv_prog_CPP='mipsel-uclibc-gcc -E'
ac_cv_prog_RANLIB=mipsel-uclibc-ranlib
ac_cv_prog_cc_c89=
ac_cv_prog_cc_g=yes
ac_cv_sa_storage=yes
ac_cv_search_dnet_htoa=no
ac_cv_search_getaddrinfo=no
ac_cv_search_gethostbyname='none required'
ac_cv_search_getrpcbynumber='none required'
ac_cv_search_putmsg=no
ac_cv_search_socket='none required'
ac_cv_sockaddr_has_sa_len=no
ac_cv_ssleay_path=no
ac_cv_type_int16_t=yes
ac_cv_type_int32_t=yes
ac_cv_type_int64_t=yes
ac_cv_type_int8_t=yes
ac_cv_type_pcap_if_t=yes
ac_cv_type_signal=void
ac_cv_type_u_int16_t=yes
ac_cv_type_u_int32_t=yes
ac_cv_type_u_int64_t=yes
ac_cv_type_u_int8_t=yes
ac_cv_var_h_errno=yes
ac_lbl_cv_pcap_debug_defined=no
ac_lbl_cv_yydebug_defined=no
td_cv_decl_netdnet_dnetdb_h_dnet_htoa=no

## ----------------- ##
## Output variables. ##
## ----------------- ##

CC='mipsel-uclibc-gcc'
CFLAGS='-DINET6 -Os -Wall -DLINUX26 -DCONFIG_BCMWL5 -pipe -DBCMWPA2 -funit-at-a-time -Wno-pointer-sign -mtune=mips32r2 -mips32r2   -I/home/vicente/tomato/release/src-rt/router/openssl/include'
CPP='mipsel-uclibc-gcc -E'
CPPFLAGS=' -I./missing'
DEFS='-DHAVE_CONFIG_H'
ECHO_C=''
ECHO_N='-n'
ECHO_T=''
EGREP='/bin/grep -E'
EXEEXT=''
GREP='/bin/grep'
INSTALL_DATA='${INSTALL} -m 644'
INSTALL_PROGRAM='${INSTALL}'
INSTALL_SCRIPT='${INSTALL}'
LDFLAGS='-L/home/vicente/tomato/release/src-rt/router/openssl'
LIBOBJS=''
LIBS='./../libpcap/libpcap.a  '
LOCALSRC='print-ip6.c print-ip6opts.c print-mobility.c print-ripng.c print-icmp6.c print-frag6.c print-rt6.c print-ospf6.c print-dhcp6.c print-babel.c '
LTLIBOBJS=''
MAN_FILE_FORMATS='5'
MAN_MISC_INFO='7'
OBJEXT='o'
PACKAGE_BUGREPORT=''
PACKAGE_NAME=''
PACKAGE_STRING=''
PACKAGE_TARNAME=''
PACKAGE_VERSION=''
PATH_SEPARATOR=':'
PCAP_CONFIG='./../libpcap/pcap-config'
RANLIB='mipsel-uclibc-ranlib'
SHELL='/bin/sh'
SHLICC2=''
V_CCOPT='-O2 -Os -Wall -DLINUX26 -DCONFIG_BCMWL5 -pipe -DBCMWPA2 -funit-at-a-time -Wno-pointer-sign -mtune=mips32r2 -mips32r2   -I/home/vicente/tomato/release/src-rt/router/openssl/include'
V_DEFS=' -D_U_="__attribute__((unused))"'
V_GROUP='0'
V_INCLS='-I./../libpcap  -I./missing'
V_PCAPDEP='./../libpcap/libpcap.a'
ac_ct_CC=''
bindir='${exec_prefix}/bin'
build='x86_64-pc-linux-gnu'
build_alias='x86_64-linux-gnu'
build_cpu='x86_64'
build_os='linux-gnu'
build_vendor='pc'
datadir='${datarootdir}'
datarootdir='${prefix}/share'
docdir='${datarootdir}/doc/${PACKAGE}'
dvidir='${docdir}'
exec_prefix='${prefix}'
host='mipsel-unknown-linux-gnu'
host_alias='mipsel-linux'
host_cpu='mipsel'
host_os='linux-gnu'
host_vendor='unknown'
htmldir='${docdir}'
includedir='${prefix}/include'
infodir='${datarootdir}/info'
libdir='${exec_prefix}/lib'
libexecdir='${exec_prefix}/libexec'
localedir='${datarootdir}/locale'
localstatedir='${prefix}/var'
mandir='${datarootdir}/man'
oldincludedir='/usr/include'
pdfdir='${docdir}'
prefix='/usr'
program_transform_name='s,x,x,'
psdir='${docdir}'
sbindir='${exec_prefix}/sbin'
sharedstatedir='${prefix}/com'
sysconfdir='${prefix}/etc'
target_alias=''

## ----------- ##
## confdefs.h. ##
## ----------- ##

#define PACKAGE_NAME ""
#define PACKAGE_TARNAME ""
#define PACKAGE_VERSION ""
#define PACKAGE_STRING ""
#define PACKAGE_BUGREPORT ""
#define inline inline
#define HAVE___ATTRIBUTE__ 1
#define __ATTRIBUTE___FORMAT_OK_FOR_FUNCTION_POINTERS 1
#define STDC_HEADERS 1
#define HAVE_SYS_TYPES_H 1
#define HAVE_SYS_STAT_H 1
#define HAVE_STDLIB_H 1
#define HAVE_STRING_H 1
#define HAVE_MEMORY_H 1
#define HAVE_STRINGS_H 1
#define HAVE_INTTYPES_H 1
#define HAVE_STDINT_H 1
#define HAVE_UNISTD_H 1
#define HAVE_FCNTL_H 1
#define HAVE_RPC_RPC_H 1
#define HAVE_NETINET_IF_ETHER_H 1
#define TIME_WITH_SYS_TIME 1
#define INET6 1
#define HAVE_GETNAMEINFO 1
#define HAVE_ADDRINFO 1
#define HAVE_SOCKADDR_STORAGE 1
#define HAVE_VFPRINTF 1
#define HAVE_STRCASECMP 1
#define HAVE_STRLCAT 1
#define HAVE_STRLCPY 1
#define HAVE_STRDUP 1
#define HAVE_STRSEP 1
#define HAVE_FORK 1
#define HAVE_VFORK 1
#define HAVE_STRFTIME 1
#define HAVE_SETLINEBUF 1
#define HAVE_ALARM 1
#define HAVE_VSNPRINTF 1
#define HAVE_SNPRINTF 1
#define RETSIGTYPE void
#define RETSIGVAL
#define HAVE_SIGACTION 1
#define HAVE_GETRPCBYNUMBER 1
#define HAVE_PCAP_LIST_DATALINKS 1
#define HAVE_PCAP_SET_DATALINK 1
#define HAVE_PCAP_DATALINK_NAME_TO_VAL 1
#define HAVE_PCAP_DATALINK_VAL_TO_DESCRIPTION 1
#define HAVE_PCAP_BREAKLOOP 1
#define HAVE_PCAP_DUMP_FTELL 1
#define HAVE_ETHER_NTOHOST 1
#define HAVE_PCAP_CREATE 1
#define HAVE_PCAP_SET_TSTAMP_TYPE 1
#define HAVE_PCAP_FINDALLDEVS 1
#define HAVE_PCAP_DUMP_FLUSH 1
#define HAVE_PCAP_LIB_VERSION 1
#define HAVE_PCAP_IF_T 1
#define HAVE_BPF_DUMP 1
#define HAVE_SYS_BITYPES_H 1
#define HAVE_INTTYPES_H 1
#define LBL_ALIGN 1
#define HAVE_H_ERRNO 1

configure: exit 0
